Jun 26, 2015 11:38:56 AM de.ants.vsp.receiver.Datensenke logMessageSevere
SEVERE: team 07-14: Time: at Beginning of new Spot1435311537002
Jun 26, 2015 11:38:57 AM de.ants.vsp.receiver.Datensenke logCollision
SEVERE: team 07-14: Kollision erkannt (unbeteiligt) im Spot: 25
Jun 26, 2015 11:38:57 AM de.ants.vsp.receiver.Datensenke logMessageSevere
SEVERE: team 07-14: Time: after all Spots1435311538006
Jun 26, 2015 11:38:58 AM de.ants.vsp.receiver.Datensenke logMessageSevere
SEVERE: team 07-14: has not send! 12 will be the next...
Jun 26, 2015 11:38:58 AM de.ants.vsp.receiver.Datensenke logMessageSevere
SEVERE: team 07-14: Receiver: team 07-14 Frames Send: 0 Frames not Send: 1
Jun 26, 2015 11:38:58 AM de.ants.vsp.receiver.Datensenke logMessageSevere
SEVERE: team 07-14: Time: at Beginning of new Spot1435311538038
Jun 26, 2015 11:38:58 AM de.ants.vsp.receiver.Datensenke logCollision
SEVERE: team 07-14: Kollision erkannt (unbeteiligt) im Spot: 22
Jun 26, 2015 11:38:59 AM de.ants.vsp.receiver.Datensenke logMessageSevere
SEVERE: team 07-14: Time: after all Spots1435311539079
Jun 26, 2015 11:38:59 AM de.ants.vsp.receiver.Datensenke logMessageSevere
SEVERE: team 07-14: Receiver: team 07-14 Frames Send: 1 Frames not Send: 1
Jun 26, 2015 11:38:59 AM de.ants.vsp.receiver.Datensenke logMessageSevere
SEVERE: team 07-14: Time: at Beginning of new Spot1435311539091
Jun 26, 2015 11:38:59 AM de.ants.vsp.receiver.Datensenke logCollision
SEVERE: team 07-14: Kollision erkannt (unbeteiligt) im Spot: 20
Jun 26, 2015 11:38:59 AM de.ants.vsp.receiver.Datensenke logCollision
SEVERE: team 07-14: Kollision erkannt (unbeteiligt) im Spot: 22
Jun 26, 2015 11:38:59 AM de.ants.vsp.receiver.Datensenke logMessageSevere
SEVERE: team 07-14: Time: after all Spots1435311540011
Jun 26, 2015 11:39:00 AM de.ants.vsp.receiver.Datensenke logMessageSevere
SEVERE: team 07-14: Receiver: team 07-14 Frames Send: 2 Frames not Send: 1
Jun 26, 2015 11:39:00 AM de.ants.vsp.receiver.Datensenke logMessageSevere
SEVERE: team 07-14: Time: at Beginning of new Spot1435311540029
Jun 26, 2015 11:39:00 AM de.ants.vsp.receiver.Datensenke logCollision
SEVERE: team 07-14: Kollision erkannt (unbeteiligt) im Spot: 21
Jun 26, 2015 11:39:00 AM de.ants.vsp.receiver.Datensenke logCollision
SEVERE: team 07-14: Kollision erkannt (unbeteiligt) im Spot: 25
Jun 26, 2015 11:39:01 AM de.ants.vsp.receiver.Datensenke logMessageSevere
SEVERE: team 07-14: Time: after all Spots1435311541021
Jun 26, 2015 11:39:01 AM de.ants.vsp.receiver.Datensenke logMessageSevere
SEVERE: team 07-14: Receiver: team 07-14 Frames Send: 3 Frames not Send: 1
Jun 26, 2015 11:39:01 AM de.ants.vsp.receiver.Datensenke logMessageSevere
SEVERE: team 07-14: Time: at Beginning of new Spot1435311541038
Jun 26, 2015 11:39:01 AM de.ants.vsp.receiver.Datensenke logMessageSevere
SEVERE: team 07-14: Time: after all Spots1435311542000
Jun 26, 2015 11:39:01 AM de.ants.vsp.receiver.Datensenke logMessageSevere
SEVERE: team 07-14: Receiver: team 07-14 Frames Send: 4 Frames not Send: 1
Jun 26, 2015 11:39:01 AM de.ants.vsp.receiver.Datensenke logMessageSevere
SEVERE: team 07-14: Time: at Beginning of new Spot1435311542007
Jun 26, 2015 11:39:02 AM de.ants.vsp.receiver.Datensenke logMessageSevere
SEVERE: team 07-14: Time: after all Spots1435311543000
Jun 26, 2015 11:39:02 AM de.ants.vsp.receiver.Datensenke logMessageSevere
SEVERE: team 07-14: Receiver: team 07-14 Frames Send: 5 Frames not Send: 1
Jun 26, 2015 11:39:02 AM de.ants.vsp.receiver.Datensenke logMessageSevere
SEVERE: team 07-14: Time: at Beginning of new Spot1435311543012
Jun 26, 2015 11:39:03 AM de.ants.vsp.receiver.Datensenke logMessageSevere
SEVERE: team 07-14: Time: after all Spots1435311544000
Jun 26, 2015 11:39:03 AM de.ants.vsp.receiver.Datensenke logMessageSevere
SEVERE: team 07-14: Receiver: team 07-14 Frames Send: 6 Frames not Send: 1
Jun 26, 2015 11:39:03 AM de.ants.vsp.receiver.Datensenke logMessageSevere
SEVERE: team 07-14: Time: at Beginning of new Spot1435311544004
Jun 26, 2015 11:39:04 AM de.ants.vsp.receiver.Datensenke logMessageSevere
SEVERE: team 07-14: Time: after all Spots1435311545007
Jun 26, 2015 11:39:04 AM de.ants.vsp.receiver.Datensenke logMessageSevere
SEVERE: team 07-14: Receiver: team 07-14 Frames Send: 7 Frames not Send: 1
Jun 26, 2015 11:39:04 AM de.ants.vsp.receiver.Datensenke logMessageSevere
SEVERE: team 07-14: Time: at Beginning of new Spot1435311545018
Jun 26, 2015 11:39:05 AM de.ants.vsp.receiver.Datensenke logMessageSevere
SEVERE: team 07-14: Time: after all Spots1435311546002
Jun 26, 2015 11:39:05 AM de.ants.vsp.receiver.Datensenke logMessageSevere
SEVERE: team 07-14: Receiver: team 07-14 Frames Send: 8 Frames not Send: 1
Jun 26, 2015 11:39:05 AM de.ants.vsp.receiver.Datensenke logMessageSevere
SEVERE: team 07-14: Time: at Beginning of new Spot1435311546018
Jun 26, 2015 11:39:06 AM de.ants.vsp.receiver.Datensenke logMessageSevere
SEVERE: team 07-14: Time: after all Spots1435311547000
Jun 26, 2015 11:39:06 AM de.ants.vsp.receiver.Datensenke logMessageSevere
SEVERE: team 07-14: Receiver: team 07-14 Frames Send: 9 Frames not Send: 1
Jun 26, 2015 11:39:06 AM de.ants.vsp.receiver.Datensenke logMessageSevere
SEVERE: team 07-14: Time: at Beginning of new Spot1435311547008
Jun 26, 2015 11:39:07 AM de.ants.vsp.receiver.Datensenke logMessageSevere
SEVERE: team 07-14: Time: after all Spots1435311548000
Jun 26, 2015 11:39:07 AM de.ants.vsp.receiver.Datensenke logMessageSevere
SEVERE: team 07-14: Receiver: team 07-14 Frames Send: 10 Frames not Send: 1
Jun 26, 2015 11:39:07 AM de.ants.vsp.receiver.Datensenke logMessageSevere
SEVERE: team 07-14: Time: at Beginning of new Spot1435311548009
Jun 26, 2015 11:39:08 AM de.ants.vsp.receiver.Datensenke logMessageSevere
SEVERE: team 07-14: Time: after all Spots1435311549000
Jun 26, 2015 11:39:08 AM de.ants.vsp.receiver.Datensenke logMessageSevere
SEVERE: team 07-14: Receiver: team 07-14 Frames Send: 11 Frames not Send: 1
Jun 26, 2015 11:39:08 AM de.ants.vsp.receiver.Datensenke logMessageSevere
SEVERE: team 07-14: Time: at Beginning of new Spot1435311549014
Jun 26, 2015 11:39:09 AM de.ants.vsp.receiver.Datensenke logMessageSevere
SEVERE: team 07-14: Time: after all Spots1435311550013
Jun 26, 2015 11:39:09 AM de.ants.vsp.receiver.Datensenke logMessageSevere
SEVERE: team 07-14: Receiver: team 07-14 Frames Send: 12 Frames not Send: 1
Jun 26, 2015 11:39:10 AM de.ants.vsp.receiver.Datensenke logMessageSevere
SEVERE: team 07-14: Time: at Beginning of new Spot1435311550025
Jun 26, 2015 11:39:10 AM de.ants.vsp.receiver.Datensenke logMessageSevere
SEVERE: team 07-14: Time: after all Spots1435311551007
Jun 26, 2015 11:39:10 AM de.ants.vsp.receiver.Datensenke logMessageSevere
SEVERE: team 07-14: Receiver: team 07-14 Frames Send: 13 Frames not Send: 1
Jun 26, 2015 11:39:10 AM de.ants.vsp.receiver.Datensenke logMessageSevere
SEVERE: team 07-14: Time: at Beginning of new Spot1435311551011
Jun 26, 2015 11:39:11 AM de.ants.vsp.receiver.Datensenke logMessageSevere
SEVERE: team 07-14: Time: after all Spots1435311552000
Jun 26, 2015 11:39:11 AM de.ants.vsp.receiver.Datensenke logMessageSevere
SEVERE: team 07-14: Receiver: team 07-14 Frames Send: 14 Frames not Send: 1
Jun 26, 2015 11:39:12 AM de.ants.vsp.receiver.Datensenke logMessageSevere
SEVERE: team 07-14: Time: at Beginning of new Spot1435311552023
Jun 26, 2015 11:39:12 AM de.ants.vsp.receiver.Datensenke logMessageSevere
SEVERE: team 07-14: Time: after all Spots1435311553012
Jun 26, 2015 11:39:12 AM de.ants.vsp.receiver.Datensenke logMessageSevere
SEVERE: team 07-14: Receiver: team 07-14 Frames Send: 15 Frames not Send: 1
Jun 26, 2015 11:39:13 AM de.ants.vsp.receiver.Datensenke logMessageSevere
SEVERE: team 07-14: Time: at Beginning of new Spot1435311553026
Jun 26, 2015 11:39:13 AM de.ants.vsp.receiver.Datensenke logMessageSevere
SEVERE: team 07-14: Time: after all Spots1435311554001
Jun 26, 2015 11:39:13 AM de.ants.vsp.receiver.Datensenke logMessageSevere
SEVERE: team 07-14: Receiver: team 07-14 Frames Send: 16 Frames not Send: 1
Jun 26, 2015 11:39:13 AM de.ants.vsp.receiver.Datensenke logMessageSevere
SEVERE: team 07-14: Time: at Beginning of new Spot1435311554007
Jun 26, 2015 11:39:14 AM de.ants.vsp.receiver.Datensenke logMessageSevere
SEVERE: team 07-14: Time: after all Spots1435311555000
Jun 26, 2015 11:39:14 AM de.ants.vsp.receiver.Datensenke logMessageSevere
SEVERE: team 07-14: Receiver: team 07-14 Frames Send: 17 Frames not Send: 1
Jun 26, 2015 11:39:14 AM de.ants.vsp.receiver.Datensenke logMessageSevere
SEVERE: team 07-14: Time: at Beginning of new Spot1435311555006
Jun 26, 2015 11:39:15 AM de.ants.vsp.receiver.Datensenke logMessageSevere
SEVERE: team 07-14: Time: after all Spots1435311556002
Jun 26, 2015 11:39:15 AM de.ants.vsp.receiver.Datensenke logMessageSevere
SEVERE: team 07-14: Receiver: team 07-14 Frames Send: 18 Frames not Send: 1
Jun 26, 2015 11:39:15 AM de.ants.vsp.receiver.Datensenke logMessageSevere
SEVERE: team 07-14: Time: at Beginning of new Spot1435311556009
Jun 26, 2015 11:39:16 AM de.ants.vsp.receiver.Datensenke logMessageSevere
SEVERE: team 07-14: Time: after all Spots1435311557000
Jun 26, 2015 11:39:16 AM de.ants.vsp.receiver.Datensenke logMessageSevere
SEVERE: team 07-14: Receiver: team 07-14 Frames Send: 19 Frames not Send: 1
Jun 26, 2015 11:39:16 AM de.ants.vsp.receiver.Datensenke logMessageSevere
SEVERE: team 07-14: Time: at Beginning of new Spot1435311557016
Jun 26, 2015 11:39:17 AM de.ants.vsp.receiver.Datensenke logMessageSevere
SEVERE: team 07-14: Time: after all Spots1435311558002
Jun 26, 2015 11:39:17 AM de.ants.vsp.receiver.Datensenke logMessageSevere
SEVERE: team 07-14: Receiver: team 07-14 Frames Send: 20 Frames not Send: 1
Jun 26, 2015 11:39:17 AM de.ants.vsp.receiver.Datensenke logMessageSevere
SEVERE: team 07-14: Time: at Beginning of new Spot1435311558019
Jun 26, 2015 11:39:18 AM de.ants.vsp.receiver.Datensenke logMessageSevere
SEVERE: team 07-14: Time: after all Spots1435311559010
Jun 26, 2015 11:39:18 AM de.ants.vsp.receiver.Datensenke logMessageSevere
SEVERE: team 07-14: Receiver: team 07-14 Frames Send: 21 Frames not Send: 1
Jun 26, 2015 11:39:19 AM de.ants.vsp.receiver.Datensenke logMessageSevere
SEVERE: team 07-14: Time: at Beginning of new Spot1435311559027
Jun 26, 2015 11:39:19 AM de.ants.vsp.receiver.Datensenke logMessageSevere
SEVERE: team 07-14: Time: after all Spots1435311560001
Jun 26, 2015 11:39:19 AM de.ants.vsp.receiver.Datensenke logMessageSevere
SEVERE: team 07-14: Receiver: team 07-14 Frames Send: 22 Frames not Send: 1
Jun 26, 2015 11:39:19 AM de.ants.vsp.receiver.Datensenke logMessageSevere
SEVERE: team 07-14: Time: at Beginning of new Spot1435311560005
Jun 26, 2015 11:39:20 AM de.ants.vsp.receiver.Datensenke logMessageSevere
SEVERE: team 07-14: Time: after all Spots1435311561002
Jun 26, 2015 11:39:20 AM de.ants.vsp.receiver.Datensenke logMessageSevere
SEVERE: team 07-14: Receiver: team 07-14 Frames Send: 23 Frames not Send: 1
Jun 26, 2015 11:39:20 AM de.ants.vsp.receiver.Datensenke logMessageSevere
SEVERE: team 07-14: Time: at Beginning of new Spot1435311561007
Jun 26, 2015 11:39:21 AM de.ants.vsp.receiver.Datensenke logMessageSevere
SEVERE: team 07-14: Time: after all Spots1435311562000
Jun 26, 2015 11:39:21 AM de.ants.vsp.receiver.Datensenke logMessageSevere
SEVERE: team 07-14: Receiver: team 07-14 Frames Send: 24 Frames not Send: 1
Jun 26, 2015 11:39:21 AM de.ants.vsp.receiver.Datensenke logMessageSevere
SEVERE: team 07-14: Time: at Beginning of new Spot1435311562008
Jun 26, 2015 11:39:22 AM de.ants.vsp.receiver.Datensenke logMessageSevere
SEVERE: team 07-14: Time: after all Spots1435311563000
Jun 26, 2015 11:39:22 AM de.ants.vsp.receiver.Datensenke logMessageSevere
SEVERE: team 07-14: Receiver: team 07-14 Frames Send: 25 Frames not Send: 1
Jun 26, 2015 11:39:22 AM de.ants.vsp.receiver.Datensenke logMessageSevere
SEVERE: team 07-14: Time: at Beginning of new Spot1435311563008
Jun 26, 2015 11:39:23 AM de.ants.vsp.receiver.Datensenke logMessageSevere
SEVERE: team 07-14: Time: after all Spots1435311564000
Jun 26, 2015 11:39:23 AM de.ants.vsp.receiver.Datensenke logMessageSevere
SEVERE: team 07-14: Receiver: team 07-14 Frames Send: 26 Frames not Send: 1
Jun 26, 2015 11:39:23 AM de.ants.vsp.receiver.Datensenke logMessageSevere
SEVERE: team 07-14: Time: at Beginning of new Spot1435311564015
Jun 26, 2015 11:39:24 AM de.ants.vsp.receiver.Datensenke logMessageSevere
SEVERE: team 07-14: Time: after all Spots1435311565001
Jun 26, 2015 11:39:24 AM de.ants.vsp.receiver.Datensenke logMessageSevere
SEVERE: team 07-14: Receiver: team 07-14 Frames Send: 27 Frames not Send: 1
Jun 26, 2015 11:39:24 AM de.ants.vsp.receiver.Datensenke logMessageSevere
SEVERE: team 07-14: Time: at Beginning of new Spot1435311565016
Jun 26, 2015 11:39:25 AM de.ants.vsp.receiver.Datensenke logMessageSevere
SEVERE: team 07-14: Time: after all Spots1435311566000
Jun 26, 2015 11:39:25 AM de.ants.vsp.receiver.Datensenke logMessageSevere
SEVERE: team 07-14: Receiver: team 07-14 Frames Send: 28 Frames not Send: 1
Jun 26, 2015 11:39:25 AM de.ants.vsp.receiver.Datensenke logMessageSevere
SEVERE: team 07-14: Time: at Beginning of new Spot1435311566014
Jun 26, 2015 11:39:26 AM de.ants.vsp.receiver.Datensenke logMessageSevere
SEVERE: team 07-14: Time: after all Spots1435311567002
Jun 26, 2015 11:39:26 AM de.ants.vsp.receiver.Datensenke logMessageSevere
SEVERE: team 07-14: Receiver: team 07-14 Frames Send: 29 Frames not Send: 1
Jun 26, 2015 11:39:26 AM de.ants.vsp.receiver.Datensenke logMessageSevere
SEVERE: team 07-14: Time: at Beginning of new Spot1435311567011
Jun 26, 2015 11:39:27 AM de.ants.vsp.receiver.Datensenke logMessageSevere
SEVERE: team 07-14: Time: after all Spots1435311568000
Jun 26, 2015 11:39:27 AM de.ants.vsp.receiver.Datensenke logMessageSevere
SEVERE: team 07-14: Receiver: team 07-14 Frames Send: 30 Frames not Send: 1
Jun 26, 2015 11:39:27 AM de.ants.vsp.receiver.Datensenke logMessageSevere
SEVERE: team 07-14: Time: at Beginning of new Spot1435311568006
Jun 26, 2015 11:39:28 AM de.ants.vsp.receiver.Datensenke logMessageSevere
SEVERE: team 07-14: Time: after all Spots1435311569002
Jun 26, 2015 11:39:28 AM de.ants.vsp.receiver.Datensenke logMessageSevere
SEVERE: team 07-14: Receiver: team 07-14 Frames Send: 31 Frames not Send: 1
Jun 26, 2015 11:39:28 AM de.ants.vsp.receiver.Datensenke logMessageSevere
SEVERE: team 07-14: Time: at Beginning of new Spot1435311569020
Jun 26, 2015 11:39:29 AM de.ants.vsp.receiver.Datensenke logMessageSevere
SEVERE: team 07-14: Time: after all Spots1435311570000
Jun 26, 2015 11:39:29 AM de.ants.vsp.receiver.Datensenke logMessageSevere
SEVERE: team 07-14: Receiver: team 07-14 Frames Send: 32 Frames not Send: 1
Jun 26, 2015 11:39:29 AM de.ants.vsp.receiver.Datensenke logMessageSevere
SEVERE: team 07-14: Time: at Beginning of new Spot1435311570006
Jun 26, 2015 11:39:30 AM de.ants.vsp.receiver.Datensenke logMessageSevere
SEVERE: team 07-14: Time: after all Spots1435311571002
Jun 26, 2015 11:39:30 AM de.ants.vsp.receiver.Datensenke logMessageSevere
SEVERE: team 07-14: Receiver: team 07-14 Frames Send: 33 Frames not Send: 1
Jun 26, 2015 11:39:30 AM de.ants.vsp.receiver.Datensenke logMessageSevere
SEVERE: team 07-14: Time: at Beginning of new Spot1435311571009
Jun 26, 2015 11:39:31 AM de.ants.vsp.receiver.Datensenke logMessageSevere
SEVERE: team 07-14: Time: after all Spots1435311572002
Jun 26, 2015 11:39:31 AM de.ants.vsp.receiver.Datensenke logMessageSevere
SEVERE: team 07-14: Receiver: team 07-14 Frames Send: 34 Frames not Send: 1
Jun 26, 2015 11:39:31 AM de.ants.vsp.receiver.Datensenke logMessageSevere
SEVERE: team 07-14: Time: at Beginning of new Spot1435311572010
Jun 26, 2015 11:39:32 AM de.ants.vsp.receiver.Datensenke logMessageSevere
SEVERE: team 07-14: Time: after all Spots1435311573000
Jun 26, 2015 11:39:32 AM de.ants.vsp.receiver.Datensenke logMessageSevere
SEVERE: team 07-14: Receiver: team 07-14 Frames Send: 35 Frames not Send: 1
Jun 26, 2015 11:39:32 AM de.ants.vsp.receiver.Datensenke logMessageSevere
SEVERE: team 07-14: Time: at Beginning of new Spot1435311573006
Jun 26, 2015 11:39:33 AM de.ants.vsp.receiver.Datensenke logMessageSevere
SEVERE: team 07-14: Time: after all Spots1435311574001
Jun 26, 2015 11:39:33 AM de.ants.vsp.receiver.Datensenke logMessageSevere
SEVERE: team 07-14: Receiver: team 07-14 Frames Send: 36 Frames not Send: 1
Jun 26, 2015 11:39:33 AM de.ants.vsp.receiver.Datensenke logMessageSevere
SEVERE: team 07-14: Time: at Beginning of new Spot1435311574009
Jun 26, 2015 11:39:34 AM de.ants.vsp.receiver.Datensenke logMessageSevere
SEVERE: team 07-14: Time: after all Spots1435311575000
Jun 26, 2015 11:39:34 AM de.ants.vsp.receiver.Datensenke logMessageSevere
SEVERE: team 07-14: Receiver: team 07-14 Frames Send: 37 Frames not Send: 1
Jun 26, 2015 11:39:34 AM de.ants.vsp.receiver.Datensenke logMessageSevere
SEVERE: team 07-14: Time: at Beginning of new Spot1435311575004
Jun 26, 2015 11:39:35 AM de.ants.vsp.receiver.Datensenke logMessageSevere
SEVERE: team 07-14: Time: after all Spots1435311576000
Jun 26, 2015 11:39:35 AM de.ants.vsp.receiver.Datensenke logMessageSevere
SEVERE: team 07-14: Receiver: team 07-14 Frames Send: 38 Frames not Send: 1
Jun 26, 2015 11:39:35 AM de.ants.vsp.receiver.Datensenke logMessageSevere
SEVERE: team 07-14: Time: at Beginning of new Spot1435311576006
Jun 26, 2015 11:39:36 AM de.ants.vsp.receiver.Datensenke logMessageSevere
SEVERE: team 07-14: Time: after all Spots1435311577002
Jun 26, 2015 11:39:36 AM de.ants.vsp.receiver.Datensenke logMessageSevere
SEVERE: team 07-14: Receiver: team 07-14 Frames Send: 39 Frames not Send: 1
Jun 26, 2015 11:39:36 AM de.ants.vsp.receiver.Datensenke logMessageSevere
SEVERE: team 07-14: Time: at Beginning of new Spot1435311577011
Jun 26, 2015 11:39:37 AM de.ants.vsp.receiver.Datensenke logMessageSevere
SEVERE: team 07-14: Time: after all Spots1435311578000
Jun 26, 2015 11:39:37 AM de.ants.vsp.receiver.Datensenke logMessageSevere
SEVERE: team 07-14: Receiver: team 07-14 Frames Send: 40 Frames not Send: 1
Jun 26, 2015 11:39:37 AM de.ants.vsp.receiver.Datensenke logMessageSevere
SEVERE: team 07-14: Time: at Beginning of new Spot1435311578005
Jun 26, 2015 11:39:38 AM de.ants.vsp.receiver.Datensenke logMessageSevere
SEVERE: team 07-14: Time: after all Spots1435311579004
Jun 26, 2015 11:39:38 AM de.ants.vsp.receiver.Datensenke logMessageSevere
SEVERE: team 07-14: Receiver: team 07-14 Frames Send: 41 Frames not Send: 1
Jun 26, 2015 11:39:38 AM de.ants.vsp.receiver.Datensenke logMessageSevere
SEVERE: team 07-14: Time: at Beginning of new Spot1435311579011
Jun 26, 2015 11:39:39 AM de.ants.vsp.receiver.Datensenke logMessageSevere
SEVERE: team 07-14: Time: after all Spots1435311580002
Jun 26, 2015 11:39:39 AM de.ants.vsp.receiver.Datensenke logMessageSevere
SEVERE: team 07-14: Receiver: team 07-14 Frames Send: 42 Frames not Send: 1
Jun 26, 2015 11:39:39 AM de.ants.vsp.receiver.Datensenke logMessageSevere
SEVERE: team 07-14: Time: at Beginning of new Spot1435311580009
Jun 26, 2015 11:39:40 AM de.ants.vsp.receiver.Datensenke logMessageSevere
SEVERE: team 07-14: Time: after all Spots1435311581006
Jun 26, 2015 11:39:40 AM de.ants.vsp.receiver.Datensenke logMessageSevere
SEVERE: team 07-14: Receiver: team 07-14 Frames Send: 43 Frames not Send: 1
Jun 26, 2015 11:39:41 AM de.ants.vsp.receiver.Datensenke logMessageSevere
SEVERE: team 07-14: Time: at Beginning of new Spot1435311581022
Jun 26, 2015 11:39:41 AM de.ants.vsp.receiver.Datensenke logMessageSevere
SEVERE: team 07-14: Time: after all Spots1435311582002
Jun 26, 2015 11:39:41 AM de.ants.vsp.receiver.Datensenke logMessageSevere
SEVERE: team 07-14: Receiver: team 07-14 Frames Send: 44 Frames not Send: 1
Jun 26, 2015 11:39:41 AM de.ants.vsp.receiver.Datensenke logMessageSevere
SEVERE: team 07-14: Time: at Beginning of new Spot1435311582008
Jun 26, 2015 11:39:42 AM de.ants.vsp.receiver.Datensenke logMessageSevere
SEVERE: team 07-14: Time: after all Spots1435311583001
Jun 26, 2015 11:39:42 AM de.ants.vsp.receiver.Datensenke logMessageSevere
SEVERE: team 07-14: Receiver: team 07-14 Frames Send: 45 Frames not Send: 1
Jun 26, 2015 11:39:42 AM de.ants.vsp.receiver.Datensenke logMessageSevere
SEVERE: team 07-14: Time: at Beginning of new Spot1435311583010
Jun 26, 2015 11:39:43 AM de.ants.vsp.receiver.Datensenke logMessageSevere
SEVERE: team 07-14: Time: after all Spots1435311584000
Jun 26, 2015 11:39:43 AM de.ants.vsp.receiver.Datensenke logMessageSevere
SEVERE: team 07-14: Receiver: team 07-14 Frames Send: 46 Frames not Send: 1
Jun 26, 2015 11:39:43 AM de.ants.vsp.receiver.Datensenke logMessageSevere
SEVERE: team 07-14: Time: at Beginning of new Spot1435311584007
Jun 26, 2015 11:39:44 AM de.ants.vsp.receiver.Datensenke logMessageSevere
SEVERE: team 07-14: Time: after all Spots1435311585004
Jun 26, 2015 11:39:44 AM de.ants.vsp.receiver.Datensenke logMessageSevere
SEVERE: team 07-14: Receiver: team 07-14 Frames Send: 47 Frames not Send: 1
Jun 26, 2015 11:39:44 AM de.ants.vsp.receiver.Datensenke logMessageSevere
SEVERE: team 07-14: Time: at Beginning of new Spot1435311585010
Jun 26, 2015 11:39:45 AM de.ants.vsp.receiver.Datensenke logMessageSevere
SEVERE: team 07-14: Time: after all Spots1435311586003
Jun 26, 2015 11:39:45 AM de.ants.vsp.receiver.Datensenke logMessageSevere
SEVERE: team 07-14: Receiver: team 07-14 Frames Send: 48 Frames not Send: 1
Jun 26, 2015 11:39:45 AM de.ants.vsp.receiver.Datensenke logMessageSevere
SEVERE: team 07-14: Time: at Beginning of new Spot1435311586010
Jun 26, 2015 11:39:46 AM de.ants.vsp.receiver.Datensenke logMessageSevere
SEVERE: team 07-14: Time: after all Spots1435311587001
Jun 26, 2015 11:39:46 AM de.ants.vsp.receiver.Datensenke logMessageSevere
SEVERE: team 07-14: Receiver: team 07-14 Frames Send: 49 Frames not Send: 1
Jun 26, 2015 11:39:46 AM de.ants.vsp.receiver.Datensenke logMessageSevere
SEVERE: team 07-14: Time: at Beginning of new Spot1435311587009
Jun 26, 2015 11:39:47 AM de.ants.vsp.receiver.Datensenke logMessageSevere
SEVERE: team 07-14: Time: after all Spots1435311588000
Jun 26, 2015 11:39:47 AM de.ants.vsp.receiver.Datensenke logMessageSevere
SEVERE: team 07-14: Receiver: team 07-14 Frames Send: 50 Frames not Send: 1
Jun 26, 2015 11:39:47 AM de.ants.vsp.receiver.Datensenke logMessageSevere
SEVERE: team 07-14: Time: at Beginning of new Spot1435311588005
Jun 26, 2015 11:39:48 AM de.ants.vsp.receiver.Datensenke logMessageSevere
SEVERE: team 07-14: Time: after all Spots1435311589001
Jun 26, 2015 11:39:48 AM de.ants.vsp.receiver.Datensenke logMessageSevere
SEVERE: team 07-14: Receiver: team 07-14 Frames Send: 51 Frames not Send: 1
Jun 26, 2015 11:39:48 AM de.ants.vsp.receiver.Datensenke logMessageSevere
SEVERE: team 07-14: Time: at Beginning of new Spot1435311589007
Jun 26, 2015 11:39:49 AM de.ants.vsp.receiver.Datensenke logMessageSevere
SEVERE: team 07-14: Time: after all Spots1435311590000
Jun 26, 2015 11:39:49 AM de.ants.vsp.receiver.Datensenke logMessageSevere
SEVERE: team 07-14: Receiver: team 07-14 Frames Send: 52 Frames not Send: 1
Jun 26, 2015 11:39:49 AM de.ants.vsp.receiver.Datensenke logMessageSevere
SEVERE: team 07-14: Time: at Beginning of new Spot1435311590007
Jun 26, 2015 11:39:50 AM de.ants.vsp.receiver.Datensenke logMessageSevere
SEVERE: team 07-14: Time: after all Spots1435311591003
Jun 26, 2015 11:39:50 AM de.ants.vsp.receiver.Datensenke logMessageSevere
SEVERE: team 07-14: Receiver: team 07-14 Frames Send: 53 Frames not Send: 1
Jun 26, 2015 11:39:50 AM de.ants.vsp.receiver.Datensenke logMessageSevere
SEVERE: team 07-14: Time: at Beginning of new Spot1435311591014
Jun 26, 2015 11:39:51 AM de.ants.vsp.receiver.Datensenke logMessageSevere
SEVERE: team 07-14: Time: after all Spots1435311592000
Jun 26, 2015 11:39:51 AM de.ants.vsp.receiver.Datensenke logMessageSevere
SEVERE: team 07-14: Receiver: team 07-14 Frames Send: 54 Frames not Send: 1
Jun 26, 2015 11:39:51 AM de.ants.vsp.receiver.Datensenke logMessageSevere
SEVERE: team 07-14: Time: at Beginning of new Spot1435311592008
Jun 26, 2015 11:39:52 AM de.ants.vsp.receiver.Datensenke logMessageSevere
SEVERE: team 07-14: Time: after all Spots1435311593002
Jun 26, 2015 11:39:52 AM de.ants.vsp.receiver.Datensenke logMessageSevere
SEVERE: team 07-14: Receiver: team 07-14 Frames Send: 55 Frames not Send: 1
Jun 26, 2015 11:39:52 AM de.ants.vsp.receiver.Datensenke logMessageSevere
SEVERE: team 07-14: Time: at Beginning of new Spot1435311593009
Jun 26, 2015 11:39:53 AM de.ants.vsp.receiver.Datensenke logMessageSevere
SEVERE: team 07-14: Time: after all Spots1435311594003
Jun 26, 2015 11:39:53 AM de.ants.vsp.receiver.Datensenke logMessageSevere
SEVERE: team 07-14: Receiver: team 07-14 Frames Send: 56 Frames not Send: 1
Jun 26, 2015 11:39:53 AM de.ants.vsp.receiver.Datensenke logMessageSevere
SEVERE: team 07-14: Time: at Beginning of new Spot1435311594009
Jun 26, 2015 11:39:54 AM de.ants.vsp.receiver.Datensenke logMessageSevere
SEVERE: team 07-14: Time: after all Spots1435311595000
Jun 26, 2015 11:39:54 AM de.ants.vsp.receiver.Datensenke logMessageSevere
SEVERE: team 07-14: Receiver: team 07-14 Frames Send: 57 Frames not Send: 1
Jun 26, 2015 11:39:54 AM de.ants.vsp.receiver.Datensenke logMessageSevere
SEVERE: team 07-14: Time: at Beginning of new Spot1435311595007
Jun 26, 2015 11:39:55 AM de.ants.vsp.receiver.Datensenke logMessageSevere
SEVERE: team 07-14: Time: after all Spots1435311596000
Jun 26, 2015 11:39:56 AM de.ants.vsp.receiver.Datensenke logMessageSevere
SEVERE: team 07-14: Receiver: team 07-14 Frames Send: 58 Frames not Send: 1
Jun 26, 2015 11:39:56 AM de.ants.vsp.receiver.Datensenke logMessageSevere
SEVERE: team 07-14: Time: at Beginning of new Spot1435311596025
Jun 26, 2015 11:39:56 AM de.ants.vsp.receiver.Datensenke logMessageSevere
SEVERE: team 07-14: Time: after all Spots1435311597004
Jun 26, 2015 11:39:56 AM de.ants.vsp.receiver.Datensenke logMessageSevere
SEVERE: team 07-14: Receiver: team 07-14 Frames Send: 59 Frames not Send: 1
Jun 26, 2015 11:39:56 AM de.ants.vsp.receiver.Datensenke logMessageSevere
SEVERE: team 07-14: Time: at Beginning of new Spot1435311597011
Jun 26, 2015 11:39:57 AM de.ants.vsp.receiver.Datensenke logMessageSevere
SEVERE: team 07-14: Time: after all Spots1435311598003
Jun 26, 2015 11:39:57 AM de.ants.vsp.receiver.Datensenke logMessageSevere
SEVERE: team 07-14: Receiver: team 07-14 Frames Send: 60 Frames not Send: 1
Jun 26, 2015 11:39:57 AM de.ants.vsp.receiver.Datensenke logMessageSevere
SEVERE: team 07-14: Time: at Beginning of new Spot1435311598019
Jun 26, 2015 11:39:58 AM de.ants.vsp.receiver.Datensenke logMessageSevere
SEVERE: team 07-14: Time: after all Spots1435311599000
Jun 26, 2015 11:39:58 AM de.ants.vsp.receiver.Datensenke logMessageSevere
SEVERE: team 07-14: Receiver: team 07-14 Frames Send: 61 Frames not Send: 1
Jun 26, 2015 11:39:58 AM de.ants.vsp.receiver.Datensenke logMessageSevere
SEVERE: team 07-14: Time: at Beginning of new Spot1435311599009
Jun 26, 2015 11:39:59 AM de.ants.vsp.receiver.Datensenke logMessageSevere
SEVERE: team 07-14: Time: after all Spots1435311600001
Jun 26, 2015 11:39:59 AM de.ants.vsp.receiver.Datensenke logMessageSevere
SEVERE: team 07-14: Receiver: team 07-14 Frames Send: 62 Frames not Send: 1
Jun 26, 2015 11:39:59 AM de.ants.vsp.receiver.Datensenke logMessageSevere
SEVERE: team 07-14: Time: at Beginning of new Spot1435311600007
Jun 26, 2015 11:40:00 AM de.ants.vsp.receiver.Datensenke logMessageSevere
SEVERE: team 07-14: Time: after all Spots1435311601001
Jun 26, 2015 11:40:00 AM de.ants.vsp.receiver.Datensenke logMessageSevere
SEVERE: team 07-14: Receiver: team 07-14 Frames Send: 63 Frames not Send: 1
Jun 26, 2015 11:40:00 AM de.ants.vsp.receiver.Datensenke logMessageSevere
SEVERE: team 07-14: Time: at Beginning of new Spot1435311601006
Jun 26, 2015 11:40:01 AM de.ants.vsp.receiver.Datensenke logMessageSevere
SEVERE: team 07-14: Time: after all Spots1435311602001
Jun 26, 2015 11:40:01 AM de.ants.vsp.receiver.Datensenke logMessageSevere
SEVERE: team 07-14: Receiver: team 07-14 Frames Send: 64 Frames not Send: 1
Jun 26, 2015 11:40:01 AM de.ants.vsp.receiver.Datensenke logMessageSevere
SEVERE: team 07-14: Time: at Beginning of new Spot1435311602006
Jun 26, 2015 11:40:02 AM de.ants.vsp.receiver.Datensenke logMessageSevere
SEVERE: team 07-14: Time: after all Spots1435311603002
Jun 26, 2015 11:40:02 AM de.ants.vsp.receiver.Datensenke logMessageSevere
SEVERE: team 07-14: Receiver: team 07-14 Frames Send: 65 Frames not Send: 1
Jun 26, 2015 11:40:02 AM de.ants.vsp.receiver.Datensenke logMessageSevere
SEVERE: team 07-14: Time: at Beginning of new Spot1435311603015
Jun 26, 2015 11:40:03 AM de.ants.vsp.receiver.Datensenke logMessageSevere
SEVERE: team 07-14: Time: after all Spots1435311604000
Jun 26, 2015 11:40:03 AM de.ants.vsp.receiver.Datensenke logMessageSevere
SEVERE: team 07-14: Receiver: team 07-14 Frames Send: 66 Frames not Send: 1
Jun 26, 2015 11:40:03 AM de.ants.vsp.receiver.Datensenke logMessageSevere
SEVERE: team 07-14: Time: at Beginning of new Spot1435311604007
Jun 26, 2015 11:40:04 AM de.ants.vsp.receiver.Datensenke logMessageSevere
SEVERE: team 07-14: Time: after all Spots1435311605000
Jun 26, 2015 11:40:04 AM de.ants.vsp.receiver.Datensenke logMessageSevere
SEVERE: team 07-14: Receiver: team 07-14 Frames Send: 67 Frames not Send: 1
Jun 26, 2015 11:40:04 AM de.ants.vsp.receiver.Datensenke logMessageSevere
SEVERE: team 07-14: Time: at Beginning of new Spot1435311605011
Jun 26, 2015 11:40:05 AM de.ants.vsp.receiver.Datensenke logMessageSevere
SEVERE: team 07-14: Time: after all Spots1435311606000
Jun 26, 2015 11:40:05 AM de.ants.vsp.receiver.Datensenke logMessageSevere
SEVERE: team 07-14: Receiver: team 07-14 Frames Send: 68 Frames not Send: 1
Jun 26, 2015 11:40:05 AM de.ants.vsp.receiver.Datensenke logMessageSevere
SEVERE: team 07-14: Time: at Beginning of new Spot1435311606020
Jun 26, 2015 11:40:06 AM de.ants.vsp.receiver.Datensenke logMessageSevere
SEVERE: team 07-14: Time: after all Spots1435311607000
Jun 26, 2015 11:40:06 AM de.ants.vsp.receiver.Datensenke logMessageSevere
SEVERE: team 07-14: Receiver: team 07-14 Frames Send: 69 Frames not Send: 1
Jun 26, 2015 11:40:06 AM de.ants.vsp.receiver.Datensenke logMessageSevere
SEVERE: team 07-14: Time: at Beginning of new Spot1435311607010
Jun 26, 2015 11:40:07 AM de.ants.vsp.receiver.Datensenke logMessageSevere
SEVERE: team 07-14: Time: after all Spots1435311608002
Jun 26, 2015 11:40:07 AM de.ants.vsp.receiver.Datensenke logMessageSevere
SEVERE: team 07-14: Receiver: team 07-14 Frames Send: 70 Frames not Send: 1
Jun 26, 2015 11:40:07 AM de.ants.vsp.receiver.Datensenke logMessageSevere
SEVERE: team 07-14: Time: at Beginning of new Spot1435311608016
Jun 26, 2015 11:40:08 AM de.ants.vsp.receiver.Datensenke logMessageSevere
SEVERE: team 07-14: Time: after all Spots1435311609001
Jun 26, 2015 11:40:08 AM de.ants.vsp.receiver.Datensenke logMessageSevere
SEVERE: team 07-14: Receiver: team 07-14 Frames Send: 71 Frames not Send: 1
Jun 26, 2015 11:40:08 AM de.ants.vsp.receiver.Datensenke logMessageSevere
SEVERE: team 07-14: Time: at Beginning of new Spot1435311609007
Jun 26, 2015 11:40:09 AM de.ants.vsp.receiver.Datensenke logMessageSevere
SEVERE: team 07-14: Time: after all Spots1435311610000
Jun 26, 2015 11:40:09 AM de.ants.vsp.receiver.Datensenke logMessageSevere
SEVERE: team 07-14: Receiver: team 07-14 Frames Send: 72 Frames not Send: 1
Jun 26, 2015 11:40:09 AM de.ants.vsp.receiver.Datensenke logMessageSevere
SEVERE: team 07-14: Time: at Beginning of new Spot1435311610017
Jun 26, 2015 11:40:10 AM de.ants.vsp.receiver.Datensenke logMessageSevere
SEVERE: team 07-14: Time: after all Spots1435311611000
Jun 26, 2015 11:40:10 AM de.ants.vsp.receiver.Datensenke logMessageSevere
SEVERE: team 07-14: Receiver: team 07-14 Frames Send: 73 Frames not Send: 1
Jun 26, 2015 11:40:10 AM de.ants.vsp.receiver.Datensenke logMessageSevere
SEVERE: team 07-14: Time: at Beginning of new Spot1435311611007
Jun 26, 2015 11:40:11 AM de.ants.vsp.receiver.Datensenke logMessageSevere
SEVERE: team 07-14: Time: after all Spots1435311612000
Jun 26, 2015 11:40:11 AM de.ants.vsp.receiver.Datensenke logMessageSevere
SEVERE: team 07-14: Receiver: team 07-14 Frames Send: 74 Frames not Send: 1
Jun 26, 2015 11:40:11 AM de.ants.vsp.receiver.Datensenke logMessageSevere
SEVERE: team 07-14: Time: at Beginning of new Spot1435311612012
Jun 26, 2015 11:40:12 AM de.ants.vsp.receiver.Datensenke logMessageSevere
SEVERE: team 07-14: Time: after all Spots1435311613001
Jun 26, 2015 11:40:12 AM de.ants.vsp.receiver.Datensenke logMessageSevere
SEVERE: team 07-14: Receiver: team 07-14 Frames Send: 75 Frames not Send: 1
Jun 26, 2015 11:40:12 AM de.ants.vsp.receiver.Datensenke logMessageSevere
SEVERE: team 07-14: Time: at Beginning of new Spot1435311613006
Jun 26, 2015 11:40:13 AM de.ants.vsp.receiver.Datensenke logMessageSevere
SEVERE: team 07-14: Time: after all Spots1435311614002
Jun 26, 2015 11:40:13 AM de.ants.vsp.receiver.Datensenke logMessageSevere
SEVERE: team 07-14: Receiver: team 07-14 Frames Send: 76 Frames not Send: 1
Jun 26, 2015 11:40:13 AM de.ants.vsp.receiver.Datensenke logMessageSevere
SEVERE: team 07-14: Time: at Beginning of new Spot1435311614007
Jun 26, 2015 11:40:14 AM de.ants.vsp.receiver.Datensenke logMessageSevere
SEVERE: team 07-14: Time: after all Spots1435311615000
Jun 26, 2015 11:40:14 AM de.ants.vsp.receiver.Datensenke logMessageSevere
SEVERE: team 07-14: Receiver: team 07-14 Frames Send: 77 Frames not Send: 1
Jun 26, 2015 11:40:14 AM de.ants.vsp.receiver.Datensenke logMessageSevere
SEVERE: team 07-14: Time: at Beginning of new Spot1435311615007
Jun 26, 2015 11:40:15 AM de.ants.vsp.receiver.Datensenke logMessageSevere
SEVERE: team 07-14: Time: after all Spots1435311616002
Jun 26, 2015 11:40:15 AM de.ants.vsp.receiver.Datensenke logMessageSevere
SEVERE: team 07-14: Receiver: team 07-14 Frames Send: 78 Frames not Send: 1
Jun 26, 2015 11:40:15 AM de.ants.vsp.receiver.Datensenke logMessageSevere
SEVERE: team 07-14: Time: at Beginning of new Spot1435311616008
Jun 26, 2015 11:40:16 AM de.ants.vsp.receiver.Datensenke logMessageSevere
SEVERE: team 07-14: Time: after all Spots1435311617009
Jun 26, 2015 11:40:16 AM de.ants.vsp.receiver.Datensenke logMessageSevere
SEVERE: team 07-14: Receiver: team 07-14 Frames Send: 79 Frames not Send: 1
Jun 26, 2015 11:40:16 AM de.ants.vsp.receiver.Datensenke logMessageSevere
SEVERE: team 07-14: Time: at Beginning of new Spot1435311617019
Jun 26, 2015 11:40:17 AM de.ants.vsp.receiver.Datensenke logMessageSevere
SEVERE: team 07-14: Time: after all Spots1435311618000
Jun 26, 2015 11:40:17 AM de.ants.vsp.receiver.Datensenke logMessageSevere
SEVERE: team 07-14: Receiver: team 07-14 Frames Send: 80 Frames not Send: 1
Jun 26, 2015 11:40:17 AM de.ants.vsp.receiver.Datensenke logMessageSevere
SEVERE: team 07-14: Time: at Beginning of new Spot1435311618015
Jun 26, 2015 11:40:19 AM de.ants.vsp.receiver.Datensenke logMessageSevere
SEVERE: team 07-14: Time: after all Spots1435311619022
Jun 26, 2015 11:40:19 AM de.ants.vsp.receiver.Datensenke logMessageSevere
SEVERE: team 07-14: Receiver: team 07-14 Frames Send: 81 Frames not Send: 1
Jun 26, 2015 11:40:19 AM de.ants.vsp.receiver.Datensenke logMessageSevere
SEVERE: team 07-14: Time: at Beginning of new Spot1435311619025
Jun 26, 2015 11:40:20 AM de.ants.vsp.receiver.Datensenke logMessageSevere
SEVERE: team 07-14: Time: after all Spots1435311620026
Jun 26, 2015 11:40:20 AM de.ants.vsp.receiver.Datensenke logMessageSevere
SEVERE: team 07-14: Receiver: team 07-14 Frames Send: 82 Frames not Send: 1
Jun 26, 2015 11:40:20 AM de.ants.vsp.receiver.Datensenke logMessageSevere
SEVERE: team 07-14: Time: at Beginning of new Spot1435311620034
Jun 26, 2015 11:40:20 AM de.ants.vsp.receiver.Datensenke logMessageSevere
SEVERE: team 07-14: Time: after all Spots1435311621000
Jun 26, 2015 11:40:20 AM de.ants.vsp.receiver.Datensenke logMessageSevere
SEVERE: team 07-14: Receiver: team 07-14 Frames Send: 83 Frames not Send: 1
Jun 26, 2015 11:40:20 AM de.ants.vsp.receiver.Datensenke logMessageSevere
SEVERE: team 07-14: Time: at Beginning of new Spot1435311621012
Jun 26, 2015 11:40:21 AM de.ants.vsp.receiver.Datensenke logMessageSevere
SEVERE: team 07-14: Time: after all Spots1435311622000
Jun 26, 2015 11:40:21 AM de.ants.vsp.receiver.Datensenke logMessageSevere
SEVERE: team 07-14: Receiver: team 07-14 Frames Send: 84 Frames not Send: 1
Jun 26, 2015 11:40:21 AM de.ants.vsp.receiver.Datensenke logMessageSevere
SEVERE: team 07-14: Time: at Beginning of new Spot1435311622017
Jun 26, 2015 11:40:22 AM de.ants.vsp.receiver.Datensenke logMessageSevere
SEVERE: team 07-14: Time: after all Spots1435311623003
Jun 26, 2015 11:40:22 AM de.ants.vsp.receiver.Datensenke logMessageSevere
SEVERE: team 07-14: Receiver: team 07-14 Frames Send: 85 Frames not Send: 1
Jun 26, 2015 11:40:22 AM de.ants.vsp.receiver.Datensenke logMessageSevere
SEVERE: team 07-14: Time: at Beginning of new Spot1435311623008
Jun 26, 2015 11:40:23 AM de.ants.vsp.receiver.Datensenke logMessageSevere
SEVERE: team 07-14: Time: after all Spots1435311624002
Jun 26, 2015 11:40:23 AM de.ants.vsp.receiver.Datensenke logMessageSevere
SEVERE: team 07-14: Receiver: team 07-14 Frames Send: 86 Frames not Send: 1
Jun 26, 2015 11:40:23 AM de.ants.vsp.receiver.Datensenke logMessageSevere
SEVERE: team 07-14: Time: at Beginning of new Spot1435311624006
Jun 26, 2015 11:40:24 AM de.ants.vsp.receiver.Datensenke logMessageSevere
SEVERE: team 07-14: Time: after all Spots1435311625000
Jun 26, 2015 11:40:24 AM de.ants.vsp.receiver.Datensenke logMessageSevere
SEVERE: team 07-14: Receiver: team 07-14 Frames Send: 87 Frames not Send: 1
Jun 26, 2015 11:40:24 AM de.ants.vsp.receiver.Datensenke logMessageSevere
SEVERE: team 07-14: Time: at Beginning of new Spot1435311625007
Jun 26, 2015 11:40:25 AM de.ants.vsp.receiver.Datensenke logMessageSevere
SEVERE: team 07-14: Time: after all Spots1435311626000
Jun 26, 2015 11:40:25 AM de.ants.vsp.receiver.Datensenke logMessageSevere
SEVERE: team 07-14: Receiver: team 07-14 Frames Send: 88 Frames not Send: 1
Jun 26, 2015 11:40:25 AM de.ants.vsp.receiver.Datensenke logMessageSevere
SEVERE: team 07-14: Time: at Beginning of new Spot1435311626008
Jun 26, 2015 11:40:26 AM de.ants.vsp.receiver.Datensenke logMessageSevere
SEVERE: team 07-14: Time: after all Spots1435311627002
Jun 26, 2015 11:40:26 AM de.ants.vsp.receiver.Datensenke logMessageSevere
SEVERE: team 07-14: Receiver: team 07-14 Frames Send: 89 Frames not Send: 1
Jun 26, 2015 11:40:26 AM de.ants.vsp.receiver.Datensenke logMessageSevere
SEVERE: team 07-14: Time: at Beginning of new Spot1435311627007
Jun 26, 2015 11:40:27 AM de.ants.vsp.receiver.Datensenke logMessageSevere
SEVERE: team 07-14: Time: after all Spots1435311628000
Jun 26, 2015 11:40:27 AM de.ants.vsp.receiver.Datensenke logMessageSevere
SEVERE: team 07-14: Receiver: team 07-14 Frames Send: 90 Frames not Send: 1
Jun 26, 2015 11:40:27 AM de.ants.vsp.receiver.Datensenke logMessageSevere
SEVERE: team 07-14: Time: at Beginning of new Spot1435311628008
Jun 26, 2015 11:40:28 AM de.ants.vsp.receiver.Datensenke logMessageSevere
SEVERE: team 07-14: Time: after all Spots1435311629002
Jun 26, 2015 11:40:28 AM de.ants.vsp.receiver.Datensenke logMessageSevere
SEVERE: team 07-14: Receiver: team 07-14 Frames Send: 91 Frames not Send: 1
Jun 26, 2015 11:40:28 AM de.ants.vsp.receiver.Datensenke logMessageSevere
SEVERE: team 07-14: Time: at Beginning of new Spot1435311629007
Jun 26, 2015 11:40:29 AM de.ants.vsp.receiver.Datensenke logMessageSevere
SEVERE: team 07-14: Time: after all Spots1435311630000
Jun 26, 2015 11:40:29 AM de.ants.vsp.receiver.Datensenke logMessageSevere
SEVERE: team 07-14: Receiver: team 07-14 Frames Send: 92 Frames not Send: 1
Jun 26, 2015 11:40:29 AM de.ants.vsp.receiver.Datensenke logMessageSevere
SEVERE: team 07-14: Time: at Beginning of new Spot1435311630015
Jun 26, 2015 11:40:30 AM de.ants.vsp.receiver.Datensenke logMessageSevere
SEVERE: team 07-14: Time: after all Spots1435311631004
Jun 26, 2015 11:40:30 AM de.ants.vsp.receiver.Datensenke logMessageSevere
SEVERE: team 07-14: Receiver: team 07-14 Frames Send: 93 Frames not Send: 1
Jun 26, 2015 11:40:30 AM de.ants.vsp.receiver.Datensenke logMessageSevere
SEVERE: team 07-14: Time: at Beginning of new Spot1435311631019
Jun 26, 2015 11:40:31 AM de.ants.vsp.receiver.Datensenke logMessageSevere
SEVERE: team 07-14: Time: after all Spots1435311632008
Jun 26, 2015 11:40:31 AM de.ants.vsp.receiver.Datensenke logMessageSevere
SEVERE: team 07-14: Receiver: team 07-14 Frames Send: 94 Frames not Send: 1
Jun 26, 2015 11:40:31 AM de.ants.vsp.receiver.Datensenke logMessageSevere
SEVERE: team 07-14: Time: at Beginning of new Spot1435311632016
Jun 26, 2015 11:40:32 AM de.ants.vsp.receiver.Datensenke logMessageSevere
SEVERE: team 07-14: Time: after all Spots1435311633004
Jun 26, 2015 11:40:32 AM de.ants.vsp.receiver.Datensenke logMessageSevere
SEVERE: team 07-14: Receiver: team 07-14 Frames Send: 95 Frames not Send: 1
Jun 26, 2015 11:40:32 AM de.ants.vsp.receiver.Datensenke logMessageSevere
SEVERE: team 07-14: Time: at Beginning of new Spot1435311633010
Jun 26, 2015 11:40:33 AM de.ants.vsp.receiver.Datensenke logMessageSevere
SEVERE: team 07-14: Time: after all Spots1435311634011
Jun 26, 2015 11:40:33 AM de.ants.vsp.receiver.Datensenke logMessageSevere
SEVERE: team 07-14: Receiver: team 07-14 Frames Send: 96 Frames not Send: 1
Jun 26, 2015 11:40:33 AM de.ants.vsp.receiver.Datensenke logMessageSevere
SEVERE: team 07-14: Time: at Beginning of new Spot1435311634018
Jun 26, 2015 11:40:34 AM de.ants.vsp.receiver.Datensenke logMessageSevere
SEVERE: team 07-14: Time: after all Spots1435311635002
Jun 26, 2015 11:40:34 AM de.ants.vsp.receiver.Datensenke logMessageSevere
SEVERE: team 07-14: Receiver: team 07-14 Frames Send: 97 Frames not Send: 1
Jun 26, 2015 11:40:34 AM de.ants.vsp.receiver.Datensenke logMessageSevere
SEVERE: team 07-14: Time: at Beginning of new Spot1435311635009
Jun 26, 2015 11:40:35 AM de.ants.vsp.receiver.Datensenke logMessageSevere
SEVERE: team 07-14: Time: after all Spots1435311636001
Jun 26, 2015 11:40:35 AM de.ants.vsp.receiver.Datensenke logMessageSevere
SEVERE: team 07-14: Receiver: team 07-14 Frames Send: 98 Frames not Send: 1
Jun 26, 2015 11:40:35 AM de.ants.vsp.receiver.Datensenke logMessageSevere
SEVERE: team 07-14: Time: at Beginning of new Spot1435311636007
Jun 26, 2015 11:40:36 AM de.ants.vsp.receiver.Datensenke logMessageSevere
SEVERE: team 07-14: Time: after all Spots1435311637000
Jun 26, 2015 11:40:36 AM de.ants.vsp.receiver.Datensenke logMessageSevere
SEVERE: team 07-14: Receiver: team 07-14 Frames Send: 99 Frames not Send: 1
Jun 26, 2015 11:40:36 AM de.ants.vsp.receiver.Datensenke logMessageSevere
SEVERE: team 07-14: Time: at Beginning of new Spot1435311637005
Jun 26, 2015 11:40:37 AM de.ants.vsp.receiver.Datensenke logMessageSevere
SEVERE: team 07-14: Time: after all Spots1435311638001
Jun 26, 2015 11:40:37 AM de.ants.vsp.receiver.Datensenke logMessageSevere
SEVERE: team 07-14: Receiver: team 07-14 Frames Send: 100 Frames not Send: 1
Jun 26, 2015 11:40:37 AM de.ants.vsp.receiver.Datensenke logMessageSevere
SEVERE: team 07-14: Time: at Beginning of new Spot1435311638006
Jun 26, 2015 11:40:38 AM de.ants.vsp.receiver.Datensenke logMessageSevere
SEVERE: team 07-14: Time: after all Spots1435311639000
Jun 26, 2015 11:40:38 AM de.ants.vsp.receiver.Datensenke logMessageSevere
SEVERE: team 07-14: Receiver: team 07-14 Frames Send: 101 Frames not Send: 1
Jun 26, 2015 11:40:38 AM de.ants.vsp.receiver.Datensenke logMessageSevere
SEVERE: team 07-14: Time: at Beginning of new Spot1435311639004
Jun 26, 2015 11:40:39 AM de.ants.vsp.receiver.Datensenke logMessageSevere
SEVERE: team 07-14: Time: after all Spots1435311640000
Jun 26, 2015 11:40:39 AM de.ants.vsp.receiver.Datensenke logMessageSevere
SEVERE: team 07-14: Receiver: team 07-14 Frames Send: 102 Frames not Send: 1
Jun 26, 2015 11:40:39 AM de.ants.vsp.receiver.Datensenke logMessageSevere
SEVERE: team 07-14: Time: at Beginning of new Spot1435311640003
Jun 26, 2015 11:40:40 AM de.ants.vsp.receiver.Datensenke logMessageSevere
SEVERE: team 07-14: Time: after all Spots1435311641001
Jun 26, 2015 11:40:40 AM de.ants.vsp.receiver.Datensenke logMessageSevere
SEVERE: team 07-14: Receiver: team 07-14 Frames Send: 103 Frames not Send: 1
Jun 26, 2015 11:40:40 AM de.ants.vsp.receiver.Datensenke logMessageSevere
SEVERE: team 07-14: Time: at Beginning of new Spot1435311641006
Jun 26, 2015 11:40:41 AM de.ants.vsp.receiver.Datensenke logMessageSevere
SEVERE: team 07-14: Time: after all Spots1435311642000
Jun 26, 2015 11:40:41 AM de.ants.vsp.receiver.Datensenke logMessageSevere
SEVERE: team 07-14: Receiver: team 07-14 Frames Send: 104 Frames not Send: 1
Jun 26, 2015 11:40:41 AM de.ants.vsp.receiver.Datensenke logMessageSevere
SEVERE: team 07-14: Time: at Beginning of new Spot1435311642006
Jun 26, 2015 11:40:42 AM de.ants.vsp.receiver.Datensenke logMessageSevere
SEVERE: team 07-14: Time: after all Spots1435311643001
Jun 26, 2015 11:40:42 AM de.ants.vsp.receiver.Datensenke logMessageSevere
SEVERE: team 07-14: Receiver: team 07-14 Frames Send: 105 Frames not Send: 1
Jun 26, 2015 11:40:42 AM de.ants.vsp.receiver.Datensenke logMessageSevere
SEVERE: team 07-14: Time: at Beginning of new Spot1435311643006
Jun 26, 2015 11:40:43 AM de.ants.vsp.receiver.Datensenke logMessageSevere
SEVERE: team 07-14: Time: after all Spots1435311644002
Jun 26, 2015 11:40:43 AM de.ants.vsp.receiver.Datensenke logMessageSevere
SEVERE: team 07-14: Receiver: team 07-14 Frames Send: 106 Frames not Send: 1
Jun 26, 2015 11:40:43 AM de.ants.vsp.receiver.Datensenke logMessageSevere
SEVERE: team 07-14: Time: at Beginning of new Spot1435311644009
Jun 26, 2015 11:40:44 AM de.ants.vsp.receiver.Datensenke logMessageSevere
SEVERE: team 07-14: Time: after all Spots1435311645002
Jun 26, 2015 11:40:44 AM de.ants.vsp.receiver.Datensenke logMessageSevere
SEVERE: team 07-14: Receiver: team 07-14 Frames Send: 107 Frames not Send: 1
Jun 26, 2015 11:40:44 AM de.ants.vsp.receiver.Datensenke logMessageSevere
SEVERE: team 07-14: Time: at Beginning of new Spot1435311645008
Jun 26, 2015 11:40:45 AM de.ants.vsp.receiver.Datensenke logMessageSevere
SEVERE: team 07-14: Time: after all Spots1435311646000
Jun 26, 2015 11:40:45 AM de.ants.vsp.receiver.Datensenke logMessageSevere
SEVERE: team 07-14: Receiver: team 07-14 Frames Send: 108 Frames not Send: 1
Jun 26, 2015 11:40:45 AM de.ants.vsp.receiver.Datensenke logMessageSevere
SEVERE: team 07-14: Time: at Beginning of new Spot1435311646008
Jun 26, 2015 11:40:46 AM de.ants.vsp.receiver.Datensenke logMessageSevere
SEVERE: team 07-14: Time: after all Spots1435311647000
Jun 26, 2015 11:40:46 AM de.ants.vsp.receiver.Datensenke logMessageSevere
SEVERE: team 07-14: Receiver: team 07-14 Frames Send: 109 Frames not Send: 1
Jun 26, 2015 11:40:46 AM de.ants.vsp.receiver.Datensenke logMessageSevere
SEVERE: team 07-14: Time: at Beginning of new Spot1435311647006
Jun 26, 2015 11:40:47 AM de.ants.vsp.receiver.Datensenke logMessageSevere
SEVERE: team 07-14: Time: after all Spots1435311648000
Jun 26, 2015 11:40:47 AM de.ants.vsp.receiver.Datensenke logMessageSevere
SEVERE: team 07-14: Receiver: team 07-14 Frames Send: 110 Frames not Send: 1
Jun 26, 2015 11:40:47 AM de.ants.vsp.receiver.Datensenke logMessageSevere
SEVERE: team 07-14: Time: at Beginning of new Spot1435311648008
Jun 26, 2015 11:40:48 AM de.ants.vsp.receiver.Datensenke logMessageSevere
SEVERE: team 07-14: Time: after all Spots1435311649001
Jun 26, 2015 11:40:48 AM de.ants.vsp.receiver.Datensenke logMessageSevere
SEVERE: team 07-14: Receiver: team 07-14 Frames Send: 111 Frames not Send: 1
Jun 26, 2015 11:40:48 AM de.ants.vsp.receiver.Datensenke logMessageSevere
SEVERE: team 07-14: Time: at Beginning of new Spot1435311649007
Jun 26, 2015 11:40:49 AM de.ants.vsp.receiver.Datensenke logMessageSevere
SEVERE: team 07-14: Time: after all Spots1435311650001
Jun 26, 2015 11:40:49 AM de.ants.vsp.receiver.Datensenke logMessageSevere
SEVERE: team 07-14: Receiver: team 07-14 Frames Send: 112 Frames not Send: 1
Jun 26, 2015 11:40:49 AM de.ants.vsp.receiver.Datensenke logMessageSevere
SEVERE: team 07-14: Time: at Beginning of new Spot1435311650006
Jun 26, 2015 11:40:50 AM de.ants.vsp.receiver.Datensenke logMessageSevere
SEVERE: team 07-14: Time: after all Spots1435311651002
Jun 26, 2015 11:40:50 AM de.ants.vsp.receiver.Datensenke logMessageSevere
SEVERE: team 07-14: Receiver: team 07-14 Frames Send: 113 Frames not Send: 1
Jun 26, 2015 11:40:50 AM de.ants.vsp.receiver.Datensenke logMessageSevere
SEVERE: team 07-14: Time: at Beginning of new Spot1435311651006
Jun 26, 2015 11:40:51 AM de.ants.vsp.receiver.Datensenke logMessageSevere
SEVERE: team 07-14: Time: after all Spots1435311652000
Jun 26, 2015 11:40:51 AM de.ants.vsp.receiver.Datensenke logMessageSevere
SEVERE: team 07-14: Receiver: team 07-14 Frames Send: 114 Frames not Send: 1
Jun 26, 2015 11:40:51 AM de.ants.vsp.receiver.Datensenke logMessageSevere
SEVERE: team 07-14: Time: at Beginning of new Spot1435311652004
Jun 26, 2015 11:40:52 AM de.ants.vsp.receiver.Datensenke logMessageSevere
SEVERE: team 07-14: Time: after all Spots1435311653000
Jun 26, 2015 11:40:52 AM de.ants.vsp.receiver.Datensenke logMessageSevere
SEVERE: team 07-14: Receiver: team 07-14 Frames Send: 115 Frames not Send: 1
Jun 26, 2015 11:40:52 AM de.ants.vsp.receiver.Datensenke logMessageSevere
SEVERE: team 07-14: Time: at Beginning of new Spot1435311653008
Jun 26, 2015 11:40:53 AM de.ants.vsp.receiver.Datensenke logMessageSevere
SEVERE: team 07-14: Time: after all Spots1435311654003
Jun 26, 2015 11:40:53 AM de.ants.vsp.receiver.Datensenke logMessageSevere
SEVERE: team 07-14: Receiver: team 07-14 Frames Send: 116 Frames not Send: 1
Jun 26, 2015 11:40:53 AM de.ants.vsp.receiver.Datensenke logMessageSevere
SEVERE: team 07-14: Time: at Beginning of new Spot1435311654011
Jun 26, 2015 11:40:54 AM de.ants.vsp.receiver.Datensenke logMessageSevere
SEVERE: team 07-14: Time: after all Spots1435311655001
Jun 26, 2015 11:40:54 AM de.ants.vsp.receiver.Datensenke logMessageSevere
SEVERE: team 07-14: Receiver: team 07-14 Frames Send: 117 Frames not Send: 1
Jun 26, 2015 11:40:54 AM de.ants.vsp.receiver.Datensenke logMessageSevere
SEVERE: team 07-14: Time: at Beginning of new Spot1435311655013
Jun 26, 2015 11:40:55 AM de.ants.vsp.receiver.Datensenke logMessageSevere
SEVERE: team 07-14: Time: after all Spots1435311656002
Jun 26, 2015 11:40:55 AM de.ants.vsp.receiver.Datensenke logMessageSevere
SEVERE: team 07-14: Receiver: team 07-14 Frames Send: 118 Frames not Send: 1
Jun 26, 2015 11:40:55 AM de.ants.vsp.receiver.Datensenke logMessageSevere
SEVERE: team 07-14: Time: at Beginning of new Spot1435311656007
Jun 26, 2015 11:40:56 AM de.ants.vsp.receiver.Datensenke logMessageSevere
SEVERE: team 07-14: Time: after all Spots1435311657000
Jun 26, 2015 11:40:56 AM de.ants.vsp.receiver.Datensenke logMessageSevere
SEVERE: team 07-14: Receiver: team 07-14 Frames Send: 119 Frames not Send: 1
Jun 26, 2015 11:40:56 AM de.ants.vsp.receiver.Datensenke logMessageSevere
SEVERE: team 07-14: Time: at Beginning of new Spot1435311657008
Jun 26, 2015 11:40:57 AM de.ants.vsp.receiver.Datensenke logMessageSevere
SEVERE: team 07-14: Time: after all Spots1435311658002
Jun 26, 2015 11:40:57 AM de.ants.vsp.receiver.Datensenke logMessageSevere
SEVERE: team 07-14: Receiver: team 07-14 Frames Send: 120 Frames not Send: 1
Jun 26, 2015 11:40:57 AM de.ants.vsp.receiver.Datensenke logMessageSevere
SEVERE: team 07-14: Time: at Beginning of new Spot1435311658009
Jun 26, 2015 11:40:58 AM de.ants.vsp.receiver.Datensenke logMessageSevere
SEVERE: team 07-14: Time: after all Spots1435311659003
Jun 26, 2015 11:40:58 AM de.ants.vsp.receiver.Datensenke logMessageSevere
SEVERE: team 07-14: Receiver: team 07-14 Frames Send: 121 Frames not Send: 1
Jun 26, 2015 11:40:58 AM de.ants.vsp.receiver.Datensenke logMessageSevere
SEVERE: team 07-14: Time: at Beginning of new Spot1435311659008
Jun 26, 2015 11:40:59 AM de.ants.vsp.receiver.Datensenke logMessageSevere
SEVERE: team 07-14: Time: after all Spots1435311660001
Jun 26, 2015 11:40:59 AM de.ants.vsp.receiver.Datensenke logMessageSevere
SEVERE: team 07-14: Receiver: team 07-14 Frames Send: 122 Frames not Send: 1
Jun 26, 2015 11:40:59 AM de.ants.vsp.receiver.Datensenke logMessageSevere
SEVERE: team 07-14: Time: at Beginning of new Spot1435311660007
Jun 26, 2015 11:41:00 AM de.ants.vsp.receiver.Datensenke logMessageSevere
SEVERE: team 07-14: Time: after all Spots1435311661000
Jun 26, 2015 11:41:00 AM de.ants.vsp.receiver.Datensenke logMessageSevere
SEVERE: team 07-14: Receiver: team 07-14 Frames Send: 123 Frames not Send: 1
Jun 26, 2015 11:41:00 AM de.ants.vsp.receiver.Datensenke logMessageSevere
SEVERE: team 07-14: Time: at Beginning of new Spot1435311661004
Jun 26, 2015 11:41:01 AM de.ants.vsp.receiver.Datensenke logMessageSevere
SEVERE: team 07-14: Time: after all Spots1435311662000
Jun 26, 2015 11:41:01 AM de.ants.vsp.receiver.Datensenke logMessageSevere
SEVERE: team 07-14: Receiver: team 07-14 Frames Send: 124 Frames not Send: 1
Jun 26, 2015 11:41:01 AM de.ants.vsp.receiver.Datensenke logMessageSevere
SEVERE: team 07-14: Time: at Beginning of new Spot1435311662005
Jun 26, 2015 11:41:02 AM de.ants.vsp.receiver.Datensenke logMessageSevere
SEVERE: team 07-14: Time: after all Spots1435311663002
Jun 26, 2015 11:41:02 AM de.ants.vsp.receiver.Datensenke logMessageSevere
SEVERE: team 07-14: Receiver: team 07-14 Frames Send: 125 Frames not Send: 1
Jun 26, 2015 11:41:02 AM de.ants.vsp.receiver.Datensenke logMessageSevere
SEVERE: team 07-14: Time: at Beginning of new Spot1435311663014
Jun 26, 2015 11:41:03 AM de.ants.vsp.receiver.Datensenke logMessageSevere
SEVERE: team 07-14: Time: after all Spots1435311664000
Jun 26, 2015 11:41:03 AM de.ants.vsp.receiver.Datensenke logMessageSevere
SEVERE: team 07-14: Receiver: team 07-14 Frames Send: 126 Frames not Send: 1
Jun 26, 2015 11:41:03 AM de.ants.vsp.receiver.Datensenke logMessageSevere
SEVERE: team 07-14: Time: at Beginning of new Spot1435311664008
Jun 26, 2015 11:41:04 AM de.ants.vsp.receiver.Datensenke logMessageSevere
SEVERE: team 07-14: Time: after all Spots1435311665000
Jun 26, 2015 11:41:04 AM de.ants.vsp.receiver.Datensenke logMessageSevere
SEVERE: team 07-14: Receiver: team 07-14 Frames Send: 127 Frames not Send: 1
Jun 26, 2015 11:41:04 AM de.ants.vsp.receiver.Datensenke logMessageSevere
SEVERE: team 07-14: Time: at Beginning of new Spot1435311665007
Jun 26, 2015 11:41:05 AM de.ants.vsp.receiver.Datensenke logMessageSevere
SEVERE: team 07-14: Time: after all Spots1435311666001
Jun 26, 2015 11:41:05 AM de.ants.vsp.receiver.Datensenke logMessageSevere
SEVERE: team 07-14: Receiver: team 07-14 Frames Send: 128 Frames not Send: 1
Jun 26, 2015 11:41:05 AM de.ants.vsp.receiver.Datensenke logMessageSevere
SEVERE: team 07-14: Time: at Beginning of new Spot1435311666015
Jun 26, 2015 11:41:06 AM de.ants.vsp.receiver.Datensenke logMessageSevere
SEVERE: team 07-14: Time: after all Spots1435311667002
Jun 26, 2015 11:41:06 AM de.ants.vsp.receiver.Datensenke logMessageSevere
SEVERE: team 07-14: Receiver: team 07-14 Frames Send: 129 Frames not Send: 1
Jun 26, 2015 11:41:06 AM de.ants.vsp.receiver.Datensenke logMessageSevere
SEVERE: team 07-14: Time: at Beginning of new Spot1435311667009
Jun 26, 2015 11:41:07 AM de.ants.vsp.receiver.Datensenke logMessageSevere
SEVERE: team 07-14: Time: after all Spots1435311668000
Jun 26, 2015 11:41:08 AM de.ants.vsp.receiver.Datensenke logMessageSevere
SEVERE: team 07-14: Receiver: team 07-14 Frames Send: 130 Frames not Send: 1
Jun 26, 2015 11:41:08 AM de.ants.vsp.receiver.Datensenke logMessageSevere
SEVERE: team 07-14: Time: at Beginning of new Spot1435311668034
Jun 26, 2015 11:41:08 AM de.ants.vsp.receiver.Datensenke logMessageSevere
SEVERE: team 07-14: Time: after all Spots1435311669008
Jun 26, 2015 11:41:08 AM de.ants.vsp.receiver.Datensenke logMessageSevere
SEVERE: team 07-14: Receiver: team 07-14 Frames Send: 131 Frames not Send: 1
Jun 26, 2015 11:41:08 AM de.ants.vsp.receiver.Datensenke logMessageSevere
SEVERE: team 07-14: Time: at Beginning of new Spot1435311669011
Jun 26, 2015 11:41:09 AM de.ants.vsp.receiver.Datensenke logMessageSevere
SEVERE: team 07-14: Time: after all Spots1435311670001
Jun 26, 2015 11:41:09 AM de.ants.vsp.receiver.Datensenke logMessageSevere
SEVERE: team 07-14: Receiver: team 07-14 Frames Send: 132 Frames not Send: 1
Jun 26, 2015 11:41:09 AM de.ants.vsp.receiver.Datensenke logMessageSevere
SEVERE: team 07-14: Time: at Beginning of new Spot1435311670007
Jun 26, 2015 11:41:10 AM de.ants.vsp.receiver.Datensenke logMessageSevere
SEVERE: team 07-14: Time: after all Spots1435311671008
Jun 26, 2015 11:41:10 AM de.ants.vsp.receiver.Datensenke logMessageSevere
SEVERE: team 07-14: Receiver: team 07-14 Frames Send: 133 Frames not Send: 1
Jun 26, 2015 11:41:10 AM de.ants.vsp.receiver.Datensenke logMessageSevere
SEVERE: team 07-14: Time: at Beginning of new Spot1435311671019
Jun 26, 2015 11:41:11 AM de.ants.vsp.receiver.Datensenke logMessageSevere
SEVERE: team 07-14: Time: after all Spots1435311672000
Jun 26, 2015 11:41:11 AM de.ants.vsp.receiver.Datensenke logMessageSevere
SEVERE: team 07-14: Receiver: team 07-14 Frames Send: 134 Frames not Send: 1
Jun 26, 2015 11:41:11 AM de.ants.vsp.receiver.Datensenke logMessageSevere
SEVERE: team 07-14: Time: at Beginning of new Spot1435311672007
Jun 26, 2015 11:41:12 AM de.ants.vsp.receiver.Datensenke logMessageSevere
SEVERE: team 07-14: Time: after all Spots1435311673001
Jun 26, 2015 11:41:12 AM de.ants.vsp.receiver.Datensenke logMessageSevere
SEVERE: team 07-14: Receiver: team 07-14 Frames Send: 135 Frames not Send: 1
Jun 26, 2015 11:41:12 AM de.ants.vsp.receiver.Datensenke logMessageSevere
SEVERE: team 07-14: Time: at Beginning of new Spot1435311673005
Jun 26, 2015 11:41:13 AM de.ants.vsp.receiver.Datensenke logMessageSevere
SEVERE: team 07-14: Time: after all Spots1435311674001
Jun 26, 2015 11:41:13 AM de.ants.vsp.receiver.Datensenke logMessageSevere
SEVERE: team 07-14: Receiver: team 07-14 Frames Send: 136 Frames not Send: 1
Jun 26, 2015 11:41:13 AM de.ants.vsp.receiver.Datensenke logMessageSevere
SEVERE: team 07-14: Time: at Beginning of new Spot1435311674005
Jun 26, 2015 11:41:14 AM de.ants.vsp.receiver.Datensenke logMessageSevere
SEVERE: team 07-14: Time: after all Spots1435311675001
Jun 26, 2015 11:41:14 AM de.ants.vsp.receiver.Datensenke logMessageSevere
SEVERE: team 07-14: Receiver: team 07-14 Frames Send: 137 Frames not Send: 1
Jun 26, 2015 11:41:14 AM de.ants.vsp.receiver.Datensenke logMessageSevere
SEVERE: team 07-14: Time: at Beginning of new Spot1435311675018
Jun 26, 2015 11:41:15 AM de.ants.vsp.receiver.Datensenke logMessageSevere
SEVERE: team 07-14: Time: after all Spots1435311676001
Jun 26, 2015 11:41:16 AM de.ants.vsp.receiver.Datensenke logMessageSevere
SEVERE: team 07-14: Receiver: team 07-14 Frames Send: 138 Frames not Send: 1
Jun 26, 2015 11:41:16 AM de.ants.vsp.receiver.Datensenke logMessageSevere
SEVERE: team 07-14: Time: at Beginning of new Spot1435311676034
Jun 26, 2015 11:41:16 AM de.ants.vsp.receiver.Datensenke logMessageSevere
SEVERE: team 07-14: Time: after all Spots1435311677001
Jun 26, 2015 11:41:16 AM de.ants.vsp.receiver.Datensenke logMessageSevere
SEVERE: team 07-14: Receiver: team 07-14 Frames Send: 139 Frames not Send: 1
Jun 26, 2015 11:41:16 AM de.ants.vsp.receiver.Datensenke logMessageSevere
SEVERE: team 07-14: Time: at Beginning of new Spot1435311677006
Jun 26, 2015 11:41:17 AM de.ants.vsp.receiver.Datensenke logMessageSevere
SEVERE: team 07-14: Time: after all Spots1435311678001
Jun 26, 2015 11:41:17 AM de.ants.vsp.receiver.Datensenke logMessageSevere
SEVERE: team 07-14: Receiver: team 07-14 Frames Send: 140 Frames not Send: 1
Jun 26, 2015 11:41:17 AM de.ants.vsp.receiver.Datensenke logMessageSevere
SEVERE: team 07-14: Time: at Beginning of new Spot1435311678007
Jun 26, 2015 11:41:18 AM de.ants.vsp.receiver.Datensenke logMessageSevere
SEVERE: team 07-14: Time: after all Spots1435311679000
Jun 26, 2015 11:41:18 AM de.ants.vsp.receiver.Datensenke logMessageSevere
SEVERE: team 07-14: Receiver: team 07-14 Frames Send: 141 Frames not Send: 1
Jun 26, 2015 11:41:18 AM de.ants.vsp.receiver.Datensenke logMessageSevere
SEVERE: team 07-14: Time: at Beginning of new Spot1435311679016
Jun 26, 2015 11:41:19 AM de.ants.vsp.receiver.Datensenke logMessageSevere
SEVERE: team 07-14: Time: after all Spots1435311680001
Jun 26, 2015 11:41:19 AM de.ants.vsp.receiver.Datensenke logMessageSevere
SEVERE: team 07-14: Receiver: team 07-14 Frames Send: 142 Frames not Send: 1
Jun 26, 2015 11:41:19 AM de.ants.vsp.receiver.Datensenke logMessageSevere
SEVERE: team 07-14: Time: at Beginning of new Spot1435311680007
Jun 26, 2015 11:41:20 AM de.ants.vsp.receiver.Datensenke logMessageSevere
SEVERE: team 07-14: Time: after all Spots1435311681000
Jun 26, 2015 11:41:20 AM de.ants.vsp.receiver.Datensenke logMessageSevere
SEVERE: team 07-14: Receiver: team 07-14 Frames Send: 143 Frames not Send: 1
Jun 26, 2015 11:41:20 AM de.ants.vsp.receiver.Datensenke logMessageSevere
SEVERE: team 07-14: Time: at Beginning of new Spot1435311681005
Jun 26, 2015 11:41:21 AM de.ants.vsp.receiver.Datensenke logMessageSevere
SEVERE: team 07-14: Time: after all Spots1435311682000
Jun 26, 2015 11:41:21 AM de.ants.vsp.receiver.Datensenke logMessageSevere
SEVERE: team 07-14: Receiver: team 07-14 Frames Send: 144 Frames not Send: 1
Jun 26, 2015 11:41:21 AM de.ants.vsp.receiver.Datensenke logMessageSevere
SEVERE: team 07-14: Time: at Beginning of new Spot1435311682006
Jun 26, 2015 11:41:22 AM de.ants.vsp.receiver.Datensenke logMessageSevere
SEVERE: team 07-14: Time: after all Spots1435311683000
Jun 26, 2015 11:41:22 AM de.ants.vsp.receiver.Datensenke logMessageSevere
SEVERE: team 07-14: Receiver: team 07-14 Frames Send: 145 Frames not Send: 1
Jun 26, 2015 11:41:22 AM de.ants.vsp.receiver.Datensenke logMessageSevere
SEVERE: team 07-14: Time: at Beginning of new Spot1435311683006
Jun 26, 2015 11:41:23 AM de.ants.vsp.receiver.Datensenke logMessageSevere
SEVERE: team 07-14: Time: after all Spots1435311684000
Jun 26, 2015 11:41:23 AM de.ants.vsp.receiver.Datensenke logMessageSevere
SEVERE: team 07-14: Receiver: team 07-14 Frames Send: 146 Frames not Send: 1
Jun 26, 2015 11:41:23 AM de.ants.vsp.receiver.Datensenke logMessageSevere
SEVERE: team 07-14: Time: at Beginning of new Spot1435311684005
Jun 26, 2015 11:41:24 AM de.ants.vsp.receiver.Datensenke logMessageSevere
SEVERE: team 07-14: Time: after all Spots1435311685002
Jun 26, 2015 11:41:24 AM de.ants.vsp.receiver.Datensenke logMessageSevere
SEVERE: team 07-14: Receiver: team 07-14 Frames Send: 147 Frames not Send: 1
Jun 26, 2015 11:41:24 AM de.ants.vsp.receiver.Datensenke logMessageSevere
SEVERE: team 07-14: Time: at Beginning of new Spot1435311685007
Jun 26, 2015 11:41:25 AM de.ants.vsp.receiver.Datensenke logMessageSevere
SEVERE: team 07-14: Time: after all Spots1435311686000
Jun 26, 2015 11:41:25 AM de.ants.vsp.receiver.Datensenke logMessageSevere
SEVERE: team 07-14: Receiver: team 07-14 Frames Send: 148 Frames not Send: 1
Jun 26, 2015 11:41:25 AM de.ants.vsp.receiver.Datensenke logMessageSevere
SEVERE: team 07-14: Time: at Beginning of new Spot1435311686006
Jun 26, 2015 11:41:26 AM de.ants.vsp.receiver.Datensenke logMessageSevere
SEVERE: team 07-14: Time: after all Spots1435311687001
Jun 26, 2015 11:41:26 AM de.ants.vsp.receiver.Datensenke logMessageSevere
SEVERE: team 07-14: Receiver: team 07-14 Frames Send: 149 Frames not Send: 1
Jun 26, 2015 11:41:26 AM de.ants.vsp.receiver.Datensenke logMessageSevere
SEVERE: team 07-14: Time: at Beginning of new Spot1435311687005
Jun 26, 2015 11:41:27 AM de.ants.vsp.receiver.Datensenke logMessageSevere
SEVERE: team 07-14: Time: after all Spots1435311688000
Jun 26, 2015 11:41:27 AM de.ants.vsp.receiver.Datensenke logMessageSevere
SEVERE: team 07-14: Receiver: team 07-14 Frames Send: 150 Frames not Send: 1
Jun 26, 2015 11:41:27 AM de.ants.vsp.receiver.Datensenke logMessageSevere
SEVERE: team 07-14: Time: at Beginning of new Spot1435311688005
Jun 26, 2015 11:41:28 AM de.ants.vsp.receiver.Datensenke logMessageSevere
SEVERE: team 07-14: Time: after all Spots1435311689000
Jun 26, 2015 11:41:28 AM de.ants.vsp.receiver.Datensenke logMessageSevere
SEVERE: team 07-14: Receiver: team 07-14 Frames Send: 151 Frames not Send: 1
Jun 26, 2015 11:41:28 AM de.ants.vsp.receiver.Datensenke logMessageSevere
SEVERE: team 07-14: Time: at Beginning of new Spot1435311689006
Jun 26, 2015 11:41:29 AM de.ants.vsp.receiver.Datensenke logMessageSevere
SEVERE: team 07-14: Time: after all Spots1435311690000
Jun 26, 2015 11:41:29 AM de.ants.vsp.receiver.Datensenke logMessageSevere
SEVERE: team 07-14: Receiver: team 07-14 Frames Send: 152 Frames not Send: 1
Jun 26, 2015 11:41:29 AM de.ants.vsp.receiver.Datensenke logMessageSevere
SEVERE: team 07-14: Time: at Beginning of new Spot1435311690008
Jun 26, 2015 11:41:30 AM de.ants.vsp.receiver.Datensenke logMessageSevere
SEVERE: team 07-14: Time: after all Spots1435311691001
Jun 26, 2015 11:41:30 AM de.ants.vsp.receiver.Datensenke logMessageSevere
SEVERE: team 07-14: Receiver: team 07-14 Frames Send: 153 Frames not Send: 1
Jun 26, 2015 11:41:30 AM de.ants.vsp.receiver.Datensenke logMessageSevere
SEVERE: team 07-14: Time: at Beginning of new Spot1435311691007
Jun 26, 2015 11:41:31 AM de.ants.vsp.receiver.Datensenke logMessageSevere
SEVERE: team 07-14: Time: after all Spots1435311692002
Jun 26, 2015 11:41:31 AM de.ants.vsp.receiver.Datensenke logMessageSevere
SEVERE: team 07-14: Receiver: team 07-14 Frames Send: 154 Frames not Send: 1
Jun 26, 2015 11:41:31 AM de.ants.vsp.receiver.Datensenke logMessageSevere
SEVERE: team 07-14: Time: at Beginning of new Spot1435311692008
Jun 26, 2015 11:41:32 AM de.ants.vsp.receiver.Datensenke logMessageSevere
SEVERE: team 07-14: Time: after all Spots1435311693000
Jun 26, 2015 11:41:32 AM de.ants.vsp.receiver.Datensenke logMessageSevere
SEVERE: team 07-14: Receiver: team 07-14 Frames Send: 155 Frames not Send: 1
Jun 26, 2015 11:41:32 AM de.ants.vsp.receiver.Datensenke logMessageSevere
SEVERE: team 07-14: Time: at Beginning of new Spot1435311693007
Jun 26, 2015 11:41:33 AM de.ants.vsp.receiver.Datensenke logMessageSevere
SEVERE: team 07-14: Time: after all Spots1435311694000
Jun 26, 2015 11:41:33 AM de.ants.vsp.receiver.Datensenke logMessageSevere
SEVERE: team 07-14: Receiver: team 07-14 Frames Send: 156 Frames not Send: 1
Jun 26, 2015 11:41:33 AM de.ants.vsp.receiver.Datensenke logMessageSevere
SEVERE: team 07-14: Time: at Beginning of new Spot1435311694006
Jun 26, 2015 11:41:34 AM de.ants.vsp.receiver.Datensenke logMessageSevere
SEVERE: team 07-14: Time: after all Spots1435311695001
Jun 26, 2015 11:41:34 AM de.ants.vsp.receiver.Datensenke logMessageSevere
SEVERE: team 07-14: Receiver: team 07-14 Frames Send: 157 Frames not Send: 1
Jun 26, 2015 11:41:34 AM de.ants.vsp.receiver.Datensenke logMessageSevere
SEVERE: team 07-14: Time: at Beginning of new Spot1435311695009
Jun 26, 2015 11:41:35 AM de.ants.vsp.receiver.Datensenke logMessageSevere
SEVERE: team 07-14: Time: after all Spots1435311696000
Jun 26, 2015 11:41:35 AM de.ants.vsp.receiver.Datensenke logMessageSevere
SEVERE: team 07-14: Receiver: team 07-14 Frames Send: 158 Frames not Send: 1
Jun 26, 2015 11:41:35 AM de.ants.vsp.receiver.Datensenke logMessageSevere
SEVERE: team 07-14: Time: at Beginning of new Spot1435311696006
Jun 26, 2015 11:41:36 AM de.ants.vsp.receiver.Datensenke logMessageSevere
SEVERE: team 07-14: Time: after all Spots1435311697003
Jun 26, 2015 11:41:36 AM de.ants.vsp.receiver.Datensenke logMessageSevere
SEVERE: team 07-14: Receiver: team 07-14 Frames Send: 159 Frames not Send: 1
Jun 26, 2015 11:41:36 AM de.ants.vsp.receiver.Datensenke logMessageSevere
SEVERE: team 07-14: Time: at Beginning of new Spot1435311697010
Jun 26, 2015 11:41:37 AM de.ants.vsp.receiver.Datensenke logMessageSevere
SEVERE: team 07-14: Time: after all Spots1435311698000
Jun 26, 2015 11:41:37 AM de.ants.vsp.receiver.Datensenke logMessageSevere
SEVERE: team 07-14: Receiver: team 07-14 Frames Send: 160 Frames not Send: 1
Jun 26, 2015 11:41:37 AM de.ants.vsp.receiver.Datensenke logMessageSevere
SEVERE: team 07-14: Time: at Beginning of new Spot1435311698006
Jun 26, 2015 11:41:38 AM de.ants.vsp.receiver.Datensenke logMessageSevere
SEVERE: team 07-14: Time: after all Spots1435311699001
Jun 26, 2015 11:41:38 AM de.ants.vsp.receiver.Datensenke logMessageSevere
SEVERE: team 07-14: Receiver: team 07-14 Frames Send: 161 Frames not Send: 1
Jun 26, 2015 11:41:38 AM de.ants.vsp.receiver.Datensenke logMessageSevere
SEVERE: team 07-14: Time: at Beginning of new Spot1435311699006
Jun 26, 2015 11:41:39 AM de.ants.vsp.receiver.Datensenke logMessageSevere
SEVERE: team 07-14: Time: after all Spots1435311700002
Jun 26, 2015 11:41:39 AM de.ants.vsp.receiver.Datensenke logMessageSevere
SEVERE: team 07-14: Receiver: team 07-14 Frames Send: 162 Frames not Send: 1
Jun 26, 2015 11:41:39 AM de.ants.vsp.receiver.Datensenke logMessageSevere
SEVERE: team 07-14: Time: at Beginning of new Spot1435311700008
Jun 26, 2015 11:41:40 AM de.ants.vsp.receiver.Datensenke logMessageSevere
SEVERE: team 07-14: Time: after all Spots1435311701000
Jun 26, 2015 11:41:40 AM de.ants.vsp.receiver.Datensenke logMessageSevere
SEVERE: team 07-14: Receiver: team 07-14 Frames Send: 163 Frames not Send: 1
Jun 26, 2015 11:41:40 AM de.ants.vsp.receiver.Datensenke logMessageSevere
SEVERE: team 07-14: Time: at Beginning of new Spot1435311701008
Jun 26, 2015 11:41:41 AM de.ants.vsp.receiver.Datensenke logMessageSevere
SEVERE: team 07-14: Time: after all Spots1435311702002
Jun 26, 2015 11:41:41 AM de.ants.vsp.receiver.Datensenke logMessageSevere
SEVERE: team 07-14: Receiver: team 07-14 Frames Send: 164 Frames not Send: 1
Jun 26, 2015 11:41:41 AM de.ants.vsp.receiver.Datensenke logMessageSevere
SEVERE: team 07-14: Time: at Beginning of new Spot1435311702007
Jun 26, 2015 11:41:42 AM de.ants.vsp.receiver.Datensenke logMessageSevere
SEVERE: team 07-14: Time: after all Spots1435311703001
Jun 26, 2015 11:41:42 AM de.ants.vsp.receiver.Datensenke logMessageSevere
SEVERE: team 07-14: Receiver: team 07-14 Frames Send: 165 Frames not Send: 1
Jun 26, 2015 11:41:42 AM de.ants.vsp.receiver.Datensenke logMessageSevere
SEVERE: team 07-14: Time: at Beginning of new Spot1435311703007
Jun 26, 2015 11:41:43 AM de.ants.vsp.receiver.Datensenke logMessageSevere
SEVERE: team 07-14: Time: after all Spots1435311704000
Jun 26, 2015 11:41:43 AM de.ants.vsp.receiver.Datensenke logMessageSevere
SEVERE: team 07-14: Receiver: team 07-14 Frames Send: 166 Frames not Send: 1
Jun 26, 2015 11:41:43 AM de.ants.vsp.receiver.Datensenke logMessageSevere
SEVERE: team 07-14: Time: at Beginning of new Spot1435311704006
Jun 26, 2015 11:41:44 AM de.ants.vsp.receiver.Datensenke logMessageSevere
SEVERE: team 07-14: Time: after all Spots1435311705001
Jun 26, 2015 11:41:44 AM de.ants.vsp.receiver.Datensenke logMessageSevere
SEVERE: team 07-14: Receiver: team 07-14 Frames Send: 167 Frames not Send: 1
Jun 26, 2015 11:41:44 AM de.ants.vsp.receiver.Datensenke logMessageSevere
SEVERE: team 07-14: Time: at Beginning of new Spot1435311705009
Jun 26, 2015 11:41:45 AM de.ants.vsp.receiver.Datensenke logMessageSevere
SEVERE: team 07-14: Time: after all Spots1435311706000
Jun 26, 2015 11:41:45 AM de.ants.vsp.receiver.Datensenke logMessageSevere
SEVERE: team 07-14: Receiver: team 07-14 Frames Send: 168 Frames not Send: 1
Jun 26, 2015 11:41:45 AM de.ants.vsp.receiver.Datensenke logMessageSevere
SEVERE: team 07-14: Time: at Beginning of new Spot1435311706006
Jun 26, 2015 11:41:46 AM de.ants.vsp.receiver.Datensenke logMessageSevere
SEVERE: team 07-14: Time: after all Spots1435311707000
Jun 26, 2015 11:41:46 AM de.ants.vsp.receiver.Datensenke logMessageSevere
SEVERE: team 07-14: Receiver: team 07-14 Frames Send: 169 Frames not Send: 1
Jun 26, 2015 11:41:46 AM de.ants.vsp.receiver.Datensenke logMessageSevere
SEVERE: team 07-14: Time: at Beginning of new Spot1435311707005
Jun 26, 2015 11:41:47 AM de.ants.vsp.receiver.Datensenke logMessageSevere
SEVERE: team 07-14: Time: after all Spots1435311708001
Jun 26, 2015 11:41:47 AM de.ants.vsp.receiver.Datensenke logMessageSevere
SEVERE: team 07-14: Receiver: team 07-14 Frames Send: 170 Frames not Send: 1
Jun 26, 2015 11:41:47 AM de.ants.vsp.receiver.Datensenke logMessageSevere
SEVERE: team 07-14: Time: at Beginning of new Spot1435311708006
Jun 26, 2015 11:41:48 AM de.ants.vsp.receiver.Datensenke logMessageSevere
SEVERE: team 07-14: Time: after all Spots1435311709000
Jun 26, 2015 11:41:48 AM de.ants.vsp.receiver.Datensenke logMessageSevere
SEVERE: team 07-14: Receiver: team 07-14 Frames Send: 171 Frames not Send: 1
Jun 26, 2015 11:41:48 AM de.ants.vsp.receiver.Datensenke logMessageSevere
SEVERE: team 07-14: Time: at Beginning of new Spot1435311709005
Jun 26, 2015 11:41:49 AM de.ants.vsp.receiver.Datensenke logMessageSevere
SEVERE: team 07-14: Time: after all Spots1435311710000
Jun 26, 2015 11:41:49 AM de.ants.vsp.receiver.Datensenke logMessageSevere
SEVERE: team 07-14: Receiver: team 07-14 Frames Send: 172 Frames not Send: 1
Jun 26, 2015 11:41:49 AM de.ants.vsp.receiver.Datensenke logMessageSevere
SEVERE: team 07-14: Time: at Beginning of new Spot1435311710006
Jun 26, 2015 11:41:50 AM de.ants.vsp.receiver.Datensenke logMessageSevere
SEVERE: team 07-14: Time: after all Spots1435311711000
Jun 26, 2015 11:41:50 AM de.ants.vsp.receiver.Datensenke logMessageSevere
SEVERE: team 07-14: Receiver: team 07-14 Frames Send: 173 Frames not Send: 1
Jun 26, 2015 11:41:50 AM de.ants.vsp.receiver.Datensenke logMessageSevere
SEVERE: team 07-14: Time: at Beginning of new Spot1435311711005
Jun 26, 2015 11:41:51 AM de.ants.vsp.receiver.Datensenke logMessageSevere
SEVERE: team 07-14: Time: after all Spots1435311712000
Jun 26, 2015 11:41:51 AM de.ants.vsp.receiver.Datensenke logMessageSevere
SEVERE: team 07-14: Receiver: team 07-14 Frames Send: 174 Frames not Send: 1
Jun 26, 2015 11:41:51 AM de.ants.vsp.receiver.Datensenke logMessageSevere
SEVERE: team 07-14: Time: at Beginning of new Spot1435311712004
Jun 26, 2015 11:41:52 AM de.ants.vsp.receiver.Datensenke logMessageSevere
SEVERE: team 07-14: Time: after all Spots1435311713001
Jun 26, 2015 11:41:52 AM de.ants.vsp.receiver.Datensenke logMessageSevere
SEVERE: team 07-14: Receiver: team 07-14 Frames Send: 175 Frames not Send: 1
Jun 26, 2015 11:41:52 AM de.ants.vsp.receiver.Datensenke logMessageSevere
SEVERE: team 07-14: Time: at Beginning of new Spot1435311713009
Jun 26, 2015 11:41:53 AM de.ants.vsp.receiver.Datensenke logMessageSevere
SEVERE: team 07-14: Time: after all Spots1435311714001
Jun 26, 2015 11:41:53 AM de.ants.vsp.receiver.Datensenke logMessageSevere
SEVERE: team 07-14: Receiver: team 07-14 Frames Send: 176 Frames not Send: 1
Jun 26, 2015 11:41:53 AM de.ants.vsp.receiver.Datensenke logMessageSevere
SEVERE: team 07-14: Time: at Beginning of new Spot1435311714006
Jun 26, 2015 11:41:54 AM de.ants.vsp.receiver.Datensenke logMessageSevere
SEVERE: team 07-14: Time: after all Spots1435311715001
Jun 26, 2015 11:41:54 AM de.ants.vsp.receiver.Datensenke logMessageSevere
SEVERE: team 07-14: Receiver: team 07-14 Frames Send: 177 Frames not Send: 1
Jun 26, 2015 11:41:54 AM de.ants.vsp.receiver.Datensenke logMessageSevere
SEVERE: team 07-14: Time: at Beginning of new Spot1435311715006
Jun 26, 2015 11:41:55 AM de.ants.vsp.receiver.Datensenke logMessageSevere
SEVERE: team 07-14: Time: after all Spots1435311716001
Jun 26, 2015 11:41:55 AM de.ants.vsp.receiver.Datensenke logMessageSevere
SEVERE: team 07-14: Receiver: team 07-14 Frames Send: 178 Frames not Send: 1
Jun 26, 2015 11:41:55 AM de.ants.vsp.receiver.Datensenke logMessageSevere
SEVERE: team 07-14: Time: at Beginning of new Spot1435311716008
Jun 26, 2015 11:41:56 AM de.ants.vsp.receiver.Datensenke logMessageSevere
SEVERE: team 07-14: Time: after all Spots1435311717001
Jun 26, 2015 11:41:56 AM de.ants.vsp.receiver.Datensenke logMessageSevere
SEVERE: team 07-14: Receiver: team 07-14 Frames Send: 179 Frames not Send: 1
Jun 26, 2015 11:41:56 AM de.ants.vsp.receiver.Datensenke logMessageSevere
SEVERE: team 07-14: Time: at Beginning of new Spot1435311717007
Jun 26, 2015 11:41:57 AM de.ants.vsp.receiver.Datensenke logMessageSevere
SEVERE: team 07-14: Time: after all Spots1435311718002
Jun 26, 2015 11:41:57 AM de.ants.vsp.receiver.Datensenke logMessageSevere
SEVERE: team 07-14: Receiver: team 07-14 Frames Send: 180 Frames not Send: 1
Jun 26, 2015 11:41:57 AM de.ants.vsp.receiver.Datensenke logMessageSevere
SEVERE: team 07-14: Time: at Beginning of new Spot1435311718006
Jun 26, 2015 11:41:58 AM de.ants.vsp.receiver.Datensenke logMessageSevere
SEVERE: team 07-14: Time: after all Spots1435311719000
Jun 26, 2015 11:41:58 AM de.ants.vsp.receiver.Datensenke logMessageSevere
SEVERE: team 07-14: Receiver: team 07-14 Frames Send: 181 Frames not Send: 1
Jun 26, 2015 11:41:58 AM de.ants.vsp.receiver.Datensenke logMessageSevere
SEVERE: team 07-14: Time: at Beginning of new Spot1435311719004
Jun 26, 2015 11:41:59 AM de.ants.vsp.receiver.Datensenke logMessageSevere
SEVERE: team 07-14: Time: after all Spots1435311720000
Jun 26, 2015 11:41:59 AM de.ants.vsp.receiver.Datensenke logMessageSevere
SEVERE: team 07-14: Receiver: team 07-14 Frames Send: 182 Frames not Send: 1
Jun 26, 2015 11:41:59 AM de.ants.vsp.receiver.Datensenke logMessageSevere
SEVERE: team 07-14: Time: at Beginning of new Spot1435311720006
Jun 26, 2015 11:42:00 AM de.ants.vsp.receiver.Datensenke logMessageSevere
SEVERE: team 07-14: Time: after all Spots1435311721001
Jun 26, 2015 11:42:00 AM de.ants.vsp.receiver.Datensenke logMessageSevere
SEVERE: team 07-14: Receiver: team 07-14 Frames Send: 183 Frames not Send: 1
Jun 26, 2015 11:42:00 AM de.ants.vsp.receiver.Datensenke logMessageSevere
SEVERE: team 07-14: Time: at Beginning of new Spot1435311721006
Jun 26, 2015 11:42:01 AM de.ants.vsp.receiver.Datensenke logMessageSevere
SEVERE: team 07-14: Time: after all Spots1435311722000
Jun 26, 2015 11:42:01 AM de.ants.vsp.receiver.Datensenke logMessageSevere
SEVERE: team 07-14: Receiver: team 07-14 Frames Send: 184 Frames not Send: 1
Jun 26, 2015 11:42:01 AM de.ants.vsp.receiver.Datensenke logMessageSevere
SEVERE: team 07-14: Time: at Beginning of new Spot1435311722007
Jun 26, 2015 11:42:02 AM de.ants.vsp.receiver.Datensenke logMessageSevere
SEVERE: team 07-14: Time: after all Spots1435311723000
Jun 26, 2015 11:42:02 AM de.ants.vsp.receiver.Datensenke logMessageSevere
SEVERE: team 07-14: Receiver: team 07-14 Frames Send: 185 Frames not Send: 1
Jun 26, 2015 11:42:02 AM de.ants.vsp.receiver.Datensenke logMessageSevere
SEVERE: team 07-14: Time: at Beginning of new Spot1435311723009
Jun 26, 2015 11:42:03 AM de.ants.vsp.receiver.Datensenke logMessageSevere
SEVERE: team 07-14: Time: after all Spots1435311724001
Jun 26, 2015 11:42:03 AM de.ants.vsp.receiver.Datensenke logMessageSevere
SEVERE: team 07-14: Receiver: team 07-14 Frames Send: 186 Frames not Send: 1
Jun 26, 2015 11:42:03 AM de.ants.vsp.receiver.Datensenke logMessageSevere
SEVERE: team 07-14: Time: at Beginning of new Spot1435311724006
Jun 26, 2015 11:42:04 AM de.ants.vsp.receiver.Datensenke logMessageSevere
SEVERE: team 07-14: Time: after all Spots1435311725001
Jun 26, 2015 11:42:04 AM de.ants.vsp.receiver.Datensenke logMessageSevere
SEVERE: team 07-14: Receiver: team 07-14 Frames Send: 187 Frames not Send: 1
Jun 26, 2015 11:42:04 AM de.ants.vsp.receiver.Datensenke logMessageSevere
SEVERE: team 07-14: Time: at Beginning of new Spot1435311725007
Jun 26, 2015 11:42:05 AM de.ants.vsp.receiver.Datensenke logMessageSevere
SEVERE: team 07-14: Time: after all Spots1435311726000
Jun 26, 2015 11:42:05 AM de.ants.vsp.receiver.Datensenke logMessageSevere
SEVERE: team 07-14: Receiver: team 07-14 Frames Send: 188 Frames not Send: 1
Jun 26, 2015 11:42:05 AM de.ants.vsp.receiver.Datensenke logMessageSevere
SEVERE: team 07-14: Time: at Beginning of new Spot1435311726005
Jun 26, 2015 11:42:06 AM de.ants.vsp.receiver.Datensenke logMessageSevere
SEVERE: team 07-14: Time: after all Spots1435311727000
Jun 26, 2015 11:42:06 AM de.ants.vsp.receiver.Datensenke logMessageSevere
SEVERE: team 07-14: Receiver: team 07-14 Frames Send: 189 Frames not Send: 1
Jun 26, 2015 11:42:06 AM de.ants.vsp.receiver.Datensenke logMessageSevere
SEVERE: team 07-14: Time: at Beginning of new Spot1435311727005
Jun 26, 2015 11:42:07 AM de.ants.vsp.receiver.Datensenke logMessageSevere
SEVERE: team 07-14: Time: after all Spots1435311728000
Jun 26, 2015 11:42:07 AM de.ants.vsp.receiver.Datensenke logMessageSevere
SEVERE: team 07-14: Receiver: team 07-14 Frames Send: 190 Frames not Send: 1
Jun 26, 2015 11:42:07 AM de.ants.vsp.receiver.Datensenke logMessageSevere
SEVERE: team 07-14: Time: at Beginning of new Spot1435311728005
Jun 26, 2015 11:42:08 AM de.ants.vsp.receiver.Datensenke logMessageSevere
SEVERE: team 07-14: Time: after all Spots1435311729001
Jun 26, 2015 11:42:08 AM de.ants.vsp.receiver.Datensenke logMessageSevere
SEVERE: team 07-14: Receiver: team 07-14 Frames Send: 191 Frames not Send: 1
Jun 26, 2015 11:42:08 AM de.ants.vsp.receiver.Datensenke logMessageSevere
SEVERE: team 07-14: Time: at Beginning of new Spot1435311729006
Jun 26, 2015 11:42:09 AM de.ants.vsp.receiver.Datensenke logMessageSevere
SEVERE: team 07-14: Time: after all Spots1435311730000
Jun 26, 2015 11:42:09 AM de.ants.vsp.receiver.Datensenke logMessageSevere
SEVERE: team 07-14: Receiver: team 07-14 Frames Send: 192 Frames not Send: 1
Jun 26, 2015 11:42:09 AM de.ants.vsp.receiver.Datensenke logMessageSevere
SEVERE: team 07-14: Time: at Beginning of new Spot1435311730006
Jun 26, 2015 11:42:10 AM de.ants.vsp.receiver.Datensenke logMessageSevere
SEVERE: team 07-14: Time: after all Spots1435311731002
Jun 26, 2015 11:42:10 AM de.ants.vsp.receiver.Datensenke logMessageSevere
SEVERE: team 07-14: Receiver: team 07-14 Frames Send: 193 Frames not Send: 1
Jun 26, 2015 11:42:10 AM de.ants.vsp.receiver.Datensenke logMessageSevere
SEVERE: team 07-14: Time: at Beginning of new Spot1435311731007
Jun 26, 2015 11:42:11 AM de.ants.vsp.receiver.Datensenke logMessageSevere
SEVERE: team 07-14: Time: after all Spots1435311732000
Jun 26, 2015 11:42:11 AM de.ants.vsp.receiver.Datensenke logMessageSevere
SEVERE: team 07-14: Receiver: team 07-14 Frames Send: 194 Frames not Send: 1
Jun 26, 2015 11:42:11 AM de.ants.vsp.receiver.Datensenke logMessageSevere
SEVERE: team 07-14: Time: at Beginning of new Spot1435311732004
Jun 26, 2015 11:42:12 AM de.ants.vsp.receiver.Datensenke logMessageSevere
SEVERE: team 07-14: Time: after all Spots1435311733001
Jun 26, 2015 11:42:12 AM de.ants.vsp.receiver.Datensenke logMessageSevere
SEVERE: team 07-14: Receiver: team 07-14 Frames Send: 195 Frames not Send: 1
Jun 26, 2015 11:42:12 AM de.ants.vsp.receiver.Datensenke logMessageSevere
SEVERE: team 07-14: Time: at Beginning of new Spot1435311733007
Jun 26, 2015 11:42:13 AM de.ants.vsp.receiver.Datensenke logMessageSevere
SEVERE: team 07-14: Time: after all Spots1435311734000
Jun 26, 2015 11:42:13 AM de.ants.vsp.receiver.Datensenke logMessageSevere
SEVERE: team 07-14: Receiver: team 07-14 Frames Send: 196 Frames not Send: 1
Jun 26, 2015 11:42:13 AM de.ants.vsp.receiver.Datensenke logMessageSevere
SEVERE: team 07-14: Time: at Beginning of new Spot1435311734006
Jun 26, 2015 11:42:14 AM de.ants.vsp.receiver.Datensenke logMessageSevere
SEVERE: team 07-14: Time: after all Spots1435311735001
Jun 26, 2015 11:42:14 AM de.ants.vsp.receiver.Datensenke logMessageSevere
SEVERE: team 07-14: Receiver: team 07-14 Frames Send: 197 Frames not Send: 1
Jun 26, 2015 11:42:14 AM de.ants.vsp.receiver.Datensenke logMessageSevere
SEVERE: team 07-14: Time: at Beginning of new Spot1435311735005
Jun 26, 2015 11:42:15 AM de.ants.vsp.receiver.Datensenke logMessageSevere
SEVERE: team 07-14: Time: after all Spots1435311736001
Jun 26, 2015 11:42:15 AM de.ants.vsp.receiver.Datensenke logMessageSevere
SEVERE: team 07-14: Receiver: team 07-14 Frames Send: 198 Frames not Send: 1
Jun 26, 2015 11:42:15 AM de.ants.vsp.receiver.Datensenke logMessageSevere
SEVERE: team 07-14: Time: at Beginning of new Spot1435311736006
Jun 26, 2015 11:42:16 AM de.ants.vsp.receiver.Datensenke logMessageSevere
SEVERE: team 07-14: Time: after all Spots1435311737000
Jun 26, 2015 11:42:16 AM de.ants.vsp.receiver.Datensenke logMessageSevere
SEVERE: team 07-14: Receiver: team 07-14 Frames Send: 199 Frames not Send: 1
Jun 26, 2015 11:42:16 AM de.ants.vsp.receiver.Datensenke logMessageSevere
SEVERE: team 07-14: Time: at Beginning of new Spot1435311737004
Jun 26, 2015 11:42:17 AM de.ants.vsp.receiver.Datensenke logMessageSevere
SEVERE: team 07-14: Time: after all Spots1435311738000
Jun 26, 2015 11:42:17 AM de.ants.vsp.receiver.Datensenke logMessageSevere
SEVERE: team 07-14: Receiver: team 07-14 Frames Send: 200 Frames not Send: 1
Jun 26, 2015 11:42:17 AM de.ants.vsp.receiver.Datensenke logMessageSevere
SEVERE: team 07-14: Time: at Beginning of new Spot1435311738005
Jun 26, 2015 11:42:18 AM de.ants.vsp.receiver.Datensenke logMessageSevere
SEVERE: team 07-14: Time: after all Spots1435311739000
Jun 26, 2015 11:42:18 AM de.ants.vsp.receiver.Datensenke logMessageSevere
SEVERE: team 07-14: Receiver: team 07-14 Frames Send: 201 Frames not Send: 1
Jun 26, 2015 11:42:18 AM de.ants.vsp.receiver.Datensenke logMessageSevere
SEVERE: team 07-14: Time: at Beginning of new Spot1435311739005
Jun 26, 2015 11:42:19 AM de.ants.vsp.receiver.Datensenke logMessageSevere
SEVERE: team 07-14: Time: after all Spots1435311740001
Jun 26, 2015 11:42:19 AM de.ants.vsp.receiver.Datensenke logMessageSevere
SEVERE: team 07-14: Receiver: team 07-14 Frames Send: 202 Frames not Send: 1
Jun 26, 2015 11:42:19 AM de.ants.vsp.receiver.Datensenke logMessageSevere
SEVERE: team 07-14: Time: at Beginning of new Spot1435311740017
Jun 26, 2015 11:42:20 AM de.ants.vsp.receiver.Datensenke logMessageSevere
SEVERE: team 07-14: Time: after all Spots1435311741000
Jun 26, 2015 11:42:20 AM de.ants.vsp.receiver.Datensenke logMessageSevere
SEVERE: team 07-14: Receiver: team 07-14 Frames Send: 203 Frames not Send: 1
Jun 26, 2015 11:42:20 AM de.ants.vsp.receiver.Datensenke logMessageSevere
SEVERE: team 07-14: Time: at Beginning of new Spot1435311741004
Jun 26, 2015 11:42:21 AM de.ants.vsp.receiver.Datensenke logMessageSevere
SEVERE: team 07-14: Time: after all Spots1435311742002
Jun 26, 2015 11:42:21 AM de.ants.vsp.receiver.Datensenke logMessageSevere
SEVERE: team 07-14: Receiver: team 07-14 Frames Send: 204 Frames not Send: 1
Jun 26, 2015 11:42:21 AM de.ants.vsp.receiver.Datensenke logMessageSevere
SEVERE: team 07-14: Time: at Beginning of new Spot1435311742007
Jun 26, 2015 11:42:22 AM de.ants.vsp.receiver.Datensenke logMessageSevere
SEVERE: team 07-14: Time: after all Spots1435311743001
Jun 26, 2015 11:42:22 AM de.ants.vsp.receiver.Datensenke logMessageSevere
SEVERE: team 07-14: Receiver: team 07-14 Frames Send: 205 Frames not Send: 1
Jun 26, 2015 11:42:22 AM de.ants.vsp.receiver.Datensenke logMessageSevere
SEVERE: team 07-14: Time: at Beginning of new Spot1435311743006
Jun 26, 2015 11:42:23 AM de.ants.vsp.receiver.Datensenke logMessageSevere
SEVERE: team 07-14: Time: after all Spots1435311744000
Jun 26, 2015 11:42:23 AM de.ants.vsp.receiver.Datensenke logMessageSevere
SEVERE: team 07-14: Receiver: team 07-14 Frames Send: 206 Frames not Send: 1
Jun 26, 2015 11:42:23 AM de.ants.vsp.receiver.Datensenke logMessageSevere
SEVERE: team 07-14: Time: at Beginning of new Spot1435311744007
Jun 26, 2015 11:42:24 AM de.ants.vsp.receiver.Datensenke logMessageSevere
SEVERE: team 07-14: Time: after all Spots1435311745001
Jun 26, 2015 11:42:24 AM de.ants.vsp.receiver.Datensenke logMessageSevere
SEVERE: team 07-14: Receiver: team 07-14 Frames Send: 207 Frames not Send: 1
Jun 26, 2015 11:42:24 AM de.ants.vsp.receiver.Datensenke logMessageSevere
SEVERE: team 07-14: Time: at Beginning of new Spot1435311745005
Jun 26, 2015 11:42:25 AM de.ants.vsp.receiver.Datensenke logMessageSevere
SEVERE: team 07-14: Time: after all Spots1435311746001
Jun 26, 2015 11:42:25 AM de.ants.vsp.receiver.Datensenke logMessageSevere
SEVERE: team 07-14: Receiver: team 07-14 Frames Send: 208 Frames not Send: 1
Jun 26, 2015 11:42:25 AM de.ants.vsp.receiver.Datensenke logMessageSevere
SEVERE: team 07-14: Time: at Beginning of new Spot1435311746006
Jun 26, 2015 11:42:26 AM de.ants.vsp.receiver.Datensenke logMessageSevere
SEVERE: team 07-14: Time: after all Spots1435311747000
Jun 26, 2015 11:42:26 AM de.ants.vsp.receiver.Datensenke logMessageSevere
SEVERE: team 07-14: Receiver: team 07-14 Frames Send: 209 Frames not Send: 1
Jun 26, 2015 11:42:26 AM de.ants.vsp.receiver.Datensenke logMessageSevere
SEVERE: team 07-14: Time: at Beginning of new Spot1435311747010
Jun 26, 2015 11:42:27 AM de.ants.vsp.receiver.Datensenke logMessageSevere
SEVERE: team 07-14: Time: after all Spots1435311748000
Jun 26, 2015 11:42:27 AM de.ants.vsp.receiver.Datensenke logMessageSevere
SEVERE: team 07-14: Receiver: team 07-14 Frames Send: 210 Frames not Send: 1
Jun 26, 2015 11:42:28 AM de.ants.vsp.receiver.Datensenke logMessageSevere
SEVERE: team 07-14: Time: at Beginning of new Spot1435311748026
Jun 26, 2015 11:42:28 AM de.ants.vsp.receiver.Datensenke logMessageSevere
SEVERE: team 07-14: Time: after all Spots1435311749000
Jun 26, 2015 11:42:28 AM de.ants.vsp.receiver.Datensenke logMessageSevere
SEVERE: team 07-14: Receiver: team 07-14 Frames Send: 211 Frames not Send: 1
Jun 26, 2015 11:42:28 AM de.ants.vsp.receiver.Datensenke logMessageSevere
SEVERE: team 07-14: Time: at Beginning of new Spot1435311749006
Jun 26, 2015 11:42:29 AM de.ants.vsp.receiver.Datensenke logMessageSevere
SEVERE: team 07-14: Time: after all Spots1435311750001
Jun 26, 2015 11:42:29 AM de.ants.vsp.receiver.Datensenke logMessageSevere
SEVERE: team 07-14: Receiver: team 07-14 Frames Send: 212 Frames not Send: 1
Jun 26, 2015 11:42:29 AM de.ants.vsp.receiver.Datensenke logMessageSevere
SEVERE: team 07-14: Time: at Beginning of new Spot1435311750006
Jun 26, 2015 11:42:30 AM de.ants.vsp.receiver.Datensenke logMessageSevere
SEVERE: team 07-14: Time: after all Spots1435311751001
Jun 26, 2015 11:42:30 AM de.ants.vsp.receiver.Datensenke logMessageSevere
SEVERE: team 07-14: Receiver: team 07-14 Frames Send: 213 Frames not Send: 1
Jun 26, 2015 11:42:30 AM de.ants.vsp.receiver.Datensenke logMessageSevere
SEVERE: team 07-14: Time: at Beginning of new Spot1435311751007
Jun 26, 2015 11:42:31 AM de.ants.vsp.receiver.Datensenke logMessageSevere
SEVERE: team 07-14: Time: after all Spots1435311752000
Jun 26, 2015 11:42:32 AM de.ants.vsp.receiver.Datensenke logMessageSevere
SEVERE: team 07-14: Receiver: team 07-14 Frames Send: 214 Frames not Send: 1
Jun 26, 2015 11:42:32 AM de.ants.vsp.receiver.Datensenke logMessageSevere
SEVERE: team 07-14: Time: at Beginning of new Spot1435311752063
Jun 26, 2015 11:42:32 AM de.ants.vsp.receiver.Datensenke logMessageSevere
SEVERE: team 07-14: Time: after all Spots1435311753001
Jun 26, 2015 11:42:32 AM de.ants.vsp.receiver.Datensenke logMessageSevere
SEVERE: team 07-14: Receiver: team 07-14 Frames Send: 215 Frames not Send: 1
Jun 26, 2015 11:42:32 AM de.ants.vsp.receiver.Datensenke logMessageSevere
SEVERE: team 07-14: Time: at Beginning of new Spot1435311753005
Jun 26, 2015 11:42:33 AM de.ants.vsp.receiver.Datensenke logMessageSevere
SEVERE: team 07-14: Time: after all Spots1435311754001
Jun 26, 2015 11:42:33 AM de.ants.vsp.receiver.Datensenke logMessageSevere
SEVERE: team 07-14: Receiver: team 07-14 Frames Send: 216 Frames not Send: 1
Jun 26, 2015 11:42:33 AM de.ants.vsp.receiver.Datensenke logMessageSevere
SEVERE: team 07-14: Time: at Beginning of new Spot1435311754005
Jun 26, 2015 11:42:34 AM de.ants.vsp.receiver.Datensenke logMessageSevere
SEVERE: team 07-14: Time: after all Spots1435311755000
Jun 26, 2015 11:42:34 AM de.ants.vsp.receiver.Datensenke logMessageSevere
SEVERE: team 07-14: Receiver: team 07-14 Frames Send: 217 Frames not Send: 1
Jun 26, 2015 11:42:34 AM de.ants.vsp.receiver.Datensenke logMessageSevere
SEVERE: team 07-14: Time: at Beginning of new Spot1435311755004
Jun 26, 2015 11:42:35 AM de.ants.vsp.receiver.Datensenke logMessageSevere
SEVERE: team 07-14: Time: after all Spots1435311756001
Jun 26, 2015 11:42:35 AM de.ants.vsp.receiver.Datensenke logMessageSevere
SEVERE: team 07-14: Receiver: team 07-14 Frames Send: 218 Frames not Send: 1
Jun 26, 2015 11:42:35 AM de.ants.vsp.receiver.Datensenke logMessageSevere
SEVERE: team 07-14: Time: at Beginning of new Spot1435311756008
Jun 26, 2015 11:42:36 AM de.ants.vsp.receiver.Datensenke logMessageSevere
SEVERE: team 07-14: Time: after all Spots1435311757001
Jun 26, 2015 11:42:36 AM de.ants.vsp.receiver.Datensenke logMessageSevere
SEVERE: team 07-14: Receiver: team 07-14 Frames Send: 219 Frames not Send: 1
Jun 26, 2015 11:42:36 AM de.ants.vsp.receiver.Datensenke logMessageSevere
SEVERE: team 07-14: Time: at Beginning of new Spot1435311757006
