Jun 26, 2015 11:38:57 AM de.ants.vsp.receiver.Datensenke logMessageSevere
SEVERE: team 07-18: Time: at Beginning of new Spot1435311537013
Jun 26, 2015 11:38:57 AM de.ants.vsp.receiver.Datensenke logCollision
SEVERE: team 07-18: Kollision erkannt (unbeteiligt) im Spot: 25
Jun 26, 2015 11:38:58 AM de.ants.vsp.receiver.Datensenke logMessageSevere
SEVERE: team 07-18: Time: after all Spots1435311538026
Jun 26, 2015 11:38:58 AM de.ants.vsp.receiver.Datensenke logMessageSevere
SEVERE: team 07-18: has not send! 22 will be the next...
Jun 26, 2015 11:38:58 AM de.ants.vsp.receiver.Datensenke logMessageSevere
SEVERE: team 07-18: Receiver: team 07-18 Frames Send: 0 Frames not Send: 1
Jun 26, 2015 11:38:58 AM de.ants.vsp.receiver.Datensenke logMessageSevere
SEVERE: team 07-18: Time: at Beginning of new Spot1435311538040
Jun 26, 2015 11:38:58 AM de.ants.vsp.receiver.Datensenke logCollision
SEVERE: team 07-18: Kollision erkannt (selbst beteiligt) im Spot: 22
Jun 26, 2015 11:38:59 AM de.ants.vsp.receiver.Datensenke logMessageSevere
SEVERE: team 07-18: Time: after all Spots1435311539078
Jun 26, 2015 11:38:59 AM de.ants.vsp.receiver.Datensenke logMessageSevere
SEVERE: team 07-18: has not send! 24 will be the next...
Jun 26, 2015 11:38:59 AM de.ants.vsp.receiver.Datensenke logMessageSevere
SEVERE: team 07-18: Receiver: team 07-18 Frames Send: 0 Frames not Send: 2
Jun 26, 2015 11:38:59 AM de.ants.vsp.receiver.Datensenke logMessageSevere
SEVERE: team 07-18: Time: at Beginning of new Spot1435311539095
Jun 26, 2015 11:38:59 AM de.ants.vsp.receiver.Datensenke logCollision
SEVERE: team 07-18: Kollision erkannt (unbeteiligt) im Spot: 20
Jun 26, 2015 11:38:59 AM de.ants.vsp.receiver.Datensenke logCollision
SEVERE: team 07-18: Kollision erkannt (unbeteiligt) im Spot: 22
Jun 26, 2015 11:38:59 AM de.ants.vsp.receiver.Datensenke logMessageSevere
SEVERE: team 07-18: Time: after all Spots1435311540000
Jun 26, 2015 11:38:59 AM de.ants.vsp.receiver.Datensenke logMessageSevere
SEVERE: team 07-18: Receiver: team 07-18 Frames Send: 1 Frames not Send: 2
Jun 26, 2015 11:39:00 AM de.ants.vsp.receiver.Datensenke logMessageSevere
SEVERE: team 07-18: Time: at Beginning of new Spot1435311540023
Jun 26, 2015 11:39:00 AM de.ants.vsp.receiver.Datensenke logCollision
SEVERE: team 07-18: Kollision erkannt (unbeteiligt) im Spot: 21
Jun 26, 2015 11:39:00 AM de.ants.vsp.receiver.Datensenke logCollision
SEVERE: team 07-18: Kollision erkannt (unbeteiligt) im Spot: 25
Jun 26, 2015 11:39:00 AM de.ants.vsp.receiver.Datensenke logMessageSevere
SEVERE: team 07-18: Time: after all Spots1435311541010
Jun 26, 2015 11:39:00 AM de.ants.vsp.receiver.Datensenke logMessageSevere
SEVERE: team 07-18: Receiver: team 07-18 Frames Send: 2 Frames not Send: 2
Jun 26, 2015 11:39:01 AM de.ants.vsp.receiver.Datensenke logMessageSevere
SEVERE: team 07-18: Time: at Beginning of new Spot1435311541036
Jun 26, 2015 11:39:01 AM de.ants.vsp.receiver.Datensenke logMessageSevere
SEVERE: team 07-18: Time: after all Spots1435311542010
Jun 26, 2015 11:39:01 AM de.ants.vsp.receiver.Datensenke logMessageSevere
SEVERE: team 07-18: Receiver: team 07-18 Frames Send: 3 Frames not Send: 2
Jun 26, 2015 11:39:01 AM de.ants.vsp.receiver.Datensenke logMessageSevere
SEVERE: team 07-18: Time: at Beginning of new Spot1435311542019
Jun 26, 2015 11:39:02 AM de.ants.vsp.receiver.Datensenke logMessageSevere
SEVERE: team 07-18: Time: after all Spots1435311543001
Jun 26, 2015 11:39:02 AM de.ants.vsp.receiver.Datensenke logMessageSevere
SEVERE: team 07-18: Receiver: team 07-18 Frames Send: 4 Frames not Send: 2
Jun 26, 2015 11:39:02 AM de.ants.vsp.receiver.Datensenke logMessageSevere
SEVERE: team 07-18: Time: at Beginning of new Spot1435311543016
Jun 26, 2015 11:39:03 AM de.ants.vsp.receiver.Datensenke logMessageSevere
SEVERE: team 07-18: Time: after all Spots1435311544001
Jun 26, 2015 11:39:03 AM de.ants.vsp.receiver.Datensenke logMessageSevere
SEVERE: team 07-18: Receiver: team 07-18 Frames Send: 5 Frames not Send: 2
Jun 26, 2015 11:39:03 AM de.ants.vsp.receiver.Datensenke logMessageSevere
SEVERE: team 07-18: Time: at Beginning of new Spot1435311544020
Jun 26, 2015 11:39:04 AM de.ants.vsp.receiver.Datensenke logMessageSevere
SEVERE: team 07-18: Time: after all Spots1435311545000
Jun 26, 2015 11:39:04 AM de.ants.vsp.receiver.Datensenke logMessageSevere
SEVERE: team 07-18: Receiver: team 07-18 Frames Send: 6 Frames not Send: 2
Jun 26, 2015 11:39:04 AM de.ants.vsp.receiver.Datensenke logMessageSevere
SEVERE: team 07-18: Time: at Beginning of new Spot1435311545014
Jun 26, 2015 11:39:05 AM de.ants.vsp.receiver.Datensenke logMessageSevere
SEVERE: team 07-18: Time: after all Spots1435311546000
Jun 26, 2015 11:39:05 AM de.ants.vsp.receiver.Datensenke logMessageSevere
SEVERE: team 07-18: Receiver: team 07-18 Frames Send: 7 Frames not Send: 2
Jun 26, 2015 11:39:05 AM de.ants.vsp.receiver.Datensenke logMessageSevere
SEVERE: team 07-18: Time: at Beginning of new Spot1435311546020
Jun 26, 2015 11:39:06 AM de.ants.vsp.receiver.Datensenke logMessageSevere
SEVERE: team 07-18: Time: after all Spots1435311547000
Jun 26, 2015 11:39:06 AM de.ants.vsp.receiver.Datensenke logMessageSevere
SEVERE: team 07-18: Receiver: team 07-18 Frames Send: 8 Frames not Send: 2
Jun 26, 2015 11:39:06 AM de.ants.vsp.receiver.Datensenke logMessageSevere
SEVERE: team 07-18: Time: at Beginning of new Spot1435311547011
Jun 26, 2015 11:39:08 AM de.ants.vsp.receiver.Datensenke logMessageSevere
SEVERE: team 07-18: Time: after all Spots1435311548020
Jun 26, 2015 11:39:08 AM de.ants.vsp.receiver.Datensenke logMessageSevere
SEVERE: team 07-18: Receiver: team 07-18 Frames Send: 9 Frames not Send: 2
Jun 26, 2015 11:39:08 AM de.ants.vsp.receiver.Datensenke logMessageSevere
SEVERE: team 07-18: Time: at Beginning of new Spot1435311548026
Jun 26, 2015 11:39:08 AM de.ants.vsp.receiver.Datensenke logMessageSevere
SEVERE: team 07-18: Time: after all Spots1435311549000
Jun 26, 2015 11:39:08 AM de.ants.vsp.receiver.Datensenke logMessageSevere
SEVERE: team 07-18: Receiver: team 07-18 Frames Send: 10 Frames not Send: 2
Jun 26, 2015 11:39:08 AM de.ants.vsp.receiver.Datensenke logMessageSevere
SEVERE: team 07-18: Time: at Beginning of new Spot1435311549010
Jun 26, 2015 11:39:09 AM de.ants.vsp.receiver.Datensenke logMessageSevere
SEVERE: team 07-18: Time: after all Spots1435311550000
Jun 26, 2015 11:39:09 AM de.ants.vsp.receiver.Datensenke logMessageSevere
SEVERE: team 07-18: Receiver: team 07-18 Frames Send: 11 Frames not Send: 2
Jun 26, 2015 11:39:09 AM de.ants.vsp.receiver.Datensenke logMessageSevere
SEVERE: team 07-18: Time: at Beginning of new Spot1435311550017
Jun 26, 2015 11:39:10 AM de.ants.vsp.receiver.Datensenke logMessageSevere
SEVERE: team 07-18: Time: after all Spots1435311551001
Jun 26, 2015 11:39:10 AM de.ants.vsp.receiver.Datensenke logMessageSevere
SEVERE: team 07-18: Receiver: team 07-18 Frames Send: 12 Frames not Send: 2
Jun 26, 2015 11:39:10 AM de.ants.vsp.receiver.Datensenke logMessageSevere
SEVERE: team 07-18: Time: at Beginning of new Spot1435311551015
Jun 26, 2015 11:39:11 AM de.ants.vsp.receiver.Datensenke logMessageSevere
SEVERE: team 07-18: Time: after all Spots1435311552002
Jun 26, 2015 11:39:11 AM de.ants.vsp.receiver.Datensenke logMessageSevere
SEVERE: team 07-18: Receiver: team 07-18 Frames Send: 13 Frames not Send: 2
Jun 26, 2015 11:39:12 AM de.ants.vsp.receiver.Datensenke logMessageSevere
SEVERE: team 07-18: Time: at Beginning of new Spot1435311552020
Jun 26, 2015 11:39:12 AM de.ants.vsp.receiver.Datensenke logMessageSevere
SEVERE: team 07-18: Time: after all Spots1435311553000
Jun 26, 2015 11:39:12 AM de.ants.vsp.receiver.Datensenke logMessageSevere
SEVERE: team 07-18: Receiver: team 07-18 Frames Send: 14 Frames not Send: 2
Jun 26, 2015 11:39:12 AM de.ants.vsp.receiver.Datensenke logMessageSevere
SEVERE: team 07-18: Time: at Beginning of new Spot1435311553011
Jun 26, 2015 11:39:13 AM de.ants.vsp.receiver.Datensenke logMessageSevere
SEVERE: team 07-18: Time: after all Spots1435311554000
Jun 26, 2015 11:39:13 AM de.ants.vsp.receiver.Datensenke logMessageSevere
SEVERE: team 07-18: Receiver: team 07-18 Frames Send: 15 Frames not Send: 2
Jun 26, 2015 11:39:13 AM de.ants.vsp.receiver.Datensenke logMessageSevere
SEVERE: team 07-18: Time: at Beginning of new Spot1435311554004
Jun 26, 2015 11:39:14 AM de.ants.vsp.receiver.Datensenke logMessageSevere
SEVERE: team 07-18: Time: after all Spots1435311555000
Jun 26, 2015 11:39:14 AM de.ants.vsp.receiver.Datensenke logMessageSevere
SEVERE: team 07-18: Receiver: team 07-18 Frames Send: 16 Frames not Send: 2
Jun 26, 2015 11:39:14 AM de.ants.vsp.receiver.Datensenke logMessageSevere
SEVERE: team 07-18: Time: at Beginning of new Spot1435311555011
Jun 26, 2015 11:39:15 AM de.ants.vsp.receiver.Datensenke logMessageSevere
SEVERE: team 07-18: Time: after all Spots1435311556000
Jun 26, 2015 11:39:15 AM de.ants.vsp.receiver.Datensenke logMessageSevere
SEVERE: team 07-18: Receiver: team 07-18 Frames Send: 17 Frames not Send: 2
Jun 26, 2015 11:39:15 AM de.ants.vsp.receiver.Datensenke logMessageSevere
SEVERE: team 07-18: Time: at Beginning of new Spot1435311556009
Jun 26, 2015 11:39:16 AM de.ants.vsp.receiver.Datensenke logMessageSevere
SEVERE: team 07-18: Time: after all Spots1435311557000
Jun 26, 2015 11:39:16 AM de.ants.vsp.receiver.Datensenke logMessageSevere
SEVERE: team 07-18: Receiver: team 07-18 Frames Send: 18 Frames not Send: 2
Jun 26, 2015 11:39:16 AM de.ants.vsp.receiver.Datensenke logMessageSevere
SEVERE: team 07-18: Time: at Beginning of new Spot1435311557004
Jun 26, 2015 11:39:17 AM de.ants.vsp.receiver.Datensenke logMessageSevere
SEVERE: team 07-18: Time: after all Spots1435311558000
Jun 26, 2015 11:39:17 AM de.ants.vsp.receiver.Datensenke logMessageSevere
SEVERE: team 07-18: Receiver: team 07-18 Frames Send: 19 Frames not Send: 2
Jun 26, 2015 11:39:17 AM de.ants.vsp.receiver.Datensenke logMessageSevere
SEVERE: team 07-18: Time: at Beginning of new Spot1435311558016
Jun 26, 2015 11:39:18 AM de.ants.vsp.receiver.Datensenke logMessageSevere
SEVERE: team 07-18: Time: after all Spots1435311559000
Jun 26, 2015 11:39:18 AM de.ants.vsp.receiver.Datensenke logMessageSevere
SEVERE: team 07-18: Receiver: team 07-18 Frames Send: 20 Frames not Send: 2
Jun 26, 2015 11:39:19 AM de.ants.vsp.receiver.Datensenke logMessageSevere
SEVERE: team 07-18: Time: at Beginning of new Spot1435311559035
Jun 26, 2015 11:39:19 AM de.ants.vsp.receiver.Datensenke logMessageSevere
SEVERE: team 07-18: Time: after all Spots1435311560000
Jun 26, 2015 11:39:20 AM de.ants.vsp.receiver.Datensenke logMessageSevere
SEVERE: team 07-18: Receiver: team 07-18 Frames Send: 21 Frames not Send: 2
Jun 26, 2015 11:39:20 AM de.ants.vsp.receiver.Datensenke logMessageSevere
SEVERE: team 07-18: Time: at Beginning of new Spot1435311560025
Jun 26, 2015 11:39:20 AM de.ants.vsp.receiver.Datensenke logMessageSevere
SEVERE: team 07-18: Time: after all Spots1435311561000
Jun 26, 2015 11:39:21 AM de.ants.vsp.receiver.Datensenke logMessageSevere
SEVERE: team 07-18: Receiver: team 07-18 Frames Send: 22 Frames not Send: 2
Jun 26, 2015 11:39:21 AM de.ants.vsp.receiver.Datensenke logMessageSevere
SEVERE: team 07-18: Time: at Beginning of new Spot1435311561030
Jun 26, 2015 11:39:21 AM de.ants.vsp.receiver.Datensenke logMessageSevere
SEVERE: team 07-18: Time: after all Spots1435311562000
Jun 26, 2015 11:39:22 AM de.ants.vsp.receiver.Datensenke logMessageSevere
SEVERE: team 07-18: Receiver: team 07-18 Frames Send: 23 Frames not Send: 2
Jun 26, 2015 11:39:22 AM de.ants.vsp.receiver.Datensenke logMessageSevere
SEVERE: team 07-18: Time: at Beginning of new Spot1435311562029
Jun 26, 2015 11:39:22 AM de.ants.vsp.receiver.Datensenke logMessageSevere
SEVERE: team 07-18: Time: after all Spots1435311563000
Jun 26, 2015 11:39:23 AM de.ants.vsp.receiver.Datensenke logMessageSevere
SEVERE: team 07-18: Receiver: team 07-18 Frames Send: 24 Frames not Send: 2
Jun 26, 2015 11:39:23 AM de.ants.vsp.receiver.Datensenke logMessageSevere
SEVERE: team 07-18: Time: at Beginning of new Spot1435311563037
Jun 26, 2015 11:39:23 AM de.ants.vsp.receiver.Datensenke logMessageSevere
SEVERE: team 07-18: Time: after all Spots1435311564001
Jun 26, 2015 11:39:23 AM de.ants.vsp.receiver.Datensenke logMessageSevere
SEVERE: team 07-18: Receiver: team 07-18 Frames Send: 25 Frames not Send: 2
Jun 26, 2015 11:39:23 AM de.ants.vsp.receiver.Datensenke logMessageSevere
SEVERE: team 07-18: Time: at Beginning of new Spot1435311564011
Jun 26, 2015 11:39:24 AM de.ants.vsp.receiver.Datensenke logMessageSevere
SEVERE: team 07-18: Time: after all Spots1435311565001
Jun 26, 2015 11:39:24 AM de.ants.vsp.receiver.Datensenke logMessageSevere
SEVERE: team 07-18: Receiver: team 07-18 Frames Send: 26 Frames not Send: 2
Jun 26, 2015 11:39:24 AM de.ants.vsp.receiver.Datensenke logMessageSevere
SEVERE: team 07-18: Time: at Beginning of new Spot1435311565017
Jun 26, 2015 11:39:25 AM de.ants.vsp.receiver.Datensenke logMessageSevere
SEVERE: team 07-18: Time: after all Spots1435311566000
Jun 26, 2015 11:39:25 AM de.ants.vsp.receiver.Datensenke logMessageSevere
SEVERE: team 07-18: Receiver: team 07-18 Frames Send: 27 Frames not Send: 2
Jun 26, 2015 11:39:25 AM de.ants.vsp.receiver.Datensenke logMessageSevere
SEVERE: team 07-18: Time: at Beginning of new Spot1435311566014
Jun 26, 2015 11:39:26 AM de.ants.vsp.receiver.Datensenke logMessageSevere
SEVERE: team 07-18: Time: after all Spots1435311567001
Jun 26, 2015 11:39:26 AM de.ants.vsp.receiver.Datensenke logMessageSevere
SEVERE: team 07-18: Receiver: team 07-18 Frames Send: 28 Frames not Send: 2
Jun 26, 2015 11:39:26 AM de.ants.vsp.receiver.Datensenke logMessageSevere
SEVERE: team 07-18: Time: at Beginning of new Spot1435311567012
Jun 26, 2015 11:39:27 AM de.ants.vsp.receiver.Datensenke logMessageSevere
SEVERE: team 07-18: Time: after all Spots1435311568000
Jun 26, 2015 11:39:27 AM de.ants.vsp.receiver.Datensenke logMessageSevere
SEVERE: team 07-18: Receiver: team 07-18 Frames Send: 29 Frames not Send: 2
Jun 26, 2015 11:39:27 AM de.ants.vsp.receiver.Datensenke logMessageSevere
SEVERE: team 07-18: Time: at Beginning of new Spot1435311568008
Jun 26, 2015 11:39:28 AM de.ants.vsp.receiver.Datensenke logMessageSevere
SEVERE: team 07-18: Time: after all Spots1435311569001
Jun 26, 2015 11:39:28 AM de.ants.vsp.receiver.Datensenke logMessageSevere
SEVERE: team 07-18: Receiver: team 07-18 Frames Send: 30 Frames not Send: 2
Jun 26, 2015 11:39:28 AM de.ants.vsp.receiver.Datensenke logMessageSevere
SEVERE: team 07-18: Time: at Beginning of new Spot1435311569004
Jun 26, 2015 11:39:29 AM de.ants.vsp.receiver.Datensenke logMessageSevere
SEVERE: team 07-18: Time: after all Spots1435311570000
Jun 26, 2015 11:39:29 AM de.ants.vsp.receiver.Datensenke logMessageSevere
SEVERE: team 07-18: Receiver: team 07-18 Frames Send: 31 Frames not Send: 2
Jun 26, 2015 11:39:29 AM de.ants.vsp.receiver.Datensenke logMessageSevere
SEVERE: team 07-18: Time: at Beginning of new Spot1435311570004
Jun 26, 2015 11:39:30 AM de.ants.vsp.receiver.Datensenke logMessageSevere
SEVERE: team 07-18: Time: after all Spots1435311571000
Jun 26, 2015 11:39:30 AM de.ants.vsp.receiver.Datensenke logMessageSevere
SEVERE: team 07-18: Receiver: team 07-18 Frames Send: 32 Frames not Send: 2
Jun 26, 2015 11:39:30 AM de.ants.vsp.receiver.Datensenke logMessageSevere
SEVERE: team 07-18: Time: at Beginning of new Spot1435311571004
Jun 26, 2015 11:39:31 AM de.ants.vsp.receiver.Datensenke logMessageSevere
SEVERE: team 07-18: Time: after all Spots1435311572000
Jun 26, 2015 11:39:31 AM de.ants.vsp.receiver.Datensenke logMessageSevere
SEVERE: team 07-18: Receiver: team 07-18 Frames Send: 33 Frames not Send: 2
Jun 26, 2015 11:39:31 AM de.ants.vsp.receiver.Datensenke logMessageSevere
SEVERE: team 07-18: Time: at Beginning of new Spot1435311572004
Jun 26, 2015 11:39:32 AM de.ants.vsp.receiver.Datensenke logMessageSevere
SEVERE: team 07-18: Time: after all Spots1435311573000
Jun 26, 2015 11:39:32 AM de.ants.vsp.receiver.Datensenke logMessageSevere
SEVERE: team 07-18: Receiver: team 07-18 Frames Send: 34 Frames not Send: 2
Jun 26, 2015 11:39:32 AM de.ants.vsp.receiver.Datensenke logMessageSevere
SEVERE: team 07-18: Time: at Beginning of new Spot1435311573007
Jun 26, 2015 11:39:33 AM de.ants.vsp.receiver.Datensenke logMessageSevere
SEVERE: team 07-18: Time: after all Spots1435311574000
Jun 26, 2015 11:39:33 AM de.ants.vsp.receiver.Datensenke logMessageSevere
SEVERE: team 07-18: Receiver: team 07-18 Frames Send: 35 Frames not Send: 2
Jun 26, 2015 11:39:33 AM de.ants.vsp.receiver.Datensenke logMessageSevere
SEVERE: team 07-18: Time: at Beginning of new Spot1435311574003
Jun 26, 2015 11:39:34 AM de.ants.vsp.receiver.Datensenke logMessageSevere
SEVERE: team 07-18: Time: after all Spots1435311575000
Jun 26, 2015 11:39:34 AM de.ants.vsp.receiver.Datensenke logMessageSevere
SEVERE: team 07-18: Receiver: team 07-18 Frames Send: 36 Frames not Send: 2
Jun 26, 2015 11:39:34 AM de.ants.vsp.receiver.Datensenke logMessageSevere
SEVERE: team 07-18: Time: at Beginning of new Spot1435311575010
Jun 26, 2015 11:39:35 AM de.ants.vsp.receiver.Datensenke logMessageSevere
SEVERE: team 07-18: Time: after all Spots1435311576004
Jun 26, 2015 11:39:35 AM de.ants.vsp.receiver.Datensenke logMessageSevere
SEVERE: team 07-18: Receiver: team 07-18 Frames Send: 37 Frames not Send: 2
Jun 26, 2015 11:39:36 AM de.ants.vsp.receiver.Datensenke logMessageSevere
SEVERE: team 07-18: Time: at Beginning of new Spot1435311576024
Jun 26, 2015 11:39:36 AM de.ants.vsp.receiver.Datensenke logMessageSevere
SEVERE: team 07-18: Time: after all Spots1435311577000
Jun 26, 2015 11:39:36 AM de.ants.vsp.receiver.Datensenke logMessageSevere
SEVERE: team 07-18: Receiver: team 07-18 Frames Send: 38 Frames not Send: 2
Jun 26, 2015 11:39:36 AM de.ants.vsp.receiver.Datensenke logMessageSevere
SEVERE: team 07-18: Time: at Beginning of new Spot1435311577009
Jun 26, 2015 11:39:37 AM de.ants.vsp.receiver.Datensenke logMessageSevere
SEVERE: team 07-18: Time: after all Spots1435311578000
Jun 26, 2015 11:39:37 AM de.ants.vsp.receiver.Datensenke logMessageSevere
SEVERE: team 07-18: Receiver: team 07-18 Frames Send: 39 Frames not Send: 2
Jun 26, 2015 11:39:37 AM de.ants.vsp.receiver.Datensenke logMessageSevere
SEVERE: team 07-18: Time: at Beginning of new Spot1435311578007
Jun 26, 2015 11:39:38 AM de.ants.vsp.receiver.Datensenke logMessageSevere
SEVERE: team 07-18: Time: after all Spots1435311579003
Jun 26, 2015 11:39:38 AM de.ants.vsp.receiver.Datensenke logMessageSevere
SEVERE: team 07-18: Receiver: team 07-18 Frames Send: 40 Frames not Send: 2
Jun 26, 2015 11:39:38 AM de.ants.vsp.receiver.Datensenke logMessageSevere
SEVERE: team 07-18: Time: at Beginning of new Spot1435311579010
Jun 26, 2015 11:39:39 AM de.ants.vsp.receiver.Datensenke logMessageSevere
SEVERE: team 07-18: Time: after all Spots1435311580002
Jun 26, 2015 11:39:39 AM de.ants.vsp.receiver.Datensenke logMessageSevere
SEVERE: team 07-18: Receiver: team 07-18 Frames Send: 41 Frames not Send: 2
Jun 26, 2015 11:39:39 AM de.ants.vsp.receiver.Datensenke logMessageSevere
SEVERE: team 07-18: Time: at Beginning of new Spot1435311580009
Jun 26, 2015 11:39:40 AM de.ants.vsp.receiver.Datensenke logMessageSevere
SEVERE: team 07-18: Time: after all Spots1435311581000
Jun 26, 2015 11:39:41 AM de.ants.vsp.receiver.Datensenke logMessageSevere
SEVERE: team 07-18: Receiver: team 07-18 Frames Send: 42 Frames not Send: 2
Jun 26, 2015 11:39:41 AM de.ants.vsp.receiver.Datensenke logMessageSevere
SEVERE: team 07-18: Time: at Beginning of new Spot1435311581026
Jun 26, 2015 11:39:41 AM de.ants.vsp.receiver.Datensenke logMessageSevere
SEVERE: team 07-18: Time: after all Spots1435311582002
Jun 26, 2015 11:39:41 AM de.ants.vsp.receiver.Datensenke logMessageSevere
SEVERE: team 07-18: Receiver: team 07-18 Frames Send: 43 Frames not Send: 2
Jun 26, 2015 11:39:41 AM de.ants.vsp.receiver.Datensenke logMessageSevere
SEVERE: team 07-18: Time: at Beginning of new Spot1435311582008
Jun 26, 2015 11:39:42 AM de.ants.vsp.receiver.Datensenke logMessageSevere
SEVERE: team 07-18: Time: after all Spots1435311583004
Jun 26, 2015 11:39:42 AM de.ants.vsp.receiver.Datensenke logMessageSevere
SEVERE: team 07-18: Receiver: team 07-18 Frames Send: 44 Frames not Send: 2
Jun 26, 2015 11:39:42 AM de.ants.vsp.receiver.Datensenke logMessageSevere
SEVERE: team 07-18: Time: at Beginning of new Spot1435311583016
Jun 26, 2015 11:39:43 AM de.ants.vsp.receiver.Datensenke logMessageSevere
SEVERE: team 07-18: Time: after all Spots1435311584000
Jun 26, 2015 11:39:43 AM de.ants.vsp.receiver.Datensenke logMessageSevere
SEVERE: team 07-18: Receiver: team 07-18 Frames Send: 45 Frames not Send: 2
Jun 26, 2015 11:39:43 AM de.ants.vsp.receiver.Datensenke logMessageSevere
SEVERE: team 07-18: Time: at Beginning of new Spot1435311584007
Jun 26, 2015 11:39:44 AM de.ants.vsp.receiver.Datensenke logMessageSevere
SEVERE: team 07-18: Time: after all Spots1435311585001
Jun 26, 2015 11:39:44 AM de.ants.vsp.receiver.Datensenke logMessageSevere
SEVERE: team 07-18: Receiver: team 07-18 Frames Send: 46 Frames not Send: 2
Jun 26, 2015 11:39:44 AM de.ants.vsp.receiver.Datensenke logMessageSevere
SEVERE: team 07-18: Time: at Beginning of new Spot1435311585005
Jun 26, 2015 11:39:45 AM de.ants.vsp.receiver.Datensenke logMessageSevere
SEVERE: team 07-18: Time: after all Spots1435311586000
Jun 26, 2015 11:39:45 AM de.ants.vsp.receiver.Datensenke logMessageSevere
SEVERE: team 07-18: Receiver: team 07-18 Frames Send: 47 Frames not Send: 2
Jun 26, 2015 11:39:45 AM de.ants.vsp.receiver.Datensenke logMessageSevere
SEVERE: team 07-18: Time: at Beginning of new Spot1435311586011
Jun 26, 2015 11:39:46 AM de.ants.vsp.receiver.Datensenke logMessageSevere
SEVERE: team 07-18: Time: after all Spots1435311587000
Jun 26, 2015 11:39:46 AM de.ants.vsp.receiver.Datensenke logMessageSevere
SEVERE: team 07-18: Receiver: team 07-18 Frames Send: 48 Frames not Send: 2
Jun 26, 2015 11:39:46 AM de.ants.vsp.receiver.Datensenke logMessageSevere
SEVERE: team 07-18: Time: at Beginning of new Spot1435311587007
Jun 26, 2015 11:39:47 AM de.ants.vsp.receiver.Datensenke logMessageSevere
SEVERE: team 07-18: Time: after all Spots1435311588001
Jun 26, 2015 11:39:47 AM de.ants.vsp.receiver.Datensenke logMessageSevere
SEVERE: team 07-18: Receiver: team 07-18 Frames Send: 49 Frames not Send: 2
Jun 26, 2015 11:39:47 AM de.ants.vsp.receiver.Datensenke logMessageSevere
SEVERE: team 07-18: Time: at Beginning of new Spot1435311588008
Jun 26, 2015 11:39:48 AM de.ants.vsp.receiver.Datensenke logMessageSevere
SEVERE: team 07-18: Time: after all Spots1435311589000
Jun 26, 2015 11:39:48 AM de.ants.vsp.receiver.Datensenke logMessageSevere
SEVERE: team 07-18: Receiver: team 07-18 Frames Send: 50 Frames not Send: 2
Jun 26, 2015 11:39:48 AM de.ants.vsp.receiver.Datensenke logMessageSevere
SEVERE: team 07-18: Time: at Beginning of new Spot1435311589010
Jun 26, 2015 11:39:49 AM de.ants.vsp.receiver.Datensenke logMessageSevere
SEVERE: team 07-18: Time: after all Spots1435311590000
Jun 26, 2015 11:39:49 AM de.ants.vsp.receiver.Datensenke logMessageSevere
SEVERE: team 07-18: Receiver: team 07-18 Frames Send: 51 Frames not Send: 2
Jun 26, 2015 11:39:49 AM de.ants.vsp.receiver.Datensenke logMessageSevere
SEVERE: team 07-18: Time: at Beginning of new Spot1435311590011
Jun 26, 2015 11:39:50 AM de.ants.vsp.receiver.Datensenke logMessageSevere
SEVERE: team 07-18: Time: after all Spots1435311591001
Jun 26, 2015 11:39:50 AM de.ants.vsp.receiver.Datensenke logMessageSevere
SEVERE: team 07-18: Receiver: team 07-18 Frames Send: 52 Frames not Send: 2
Jun 26, 2015 11:39:51 AM de.ants.vsp.receiver.Datensenke logMessageSevere
SEVERE: team 07-18: Time: at Beginning of new Spot1435311591011
Jun 26, 2015 11:39:51 AM de.ants.vsp.receiver.Datensenke logMessageSevere
SEVERE: team 07-18: Time: after all Spots1435311592000
Jun 26, 2015 11:39:51 AM de.ants.vsp.receiver.Datensenke logMessageSevere
SEVERE: team 07-18: Receiver: team 07-18 Frames Send: 53 Frames not Send: 2
Jun 26, 2015 11:39:51 AM de.ants.vsp.receiver.Datensenke logMessageSevere
SEVERE: team 07-18: Time: at Beginning of new Spot1435311592006
Jun 26, 2015 11:39:52 AM de.ants.vsp.receiver.Datensenke logMessageSevere
SEVERE: team 07-18: Time: after all Spots1435311593001
Jun 26, 2015 11:39:52 AM de.ants.vsp.receiver.Datensenke logMessageSevere
SEVERE: team 07-18: Receiver: team 07-18 Frames Send: 54 Frames not Send: 2
Jun 26, 2015 11:39:52 AM de.ants.vsp.receiver.Datensenke logMessageSevere
SEVERE: team 07-18: Time: at Beginning of new Spot1435311593007
Jun 26, 2015 11:39:53 AM de.ants.vsp.receiver.Datensenke logMessageSevere
SEVERE: team 07-18: Time: after all Spots1435311594001
Jun 26, 2015 11:39:53 AM de.ants.vsp.receiver.Datensenke logMessageSevere
SEVERE: team 07-18: Receiver: team 07-18 Frames Send: 55 Frames not Send: 2
Jun 26, 2015 11:39:53 AM de.ants.vsp.receiver.Datensenke logMessageSevere
SEVERE: team 07-18: Time: at Beginning of new Spot1435311594005
Jun 26, 2015 11:39:54 AM de.ants.vsp.receiver.Datensenke logMessageSevere
SEVERE: team 07-18: Time: after all Spots1435311595000
Jun 26, 2015 11:39:54 AM de.ants.vsp.receiver.Datensenke logMessageSevere
SEVERE: team 07-18: Receiver: team 07-18 Frames Send: 56 Frames not Send: 2
Jun 26, 2015 11:39:54 AM de.ants.vsp.receiver.Datensenke logMessageSevere
SEVERE: team 07-18: Time: at Beginning of new Spot1435311595008
Jun 26, 2015 11:39:55 AM de.ants.vsp.receiver.Datensenke logMessageSevere
SEVERE: team 07-18: Time: after all Spots1435311596019
Jun 26, 2015 11:39:55 AM de.ants.vsp.receiver.Datensenke logMessageSevere
SEVERE: team 07-18: Receiver: team 07-18 Frames Send: 57 Frames not Send: 2
Jun 26, 2015 11:39:56 AM de.ants.vsp.receiver.Datensenke logMessageSevere
SEVERE: team 07-18: Time: at Beginning of new Spot1435311596022
Jun 26, 2015 11:39:56 AM de.ants.vsp.receiver.Datensenke logMessageSevere
SEVERE: team 07-18: Time: after all Spots1435311597003
Jun 26, 2015 11:39:56 AM de.ants.vsp.receiver.Datensenke logMessageSevere
SEVERE: team 07-18: Receiver: team 07-18 Frames Send: 58 Frames not Send: 2
Jun 26, 2015 11:39:56 AM de.ants.vsp.receiver.Datensenke logMessageSevere
SEVERE: team 07-18: Time: at Beginning of new Spot1435311597014
Jun 26, 2015 11:39:57 AM de.ants.vsp.receiver.Datensenke logMessageSevere
SEVERE: team 07-18: Time: after all Spots1435311598001
Jun 26, 2015 11:39:57 AM de.ants.vsp.receiver.Datensenke logMessageSevere
SEVERE: team 07-18: Receiver: team 07-18 Frames Send: 59 Frames not Send: 2
Jun 26, 2015 11:39:57 AM de.ants.vsp.receiver.Datensenke logMessageSevere
SEVERE: team 07-18: Time: at Beginning of new Spot1435311598019
Jun 26, 2015 11:39:58 AM de.ants.vsp.receiver.Datensenke logMessageSevere
SEVERE: team 07-18: Time: after all Spots1435311599001
Jun 26, 2015 11:39:58 AM de.ants.vsp.receiver.Datensenke logMessageSevere
SEVERE: team 07-18: Receiver: team 07-18 Frames Send: 60 Frames not Send: 2
Jun 26, 2015 11:39:58 AM de.ants.vsp.receiver.Datensenke logMessageSevere
SEVERE: team 07-18: Time: at Beginning of new Spot1435311599013
Jun 26, 2015 11:39:59 AM de.ants.vsp.receiver.Datensenke logMessageSevere
SEVERE: team 07-18: Time: after all Spots1435311600002
Jun 26, 2015 11:39:59 AM de.ants.vsp.receiver.Datensenke logMessageSevere
SEVERE: team 07-18: Receiver: team 07-18 Frames Send: 61 Frames not Send: 2
Jun 26, 2015 11:39:59 AM de.ants.vsp.receiver.Datensenke logMessageSevere
SEVERE: team 07-18: Time: at Beginning of new Spot1435311600009
Jun 26, 2015 11:40:00 AM de.ants.vsp.receiver.Datensenke logMessageSevere
SEVERE: team 07-18: Time: after all Spots1435311601002
Jun 26, 2015 11:40:00 AM de.ants.vsp.receiver.Datensenke logMessageSevere
SEVERE: team 07-18: Receiver: team 07-18 Frames Send: 62 Frames not Send: 2
Jun 26, 2015 11:40:00 AM de.ants.vsp.receiver.Datensenke logMessageSevere
SEVERE: team 07-18: Time: at Beginning of new Spot1435311601010
Jun 26, 2015 11:40:01 AM de.ants.vsp.receiver.Datensenke logMessageSevere
SEVERE: team 07-18: Time: after all Spots1435311602008
Jun 26, 2015 11:40:01 AM de.ants.vsp.receiver.Datensenke logMessageSevere
SEVERE: team 07-18: Receiver: team 07-18 Frames Send: 63 Frames not Send: 2
Jun 26, 2015 11:40:01 AM de.ants.vsp.receiver.Datensenke logMessageSevere
SEVERE: team 07-18: Time: at Beginning of new Spot1435311602017
Jun 26, 2015 11:40:02 AM de.ants.vsp.receiver.Datensenke logMessageSevere
SEVERE: team 07-18: Time: after all Spots1435311603001
Jun 26, 2015 11:40:02 AM de.ants.vsp.receiver.Datensenke logMessageSevere
SEVERE: team 07-18: Receiver: team 07-18 Frames Send: 64 Frames not Send: 2
Jun 26, 2015 11:40:02 AM de.ants.vsp.receiver.Datensenke logMessageSevere
SEVERE: team 07-18: Time: at Beginning of new Spot1435311603007
Jun 26, 2015 11:40:03 AM de.ants.vsp.receiver.Datensenke logMessageSevere
SEVERE: team 07-18: Time: after all Spots1435311604000
Jun 26, 2015 11:40:03 AM de.ants.vsp.receiver.Datensenke logMessageSevere
SEVERE: team 07-18: Receiver: team 07-18 Frames Send: 65 Frames not Send: 2
Jun 26, 2015 11:40:03 AM de.ants.vsp.receiver.Datensenke logMessageSevere
SEVERE: team 07-18: Time: at Beginning of new Spot1435311604012
Jun 26, 2015 11:40:04 AM de.ants.vsp.receiver.Datensenke logMessageSevere
SEVERE: team 07-18: Time: after all Spots1435311605001
Jun 26, 2015 11:40:04 AM de.ants.vsp.receiver.Datensenke logMessageSevere
SEVERE: team 07-18: Receiver: team 07-18 Frames Send: 66 Frames not Send: 2
Jun 26, 2015 11:40:04 AM de.ants.vsp.receiver.Datensenke logMessageSevere
SEVERE: team 07-18: Time: at Beginning of new Spot1435311605004
Jun 26, 2015 11:40:05 AM de.ants.vsp.receiver.Datensenke logMessageSevere
SEVERE: team 07-18: Time: after all Spots1435311606000
Jun 26, 2015 11:40:05 AM de.ants.vsp.receiver.Datensenke logMessageSevere
SEVERE: team 07-18: Receiver: team 07-18 Frames Send: 67 Frames not Send: 2
Jun 26, 2015 11:40:05 AM de.ants.vsp.receiver.Datensenke logMessageSevere
SEVERE: team 07-18: Time: at Beginning of new Spot1435311606014
Jun 26, 2015 11:40:06 AM de.ants.vsp.receiver.Datensenke logMessageSevere
SEVERE: team 07-18: Time: after all Spots1435311607002
Jun 26, 2015 11:40:06 AM de.ants.vsp.receiver.Datensenke logMessageSevere
SEVERE: team 07-18: Receiver: team 07-18 Frames Send: 68 Frames not Send: 2
Jun 26, 2015 11:40:06 AM de.ants.vsp.receiver.Datensenke logMessageSevere
SEVERE: team 07-18: Time: at Beginning of new Spot1435311607010
Jun 26, 2015 11:40:07 AM de.ants.vsp.receiver.Datensenke logMessageSevere
SEVERE: team 07-18: Time: after all Spots1435311608001
Jun 26, 2015 11:40:07 AM de.ants.vsp.receiver.Datensenke logMessageSevere
SEVERE: team 07-18: Receiver: team 07-18 Frames Send: 69 Frames not Send: 2
Jun 26, 2015 11:40:07 AM de.ants.vsp.receiver.Datensenke logMessageSevere
SEVERE: team 07-18: Time: at Beginning of new Spot1435311608013
Jun 26, 2015 11:40:08 AM de.ants.vsp.receiver.Datensenke logMessageSevere
SEVERE: team 07-18: Time: after all Spots1435311609000
Jun 26, 2015 11:40:08 AM de.ants.vsp.receiver.Datensenke logMessageSevere
SEVERE: team 07-18: Receiver: team 07-18 Frames Send: 70 Frames not Send: 2
Jun 26, 2015 11:40:08 AM de.ants.vsp.receiver.Datensenke logMessageSevere
SEVERE: team 07-18: Time: at Beginning of new Spot1435311609005
Jun 26, 2015 11:40:09 AM de.ants.vsp.receiver.Datensenke logMessageSevere
SEVERE: team 07-18: Time: after all Spots1435311610001
Jun 26, 2015 11:40:09 AM de.ants.vsp.receiver.Datensenke logMessageSevere
SEVERE: team 07-18: Receiver: team 07-18 Frames Send: 71 Frames not Send: 2
Jun 26, 2015 11:40:09 AM de.ants.vsp.receiver.Datensenke logMessageSevere
SEVERE: team 07-18: Time: at Beginning of new Spot1435311610014
Jun 26, 2015 11:40:10 AM de.ants.vsp.receiver.Datensenke logMessageSevere
SEVERE: team 07-18: Time: after all Spots1435311611000
Jun 26, 2015 11:40:10 AM de.ants.vsp.receiver.Datensenke logMessageSevere
SEVERE: team 07-18: Receiver: team 07-18 Frames Send: 72 Frames not Send: 2
Jun 26, 2015 11:40:10 AM de.ants.vsp.receiver.Datensenke logMessageSevere
SEVERE: team 07-18: Time: at Beginning of new Spot1435311611012
Jun 26, 2015 11:40:11 AM de.ants.vsp.receiver.Datensenke logMessageSevere
SEVERE: team 07-18: Time: after all Spots1435311612000
Jun 26, 2015 11:40:11 AM de.ants.vsp.receiver.Datensenke logMessageSevere
SEVERE: team 07-18: Receiver: team 07-18 Frames Send: 73 Frames not Send: 2
Jun 26, 2015 11:40:11 AM de.ants.vsp.receiver.Datensenke logMessageSevere
SEVERE: team 07-18: Time: at Beginning of new Spot1435311612006
Jun 26, 2015 11:40:12 AM de.ants.vsp.receiver.Datensenke logMessageSevere
SEVERE: team 07-18: Time: after all Spots1435311613001
Jun 26, 2015 11:40:12 AM de.ants.vsp.receiver.Datensenke logMessageSevere
SEVERE: team 07-18: Receiver: team 07-18 Frames Send: 74 Frames not Send: 2
Jun 26, 2015 11:40:12 AM de.ants.vsp.receiver.Datensenke logMessageSevere
SEVERE: team 07-18: Time: at Beginning of new Spot1435311613007
Jun 26, 2015 11:40:13 AM de.ants.vsp.receiver.Datensenke logMessageSevere
SEVERE: team 07-18: Time: after all Spots1435311614000
Jun 26, 2015 11:40:13 AM de.ants.vsp.receiver.Datensenke logMessageSevere
SEVERE: team 07-18: Receiver: team 07-18 Frames Send: 75 Frames not Send: 2
Jun 26, 2015 11:40:13 AM de.ants.vsp.receiver.Datensenke logMessageSevere
SEVERE: team 07-18: Time: at Beginning of new Spot1435311614007
Jun 26, 2015 11:40:14 AM de.ants.vsp.receiver.Datensenke logMessageSevere
SEVERE: team 07-18: Time: after all Spots1435311615000
Jun 26, 2015 11:40:14 AM de.ants.vsp.receiver.Datensenke logMessageSevere
SEVERE: team 07-18: Receiver: team 07-18 Frames Send: 76 Frames not Send: 2
Jun 26, 2015 11:40:14 AM de.ants.vsp.receiver.Datensenke logMessageSevere
SEVERE: team 07-18: Time: at Beginning of new Spot1435311615009
Jun 26, 2015 11:40:15 AM de.ants.vsp.receiver.Datensenke logMessageSevere
SEVERE: team 07-18: Time: after all Spots1435311616001
Jun 26, 2015 11:40:15 AM de.ants.vsp.receiver.Datensenke logMessageSevere
SEVERE: team 07-18: Receiver: team 07-18 Frames Send: 77 Frames not Send: 2
Jun 26, 2015 11:40:15 AM de.ants.vsp.receiver.Datensenke logMessageSevere
SEVERE: team 07-18: Time: at Beginning of new Spot1435311616008
Jun 26, 2015 11:40:16 AM de.ants.vsp.receiver.Datensenke logMessageSevere
SEVERE: team 07-18: Time: after all Spots1435311617000
Jun 26, 2015 11:40:16 AM de.ants.vsp.receiver.Datensenke logMessageSevere
SEVERE: team 07-18: Receiver: team 07-18 Frames Send: 78 Frames not Send: 2
Jun 26, 2015 11:40:16 AM de.ants.vsp.receiver.Datensenke logMessageSevere
SEVERE: team 07-18: Time: at Beginning of new Spot1435311617019
Jun 26, 2015 11:40:17 AM de.ants.vsp.receiver.Datensenke logMessageSevere
SEVERE: team 07-18: Time: after all Spots1435311618000
Jun 26, 2015 11:40:17 AM de.ants.vsp.receiver.Datensenke logMessageSevere
SEVERE: team 07-18: Receiver: team 07-18 Frames Send: 79 Frames not Send: 2
Jun 26, 2015 11:40:17 AM de.ants.vsp.receiver.Datensenke logMessageSevere
SEVERE: team 07-18: Time: at Beginning of new Spot1435311618012
Jun 26, 2015 11:40:18 AM de.ants.vsp.receiver.Datensenke logMessageSevere
SEVERE: team 07-18: Time: after all Spots1435311619002
Jun 26, 2015 11:40:18 AM de.ants.vsp.receiver.Datensenke logMessageSevere
SEVERE: team 07-18: Receiver: team 07-18 Frames Send: 80 Frames not Send: 2
Jun 26, 2015 11:40:18 AM de.ants.vsp.receiver.Datensenke logMessageSevere
SEVERE: team 07-18: Time: at Beginning of new Spot1435311619009
Jun 26, 2015 11:40:19 AM de.ants.vsp.receiver.Datensenke logMessageSevere
SEVERE: team 07-18: Time: after all Spots1435311620000
Jun 26, 2015 11:40:19 AM de.ants.vsp.receiver.Datensenke logMessageSevere
SEVERE: team 07-18: Receiver: team 07-18 Frames Send: 81 Frames not Send: 2
Jun 26, 2015 11:40:19 AM de.ants.vsp.receiver.Datensenke logMessageSevere
SEVERE: team 07-18: Time: at Beginning of new Spot1435311620009
Jun 26, 2015 11:40:20 AM de.ants.vsp.receiver.Datensenke logMessageSevere
SEVERE: team 07-18: Time: after all Spots1435311621000
Jun 26, 2015 11:40:20 AM de.ants.vsp.receiver.Datensenke logMessageSevere
SEVERE: team 07-18: Receiver: team 07-18 Frames Send: 82 Frames not Send: 2
Jun 26, 2015 11:40:20 AM de.ants.vsp.receiver.Datensenke logMessageSevere
SEVERE: team 07-18: Time: at Beginning of new Spot1435311621004
Jun 26, 2015 11:40:21 AM de.ants.vsp.receiver.Datensenke logMessageSevere
SEVERE: team 07-18: Time: after all Spots1435311622001
Jun 26, 2015 11:40:21 AM de.ants.vsp.receiver.Datensenke logMessageSevere
SEVERE: team 07-18: Receiver: team 07-18 Frames Send: 83 Frames not Send: 2
Jun 26, 2015 11:40:21 AM de.ants.vsp.receiver.Datensenke logMessageSevere
SEVERE: team 07-18: Time: at Beginning of new Spot1435311622013
Jun 26, 2015 11:40:22 AM de.ants.vsp.receiver.Datensenke logMessageSevere
SEVERE: team 07-18: Time: after all Spots1435311623000
Jun 26, 2015 11:40:22 AM de.ants.vsp.receiver.Datensenke logMessageSevere
SEVERE: team 07-18: Receiver: team 07-18 Frames Send: 84 Frames not Send: 2
Jun 26, 2015 11:40:22 AM de.ants.vsp.receiver.Datensenke logMessageSevere
SEVERE: team 07-18: Time: at Beginning of new Spot1435311623005
Jun 26, 2015 11:40:23 AM de.ants.vsp.receiver.Datensenke logMessageSevere
SEVERE: team 07-18: Time: after all Spots1435311624000
Jun 26, 2015 11:40:23 AM de.ants.vsp.receiver.Datensenke logMessageSevere
SEVERE: team 07-18: Receiver: team 07-18 Frames Send: 85 Frames not Send: 2
Jun 26, 2015 11:40:23 AM de.ants.vsp.receiver.Datensenke logMessageSevere
SEVERE: team 07-18: Time: at Beginning of new Spot1435311624003
Jun 26, 2015 11:40:24 AM de.ants.vsp.receiver.Datensenke logMessageSevere
SEVERE: team 07-18: Time: after all Spots1435311625000
Jun 26, 2015 11:40:24 AM de.ants.vsp.receiver.Datensenke logMessageSevere
SEVERE: team 07-18: Receiver: team 07-18 Frames Send: 86 Frames not Send: 2
Jun 26, 2015 11:40:24 AM de.ants.vsp.receiver.Datensenke logMessageSevere
SEVERE: team 07-18: Time: at Beginning of new Spot1435311625005
Jun 26, 2015 11:40:25 AM de.ants.vsp.receiver.Datensenke logMessageSevere
SEVERE: team 07-18: Time: after all Spots1435311626001
Jun 26, 2015 11:40:25 AM de.ants.vsp.receiver.Datensenke logMessageSevere
SEVERE: team 07-18: Receiver: team 07-18 Frames Send: 87 Frames not Send: 2
Jun 26, 2015 11:40:25 AM de.ants.vsp.receiver.Datensenke logMessageSevere
SEVERE: team 07-18: Time: at Beginning of new Spot1435311626005
Jun 26, 2015 11:40:26 AM de.ants.vsp.receiver.Datensenke logMessageSevere
SEVERE: team 07-18: Time: after all Spots1435311627000
Jun 26, 2015 11:40:26 AM de.ants.vsp.receiver.Datensenke logMessageSevere
SEVERE: team 07-18: Receiver: team 07-18 Frames Send: 88 Frames not Send: 2
Jun 26, 2015 11:40:26 AM de.ants.vsp.receiver.Datensenke logMessageSevere
SEVERE: team 07-18: Time: at Beginning of new Spot1435311627003
Jun 26, 2015 11:40:27 AM de.ants.vsp.receiver.Datensenke logMessageSevere
SEVERE: team 07-18: Time: after all Spots1435311628001
Jun 26, 2015 11:40:27 AM de.ants.vsp.receiver.Datensenke logMessageSevere
SEVERE: team 07-18: Receiver: team 07-18 Frames Send: 89 Frames not Send: 2
Jun 26, 2015 11:40:27 AM de.ants.vsp.receiver.Datensenke logMessageSevere
SEVERE: team 07-18: Time: at Beginning of new Spot1435311628006
Jun 26, 2015 11:40:28 AM de.ants.vsp.receiver.Datensenke logMessageSevere
SEVERE: team 07-18: Time: after all Spots1435311629000
Jun 26, 2015 11:40:28 AM de.ants.vsp.receiver.Datensenke logMessageSevere
SEVERE: team 07-18: Receiver: team 07-18 Frames Send: 90 Frames not Send: 2
Jun 26, 2015 11:40:28 AM de.ants.vsp.receiver.Datensenke logMessageSevere
SEVERE: team 07-18: Time: at Beginning of new Spot1435311629007
Jun 26, 2015 11:40:29 AM de.ants.vsp.receiver.Datensenke logMessageSevere
SEVERE: team 07-18: Time: after all Spots1435311630000
Jun 26, 2015 11:40:29 AM de.ants.vsp.receiver.Datensenke logMessageSevere
SEVERE: team 07-18: Receiver: team 07-18 Frames Send: 91 Frames not Send: 2
Jun 26, 2015 11:40:29 AM de.ants.vsp.receiver.Datensenke logMessageSevere
SEVERE: team 07-18: Time: at Beginning of new Spot1435311630004
Jun 26, 2015 11:40:30 AM de.ants.vsp.receiver.Datensenke logMessageSevere
SEVERE: team 07-18: Time: after all Spots1435311631000
Jun 26, 2015 11:40:30 AM de.ants.vsp.receiver.Datensenke logMessageSevere
SEVERE: team 07-18: Receiver: team 07-18 Frames Send: 92 Frames not Send: 2
Jun 26, 2015 11:40:30 AM de.ants.vsp.receiver.Datensenke logMessageSevere
SEVERE: team 07-18: Time: at Beginning of new Spot1435311631011
Jun 26, 2015 11:40:31 AM de.ants.vsp.receiver.Datensenke logMessageSevere
SEVERE: team 07-18: Time: after all Spots1435311632001
Jun 26, 2015 11:40:31 AM de.ants.vsp.receiver.Datensenke logMessageSevere
SEVERE: team 07-18: Receiver: team 07-18 Frames Send: 93 Frames not Send: 2
Jun 26, 2015 11:40:31 AM de.ants.vsp.receiver.Datensenke logMessageSevere
SEVERE: team 07-18: Time: at Beginning of new Spot1435311632010
Jun 26, 2015 11:40:32 AM de.ants.vsp.receiver.Datensenke logMessageSevere
SEVERE: team 07-18: Time: after all Spots1435311633000
Jun 26, 2015 11:40:32 AM de.ants.vsp.receiver.Datensenke logMessageSevere
SEVERE: team 07-18: Receiver: team 07-18 Frames Send: 94 Frames not Send: 2
Jun 26, 2015 11:40:32 AM de.ants.vsp.receiver.Datensenke logMessageSevere
SEVERE: team 07-18: Time: at Beginning of new Spot1435311633004
Jun 26, 2015 11:40:33 AM de.ants.vsp.receiver.Datensenke logMessageSevere
SEVERE: team 07-18: Time: after all Spots1435311634001
Jun 26, 2015 11:40:33 AM de.ants.vsp.receiver.Datensenke logMessageSevere
SEVERE: team 07-18: Receiver: team 07-18 Frames Send: 95 Frames not Send: 2
Jun 26, 2015 11:40:33 AM de.ants.vsp.receiver.Datensenke logMessageSevere
SEVERE: team 07-18: Time: at Beginning of new Spot1435311634017
Jun 26, 2015 11:40:34 AM de.ants.vsp.receiver.Datensenke logMessageSevere
SEVERE: team 07-18: Time: after all Spots1435311635001
Jun 26, 2015 11:40:34 AM de.ants.vsp.receiver.Datensenke logMessageSevere
SEVERE: team 07-18: Receiver: team 07-18 Frames Send: 96 Frames not Send: 2
Jun 26, 2015 11:40:34 AM de.ants.vsp.receiver.Datensenke logMessageSevere
SEVERE: team 07-18: Time: at Beginning of new Spot1435311635006
Jun 26, 2015 11:40:35 AM de.ants.vsp.receiver.Datensenke logMessageSevere
SEVERE: team 07-18: Time: after all Spots1435311636000
Jun 26, 2015 11:40:35 AM de.ants.vsp.receiver.Datensenke logMessageSevere
SEVERE: team 07-18: Receiver: team 07-18 Frames Send: 97 Frames not Send: 2
Jun 26, 2015 11:40:35 AM de.ants.vsp.receiver.Datensenke logMessageSevere
SEVERE: team 07-18: Time: at Beginning of new Spot1435311636012
Jun 26, 2015 11:40:36 AM de.ants.vsp.receiver.Datensenke logMessageSevere
SEVERE: team 07-18: Time: after all Spots1435311637001
Jun 26, 2015 11:40:36 AM de.ants.vsp.receiver.Datensenke logMessageSevere
SEVERE: team 07-18: Receiver: team 07-18 Frames Send: 98 Frames not Send: 2
Jun 26, 2015 11:40:36 AM de.ants.vsp.receiver.Datensenke logMessageSevere
SEVERE: team 07-18: Time: at Beginning of new Spot1435311637004
Jun 26, 2015 11:40:37 AM de.ants.vsp.receiver.Datensenke logMessageSevere
SEVERE: team 07-18: Time: after all Spots1435311638002
Jun 26, 2015 11:40:37 AM de.ants.vsp.receiver.Datensenke logMessageSevere
SEVERE: team 07-18: Receiver: team 07-18 Frames Send: 99 Frames not Send: 2
Jun 26, 2015 11:40:37 AM de.ants.vsp.receiver.Datensenke logMessageSevere
SEVERE: team 07-18: Time: at Beginning of new Spot1435311638008
Jun 26, 2015 11:40:38 AM de.ants.vsp.receiver.Datensenke logMessageSevere
SEVERE: team 07-18: Time: after all Spots1435311639000
Jun 26, 2015 11:40:38 AM de.ants.vsp.receiver.Datensenke logMessageSevere
SEVERE: team 07-18: Receiver: team 07-18 Frames Send: 100 Frames not Send: 2
Jun 26, 2015 11:40:38 AM de.ants.vsp.receiver.Datensenke logMessageSevere
SEVERE: team 07-18: Time: at Beginning of new Spot1435311639006
Jun 26, 2015 11:40:39 AM de.ants.vsp.receiver.Datensenke logMessageSevere
SEVERE: team 07-18: Time: after all Spots1435311640001
Jun 26, 2015 11:40:39 AM de.ants.vsp.receiver.Datensenke logMessageSevere
SEVERE: team 07-18: Receiver: team 07-18 Frames Send: 101 Frames not Send: 2
Jun 26, 2015 11:40:39 AM de.ants.vsp.receiver.Datensenke logMessageSevere
SEVERE: team 07-18: Time: at Beginning of new Spot1435311640008
Jun 26, 2015 11:40:40 AM de.ants.vsp.receiver.Datensenke logMessageSevere
SEVERE: team 07-18: Time: after all Spots1435311641002
Jun 26, 2015 11:40:40 AM de.ants.vsp.receiver.Datensenke logMessageSevere
SEVERE: team 07-18: Receiver: team 07-18 Frames Send: 102 Frames not Send: 2
Jun 26, 2015 11:40:40 AM de.ants.vsp.receiver.Datensenke logMessageSevere
SEVERE: team 07-18: Time: at Beginning of new Spot1435311641008
Jun 26, 2015 11:40:41 AM de.ants.vsp.receiver.Datensenke logMessageSevere
SEVERE: team 07-18: Time: after all Spots1435311642002
Jun 26, 2015 11:40:41 AM de.ants.vsp.receiver.Datensenke logMessageSevere
SEVERE: team 07-18: Receiver: team 07-18 Frames Send: 103 Frames not Send: 2
Jun 26, 2015 11:40:41 AM de.ants.vsp.receiver.Datensenke logMessageSevere
SEVERE: team 07-18: Time: at Beginning of new Spot1435311642008
Jun 26, 2015 11:40:42 AM de.ants.vsp.receiver.Datensenke logMessageSevere
SEVERE: team 07-18: Time: after all Spots1435311643000
Jun 26, 2015 11:40:42 AM de.ants.vsp.receiver.Datensenke logMessageSevere
SEVERE: team 07-18: Receiver: team 07-18 Frames Send: 104 Frames not Send: 2
Jun 26, 2015 11:40:42 AM de.ants.vsp.receiver.Datensenke logMessageSevere
SEVERE: team 07-18: Time: at Beginning of new Spot1435311643008
Jun 26, 2015 11:40:43 AM de.ants.vsp.receiver.Datensenke logMessageSevere
SEVERE: team 07-18: Time: after all Spots1435311644005
Jun 26, 2015 11:40:43 AM de.ants.vsp.receiver.Datensenke logMessageSevere
SEVERE: team 07-18: Receiver: team 07-18 Frames Send: 105 Frames not Send: 2
Jun 26, 2015 11:40:43 AM de.ants.vsp.receiver.Datensenke logMessageSevere
SEVERE: team 07-18: Time: at Beginning of new Spot1435311644010
Jun 26, 2015 11:40:44 AM de.ants.vsp.receiver.Datensenke logMessageSevere
SEVERE: team 07-18: Time: after all Spots1435311645000
Jun 26, 2015 11:40:44 AM de.ants.vsp.receiver.Datensenke logMessageSevere
SEVERE: team 07-18: Receiver: team 07-18 Frames Send: 106 Frames not Send: 2
Jun 26, 2015 11:40:44 AM de.ants.vsp.receiver.Datensenke logMessageSevere
SEVERE: team 07-18: Time: at Beginning of new Spot1435311645008
Jun 26, 2015 11:40:45 AM de.ants.vsp.receiver.Datensenke logMessageSevere
SEVERE: team 07-18: Time: after all Spots1435311646002
Jun 26, 2015 11:40:45 AM de.ants.vsp.receiver.Datensenke logMessageSevere
SEVERE: team 07-18: Receiver: team 07-18 Frames Send: 107 Frames not Send: 2
Jun 26, 2015 11:40:45 AM de.ants.vsp.receiver.Datensenke logMessageSevere
SEVERE: team 07-18: Time: at Beginning of new Spot1435311646008
Jun 26, 2015 11:40:46 AM de.ants.vsp.receiver.Datensenke logMessageSevere
SEVERE: team 07-18: Time: after all Spots1435311647000
Jun 26, 2015 11:40:46 AM de.ants.vsp.receiver.Datensenke logMessageSevere
SEVERE: team 07-18: Receiver: team 07-18 Frames Send: 108 Frames not Send: 2
Jun 26, 2015 11:40:46 AM de.ants.vsp.receiver.Datensenke logMessageSevere
SEVERE: team 07-18: Time: at Beginning of new Spot1435311647005
Jun 26, 2015 11:40:47 AM de.ants.vsp.receiver.Datensenke logMessageSevere
SEVERE: team 07-18: Time: after all Spots1435311648000
Jun 26, 2015 11:40:47 AM de.ants.vsp.receiver.Datensenke logMessageSevere
SEVERE: team 07-18: Receiver: team 07-18 Frames Send: 109 Frames not Send: 2
Jun 26, 2015 11:40:47 AM de.ants.vsp.receiver.Datensenke logMessageSevere
SEVERE: team 07-18: Time: at Beginning of new Spot1435311648006
Jun 26, 2015 11:40:48 AM de.ants.vsp.receiver.Datensenke logMessageSevere
SEVERE: team 07-18: Time: after all Spots1435311649000
Jun 26, 2015 11:40:48 AM de.ants.vsp.receiver.Datensenke logMessageSevere
SEVERE: team 07-18: Receiver: team 07-18 Frames Send: 110 Frames not Send: 2
Jun 26, 2015 11:40:48 AM de.ants.vsp.receiver.Datensenke logMessageSevere
SEVERE: team 07-18: Time: at Beginning of new Spot1435311649005
Jun 26, 2015 11:40:49 AM de.ants.vsp.receiver.Datensenke logMessageSevere
SEVERE: team 07-18: Time: after all Spots1435311650001
Jun 26, 2015 11:40:49 AM de.ants.vsp.receiver.Datensenke logMessageSevere
SEVERE: team 07-18: Receiver: team 07-18 Frames Send: 111 Frames not Send: 2
Jun 26, 2015 11:40:49 AM de.ants.vsp.receiver.Datensenke logMessageSevere
SEVERE: team 07-18: Time: at Beginning of new Spot1435311650008
Jun 26, 2015 11:40:50 AM de.ants.vsp.receiver.Datensenke logMessageSevere
SEVERE: team 07-18: Time: after all Spots1435311651000
Jun 26, 2015 11:40:50 AM de.ants.vsp.receiver.Datensenke logMessageSevere
SEVERE: team 07-18: Receiver: team 07-18 Frames Send: 112 Frames not Send: 2
Jun 26, 2015 11:40:50 AM de.ants.vsp.receiver.Datensenke logMessageSevere
SEVERE: team 07-18: Time: at Beginning of new Spot1435311651007
Jun 26, 2015 11:40:51 AM de.ants.vsp.receiver.Datensenke logMessageSevere
SEVERE: team 07-18: Time: after all Spots1435311652001
Jun 26, 2015 11:40:51 AM de.ants.vsp.receiver.Datensenke logMessageSevere
SEVERE: team 07-18: Receiver: team 07-18 Frames Send: 113 Frames not Send: 2
Jun 26, 2015 11:40:51 AM de.ants.vsp.receiver.Datensenke logMessageSevere
SEVERE: team 07-18: Time: at Beginning of new Spot1435311652006
Jun 26, 2015 11:40:52 AM de.ants.vsp.receiver.Datensenke logMessageSevere
SEVERE: team 07-18: Time: after all Spots1435311653001
Jun 26, 2015 11:40:52 AM de.ants.vsp.receiver.Datensenke logMessageSevere
SEVERE: team 07-18: Receiver: team 07-18 Frames Send: 114 Frames not Send: 2
Jun 26, 2015 11:40:52 AM de.ants.vsp.receiver.Datensenke logMessageSevere
SEVERE: team 07-18: Time: at Beginning of new Spot1435311653007
Jun 26, 2015 11:40:53 AM de.ants.vsp.receiver.Datensenke logMessageSevere
SEVERE: team 07-18: Time: after all Spots1435311654002
Jun 26, 2015 11:40:53 AM de.ants.vsp.receiver.Datensenke logMessageSevere
SEVERE: team 07-18: Receiver: team 07-18 Frames Send: 115 Frames not Send: 2
Jun 26, 2015 11:40:53 AM de.ants.vsp.receiver.Datensenke logMessageSevere
SEVERE: team 07-18: Time: at Beginning of new Spot1435311654008
Jun 26, 2015 11:40:54 AM de.ants.vsp.receiver.Datensenke logMessageSevere
SEVERE: team 07-18: Time: after all Spots1435311655000
Jun 26, 2015 11:40:54 AM de.ants.vsp.receiver.Datensenke logMessageSevere
SEVERE: team 07-18: Receiver: team 07-18 Frames Send: 116 Frames not Send: 2
Jun 26, 2015 11:40:54 AM de.ants.vsp.receiver.Datensenke logMessageSevere
SEVERE: team 07-18: Time: at Beginning of new Spot1435311655010
Jun 26, 2015 11:40:55 AM de.ants.vsp.receiver.Datensenke logMessageSevere
SEVERE: team 07-18: Time: after all Spots1435311656000
Jun 26, 2015 11:40:55 AM de.ants.vsp.receiver.Datensenke logMessageSevere
SEVERE: team 07-18: Receiver: team 07-18 Frames Send: 117 Frames not Send: 2
Jun 26, 2015 11:40:55 AM de.ants.vsp.receiver.Datensenke logMessageSevere
SEVERE: team 07-18: Time: at Beginning of new Spot1435311656006
Jun 26, 2015 11:40:56 AM de.ants.vsp.receiver.Datensenke logMessageSevere
SEVERE: team 07-18: Time: after all Spots1435311657000
Jun 26, 2015 11:40:56 AM de.ants.vsp.receiver.Datensenke logMessageSevere
SEVERE: team 07-18: Receiver: team 07-18 Frames Send: 118 Frames not Send: 2
Jun 26, 2015 11:40:56 AM de.ants.vsp.receiver.Datensenke logMessageSevere
SEVERE: team 07-18: Time: at Beginning of new Spot1435311657008
Jun 26, 2015 11:40:57 AM de.ants.vsp.receiver.Datensenke logMessageSevere
SEVERE: team 07-18: Time: after all Spots1435311658001
Jun 26, 2015 11:40:57 AM de.ants.vsp.receiver.Datensenke logMessageSevere
SEVERE: team 07-18: Receiver: team 07-18 Frames Send: 119 Frames not Send: 2
Jun 26, 2015 11:40:57 AM de.ants.vsp.receiver.Datensenke logMessageSevere
SEVERE: team 07-18: Time: at Beginning of new Spot1435311658007
Jun 26, 2015 11:40:58 AM de.ants.vsp.receiver.Datensenke logMessageSevere
SEVERE: team 07-18: Time: after all Spots1435311659002
Jun 26, 2015 11:40:58 AM de.ants.vsp.receiver.Datensenke logMessageSevere
SEVERE: team 07-18: Receiver: team 07-18 Frames Send: 120 Frames not Send: 2
Jun 26, 2015 11:40:58 AM de.ants.vsp.receiver.Datensenke logMessageSevere
SEVERE: team 07-18: Time: at Beginning of new Spot1435311659008
Jun 26, 2015 11:40:59 AM de.ants.vsp.receiver.Datensenke logMessageSevere
SEVERE: team 07-18: Time: after all Spots1435311660000
Jun 26, 2015 11:40:59 AM de.ants.vsp.receiver.Datensenke logMessageSevere
SEVERE: team 07-18: Receiver: team 07-18 Frames Send: 121 Frames not Send: 2
Jun 26, 2015 11:40:59 AM de.ants.vsp.receiver.Datensenke logMessageSevere
SEVERE: team 07-18: Time: at Beginning of new Spot1435311660004
Jun 26, 2015 11:41:00 AM de.ants.vsp.receiver.Datensenke logMessageSevere
SEVERE: team 07-18: Time: after all Spots1435311661000
Jun 26, 2015 11:41:00 AM de.ants.vsp.receiver.Datensenke logMessageSevere
SEVERE: team 07-18: Receiver: team 07-18 Frames Send: 122 Frames not Send: 2
Jun 26, 2015 11:41:00 AM de.ants.vsp.receiver.Datensenke logMessageSevere
SEVERE: team 07-18: Time: at Beginning of new Spot1435311661006
Jun 26, 2015 11:41:01 AM de.ants.vsp.receiver.Datensenke logMessageSevere
SEVERE: team 07-18: Time: after all Spots1435311662000
Jun 26, 2015 11:41:01 AM de.ants.vsp.receiver.Datensenke logMessageSevere
SEVERE: team 07-18: Receiver: team 07-18 Frames Send: 123 Frames not Send: 2
Jun 26, 2015 11:41:01 AM de.ants.vsp.receiver.Datensenke logMessageSevere
SEVERE: team 07-18: Time: at Beginning of new Spot1435311662003
Jun 26, 2015 11:41:02 AM de.ants.vsp.receiver.Datensenke logMessageSevere
SEVERE: team 07-18: Time: after all Spots1435311663000
Jun 26, 2015 11:41:02 AM de.ants.vsp.receiver.Datensenke logMessageSevere
SEVERE: team 07-18: Receiver: team 07-18 Frames Send: 124 Frames not Send: 2
Jun 26, 2015 11:41:02 AM de.ants.vsp.receiver.Datensenke logMessageSevere
SEVERE: team 07-18: Time: at Beginning of new Spot1435311663005
Jun 26, 2015 11:41:03 AM de.ants.vsp.receiver.Datensenke logMessageSevere
SEVERE: team 07-18: Time: after all Spots1435311664000
Jun 26, 2015 11:41:03 AM de.ants.vsp.receiver.Datensenke logMessageSevere
SEVERE: team 07-18: Receiver: team 07-18 Frames Send: 125 Frames not Send: 2
Jun 26, 2015 11:41:03 AM de.ants.vsp.receiver.Datensenke logMessageSevere
SEVERE: team 07-18: Time: at Beginning of new Spot1435311664005
Jun 26, 2015 11:41:04 AM de.ants.vsp.receiver.Datensenke logMessageSevere
SEVERE: team 07-18: Time: after all Spots1435311665000
Jun 26, 2015 11:41:04 AM de.ants.vsp.receiver.Datensenke logMessageSevere
SEVERE: team 07-18: Receiver: team 07-18 Frames Send: 126 Frames not Send: 2
Jun 26, 2015 11:41:04 AM de.ants.vsp.receiver.Datensenke logMessageSevere
SEVERE: team 07-18: Time: at Beginning of new Spot1435311665005
Jun 26, 2015 11:41:05 AM de.ants.vsp.receiver.Datensenke logMessageSevere
SEVERE: team 07-18: Time: after all Spots1435311666000
Jun 26, 2015 11:41:05 AM de.ants.vsp.receiver.Datensenke logMessageSevere
SEVERE: team 07-18: Receiver: team 07-18 Frames Send: 127 Frames not Send: 2
Jun 26, 2015 11:41:05 AM de.ants.vsp.receiver.Datensenke logMessageSevere
SEVERE: team 07-18: Time: at Beginning of new Spot1435311666014
Jun 26, 2015 11:41:06 AM de.ants.vsp.receiver.Datensenke logMessageSevere
SEVERE: team 07-18: Time: after all Spots1435311667002
Jun 26, 2015 11:41:06 AM de.ants.vsp.receiver.Datensenke logMessageSevere
SEVERE: team 07-18: Receiver: team 07-18 Frames Send: 128 Frames not Send: 2
Jun 26, 2015 11:41:06 AM de.ants.vsp.receiver.Datensenke logMessageSevere
SEVERE: team 07-18: Time: at Beginning of new Spot1435311667008
Jun 26, 2015 11:41:07 AM de.ants.vsp.receiver.Datensenke logMessageSevere
SEVERE: team 07-18: Time: after all Spots1435311668001
Jun 26, 2015 11:41:07 AM de.ants.vsp.receiver.Datensenke logMessageSevere
SEVERE: team 07-18: Receiver: team 07-18 Frames Send: 129 Frames not Send: 2
Jun 26, 2015 11:41:07 AM de.ants.vsp.receiver.Datensenke logMessageSevere
SEVERE: team 07-18: Time: at Beginning of new Spot1435311668014
Jun 26, 2015 11:41:08 AM de.ants.vsp.receiver.Datensenke logMessageSevere
SEVERE: team 07-18: Time: after all Spots1435311669004
Jun 26, 2015 11:41:08 AM de.ants.vsp.receiver.Datensenke logMessageSevere
SEVERE: team 07-18: Receiver: team 07-18 Frames Send: 130 Frames not Send: 2
Jun 26, 2015 11:41:08 AM de.ants.vsp.receiver.Datensenke logMessageSevere
SEVERE: team 07-18: Time: at Beginning of new Spot1435311669008
Jun 26, 2015 11:41:09 AM de.ants.vsp.receiver.Datensenke logMessageSevere
SEVERE: team 07-18: Time: after all Spots1435311670001
Jun 26, 2015 11:41:09 AM de.ants.vsp.receiver.Datensenke logMessageSevere
SEVERE: team 07-18: Receiver: team 07-18 Frames Send: 131 Frames not Send: 2
Jun 26, 2015 11:41:09 AM de.ants.vsp.receiver.Datensenke logMessageSevere
SEVERE: team 07-18: Time: at Beginning of new Spot1435311670007
Jun 26, 2015 11:41:10 AM de.ants.vsp.receiver.Datensenke logMessageSevere
SEVERE: team 07-18: Time: after all Spots1435311671000
Jun 26, 2015 11:41:10 AM de.ants.vsp.receiver.Datensenke logMessageSevere
SEVERE: team 07-18: Receiver: team 07-18 Frames Send: 132 Frames not Send: 2
Jun 26, 2015 11:41:10 AM de.ants.vsp.receiver.Datensenke logMessageSevere
SEVERE: team 07-18: Time: at Beginning of new Spot1435311671012
Jun 26, 2015 11:41:11 AM de.ants.vsp.receiver.Datensenke logMessageSevere
SEVERE: team 07-18: Time: after all Spots1435311672001
Jun 26, 2015 11:41:11 AM de.ants.vsp.receiver.Datensenke logMessageSevere
SEVERE: team 07-18: Receiver: team 07-18 Frames Send: 133 Frames not Send: 2
Jun 26, 2015 11:41:11 AM de.ants.vsp.receiver.Datensenke logMessageSevere
SEVERE: team 07-18: Time: at Beginning of new Spot1435311672006
Jun 26, 2015 11:41:12 AM de.ants.vsp.receiver.Datensenke logMessageSevere
SEVERE: team 07-18: Time: after all Spots1435311673000
Jun 26, 2015 11:41:12 AM de.ants.vsp.receiver.Datensenke logMessageSevere
SEVERE: team 07-18: Receiver: team 07-18 Frames Send: 134 Frames not Send: 2
Jun 26, 2015 11:41:12 AM de.ants.vsp.receiver.Datensenke logMessageSevere
SEVERE: team 07-18: Time: at Beginning of new Spot1435311673006
Jun 26, 2015 11:41:13 AM de.ants.vsp.receiver.Datensenke logMessageSevere
SEVERE: team 07-18: Time: after all Spots1435311674001
Jun 26, 2015 11:41:13 AM de.ants.vsp.receiver.Datensenke logMessageSevere
SEVERE: team 07-18: Receiver: team 07-18 Frames Send: 135 Frames not Send: 2
Jun 26, 2015 11:41:13 AM de.ants.vsp.receiver.Datensenke logMessageSevere
SEVERE: team 07-18: Time: at Beginning of new Spot1435311674006
Jun 26, 2015 11:41:14 AM de.ants.vsp.receiver.Datensenke logMessageSevere
SEVERE: team 07-18: Time: after all Spots1435311675000
Jun 26, 2015 11:41:14 AM de.ants.vsp.receiver.Datensenke logMessageSevere
SEVERE: team 07-18: Receiver: team 07-18 Frames Send: 136 Frames not Send: 2
Jun 26, 2015 11:41:14 AM de.ants.vsp.receiver.Datensenke logMessageSevere
SEVERE: team 07-18: Time: at Beginning of new Spot1435311675009
Jun 26, 2015 11:41:15 AM de.ants.vsp.receiver.Datensenke logMessageSevere
SEVERE: team 07-18: Time: after all Spots1435311676000
Jun 26, 2015 11:41:16 AM de.ants.vsp.receiver.Datensenke logMessageSevere
SEVERE: team 07-18: Receiver: team 07-18 Frames Send: 137 Frames not Send: 2
Jun 26, 2015 11:41:16 AM de.ants.vsp.receiver.Datensenke logMessageSevere
SEVERE: team 07-18: Time: at Beginning of new Spot1435311676033
Jun 26, 2015 11:41:16 AM de.ants.vsp.receiver.Datensenke logMessageSevere
SEVERE: team 07-18: Time: after all Spots1435311677000
Jun 26, 2015 11:41:16 AM de.ants.vsp.receiver.Datensenke logMessageSevere
SEVERE: team 07-18: Receiver: team 07-18 Frames Send: 138 Frames not Send: 2
Jun 26, 2015 11:41:16 AM de.ants.vsp.receiver.Datensenke logMessageSevere
SEVERE: team 07-18: Time: at Beginning of new Spot1435311677006
Jun 26, 2015 11:41:17 AM de.ants.vsp.receiver.Datensenke logMessageSevere
SEVERE: team 07-18: Time: after all Spots1435311678000
Jun 26, 2015 11:41:17 AM de.ants.vsp.receiver.Datensenke logMessageSevere
SEVERE: team 07-18: Receiver: team 07-18 Frames Send: 139 Frames not Send: 2
Jun 26, 2015 11:41:17 AM de.ants.vsp.receiver.Datensenke logMessageSevere
SEVERE: team 07-18: Time: at Beginning of new Spot1435311678008
Jun 26, 2015 11:41:18 AM de.ants.vsp.receiver.Datensenke logMessageSevere
SEVERE: team 07-18: Time: after all Spots1435311679000
Jun 26, 2015 11:41:18 AM de.ants.vsp.receiver.Datensenke logMessageSevere
SEVERE: team 07-18: Receiver: team 07-18 Frames Send: 140 Frames not Send: 2
Jun 26, 2015 11:41:19 AM de.ants.vsp.receiver.Datensenke logMessageSevere
SEVERE: team 07-18: Time: at Beginning of new Spot1435311679024
Jun 26, 2015 11:41:19 AM de.ants.vsp.receiver.Datensenke logMessageSevere
SEVERE: team 07-18: Time: after all Spots1435311680002
Jun 26, 2015 11:41:19 AM de.ants.vsp.receiver.Datensenke logMessageSevere
SEVERE: team 07-18: Receiver: team 07-18 Frames Send: 141 Frames not Send: 2
Jun 26, 2015 11:41:19 AM de.ants.vsp.receiver.Datensenke logMessageSevere
SEVERE: team 07-18: Time: at Beginning of new Spot1435311680008
Jun 26, 2015 11:41:20 AM de.ants.vsp.receiver.Datensenke logMessageSevere
SEVERE: team 07-18: Time: after all Spots1435311681001
Jun 26, 2015 11:41:20 AM de.ants.vsp.receiver.Datensenke logMessageSevere
SEVERE: team 07-18: Receiver: team 07-18 Frames Send: 142 Frames not Send: 2
Jun 26, 2015 11:41:20 AM de.ants.vsp.receiver.Datensenke logMessageSevere
SEVERE: team 07-18: Time: at Beginning of new Spot1435311681007
Jun 26, 2015 11:41:21 AM de.ants.vsp.receiver.Datensenke logMessageSevere
SEVERE: team 07-18: Time: after all Spots1435311682001
Jun 26, 2015 11:41:21 AM de.ants.vsp.receiver.Datensenke logMessageSevere
SEVERE: team 07-18: Receiver: team 07-18 Frames Send: 143 Frames not Send: 2
Jun 26, 2015 11:41:21 AM de.ants.vsp.receiver.Datensenke logMessageSevere
SEVERE: team 07-18: Time: at Beginning of new Spot1435311682006
Jun 26, 2015 11:41:22 AM de.ants.vsp.receiver.Datensenke logMessageSevere
SEVERE: team 07-18: Time: after all Spots1435311683000
Jun 26, 2015 11:41:22 AM de.ants.vsp.receiver.Datensenke logMessageSevere
SEVERE: team 07-18: Receiver: team 07-18 Frames Send: 144 Frames not Send: 2
Jun 26, 2015 11:41:22 AM de.ants.vsp.receiver.Datensenke logMessageSevere
SEVERE: team 07-18: Time: at Beginning of new Spot1435311683007
Jun 26, 2015 11:41:23 AM de.ants.vsp.receiver.Datensenke logMessageSevere
SEVERE: team 07-18: Time: after all Spots1435311684001
Jun 26, 2015 11:41:23 AM de.ants.vsp.receiver.Datensenke logMessageSevere
SEVERE: team 07-18: Receiver: team 07-18 Frames Send: 145 Frames not Send: 2
Jun 26, 2015 11:41:23 AM de.ants.vsp.receiver.Datensenke logMessageSevere
SEVERE: team 07-18: Time: at Beginning of new Spot1435311684005
Jun 26, 2015 11:41:24 AM de.ants.vsp.receiver.Datensenke logMessageSevere
SEVERE: team 07-18: Time: after all Spots1435311685000
Jun 26, 2015 11:41:24 AM de.ants.vsp.receiver.Datensenke logMessageSevere
SEVERE: team 07-18: Receiver: team 07-18 Frames Send: 146 Frames not Send: 2
Jun 26, 2015 11:41:24 AM de.ants.vsp.receiver.Datensenke logMessageSevere
SEVERE: team 07-18: Time: at Beginning of new Spot1435311685004
Jun 26, 2015 11:41:25 AM de.ants.vsp.receiver.Datensenke logMessageSevere
SEVERE: team 07-18: Time: after all Spots1435311686002
Jun 26, 2015 11:41:25 AM de.ants.vsp.receiver.Datensenke logMessageSevere
SEVERE: team 07-18: Receiver: team 07-18 Frames Send: 147 Frames not Send: 2
Jun 26, 2015 11:41:25 AM de.ants.vsp.receiver.Datensenke logMessageSevere
SEVERE: team 07-18: Time: at Beginning of new Spot1435311686008
Jun 26, 2015 11:41:26 AM de.ants.vsp.receiver.Datensenke logMessageSevere
SEVERE: team 07-18: Time: after all Spots1435311687000
Jun 26, 2015 11:41:26 AM de.ants.vsp.receiver.Datensenke logMessageSevere
SEVERE: team 07-18: Receiver: team 07-18 Frames Send: 148 Frames not Send: 2
Jun 26, 2015 11:41:27 AM de.ants.vsp.receiver.Datensenke logMessageSevere
SEVERE: team 07-18: Time: at Beginning of new Spot1435311687048
Jun 26, 2015 11:41:27 AM de.ants.vsp.receiver.Datensenke logMessageSevere
SEVERE: team 07-18: Time: after all Spots1435311688003
Jun 26, 2015 11:41:27 AM de.ants.vsp.receiver.Datensenke logMessageSevere
SEVERE: team 07-18: Receiver: team 07-18 Frames Send: 149 Frames not Send: 2
Jun 26, 2015 11:41:27 AM de.ants.vsp.receiver.Datensenke logMessageSevere
SEVERE: team 07-18: Time: at Beginning of new Spot1435311688008
Jun 26, 2015 11:41:28 AM de.ants.vsp.receiver.Datensenke logMessageSevere
SEVERE: team 07-18: Time: after all Spots1435311689001
Jun 26, 2015 11:41:28 AM de.ants.vsp.receiver.Datensenke logMessageSevere
SEVERE: team 07-18: Receiver: team 07-18 Frames Send: 150 Frames not Send: 2
Jun 26, 2015 11:41:28 AM de.ants.vsp.receiver.Datensenke logMessageSevere
SEVERE: team 07-18: Time: at Beginning of new Spot1435311689006
Jun 26, 2015 11:41:29 AM de.ants.vsp.receiver.Datensenke logMessageSevere
SEVERE: team 07-18: Time: after all Spots1435311690002
Jun 26, 2015 11:41:29 AM de.ants.vsp.receiver.Datensenke logMessageSevere
SEVERE: team 07-18: Receiver: team 07-18 Frames Send: 151 Frames not Send: 2
Jun 26, 2015 11:41:29 AM de.ants.vsp.receiver.Datensenke logMessageSevere
SEVERE: team 07-18: Time: at Beginning of new Spot1435311690008
Jun 26, 2015 11:41:30 AM de.ants.vsp.receiver.Datensenke logMessageSevere
SEVERE: team 07-18: Time: after all Spots1435311691001
Jun 26, 2015 11:41:30 AM de.ants.vsp.receiver.Datensenke logMessageSevere
SEVERE: team 07-18: Receiver: team 07-18 Frames Send: 152 Frames not Send: 2
Jun 26, 2015 11:41:30 AM de.ants.vsp.receiver.Datensenke logMessageSevere
SEVERE: team 07-18: Time: at Beginning of new Spot1435311691008
Jun 26, 2015 11:41:31 AM de.ants.vsp.receiver.Datensenke logMessageSevere
SEVERE: team 07-18: Time: after all Spots1435311692000
Jun 26, 2015 11:41:31 AM de.ants.vsp.receiver.Datensenke logMessageSevere
SEVERE: team 07-18: Receiver: team 07-18 Frames Send: 153 Frames not Send: 2
Jun 26, 2015 11:41:31 AM de.ants.vsp.receiver.Datensenke logMessageSevere
SEVERE: team 07-18: Time: at Beginning of new Spot1435311692005
Jun 26, 2015 11:41:32 AM de.ants.vsp.receiver.Datensenke logMessageSevere
SEVERE: team 07-18: Time: after all Spots1435311693002
Jun 26, 2015 11:41:32 AM de.ants.vsp.receiver.Datensenke logMessageSevere
SEVERE: team 07-18: Receiver: team 07-18 Frames Send: 154 Frames not Send: 2
Jun 26, 2015 11:41:32 AM de.ants.vsp.receiver.Datensenke logMessageSevere
SEVERE: team 07-18: Time: at Beginning of new Spot1435311693009
Jun 26, 2015 11:41:33 AM de.ants.vsp.receiver.Datensenke logMessageSevere
SEVERE: team 07-18: Time: after all Spots1435311694000
Jun 26, 2015 11:41:33 AM de.ants.vsp.receiver.Datensenke logMessageSevere
SEVERE: team 07-18: Receiver: team 07-18 Frames Send: 155 Frames not Send: 2
Jun 26, 2015 11:41:33 AM de.ants.vsp.receiver.Datensenke logMessageSevere
SEVERE: team 07-18: Time: at Beginning of new Spot1435311694007
Jun 26, 2015 11:41:34 AM de.ants.vsp.receiver.Datensenke logMessageSevere
SEVERE: team 07-18: Time: after all Spots1435311695002
Jun 26, 2015 11:41:34 AM de.ants.vsp.receiver.Datensenke logMessageSevere
SEVERE: team 07-18: Receiver: team 07-18 Frames Send: 156 Frames not Send: 2
Jun 26, 2015 11:41:34 AM de.ants.vsp.receiver.Datensenke logMessageSevere
SEVERE: team 07-18: Time: at Beginning of new Spot1435311695012
Jun 26, 2015 11:41:35 AM de.ants.vsp.receiver.Datensenke logMessageSevere
SEVERE: team 07-18: Time: after all Spots1435311696003
Jun 26, 2015 11:41:35 AM de.ants.vsp.receiver.Datensenke logMessageSevere
SEVERE: team 07-18: Receiver: team 07-18 Frames Send: 157 Frames not Send: 2
Jun 26, 2015 11:41:35 AM de.ants.vsp.receiver.Datensenke logMessageSevere
SEVERE: team 07-18: Time: at Beginning of new Spot1435311696009
Jun 26, 2015 11:41:36 AM de.ants.vsp.receiver.Datensenke logMessageSevere
SEVERE: team 07-18: Time: after all Spots1435311697001
Jun 26, 2015 11:41:36 AM de.ants.vsp.receiver.Datensenke logMessageSevere
SEVERE: team 07-18: Receiver: team 07-18 Frames Send: 158 Frames not Send: 2
Jun 26, 2015 11:41:36 AM de.ants.vsp.receiver.Datensenke logMessageSevere
SEVERE: team 07-18: Time: at Beginning of new Spot1435311697006
Jun 26, 2015 11:41:37 AM de.ants.vsp.receiver.Datensenke logMessageSevere
SEVERE: team 07-18: Time: after all Spots1435311698012
Jun 26, 2015 11:41:38 AM de.ants.vsp.receiver.Datensenke logMessageSevere
SEVERE: team 07-18: Receiver: team 07-18 Frames Send: 159 Frames not Send: 2
Jun 26, 2015 11:41:38 AM de.ants.vsp.receiver.Datensenke logMessageSevere
SEVERE: team 07-18: Time: at Beginning of new Spot1435311698031
Jun 26, 2015 11:41:38 AM de.ants.vsp.receiver.Datensenke logMessageSevere
SEVERE: team 07-18: Time: after all Spots1435311699001
Jun 26, 2015 11:41:38 AM de.ants.vsp.receiver.Datensenke logMessageSevere
SEVERE: team 07-18: Receiver: team 07-18 Frames Send: 160 Frames not Send: 2
Jun 26, 2015 11:41:38 AM de.ants.vsp.receiver.Datensenke logMessageSevere
SEVERE: team 07-18: Time: at Beginning of new Spot1435311699007
Jun 26, 2015 11:41:39 AM de.ants.vsp.receiver.Datensenke logMessageSevere
SEVERE: team 07-18: Time: after all Spots1435311700001
Jun 26, 2015 11:41:39 AM de.ants.vsp.receiver.Datensenke logMessageSevere
SEVERE: team 07-18: Receiver: team 07-18 Frames Send: 161 Frames not Send: 2
Jun 26, 2015 11:41:39 AM de.ants.vsp.receiver.Datensenke logMessageSevere
SEVERE: team 07-18: Time: at Beginning of new Spot1435311700006
Jun 26, 2015 11:41:40 AM de.ants.vsp.receiver.Datensenke logMessageSevere
SEVERE: team 07-18: Time: after all Spots1435311701013
Jun 26, 2015 11:41:40 AM de.ants.vsp.receiver.Datensenke logMessageSevere
SEVERE: team 07-18: Receiver: team 07-18 Frames Send: 162 Frames not Send: 2
Jun 26, 2015 11:41:40 AM de.ants.vsp.receiver.Datensenke logMessageSevere
SEVERE: team 07-18: Time: at Beginning of new Spot1435311701017
Jun 26, 2015 11:41:41 AM de.ants.vsp.receiver.Datensenke logMessageSevere
SEVERE: team 07-18: Time: after all Spots1435311702001
Jun 26, 2015 11:41:41 AM de.ants.vsp.receiver.Datensenke logMessageSevere
SEVERE: team 07-18: Receiver: team 07-18 Frames Send: 163 Frames not Send: 2
Jun 26, 2015 11:41:41 AM de.ants.vsp.receiver.Datensenke logMessageSevere
SEVERE: team 07-18: Time: at Beginning of new Spot1435311702006
Jun 26, 2015 11:41:42 AM de.ants.vsp.receiver.Datensenke logMessageSevere
SEVERE: team 07-18: Time: after all Spots1435311703002
Jun 26, 2015 11:41:42 AM de.ants.vsp.receiver.Datensenke logMessageSevere
SEVERE: team 07-18: Receiver: team 07-18 Frames Send: 164 Frames not Send: 2
Jun 26, 2015 11:41:42 AM de.ants.vsp.receiver.Datensenke logMessageSevere
SEVERE: team 07-18: Time: at Beginning of new Spot1435311703007
Jun 26, 2015 11:41:43 AM de.ants.vsp.receiver.Datensenke logMessageSevere
SEVERE: team 07-18: Time: after all Spots1435311704001
Jun 26, 2015 11:41:43 AM de.ants.vsp.receiver.Datensenke logMessageSevere
SEVERE: team 07-18: Receiver: team 07-18 Frames Send: 165 Frames not Send: 2
Jun 26, 2015 11:41:43 AM de.ants.vsp.receiver.Datensenke logMessageSevere
SEVERE: team 07-18: Time: at Beginning of new Spot1435311704008
Jun 26, 2015 11:41:44 AM de.ants.vsp.receiver.Datensenke logMessageSevere
SEVERE: team 07-18: Time: after all Spots1435311705001
Jun 26, 2015 11:41:44 AM de.ants.vsp.receiver.Datensenke logMessageSevere
SEVERE: team 07-18: Receiver: team 07-18 Frames Send: 166 Frames not Send: 2
Jun 26, 2015 11:41:45 AM de.ants.vsp.receiver.Datensenke logMessageSevere
SEVERE: team 07-18: Time: at Beginning of new Spot1435311705030
Jun 26, 2015 11:41:45 AM de.ants.vsp.receiver.Datensenke logMessageSevere
SEVERE: team 07-18: Time: after all Spots1435311706000
Jun 26, 2015 11:41:45 AM de.ants.vsp.receiver.Datensenke logMessageSevere
SEVERE: team 07-18: Receiver: team 07-18 Frames Send: 167 Frames not Send: 2
Jun 26, 2015 11:41:45 AM de.ants.vsp.receiver.Datensenke logMessageSevere
SEVERE: team 07-18: Time: at Beginning of new Spot1435311706008
Jun 26, 2015 11:41:46 AM de.ants.vsp.receiver.Datensenke logMessageSevere
SEVERE: team 07-18: Time: after all Spots1435311707000
Jun 26, 2015 11:41:46 AM de.ants.vsp.receiver.Datensenke logMessageSevere
SEVERE: team 07-18: Receiver: team 07-18 Frames Send: 168 Frames not Send: 2
Jun 26, 2015 11:41:46 AM de.ants.vsp.receiver.Datensenke logMessageSevere
SEVERE: team 07-18: Time: at Beginning of new Spot1435311707004
Jun 26, 2015 11:41:47 AM de.ants.vsp.receiver.Datensenke logMessageSevere
SEVERE: team 07-18: Time: after all Spots1435311708002
Jun 26, 2015 11:41:47 AM de.ants.vsp.receiver.Datensenke logMessageSevere
SEVERE: team 07-18: Receiver: team 07-18 Frames Send: 169 Frames not Send: 2
Jun 26, 2015 11:41:47 AM de.ants.vsp.receiver.Datensenke logMessageSevere
SEVERE: team 07-18: Time: at Beginning of new Spot1435311708006
Jun 26, 2015 11:41:48 AM de.ants.vsp.receiver.Datensenke logMessageSevere
SEVERE: team 07-18: Time: after all Spots1435311709000
Jun 26, 2015 11:41:48 AM de.ants.vsp.receiver.Datensenke logMessageSevere
SEVERE: team 07-18: Receiver: team 07-18 Frames Send: 170 Frames not Send: 2
Jun 26, 2015 11:41:48 AM de.ants.vsp.receiver.Datensenke logMessageSevere
SEVERE: team 07-18: Time: at Beginning of new Spot1435311709004
Jun 26, 2015 11:41:49 AM de.ants.vsp.receiver.Datensenke logMessageSevere
SEVERE: team 07-18: Time: after all Spots1435311710001
Jun 26, 2015 11:41:49 AM de.ants.vsp.receiver.Datensenke logMessageSevere
SEVERE: team 07-18: Receiver: team 07-18 Frames Send: 171 Frames not Send: 2
Jun 26, 2015 11:41:49 AM de.ants.vsp.receiver.Datensenke logMessageSevere
SEVERE: team 07-18: Time: at Beginning of new Spot1435311710007
Jun 26, 2015 11:41:50 AM de.ants.vsp.receiver.Datensenke logMessageSevere
SEVERE: team 07-18: Time: after all Spots1435311711000
Jun 26, 2015 11:41:50 AM de.ants.vsp.receiver.Datensenke logMessageSevere
SEVERE: team 07-18: Receiver: team 07-18 Frames Send: 172 Frames not Send: 2
Jun 26, 2015 11:41:50 AM de.ants.vsp.receiver.Datensenke logMessageSevere
SEVERE: team 07-18: Time: at Beginning of new Spot1435311711006
Jun 26, 2015 11:41:51 AM de.ants.vsp.receiver.Datensenke logMessageSevere
SEVERE: team 07-18: Time: after all Spots1435311712000
Jun 26, 2015 11:41:51 AM de.ants.vsp.receiver.Datensenke logMessageSevere
SEVERE: team 07-18: Receiver: team 07-18 Frames Send: 173 Frames not Send: 2
Jun 26, 2015 11:41:51 AM de.ants.vsp.receiver.Datensenke logMessageSevere
SEVERE: team 07-18: Time: at Beginning of new Spot1435311712005
Jun 26, 2015 11:41:52 AM de.ants.vsp.receiver.Datensenke logMessageSevere
SEVERE: team 07-18: Time: after all Spots1435311713001
Jun 26, 2015 11:41:52 AM de.ants.vsp.receiver.Datensenke logMessageSevere
SEVERE: team 07-18: Receiver: team 07-18 Frames Send: 174 Frames not Send: 2
Jun 26, 2015 11:41:52 AM de.ants.vsp.receiver.Datensenke logMessageSevere
SEVERE: team 07-18: Time: at Beginning of new Spot1435311713009
Jun 26, 2015 11:41:53 AM de.ants.vsp.receiver.Datensenke logMessageSevere
SEVERE: team 07-18: Time: after all Spots1435311714000
Jun 26, 2015 11:41:53 AM de.ants.vsp.receiver.Datensenke logMessageSevere
SEVERE: team 07-18: Receiver: team 07-18 Frames Send: 175 Frames not Send: 2
Jun 26, 2015 11:41:53 AM de.ants.vsp.receiver.Datensenke logMessageSevere
SEVERE: team 07-18: Time: at Beginning of new Spot1435311714005
Jun 26, 2015 11:41:54 AM de.ants.vsp.receiver.Datensenke logMessageSevere
SEVERE: team 07-18: Time: after all Spots1435311715000
Jun 26, 2015 11:41:54 AM de.ants.vsp.receiver.Datensenke logMessageSevere
SEVERE: team 07-18: Receiver: team 07-18 Frames Send: 176 Frames not Send: 2
Jun 26, 2015 11:41:54 AM de.ants.vsp.receiver.Datensenke logMessageSevere
SEVERE: team 07-18: Time: at Beginning of new Spot1435311715003
Jun 26, 2015 11:41:55 AM de.ants.vsp.receiver.Datensenke logMessageSevere
SEVERE: team 07-18: Time: after all Spots1435311716000
Jun 26, 2015 11:41:55 AM de.ants.vsp.receiver.Datensenke logMessageSevere
SEVERE: team 07-18: Receiver: team 07-18 Frames Send: 177 Frames not Send: 2
Jun 26, 2015 11:41:55 AM de.ants.vsp.receiver.Datensenke logMessageSevere
SEVERE: team 07-18: Time: at Beginning of new Spot1435311716004
Jun 26, 2015 11:41:56 AM de.ants.vsp.receiver.Datensenke logMessageSevere
SEVERE: team 07-18: Time: after all Spots1435311717000
Jun 26, 2015 11:41:56 AM de.ants.vsp.receiver.Datensenke logMessageSevere
SEVERE: team 07-18: Receiver: team 07-18 Frames Send: 178 Frames not Send: 2
Jun 26, 2015 11:41:56 AM de.ants.vsp.receiver.Datensenke logMessageSevere
SEVERE: team 07-18: Time: at Beginning of new Spot1435311717005
Jun 26, 2015 11:41:57 AM de.ants.vsp.receiver.Datensenke logMessageSevere
SEVERE: team 07-18: Time: after all Spots1435311718000
Jun 26, 2015 11:41:57 AM de.ants.vsp.receiver.Datensenke logMessageSevere
SEVERE: team 07-18: Receiver: team 07-18 Frames Send: 179 Frames not Send: 2
Jun 26, 2015 11:41:57 AM de.ants.vsp.receiver.Datensenke logMessageSevere
SEVERE: team 07-18: Time: at Beginning of new Spot1435311718005
Jun 26, 2015 11:41:58 AM de.ants.vsp.receiver.Datensenke logMessageSevere
SEVERE: team 07-18: Time: after all Spots1435311719001
Jun 26, 2015 11:41:58 AM de.ants.vsp.receiver.Datensenke logMessageSevere
SEVERE: team 07-18: Receiver: team 07-18 Frames Send: 180 Frames not Send: 2
Jun 26, 2015 11:41:58 AM de.ants.vsp.receiver.Datensenke logMessageSevere
SEVERE: team 07-18: Time: at Beginning of new Spot1435311719005
Jun 26, 2015 11:41:59 AM de.ants.vsp.receiver.Datensenke logMessageSevere
SEVERE: team 07-18: Time: after all Spots1435311720001
Jun 26, 2015 11:41:59 AM de.ants.vsp.receiver.Datensenke logMessageSevere
SEVERE: team 07-18: Receiver: team 07-18 Frames Send: 181 Frames not Send: 2
Jun 26, 2015 11:41:59 AM de.ants.vsp.receiver.Datensenke logMessageSevere
SEVERE: team 07-18: Time: at Beginning of new Spot1435311720006
Jun 26, 2015 11:42:00 AM de.ants.vsp.receiver.Datensenke logMessageSevere
SEVERE: team 07-18: Time: after all Spots1435311721000
Jun 26, 2015 11:42:00 AM de.ants.vsp.receiver.Datensenke logMessageSevere
SEVERE: team 07-18: Receiver: team 07-18 Frames Send: 182 Frames not Send: 2
Jun 26, 2015 11:42:00 AM de.ants.vsp.receiver.Datensenke logMessageSevere
SEVERE: team 07-18: Time: at Beginning of new Spot1435311721005
Jun 26, 2015 11:42:01 AM de.ants.vsp.receiver.Datensenke logMessageSevere
SEVERE: team 07-18: Time: after all Spots1435311722000
Jun 26, 2015 11:42:01 AM de.ants.vsp.receiver.Datensenke logMessageSevere
SEVERE: team 07-18: Receiver: team 07-18 Frames Send: 183 Frames not Send: 2
Jun 26, 2015 11:42:01 AM de.ants.vsp.receiver.Datensenke logMessageSevere
SEVERE: team 07-18: Time: at Beginning of new Spot1435311722005
Jun 26, 2015 11:42:02 AM de.ants.vsp.receiver.Datensenke logMessageSevere
SEVERE: team 07-18: Time: after all Spots1435311723000
Jun 26, 2015 11:42:02 AM de.ants.vsp.receiver.Datensenke logMessageSevere
SEVERE: team 07-18: Receiver: team 07-18 Frames Send: 184 Frames not Send: 2
Jun 26, 2015 11:42:02 AM de.ants.vsp.receiver.Datensenke logMessageSevere
SEVERE: team 07-18: Time: at Beginning of new Spot1435311723005
Jun 26, 2015 11:42:03 AM de.ants.vsp.receiver.Datensenke logMessageSevere
SEVERE: team 07-18: Time: after all Spots1435311724000
Jun 26, 2015 11:42:03 AM de.ants.vsp.receiver.Datensenke logMessageSevere
SEVERE: team 07-18: Receiver: team 07-18 Frames Send: 185 Frames not Send: 2
Jun 26, 2015 11:42:03 AM de.ants.vsp.receiver.Datensenke logMessageSevere
SEVERE: team 07-18: Time: at Beginning of new Spot1435311724004
Jun 26, 2015 11:42:04 AM de.ants.vsp.receiver.Datensenke logMessageSevere
SEVERE: team 07-18: Time: after all Spots1435311725000
Jun 26, 2015 11:42:04 AM de.ants.vsp.receiver.Datensenke logMessageSevere
SEVERE: team 07-18: Receiver: team 07-18 Frames Send: 186 Frames not Send: 2
Jun 26, 2015 11:42:04 AM de.ants.vsp.receiver.Datensenke logMessageSevere
SEVERE: team 07-18: Time: at Beginning of new Spot1435311725006
Jun 26, 2015 11:42:05 AM de.ants.vsp.receiver.Datensenke logMessageSevere
SEVERE: team 07-18: Time: after all Spots1435311726000
Jun 26, 2015 11:42:05 AM de.ants.vsp.receiver.Datensenke logMessageSevere
SEVERE: team 07-18: Receiver: team 07-18 Frames Send: 187 Frames not Send: 2
Jun 26, 2015 11:42:05 AM de.ants.vsp.receiver.Datensenke logMessageSevere
SEVERE: team 07-18: Time: at Beginning of new Spot1435311726004
Jun 26, 2015 11:42:06 AM de.ants.vsp.receiver.Datensenke logMessageSevere
SEVERE: team 07-18: Time: after all Spots1435311727000
Jun 26, 2015 11:42:06 AM de.ants.vsp.receiver.Datensenke logMessageSevere
SEVERE: team 07-18: Receiver: team 07-18 Frames Send: 188 Frames not Send: 2
Jun 26, 2015 11:42:06 AM de.ants.vsp.receiver.Datensenke logMessageSevere
SEVERE: team 07-18: Time: at Beginning of new Spot1435311727004
Jun 26, 2015 11:42:07 AM de.ants.vsp.receiver.Datensenke logMessageSevere
SEVERE: team 07-18: Time: after all Spots1435311728000
Jun 26, 2015 11:42:07 AM de.ants.vsp.receiver.Datensenke logMessageSevere
SEVERE: team 07-18: Receiver: team 07-18 Frames Send: 189 Frames not Send: 2
Jun 26, 2015 11:42:07 AM de.ants.vsp.receiver.Datensenke logMessageSevere
SEVERE: team 07-18: Time: at Beginning of new Spot1435311728007
Jun 26, 2015 11:42:08 AM de.ants.vsp.receiver.Datensenke logMessageSevere
SEVERE: team 07-18: Time: after all Spots1435311729000
Jun 26, 2015 11:42:08 AM de.ants.vsp.receiver.Datensenke logMessageSevere
SEVERE: team 07-18: Receiver: team 07-18 Frames Send: 190 Frames not Send: 2
Jun 26, 2015 11:42:08 AM de.ants.vsp.receiver.Datensenke logMessageSevere
SEVERE: team 07-18: Time: at Beginning of new Spot1435311729009
Jun 26, 2015 11:42:09 AM de.ants.vsp.receiver.Datensenke logMessageSevere
SEVERE: team 07-18: Time: after all Spots1435311730000
Jun 26, 2015 11:42:09 AM de.ants.vsp.receiver.Datensenke logMessageSevere
SEVERE: team 07-18: Receiver: team 07-18 Frames Send: 191 Frames not Send: 2
Jun 26, 2015 11:42:09 AM de.ants.vsp.receiver.Datensenke logMessageSevere
SEVERE: team 07-18: Time: at Beginning of new Spot1435311730004
Jun 26, 2015 11:42:10 AM de.ants.vsp.receiver.Datensenke logMessageSevere
SEVERE: team 07-18: Time: after all Spots1435311731000
Jun 26, 2015 11:42:10 AM de.ants.vsp.receiver.Datensenke logMessageSevere
SEVERE: team 07-18: Receiver: team 07-18 Frames Send: 192 Frames not Send: 2
Jun 26, 2015 11:42:10 AM de.ants.vsp.receiver.Datensenke logMessageSevere
SEVERE: team 07-18: Time: at Beginning of new Spot1435311731009
Jun 26, 2015 11:42:11 AM de.ants.vsp.receiver.Datensenke logMessageSevere
SEVERE: team 07-18: Time: after all Spots1435311732000
Jun 26, 2015 11:42:11 AM de.ants.vsp.receiver.Datensenke logMessageSevere
SEVERE: team 07-18: Receiver: team 07-18 Frames Send: 193 Frames not Send: 2
Jun 26, 2015 11:42:11 AM de.ants.vsp.receiver.Datensenke logMessageSevere
SEVERE: team 07-18: Time: at Beginning of new Spot1435311732005
Jun 26, 2015 11:42:12 AM de.ants.vsp.receiver.Datensenke logMessageSevere
SEVERE: team 07-18: Time: after all Spots1435311733000
Jun 26, 2015 11:42:12 AM de.ants.vsp.receiver.Datensenke logMessageSevere
SEVERE: team 07-18: Receiver: team 07-18 Frames Send: 194 Frames not Send: 2
Jun 26, 2015 11:42:12 AM de.ants.vsp.receiver.Datensenke logMessageSevere
SEVERE: team 07-18: Time: at Beginning of new Spot1435311733004
Jun 26, 2015 11:42:13 AM de.ants.vsp.receiver.Datensenke logMessageSevere
SEVERE: team 07-18: Time: after all Spots1435311734001
Jun 26, 2015 11:42:13 AM de.ants.vsp.receiver.Datensenke logMessageSevere
SEVERE: team 07-18: Receiver: team 07-18 Frames Send: 195 Frames not Send: 2
Jun 26, 2015 11:42:13 AM de.ants.vsp.receiver.Datensenke logMessageSevere
SEVERE: team 07-18: Time: at Beginning of new Spot1435311734006
Jun 26, 2015 11:42:14 AM de.ants.vsp.receiver.Datensenke logMessageSevere
SEVERE: team 07-18: Time: after all Spots1435311735001
Jun 26, 2015 11:42:14 AM de.ants.vsp.receiver.Datensenke logMessageSevere
SEVERE: team 07-18: Receiver: team 07-18 Frames Send: 196 Frames not Send: 2
Jun 26, 2015 11:42:14 AM de.ants.vsp.receiver.Datensenke logMessageSevere
SEVERE: team 07-18: Time: at Beginning of new Spot1435311735006
Jun 26, 2015 11:42:15 AM de.ants.vsp.receiver.Datensenke logMessageSevere
SEVERE: team 07-18: Time: after all Spots1435311736001
Jun 26, 2015 11:42:15 AM de.ants.vsp.receiver.Datensenke logMessageSevere
SEVERE: team 07-18: Receiver: team 07-18 Frames Send: 197 Frames not Send: 2
Jun 26, 2015 11:42:15 AM de.ants.vsp.receiver.Datensenke logMessageSevere
SEVERE: team 07-18: Time: at Beginning of new Spot1435311736005
Jun 26, 2015 11:42:16 AM de.ants.vsp.receiver.Datensenke logMessageSevere
SEVERE: team 07-18: Time: after all Spots1435311737001
Jun 26, 2015 11:42:16 AM de.ants.vsp.receiver.Datensenke logMessageSevere
SEVERE: team 07-18: Receiver: team 07-18 Frames Send: 198 Frames not Send: 2
Jun 26, 2015 11:42:16 AM de.ants.vsp.receiver.Datensenke logMessageSevere
SEVERE: team 07-18: Time: at Beginning of new Spot1435311737005
Jun 26, 2015 11:42:17 AM de.ants.vsp.receiver.Datensenke logMessageSevere
SEVERE: team 07-18: Time: after all Spots1435311738000
Jun 26, 2015 11:42:17 AM de.ants.vsp.receiver.Datensenke logMessageSevere
SEVERE: team 07-18: Receiver: team 07-18 Frames Send: 199 Frames not Send: 2
Jun 26, 2015 11:42:17 AM de.ants.vsp.receiver.Datensenke logMessageSevere
SEVERE: team 07-18: Time: at Beginning of new Spot1435311738004
Jun 26, 2015 11:42:18 AM de.ants.vsp.receiver.Datensenke logMessageSevere
SEVERE: team 07-18: Time: after all Spots1435311739000
Jun 26, 2015 11:42:18 AM de.ants.vsp.receiver.Datensenke logMessageSevere
SEVERE: team 07-18: Receiver: team 07-18 Frames Send: 200 Frames not Send: 2
Jun 26, 2015 11:42:18 AM de.ants.vsp.receiver.Datensenke logMessageSevere
SEVERE: team 07-18: Time: at Beginning of new Spot1435311739006
Jun 26, 2015 11:42:19 AM de.ants.vsp.receiver.Datensenke logMessageSevere
SEVERE: team 07-18: Time: after all Spots1435311740000
Jun 26, 2015 11:42:19 AM de.ants.vsp.receiver.Datensenke logMessageSevere
SEVERE: team 07-18: Receiver: team 07-18 Frames Send: 201 Frames not Send: 2
Jun 26, 2015 11:42:19 AM de.ants.vsp.receiver.Datensenke logMessageSevere
SEVERE: team 07-18: Time: at Beginning of new Spot1435311740016
Jun 26, 2015 11:42:20 AM de.ants.vsp.receiver.Datensenke logMessageSevere
SEVERE: team 07-18: Time: after all Spots1435311741000
Jun 26, 2015 11:42:20 AM de.ants.vsp.receiver.Datensenke logMessageSevere
SEVERE: team 07-18: Receiver: team 07-18 Frames Send: 202 Frames not Send: 2
Jun 26, 2015 11:42:20 AM de.ants.vsp.receiver.Datensenke logMessageSevere
SEVERE: team 07-18: Time: at Beginning of new Spot1435311741005
Jun 26, 2015 11:42:21 AM de.ants.vsp.receiver.Datensenke logMessageSevere
SEVERE: team 07-18: Time: after all Spots1435311742000
Jun 26, 2015 11:42:21 AM de.ants.vsp.receiver.Datensenke logMessageSevere
SEVERE: team 07-18: Receiver: team 07-18 Frames Send: 203 Frames not Send: 2
Jun 26, 2015 11:42:21 AM de.ants.vsp.receiver.Datensenke logMessageSevere
SEVERE: team 07-18: Time: at Beginning of new Spot1435311742005
Jun 26, 2015 11:42:22 AM de.ants.vsp.receiver.Datensenke logMessageSevere
SEVERE: team 07-18: Time: after all Spots1435311743000
Jun 26, 2015 11:42:22 AM de.ants.vsp.receiver.Datensenke logMessageSevere
SEVERE: team 07-18: Receiver: team 07-18 Frames Send: 204 Frames not Send: 2
Jun 26, 2015 11:42:22 AM de.ants.vsp.receiver.Datensenke logMessageSevere
SEVERE: team 07-18: Time: at Beginning of new Spot1435311743004
Jun 26, 2015 11:42:23 AM de.ants.vsp.receiver.Datensenke logMessageSevere
SEVERE: team 07-18: Time: after all Spots1435311744000
Jun 26, 2015 11:42:23 AM de.ants.vsp.receiver.Datensenke logMessageSevere
SEVERE: team 07-18: Receiver: team 07-18 Frames Send: 205 Frames not Send: 2
Jun 26, 2015 11:42:23 AM de.ants.vsp.receiver.Datensenke logMessageSevere
SEVERE: team 07-18: Time: at Beginning of new Spot1435311744004
Jun 26, 2015 11:42:24 AM de.ants.vsp.receiver.Datensenke logMessageSevere
SEVERE: team 07-18: Time: after all Spots1435311745001
Jun 26, 2015 11:42:24 AM de.ants.vsp.receiver.Datensenke logMessageSevere
SEVERE: team 07-18: Receiver: team 07-18 Frames Send: 206 Frames not Send: 2
Jun 26, 2015 11:42:24 AM de.ants.vsp.receiver.Datensenke logMessageSevere
SEVERE: team 07-18: Time: at Beginning of new Spot1435311745006
Jun 26, 2015 11:42:25 AM de.ants.vsp.receiver.Datensenke logMessageSevere
SEVERE: team 07-18: Time: after all Spots1435311746001
Jun 26, 2015 11:42:25 AM de.ants.vsp.receiver.Datensenke logMessageSevere
SEVERE: team 07-18: Receiver: team 07-18 Frames Send: 207 Frames not Send: 2
Jun 26, 2015 11:42:25 AM de.ants.vsp.receiver.Datensenke logMessageSevere
SEVERE: team 07-18: Time: at Beginning of new Spot1435311746007
Jun 26, 2015 11:42:26 AM de.ants.vsp.receiver.Datensenke logMessageSevere
SEVERE: team 07-18: Time: after all Spots1435311747002
Jun 26, 2015 11:42:26 AM de.ants.vsp.receiver.Datensenke logMessageSevere
SEVERE: team 07-18: Receiver: team 07-18 Frames Send: 208 Frames not Send: 2
Jun 26, 2015 11:42:26 AM de.ants.vsp.receiver.Datensenke logMessageSevere
SEVERE: team 07-18: Time: at Beginning of new Spot1435311747015
Jun 26, 2015 11:42:27 AM de.ants.vsp.receiver.Datensenke logMessageSevere
SEVERE: team 07-18: Time: after all Spots1435311748001
Jun 26, 2015 11:42:27 AM de.ants.vsp.receiver.Datensenke logMessageSevere
SEVERE: team 07-18: Receiver: team 07-18 Frames Send: 209 Frames not Send: 2
Jun 26, 2015 11:42:27 AM de.ants.vsp.receiver.Datensenke logMessageSevere
SEVERE: team 07-18: Time: at Beginning of new Spot1435311748021
Jun 26, 2015 11:42:28 AM de.ants.vsp.receiver.Datensenke logMessageSevere
SEVERE: team 07-18: Time: after all Spots1435311749000
Jun 26, 2015 11:42:28 AM de.ants.vsp.receiver.Datensenke logMessageSevere
SEVERE: team 07-18: Receiver: team 07-18 Frames Send: 210 Frames not Send: 2
Jun 26, 2015 11:42:28 AM de.ants.vsp.receiver.Datensenke logMessageSevere
SEVERE: team 07-18: Time: at Beginning of new Spot1435311749004
Jun 26, 2015 11:42:29 AM de.ants.vsp.receiver.Datensenke logMessageSevere
SEVERE: team 07-18: Time: after all Spots1435311750000
Jun 26, 2015 11:42:29 AM de.ants.vsp.receiver.Datensenke logMessageSevere
SEVERE: team 07-18: Receiver: team 07-18 Frames Send: 211 Frames not Send: 2
Jun 26, 2015 11:42:29 AM de.ants.vsp.receiver.Datensenke logMessageSevere
SEVERE: team 07-18: Time: at Beginning of new Spot1435311750004
Jun 26, 2015 11:42:30 AM de.ants.vsp.receiver.Datensenke logMessageSevere
SEVERE: team 07-18: Time: after all Spots1435311751000
Jun 26, 2015 11:42:30 AM de.ants.vsp.receiver.Datensenke logMessageSevere
SEVERE: team 07-18: Receiver: team 07-18 Frames Send: 212 Frames not Send: 2
Jun 26, 2015 11:42:30 AM de.ants.vsp.receiver.Datensenke logMessageSevere
SEVERE: team 07-18: Time: at Beginning of new Spot1435311751004
Jun 26, 2015 11:42:32 AM de.ants.vsp.receiver.Datensenke logMessageSevere
SEVERE: team 07-18: Time: after all Spots1435311752066
Jun 26, 2015 11:42:32 AM de.ants.vsp.receiver.Datensenke logMessageSevere
SEVERE: team 07-18: Receiver: team 07-18 Frames Send: 213 Frames not Send: 2
Jun 26, 2015 11:42:32 AM de.ants.vsp.receiver.Datensenke logMessageSevere
SEVERE: team 07-18: Time: at Beginning of new Spot1435311752070
Jun 26, 2015 11:42:32 AM de.ants.vsp.receiver.Datensenke logMessageSevere
SEVERE: team 07-18: Time: after all Spots1435311753001
Jun 26, 2015 11:42:32 AM de.ants.vsp.receiver.Datensenke logMessageSevere
SEVERE: team 07-18: Receiver: team 07-18 Frames Send: 214 Frames not Send: 2
Jun 26, 2015 11:42:32 AM de.ants.vsp.receiver.Datensenke logMessageSevere
SEVERE: team 07-18: Time: at Beginning of new Spot1435311753005
Jun 26, 2015 11:42:33 AM de.ants.vsp.receiver.Datensenke logMessageSevere
SEVERE: team 07-18: Time: after all Spots1435311754002
Jun 26, 2015 11:42:33 AM de.ants.vsp.receiver.Datensenke logMessageSevere
SEVERE: team 07-18: Receiver: team 07-18 Frames Send: 215 Frames not Send: 2
Jun 26, 2015 11:42:33 AM de.ants.vsp.receiver.Datensenke logMessageSevere
SEVERE: team 07-18: Time: at Beginning of new Spot1435311754006
Jun 26, 2015 11:42:34 AM de.ants.vsp.receiver.Datensenke logMessageSevere
SEVERE: team 07-18: Time: after all Spots1435311755001
Jun 26, 2015 11:42:34 AM de.ants.vsp.receiver.Datensenke logMessageSevere
SEVERE: team 07-18: Receiver: team 07-18 Frames Send: 216 Frames not Send: 2
Jun 26, 2015 11:42:34 AM de.ants.vsp.receiver.Datensenke logMessageSevere
SEVERE: team 07-18: Time: at Beginning of new Spot1435311755005
Jun 26, 2015 11:42:35 AM de.ants.vsp.receiver.Datensenke logMessageSevere
SEVERE: team 07-18: Time: after all Spots1435311756000
Jun 26, 2015 11:42:35 AM de.ants.vsp.receiver.Datensenke logMessageSevere
SEVERE: team 07-18: Receiver: team 07-18 Frames Send: 217 Frames not Send: 2
Jun 26, 2015 11:42:35 AM de.ants.vsp.receiver.Datensenke logMessageSevere
SEVERE: team 07-18: Time: at Beginning of new Spot1435311756006
Jun 26, 2015 11:42:36 AM de.ants.vsp.receiver.Datensenke logMessageSevere
SEVERE: team 07-18: Time: after all Spots1435311757000
Jun 26, 2015 11:42:36 AM de.ants.vsp.receiver.Datensenke logMessageSevere
SEVERE: team 07-18: Receiver: team 07-18 Frames Send: 218 Frames not Send: 2
Jun 26, 2015 11:42:36 AM de.ants.vsp.receiver.Datensenke logMessageSevere
SEVERE: team 07-18: Time: at Beginning of new Spot1435311757005
