Jun 26, 2015 11:38:57 AM de.ants.vsp.receiver.Datensenke logMessageSevere
SEVERE: team 07-20: Time: at Beginning of new Spot1435311537007
Jun 26, 2015 11:38:57 AM de.ants.vsp.receiver.Datensenke logCollision
SEVERE: team 07-20: Kollision erkannt (unbeteiligt) im Spot: 25
Jun 26, 2015 11:38:58 AM de.ants.vsp.receiver.Datensenke logMessageSevere
SEVERE: team 07-20: Time: after all Spots1435311538010
Jun 26, 2015 11:38:58 AM de.ants.vsp.receiver.Datensenke logMessageSevere
SEVERE: team 07-20: has not send! 22 will be the next...
Jun 26, 2015 11:38:58 AM de.ants.vsp.receiver.Datensenke logMessageSevere
SEVERE: team 07-20: Receiver: team 07-20 Frames Send: 0 Frames not Send: 1
Jun 26, 2015 11:38:58 AM de.ants.vsp.receiver.Datensenke logMessageSevere
SEVERE: team 07-20: Time: at Beginning of new Spot1435311538041
Jun 26, 2015 11:38:58 AM de.ants.vsp.receiver.Datensenke logCollision
SEVERE: team 07-20: Kollision erkannt (selbst beteiligt) im Spot: 22
Jun 26, 2015 11:38:59 AM de.ants.vsp.receiver.Datensenke logMessageSevere
SEVERE: team 07-20: Time: after all Spots1435311539080
Jun 26, 2015 11:38:59 AM de.ants.vsp.receiver.Datensenke logMessageSevere
SEVERE: team 07-20: has not send! 22 will be the next...
Jun 26, 2015 11:38:59 AM de.ants.vsp.receiver.Datensenke logMessageSevere
SEVERE: team 07-20: Receiver: team 07-20 Frames Send: 0 Frames not Send: 2
Jun 26, 2015 11:38:59 AM de.ants.vsp.receiver.Datensenke logMessageSevere
SEVERE: team 07-20: Time: at Beginning of new Spot1435311539096
Jun 26, 2015 11:38:59 AM de.ants.vsp.receiver.Datensenke logCollision
SEVERE: team 07-20: Kollision erkannt (unbeteiligt) im Spot: 20
Jun 26, 2015 11:38:59 AM de.ants.vsp.receiver.Datensenke logCollision
SEVERE: team 07-20: Kollision erkannt (selbst beteiligt) im Spot: 22
Jun 26, 2015 11:38:59 AM de.ants.vsp.receiver.Datensenke logMessageSevere
SEVERE: team 07-20: Time: after all Spots1435311540000
Jun 26, 2015 11:38:59 AM de.ants.vsp.receiver.Datensenke logMessageSevere
SEVERE: team 07-20: has not send! 21 will be the next...
Jun 26, 2015 11:38:59 AM de.ants.vsp.receiver.Datensenke logMessageSevere
SEVERE: team 07-20: Receiver: team 07-20 Frames Send: 0 Frames not Send: 3
Jun 26, 2015 11:38:59 AM de.ants.vsp.receiver.Datensenke logMessageSevere
SEVERE: team 07-20: Time: at Beginning of new Spot1435311540010
Jun 26, 2015 11:39:00 AM de.ants.vsp.receiver.Datensenke logCollision
SEVERE: team 07-20: Kollision erkannt (selbst beteiligt) im Spot: 21
Jun 26, 2015 11:39:00 AM de.ants.vsp.receiver.Datensenke logCollision
SEVERE: team 07-20: Kollision erkannt (unbeteiligt) im Spot: 25
Jun 26, 2015 11:39:00 AM de.ants.vsp.receiver.Datensenke logMessageSevere
SEVERE: team 07-20: Time: after all Spots1435311541004
Jun 26, 2015 11:39:00 AM de.ants.vsp.receiver.Datensenke logMessageSevere
SEVERE: team 07-20: has not send! 25 will be the next...
Jun 26, 2015 11:39:01 AM de.ants.vsp.receiver.Datensenke logMessageSevere
SEVERE: team 07-20: Receiver: team 07-20 Frames Send: 0 Frames not Send: 4
Jun 26, 2015 11:39:01 AM de.ants.vsp.receiver.Datensenke logMessageSevere
SEVERE: team 07-20: Time: at Beginning of new Spot1435311541035
Jun 26, 2015 11:39:01 AM de.ants.vsp.receiver.Datensenke logMessageSevere
SEVERE: team 07-20: Time: after all Spots1435311542002
Jun 26, 2015 11:39:01 AM de.ants.vsp.receiver.Datensenke logMessageSevere
SEVERE: team 07-20: Receiver: team 07-20 Frames Send: 1 Frames not Send: 4
Jun 26, 2015 11:39:01 AM de.ants.vsp.receiver.Datensenke logMessageSevere
SEVERE: team 07-20: Time: at Beginning of new Spot1435311542015
Jun 26, 2015 11:39:02 AM de.ants.vsp.receiver.Datensenke logMessageSevere
SEVERE: team 07-20: Time: after all Spots1435311543003
Jun 26, 2015 11:39:03 AM de.ants.vsp.receiver.Datensenke logMessageSevere
SEVERE: team 07-20: Receiver: team 07-20 Frames Send: 2 Frames not Send: 4
Jun 26, 2015 11:39:03 AM de.ants.vsp.receiver.Datensenke logMessageSevere
SEVERE: team 07-20: Time: at Beginning of new Spot1435311543023
Jun 26, 2015 11:39:03 AM de.ants.vsp.receiver.Datensenke logMessageSevere
SEVERE: team 07-20: Time: after all Spots1435311544000
Jun 26, 2015 11:39:03 AM de.ants.vsp.receiver.Datensenke logMessageSevere
SEVERE: team 07-20: Receiver: team 07-20 Frames Send: 3 Frames not Send: 4
Jun 26, 2015 11:39:03 AM de.ants.vsp.receiver.Datensenke logMessageSevere
SEVERE: team 07-20: Time: at Beginning of new Spot1435311544011
Jun 26, 2015 11:39:04 AM de.ants.vsp.receiver.Datensenke logMessageSevere
SEVERE: team 07-20: Time: after all Spots1435311545001
Jun 26, 2015 11:39:04 AM de.ants.vsp.receiver.Datensenke logMessageSevere
SEVERE: team 07-20: Receiver: team 07-20 Frames Send: 4 Frames not Send: 4
Jun 26, 2015 11:39:04 AM de.ants.vsp.receiver.Datensenke logMessageSevere
SEVERE: team 07-20: Time: at Beginning of new Spot1435311545013
Jun 26, 2015 11:39:05 AM de.ants.vsp.receiver.Datensenke logMessageSevere
SEVERE: team 07-20: Time: after all Spots1435311546001
Jun 26, 2015 11:39:05 AM de.ants.vsp.receiver.Datensenke logMessageSevere
SEVERE: team 07-20: Receiver: team 07-20 Frames Send: 5 Frames not Send: 4
Jun 26, 2015 11:39:05 AM de.ants.vsp.receiver.Datensenke logMessageSevere
SEVERE: team 07-20: Time: at Beginning of new Spot1435311546013
Jun 26, 2015 11:39:06 AM de.ants.vsp.receiver.Datensenke logMessageSevere
SEVERE: team 07-20: Time: after all Spots1435311547011
Jun 26, 2015 11:39:06 AM de.ants.vsp.receiver.Datensenke logMessageSevere
SEVERE: team 07-20: Receiver: team 07-20 Frames Send: 6 Frames not Send: 4
Jun 26, 2015 11:39:07 AM de.ants.vsp.receiver.Datensenke logMessageSevere
SEVERE: team 07-20: Time: at Beginning of new Spot1435311547045
Jun 26, 2015 11:39:08 AM de.ants.vsp.receiver.Datensenke logMessageSevere
SEVERE: team 07-20: Time: after all Spots1435311548022
Jun 26, 2015 11:39:08 AM de.ants.vsp.receiver.Datensenke logMessageSevere
SEVERE: team 07-20: Receiver: team 07-20 Frames Send: 7 Frames not Send: 4
Jun 26, 2015 11:39:08 AM de.ants.vsp.receiver.Datensenke logMessageSevere
SEVERE: team 07-20: Time: at Beginning of new Spot1435311548026
Jun 26, 2015 11:39:08 AM de.ants.vsp.receiver.Datensenke logMessageSevere
SEVERE: team 07-20: Time: after all Spots1435311549000
Jun 26, 2015 11:39:08 AM de.ants.vsp.receiver.Datensenke logMessageSevere
SEVERE: team 07-20: Receiver: team 07-20 Frames Send: 8 Frames not Send: 4
Jun 26, 2015 11:39:08 AM de.ants.vsp.receiver.Datensenke logMessageSevere
SEVERE: team 07-20: Time: at Beginning of new Spot1435311549009
Jun 26, 2015 11:39:09 AM de.ants.vsp.receiver.Datensenke logMessageSevere
SEVERE: team 07-20: Time: after all Spots1435311550002
Jun 26, 2015 11:39:09 AM de.ants.vsp.receiver.Datensenke logMessageSevere
SEVERE: team 07-20: Receiver: team 07-20 Frames Send: 9 Frames not Send: 4
Jun 26, 2015 11:39:10 AM de.ants.vsp.receiver.Datensenke logMessageSevere
SEVERE: team 07-20: Time: at Beginning of new Spot1435311550022
Jun 26, 2015 11:39:11 AM de.ants.vsp.receiver.Datensenke logMessageSevere
SEVERE: team 07-20: Time: after all Spots1435311551023
Jun 26, 2015 11:39:11 AM de.ants.vsp.receiver.Datensenke logMessageSevere
SEVERE: team 07-20: Receiver: team 07-20 Frames Send: 10 Frames not Send: 4
Jun 26, 2015 11:39:11 AM de.ants.vsp.receiver.Datensenke logMessageSevere
SEVERE: team 07-20: Time: at Beginning of new Spot1435311551031
Jun 26, 2015 11:39:11 AM de.ants.vsp.receiver.Datensenke logMessageSevere
SEVERE: team 07-20: Time: after all Spots1435311552011
Jun 26, 2015 11:39:11 AM de.ants.vsp.receiver.Datensenke logMessageSevere
SEVERE: team 07-20: Receiver: team 07-20 Frames Send: 11 Frames not Send: 4
Jun 26, 2015 11:39:11 AM de.ants.vsp.receiver.Datensenke logMessageSevere
SEVERE: team 07-20: Time: at Beginning of new Spot1435311552016
Jun 26, 2015 11:39:12 AM de.ants.vsp.receiver.Datensenke logMessageSevere
SEVERE: team 07-20: Time: after all Spots1435311553015
Jun 26, 2015 11:39:12 AM de.ants.vsp.receiver.Datensenke logMessageSevere
SEVERE: team 07-20: Receiver: team 07-20 Frames Send: 12 Frames not Send: 4
Jun 26, 2015 11:39:13 AM de.ants.vsp.receiver.Datensenke logMessageSevere
SEVERE: team 07-20: Time: at Beginning of new Spot1435311553022
Jun 26, 2015 11:39:13 AM de.ants.vsp.receiver.Datensenke logMessageSevere
SEVERE: team 07-20: Time: after all Spots1435311554000
Jun 26, 2015 11:39:13 AM de.ants.vsp.receiver.Datensenke logMessageSevere
SEVERE: team 07-20: Receiver: team 07-20 Frames Send: 13 Frames not Send: 4
Jun 26, 2015 11:39:13 AM de.ants.vsp.receiver.Datensenke logMessageSevere
SEVERE: team 07-20: Time: at Beginning of new Spot1435311554015
Jun 26, 2015 11:39:14 AM de.ants.vsp.receiver.Datensenke logMessageSevere
SEVERE: team 07-20: Time: after all Spots1435311555016
Jun 26, 2015 11:39:14 AM de.ants.vsp.receiver.Datensenke logMessageSevere
SEVERE: team 07-20: Receiver: team 07-20 Frames Send: 14 Frames not Send: 4
Jun 26, 2015 11:39:14 AM de.ants.vsp.receiver.Datensenke logMessageSevere
SEVERE: team 07-20: Time: at Beginning of new Spot1435311555019
Jun 26, 2015 11:39:15 AM de.ants.vsp.receiver.Datensenke logMessageSevere
SEVERE: team 07-20: Time: after all Spots1435311556004
Jun 26, 2015 11:39:15 AM de.ants.vsp.receiver.Datensenke logMessageSevere
SEVERE: team 07-20: Receiver: team 07-20 Frames Send: 15 Frames not Send: 4
Jun 26, 2015 11:39:16 AM de.ants.vsp.receiver.Datensenke logMessageSevere
SEVERE: team 07-20: Time: at Beginning of new Spot1435311556022
Jun 26, 2015 11:39:16 AM de.ants.vsp.receiver.Datensenke logMessageSevere
SEVERE: team 07-20: Time: after all Spots1435311557003
Jun 26, 2015 11:39:16 AM de.ants.vsp.receiver.Datensenke logMessageSevere
SEVERE: team 07-20: Receiver: team 07-20 Frames Send: 16 Frames not Send: 4
Jun 26, 2015 11:39:16 AM de.ants.vsp.receiver.Datensenke logMessageSevere
SEVERE: team 07-20: Time: at Beginning of new Spot1435311557010
Jun 26, 2015 11:39:17 AM de.ants.vsp.receiver.Datensenke logMessageSevere
SEVERE: team 07-20: Time: after all Spots1435311558003
Jun 26, 2015 11:39:17 AM de.ants.vsp.receiver.Datensenke logMessageSevere
SEVERE: team 07-20: Receiver: team 07-20 Frames Send: 17 Frames not Send: 4
Jun 26, 2015 11:39:18 AM de.ants.vsp.receiver.Datensenke logMessageSevere
SEVERE: team 07-20: Time: at Beginning of new Spot1435311558028
Jun 26, 2015 11:39:18 AM de.ants.vsp.receiver.Datensenke logMessageSevere
SEVERE: team 07-20: Time: after all Spots1435311559002
Jun 26, 2015 11:39:18 AM de.ants.vsp.receiver.Datensenke logMessageSevere
SEVERE: team 07-20: Receiver: team 07-20 Frames Send: 18 Frames not Send: 4
Jun 26, 2015 11:39:18 AM de.ants.vsp.receiver.Datensenke logMessageSevere
SEVERE: team 07-20: Time: at Beginning of new Spot1435311559009
Jun 26, 2015 11:39:19 AM de.ants.vsp.receiver.Datensenke logMessageSevere
SEVERE: team 07-20: Time: after all Spots1435311560004
Jun 26, 2015 11:39:19 AM de.ants.vsp.receiver.Datensenke logMessageSevere
SEVERE: team 07-20: Receiver: team 07-20 Frames Send: 19 Frames not Send: 4
Jun 26, 2015 11:39:19 AM de.ants.vsp.receiver.Datensenke logMessageSevere
SEVERE: team 07-20: Time: at Beginning of new Spot1435311560015
Jun 26, 2015 11:39:21 AM de.ants.vsp.receiver.Datensenke logMessageSevere
SEVERE: team 07-20: Time: after all Spots1435311561023
Jun 26, 2015 11:39:21 AM de.ants.vsp.receiver.Datensenke logMessageSevere
SEVERE: team 07-20: Receiver: team 07-20 Frames Send: 20 Frames not Send: 4
Jun 26, 2015 11:39:21 AM de.ants.vsp.receiver.Datensenke logMessageSevere
SEVERE: team 07-20: Time: at Beginning of new Spot1435311561026
Jun 26, 2015 11:39:21 AM de.ants.vsp.receiver.Datensenke logMessageSevere
SEVERE: team 07-20: Time: after all Spots1435311562000
Jun 26, 2015 11:39:22 AM de.ants.vsp.receiver.Datensenke logMessageSevere
SEVERE: team 07-20: Receiver: team 07-20 Frames Send: 21 Frames not Send: 4
Jun 26, 2015 11:39:22 AM de.ants.vsp.receiver.Datensenke logMessageSevere
SEVERE: team 07-20: Time: at Beginning of new Spot1435311562035
Jun 26, 2015 11:39:22 AM de.ants.vsp.receiver.Datensenke logMessageSevere
SEVERE: team 07-20: Time: after all Spots1435311563001
Jun 26, 2015 11:39:22 AM de.ants.vsp.receiver.Datensenke logMessageSevere
SEVERE: team 07-20: Receiver: team 07-20 Frames Send: 22 Frames not Send: 4
Jun 26, 2015 11:39:22 AM de.ants.vsp.receiver.Datensenke logMessageSevere
SEVERE: team 07-20: Time: at Beginning of new Spot1435311563016
Jun 26, 2015 11:39:23 AM de.ants.vsp.receiver.Datensenke logMessageSevere
SEVERE: team 07-20: Time: after all Spots1435311564000
Jun 26, 2015 11:39:23 AM de.ants.vsp.receiver.Datensenke logMessageSevere
SEVERE: team 07-20: Receiver: team 07-20 Frames Send: 23 Frames not Send: 4
Jun 26, 2015 11:39:23 AM de.ants.vsp.receiver.Datensenke logMessageSevere
SEVERE: team 07-20: Time: at Beginning of new Spot1435311564005
Jun 26, 2015 11:39:24 AM de.ants.vsp.receiver.Datensenke logMessageSevere
SEVERE: team 07-20: Time: after all Spots1435311565000
Jun 26, 2015 11:39:24 AM de.ants.vsp.receiver.Datensenke logMessageSevere
SEVERE: team 07-20: Receiver: team 07-20 Frames Send: 24 Frames not Send: 4
Jun 26, 2015 11:39:24 AM de.ants.vsp.receiver.Datensenke logMessageSevere
SEVERE: team 07-20: Time: at Beginning of new Spot1435311565003
Jun 26, 2015 11:39:25 AM de.ants.vsp.receiver.Datensenke logMessageSevere
SEVERE: team 07-20: Time: after all Spots1435311566002
Jun 26, 2015 11:39:25 AM de.ants.vsp.receiver.Datensenke logMessageSevere
SEVERE: team 07-20: Receiver: team 07-20 Frames Send: 25 Frames not Send: 4
Jun 26, 2015 11:39:25 AM de.ants.vsp.receiver.Datensenke logMessageSevere
SEVERE: team 07-20: Time: at Beginning of new Spot1435311566010
Jun 26, 2015 11:39:26 AM de.ants.vsp.receiver.Datensenke logMessageSevere
SEVERE: team 07-20: Time: after all Spots1435311567004
Jun 26, 2015 11:39:26 AM de.ants.vsp.receiver.Datensenke logMessageSevere
SEVERE: team 07-20: Receiver: team 07-20 Frames Send: 26 Frames not Send: 4
Jun 26, 2015 11:39:26 AM de.ants.vsp.receiver.Datensenke logMessageSevere
SEVERE: team 07-20: Time: at Beginning of new Spot1435311567013
Jun 26, 2015 11:39:27 AM de.ants.vsp.receiver.Datensenke logMessageSevere
SEVERE: team 07-20: Time: after all Spots1435311568000
Jun 26, 2015 11:39:27 AM de.ants.vsp.receiver.Datensenke logMessageSevere
SEVERE: team 07-20: Receiver: team 07-20 Frames Send: 27 Frames not Send: 4
Jun 26, 2015 11:39:27 AM de.ants.vsp.receiver.Datensenke logMessageSevere
SEVERE: team 07-20: Time: at Beginning of new Spot1435311568014
Jun 26, 2015 11:39:28 AM de.ants.vsp.receiver.Datensenke logMessageSevere
SEVERE: team 07-20: Time: after all Spots1435311569000
Jun 26, 2015 11:39:28 AM de.ants.vsp.receiver.Datensenke logMessageSevere
SEVERE: team 07-20: Receiver: team 07-20 Frames Send: 28 Frames not Send: 4
Jun 26, 2015 11:39:28 AM de.ants.vsp.receiver.Datensenke logMessageSevere
SEVERE: team 07-20: Time: at Beginning of new Spot1435311569017
Jun 26, 2015 11:39:29 AM de.ants.vsp.receiver.Datensenke logMessageSevere
SEVERE: team 07-20: Time: after all Spots1435311570012
Jun 26, 2015 11:39:29 AM de.ants.vsp.receiver.Datensenke logMessageSevere
SEVERE: team 07-20: Receiver: team 07-20 Frames Send: 29 Frames not Send: 4
Jun 26, 2015 11:39:29 AM de.ants.vsp.receiver.Datensenke logMessageSevere
SEVERE: team 07-20: Time: at Beginning of new Spot1435311570014
Jun 26, 2015 11:39:30 AM de.ants.vsp.receiver.Datensenke logMessageSevere
SEVERE: team 07-20: Time: after all Spots1435311571007
Jun 26, 2015 11:39:30 AM de.ants.vsp.receiver.Datensenke logMessageSevere
SEVERE: team 07-20: Receiver: team 07-20 Frames Send: 30 Frames not Send: 4
Jun 26, 2015 11:39:30 AM de.ants.vsp.receiver.Datensenke logMessageSevere
SEVERE: team 07-20: Time: at Beginning of new Spot1435311571012
Jun 26, 2015 11:39:31 AM de.ants.vsp.receiver.Datensenke logMessageSevere
SEVERE: team 07-20: Time: after all Spots1435311572001
Jun 26, 2015 11:39:31 AM de.ants.vsp.receiver.Datensenke logMessageSevere
SEVERE: team 07-20: Receiver: team 07-20 Frames Send: 31 Frames not Send: 4
Jun 26, 2015 11:39:31 AM de.ants.vsp.receiver.Datensenke logMessageSevere
SEVERE: team 07-20: Time: at Beginning of new Spot1435311572008
Jun 26, 2015 11:39:32 AM de.ants.vsp.receiver.Datensenke logMessageSevere
SEVERE: team 07-20: Time: after all Spots1435311573000
Jun 26, 2015 11:39:32 AM de.ants.vsp.receiver.Datensenke logMessageSevere
SEVERE: team 07-20: Receiver: team 07-20 Frames Send: 32 Frames not Send: 4
Jun 26, 2015 11:39:32 AM de.ants.vsp.receiver.Datensenke logMessageSevere
SEVERE: team 07-20: Time: at Beginning of new Spot1435311573012
Jun 26, 2015 11:39:33 AM de.ants.vsp.receiver.Datensenke logMessageSevere
SEVERE: team 07-20: Time: after all Spots1435311574000
Jun 26, 2015 11:39:33 AM de.ants.vsp.receiver.Datensenke logMessageSevere
SEVERE: team 07-20: Receiver: team 07-20 Frames Send: 33 Frames not Send: 4
Jun 26, 2015 11:39:33 AM de.ants.vsp.receiver.Datensenke logMessageSevere
SEVERE: team 07-20: Time: at Beginning of new Spot1435311574009
Jun 26, 2015 11:39:34 AM de.ants.vsp.receiver.Datensenke logMessageSevere
SEVERE: team 07-20: Time: after all Spots1435311575000
Jun 26, 2015 11:39:34 AM de.ants.vsp.receiver.Datensenke logMessageSevere
SEVERE: team 07-20: Receiver: team 07-20 Frames Send: 34 Frames not Send: 4
Jun 26, 2015 11:39:34 AM de.ants.vsp.receiver.Datensenke logMessageSevere
SEVERE: team 07-20: Time: at Beginning of new Spot1435311575009
Jun 26, 2015 11:39:35 AM de.ants.vsp.receiver.Datensenke logMessageSevere
SEVERE: team 07-20: Time: after all Spots1435311576001
Jun 26, 2015 11:39:35 AM de.ants.vsp.receiver.Datensenke logMessageSevere
SEVERE: team 07-20: Receiver: team 07-20 Frames Send: 35 Frames not Send: 4
Jun 26, 2015 11:39:35 AM de.ants.vsp.receiver.Datensenke logMessageSevere
SEVERE: team 07-20: Time: at Beginning of new Spot1435311576018
Jun 26, 2015 11:39:36 AM de.ants.vsp.receiver.Datensenke logMessageSevere
SEVERE: team 07-20: Time: after all Spots1435311577000
Jun 26, 2015 11:39:36 AM de.ants.vsp.receiver.Datensenke logMessageSevere
SEVERE: team 07-20: Receiver: team 07-20 Frames Send: 36 Frames not Send: 4
Jun 26, 2015 11:39:36 AM de.ants.vsp.receiver.Datensenke logMessageSevere
SEVERE: team 07-20: Time: at Beginning of new Spot1435311577006
Jun 26, 2015 11:39:37 AM de.ants.vsp.receiver.Datensenke logMessageSevere
SEVERE: team 07-20: Time: after all Spots1435311578000
Jun 26, 2015 11:39:37 AM de.ants.vsp.receiver.Datensenke logMessageSevere
SEVERE: team 07-20: Receiver: team 07-20 Frames Send: 37 Frames not Send: 4
Jun 26, 2015 11:39:37 AM de.ants.vsp.receiver.Datensenke logMessageSevere
SEVERE: team 07-20: Time: at Beginning of new Spot1435311578008
Jun 26, 2015 11:39:38 AM de.ants.vsp.receiver.Datensenke logMessageSevere
SEVERE: team 07-20: Time: after all Spots1435311579001
Jun 26, 2015 11:39:38 AM de.ants.vsp.receiver.Datensenke logMessageSevere
SEVERE: team 07-20: Receiver: team 07-20 Frames Send: 38 Frames not Send: 4
Jun 26, 2015 11:39:38 AM de.ants.vsp.receiver.Datensenke logMessageSevere
SEVERE: team 07-20: Time: at Beginning of new Spot1435311579011
Jun 26, 2015 11:39:39 AM de.ants.vsp.receiver.Datensenke logMessageSevere
SEVERE: team 07-20: Time: after all Spots1435311580001
Jun 26, 2015 11:39:39 AM de.ants.vsp.receiver.Datensenke logMessageSevere
SEVERE: team 07-20: Receiver: team 07-20 Frames Send: 39 Frames not Send: 4
Jun 26, 2015 11:39:39 AM de.ants.vsp.receiver.Datensenke logMessageSevere
SEVERE: team 07-20: Time: at Beginning of new Spot1435311580008
Jun 26, 2015 11:39:40 AM de.ants.vsp.receiver.Datensenke logMessageSevere
SEVERE: team 07-20: Time: after all Spots1435311581007
Jun 26, 2015 11:39:40 AM de.ants.vsp.receiver.Datensenke logMessageSevere
SEVERE: team 07-20: Receiver: team 07-20 Frames Send: 40 Frames not Send: 4
Jun 26, 2015 11:39:40 AM de.ants.vsp.receiver.Datensenke logMessageSevere
SEVERE: team 07-20: Time: at Beginning of new Spot1435311581020
Jun 26, 2015 11:39:41 AM de.ants.vsp.receiver.Datensenke logMessageSevere
SEVERE: team 07-20: Time: after all Spots1435311582000
Jun 26, 2015 11:39:41 AM de.ants.vsp.receiver.Datensenke logMessageSevere
SEVERE: team 07-20: Receiver: team 07-20 Frames Send: 41 Frames not Send: 4
Jun 26, 2015 11:39:41 AM de.ants.vsp.receiver.Datensenke logMessageSevere
SEVERE: team 07-20: Time: at Beginning of new Spot1435311582010
Jun 26, 2015 11:39:42 AM de.ants.vsp.receiver.Datensenke logMessageSevere
SEVERE: team 07-20: Time: after all Spots1435311583003
Jun 26, 2015 11:39:42 AM de.ants.vsp.receiver.Datensenke logMessageSevere
SEVERE: team 07-20: Receiver: team 07-20 Frames Send: 42 Frames not Send: 4
Jun 26, 2015 11:39:42 AM de.ants.vsp.receiver.Datensenke logMessageSevere
SEVERE: team 07-20: Time: at Beginning of new Spot1435311583015
Jun 26, 2015 11:39:43 AM de.ants.vsp.receiver.Datensenke logMessageSevere
SEVERE: team 07-20: Time: after all Spots1435311584001
Jun 26, 2015 11:39:43 AM de.ants.vsp.receiver.Datensenke logMessageSevere
SEVERE: team 07-20: Receiver: team 07-20 Frames Send: 43 Frames not Send: 4
Jun 26, 2015 11:39:43 AM de.ants.vsp.receiver.Datensenke logMessageSevere
SEVERE: team 07-20: Time: at Beginning of new Spot1435311584005
Jun 26, 2015 11:39:44 AM de.ants.vsp.receiver.Datensenke logMessageSevere
SEVERE: team 07-20: Time: after all Spots1435311585000
Jun 26, 2015 11:39:44 AM de.ants.vsp.receiver.Datensenke logMessageSevere
SEVERE: team 07-20: Receiver: team 07-20 Frames Send: 44 Frames not Send: 4
Jun 26, 2015 11:39:44 AM de.ants.vsp.receiver.Datensenke logMessageSevere
SEVERE: team 07-20: Time: at Beginning of new Spot1435311585007
Jun 26, 2015 11:39:45 AM de.ants.vsp.receiver.Datensenke logMessageSevere
SEVERE: team 07-20: Time: after all Spots1435311586000
Jun 26, 2015 11:39:45 AM de.ants.vsp.receiver.Datensenke logMessageSevere
SEVERE: team 07-20: Receiver: team 07-20 Frames Send: 45 Frames not Send: 4
Jun 26, 2015 11:39:45 AM de.ants.vsp.receiver.Datensenke logMessageSevere
SEVERE: team 07-20: Time: at Beginning of new Spot1435311586004
Jun 26, 2015 11:39:46 AM de.ants.vsp.receiver.Datensenke logMessageSevere
SEVERE: team 07-20: Time: after all Spots1435311587001
Jun 26, 2015 11:39:46 AM de.ants.vsp.receiver.Datensenke logMessageSevere
SEVERE: team 07-20: Receiver: team 07-20 Frames Send: 46 Frames not Send: 4
Jun 26, 2015 11:39:46 AM de.ants.vsp.receiver.Datensenke logMessageSevere
SEVERE: team 07-20: Time: at Beginning of new Spot1435311587012
Jun 26, 2015 11:39:47 AM de.ants.vsp.receiver.Datensenke logMessageSevere
SEVERE: team 07-20: Time: after all Spots1435311588003
Jun 26, 2015 11:39:47 AM de.ants.vsp.receiver.Datensenke logMessageSevere
SEVERE: team 07-20: Receiver: team 07-20 Frames Send: 47 Frames not Send: 4
Jun 26, 2015 11:39:47 AM de.ants.vsp.receiver.Datensenke logMessageSevere
SEVERE: team 07-20: Time: at Beginning of new Spot1435311588010
Jun 26, 2015 11:39:48 AM de.ants.vsp.receiver.Datensenke logMessageSevere
SEVERE: team 07-20: Time: after all Spots1435311589000
Jun 26, 2015 11:39:48 AM de.ants.vsp.receiver.Datensenke logMessageSevere
SEVERE: team 07-20: Receiver: team 07-20 Frames Send: 48 Frames not Send: 4
Jun 26, 2015 11:39:48 AM de.ants.vsp.receiver.Datensenke logMessageSevere
SEVERE: team 07-20: Time: at Beginning of new Spot1435311589006
Jun 26, 2015 11:39:49 AM de.ants.vsp.receiver.Datensenke logMessageSevere
SEVERE: team 07-20: Time: after all Spots1435311590000
Jun 26, 2015 11:39:49 AM de.ants.vsp.receiver.Datensenke logMessageSevere
SEVERE: team 07-20: Receiver: team 07-20 Frames Send: 49 Frames not Send: 4
Jun 26, 2015 11:39:49 AM de.ants.vsp.receiver.Datensenke logMessageSevere
SEVERE: team 07-20: Time: at Beginning of new Spot1435311590011
Jun 26, 2015 11:39:50 AM de.ants.vsp.receiver.Datensenke logMessageSevere
SEVERE: team 07-20: Time: after all Spots1435311591004
Jun 26, 2015 11:39:50 AM de.ants.vsp.receiver.Datensenke logMessageSevere
SEVERE: team 07-20: Receiver: team 07-20 Frames Send: 50 Frames not Send: 4
Jun 26, 2015 11:39:51 AM de.ants.vsp.receiver.Datensenke logMessageSevere
SEVERE: team 07-20: Time: at Beginning of new Spot1435311591047
Jun 26, 2015 11:39:51 AM de.ants.vsp.receiver.Datensenke logMessageSevere
SEVERE: team 07-20: Time: after all Spots1435311592000
Jun 26, 2015 11:39:51 AM de.ants.vsp.receiver.Datensenke logMessageSevere
SEVERE: team 07-20: Receiver: team 07-20 Frames Send: 51 Frames not Send: 4
Jun 26, 2015 11:39:51 AM de.ants.vsp.receiver.Datensenke logMessageSevere
SEVERE: team 07-20: Time: at Beginning of new Spot1435311592005
Jun 26, 2015 11:39:52 AM de.ants.vsp.receiver.Datensenke logMessageSevere
SEVERE: team 07-20: Time: after all Spots1435311593000
Jun 26, 2015 11:39:52 AM de.ants.vsp.receiver.Datensenke logMessageSevere
SEVERE: team 07-20: Receiver: team 07-20 Frames Send: 52 Frames not Send: 4
Jun 26, 2015 11:39:52 AM de.ants.vsp.receiver.Datensenke logMessageSevere
SEVERE: team 07-20: Time: at Beginning of new Spot1435311593010
Jun 26, 2015 11:39:53 AM de.ants.vsp.receiver.Datensenke logMessageSevere
SEVERE: team 07-20: Time: after all Spots1435311594001
Jun 26, 2015 11:39:53 AM de.ants.vsp.receiver.Datensenke logMessageSevere
SEVERE: team 07-20: Receiver: team 07-20 Frames Send: 53 Frames not Send: 4
Jun 26, 2015 11:39:53 AM de.ants.vsp.receiver.Datensenke logMessageSevere
SEVERE: team 07-20: Time: at Beginning of new Spot1435311594013
Jun 26, 2015 11:39:54 AM de.ants.vsp.receiver.Datensenke logMessageSevere
SEVERE: team 07-20: Time: after all Spots1435311595000
Jun 26, 2015 11:39:54 AM de.ants.vsp.receiver.Datensenke logMessageSevere
SEVERE: team 07-20: Receiver: team 07-20 Frames Send: 54 Frames not Send: 4
Jun 26, 2015 11:39:54 AM de.ants.vsp.receiver.Datensenke logMessageSevere
SEVERE: team 07-20: Time: at Beginning of new Spot1435311595009
Jun 26, 2015 11:39:55 AM de.ants.vsp.receiver.Datensenke logMessageSevere
SEVERE: team 07-20: Time: after all Spots1435311596002
Jun 26, 2015 11:39:55 AM de.ants.vsp.receiver.Datensenke logMessageSevere
SEVERE: team 07-20: Receiver: team 07-20 Frames Send: 55 Frames not Send: 4
Jun 26, 2015 11:39:55 AM de.ants.vsp.receiver.Datensenke logMessageSevere
SEVERE: team 07-20: Time: at Beginning of new Spot1435311596012
Jun 26, 2015 11:39:56 AM de.ants.vsp.receiver.Datensenke logMessageSevere
SEVERE: team 07-20: Time: after all Spots1435311597000
Jun 26, 2015 11:39:56 AM de.ants.vsp.receiver.Datensenke logMessageSevere
SEVERE: team 07-20: Receiver: team 07-20 Frames Send: 56 Frames not Send: 4
Jun 26, 2015 11:39:56 AM de.ants.vsp.receiver.Datensenke logMessageSevere
SEVERE: team 07-20: Time: at Beginning of new Spot1435311597020
Jun 26, 2015 11:39:57 AM de.ants.vsp.receiver.Datensenke logMessageSevere
SEVERE: team 07-20: Time: after all Spots1435311598001
Jun 26, 2015 11:39:57 AM de.ants.vsp.receiver.Datensenke logMessageSevere
SEVERE: team 07-20: Receiver: team 07-20 Frames Send: 57 Frames not Send: 4
Jun 26, 2015 11:39:57 AM de.ants.vsp.receiver.Datensenke logMessageSevere
SEVERE: team 07-20: Time: at Beginning of new Spot1435311598019
Jun 26, 2015 11:39:58 AM de.ants.vsp.receiver.Datensenke logMessageSevere
SEVERE: team 07-20: Time: after all Spots1435311599010
Jun 26, 2015 11:39:58 AM de.ants.vsp.receiver.Datensenke logMessageSevere
SEVERE: team 07-20: Receiver: team 07-20 Frames Send: 58 Frames not Send: 4
Jun 26, 2015 11:39:58 AM de.ants.vsp.receiver.Datensenke logMessageSevere
SEVERE: team 07-20: Time: at Beginning of new Spot1435311599013
Jun 26, 2015 11:39:59 AM de.ants.vsp.receiver.Datensenke logMessageSevere
SEVERE: team 07-20: Time: after all Spots1435311600000
Jun 26, 2015 11:39:59 AM de.ants.vsp.receiver.Datensenke logMessageSevere
SEVERE: team 07-20: Receiver: team 07-20 Frames Send: 59 Frames not Send: 4
Jun 26, 2015 11:39:59 AM de.ants.vsp.receiver.Datensenke logMessageSevere
SEVERE: team 07-20: Time: at Beginning of new Spot1435311600005
Jun 26, 2015 11:40:00 AM de.ants.vsp.receiver.Datensenke logMessageSevere
SEVERE: team 07-20: Time: after all Spots1435311601001
Jun 26, 2015 11:40:00 AM de.ants.vsp.receiver.Datensenke logMessageSevere
SEVERE: team 07-20: Receiver: team 07-20 Frames Send: 60 Frames not Send: 4
Jun 26, 2015 11:40:00 AM de.ants.vsp.receiver.Datensenke logMessageSevere
SEVERE: team 07-20: Time: at Beginning of new Spot1435311601008
Jun 26, 2015 11:40:01 AM de.ants.vsp.receiver.Datensenke logMessageSevere
SEVERE: team 07-20: Time: after all Spots1435311602008
Jun 26, 2015 11:40:01 AM de.ants.vsp.receiver.Datensenke logMessageSevere
SEVERE: team 07-20: Receiver: team 07-20 Frames Send: 61 Frames not Send: 4
Jun 26, 2015 11:40:01 AM de.ants.vsp.receiver.Datensenke logMessageSevere
SEVERE: team 07-20: Time: at Beginning of new Spot1435311602014
Jun 26, 2015 11:40:02 AM de.ants.vsp.receiver.Datensenke logMessageSevere
SEVERE: team 07-20: Time: after all Spots1435311603000
Jun 26, 2015 11:40:02 AM de.ants.vsp.receiver.Datensenke logMessageSevere
SEVERE: team 07-20: Receiver: team 07-20 Frames Send: 62 Frames not Send: 4
Jun 26, 2015 11:40:02 AM de.ants.vsp.receiver.Datensenke logMessageSevere
SEVERE: team 07-20: Time: at Beginning of new Spot1435311603016
Jun 26, 2015 11:40:03 AM de.ants.vsp.receiver.Datensenke logMessageSevere
SEVERE: team 07-20: Time: after all Spots1435311604000
Jun 26, 2015 11:40:03 AM de.ants.vsp.receiver.Datensenke logMessageSevere
SEVERE: team 07-20: Receiver: team 07-20 Frames Send: 63 Frames not Send: 4
Jun 26, 2015 11:40:03 AM de.ants.vsp.receiver.Datensenke logMessageSevere
SEVERE: team 07-20: Time: at Beginning of new Spot1435311604008
Jun 26, 2015 11:40:04 AM de.ants.vsp.receiver.Datensenke logMessageSevere
SEVERE: team 07-20: Time: after all Spots1435311605002
Jun 26, 2015 11:40:04 AM de.ants.vsp.receiver.Datensenke logMessageSevere
SEVERE: team 07-20: Receiver: team 07-20 Frames Send: 64 Frames not Send: 4
Jun 26, 2015 11:40:04 AM de.ants.vsp.receiver.Datensenke logMessageSevere
SEVERE: team 07-20: Time: at Beginning of new Spot1435311605013
Jun 26, 2015 11:40:05 AM de.ants.vsp.receiver.Datensenke logMessageSevere
SEVERE: team 07-20: Time: after all Spots1435311606004
Jun 26, 2015 11:40:05 AM de.ants.vsp.receiver.Datensenke logMessageSevere
SEVERE: team 07-20: Receiver: team 07-20 Frames Send: 65 Frames not Send: 4
Jun 26, 2015 11:40:05 AM de.ants.vsp.receiver.Datensenke logMessageSevere
SEVERE: team 07-20: Time: at Beginning of new Spot1435311606014
Jun 26, 2015 11:40:06 AM de.ants.vsp.receiver.Datensenke logMessageSevere
SEVERE: team 07-20: Time: after all Spots1435311607000
Jun 26, 2015 11:40:06 AM de.ants.vsp.receiver.Datensenke logMessageSevere
SEVERE: team 07-20: Receiver: team 07-20 Frames Send: 66 Frames not Send: 4
Jun 26, 2015 11:40:06 AM de.ants.vsp.receiver.Datensenke logMessageSevere
SEVERE: team 07-20: Time: at Beginning of new Spot1435311607006
Jun 26, 2015 11:40:07 AM de.ants.vsp.receiver.Datensenke logMessageSevere
SEVERE: team 07-20: Time: after all Spots1435311608003
Jun 26, 2015 11:40:07 AM de.ants.vsp.receiver.Datensenke logMessageSevere
SEVERE: team 07-20: Receiver: team 07-20 Frames Send: 67 Frames not Send: 4
Jun 26, 2015 11:40:07 AM de.ants.vsp.receiver.Datensenke logMessageSevere
SEVERE: team 07-20: Time: at Beginning of new Spot1435311608008
Jun 26, 2015 11:40:08 AM de.ants.vsp.receiver.Datensenke logMessageSevere
SEVERE: team 07-20: Time: after all Spots1435311609002
Jun 26, 2015 11:40:08 AM de.ants.vsp.receiver.Datensenke logMessageSevere
SEVERE: team 07-20: Receiver: team 07-20 Frames Send: 68 Frames not Send: 4
Jun 26, 2015 11:40:08 AM de.ants.vsp.receiver.Datensenke logMessageSevere
SEVERE: team 07-20: Time: at Beginning of new Spot1435311609010
Jun 26, 2015 11:40:09 AM de.ants.vsp.receiver.Datensenke logMessageSevere
SEVERE: team 07-20: Time: after all Spots1435311610000
Jun 26, 2015 11:40:09 AM de.ants.vsp.receiver.Datensenke logMessageSevere
SEVERE: team 07-20: Receiver: team 07-20 Frames Send: 69 Frames not Send: 4
Jun 26, 2015 11:40:09 AM de.ants.vsp.receiver.Datensenke logMessageSevere
SEVERE: team 07-20: Time: at Beginning of new Spot1435311610010
Jun 26, 2015 11:40:10 AM de.ants.vsp.receiver.Datensenke logMessageSevere
SEVERE: team 07-20: Time: after all Spots1435311611003
Jun 26, 2015 11:40:10 AM de.ants.vsp.receiver.Datensenke logMessageSevere
SEVERE: team 07-20: Receiver: team 07-20 Frames Send: 70 Frames not Send: 4
Jun 26, 2015 11:40:10 AM de.ants.vsp.receiver.Datensenke logMessageSevere
SEVERE: team 07-20: Time: at Beginning of new Spot1435311611008
Jun 26, 2015 11:40:11 AM de.ants.vsp.receiver.Datensenke logMessageSevere
SEVERE: team 07-20: Time: after all Spots1435311612001
Jun 26, 2015 11:40:11 AM de.ants.vsp.receiver.Datensenke logMessageSevere
SEVERE: team 07-20: Receiver: team 07-20 Frames Send: 71 Frames not Send: 4
Jun 26, 2015 11:40:11 AM de.ants.vsp.receiver.Datensenke logMessageSevere
SEVERE: team 07-20: Time: at Beginning of new Spot1435311612008
Jun 26, 2015 11:40:12 AM de.ants.vsp.receiver.Datensenke logMessageSevere
SEVERE: team 07-20: Time: after all Spots1435311613001
Jun 26, 2015 11:40:12 AM de.ants.vsp.receiver.Datensenke logMessageSevere
SEVERE: team 07-20: Receiver: team 07-20 Frames Send: 72 Frames not Send: 4
Jun 26, 2015 11:40:12 AM de.ants.vsp.receiver.Datensenke logMessageSevere
SEVERE: team 07-20: Time: at Beginning of new Spot1435311613009
Jun 26, 2015 11:40:13 AM de.ants.vsp.receiver.Datensenke logMessageSevere
SEVERE: team 07-20: Time: after all Spots1435311614001
Jun 26, 2015 11:40:14 AM de.ants.vsp.receiver.Datensenke logMessageSevere
SEVERE: team 07-20: Receiver: team 07-20 Frames Send: 73 Frames not Send: 4
Jun 26, 2015 11:40:14 AM de.ants.vsp.receiver.Datensenke logMessageSevere
SEVERE: team 07-20: Time: at Beginning of new Spot1435311614023
Jun 26, 2015 11:40:14 AM de.ants.vsp.receiver.Datensenke logMessageSevere
SEVERE: team 07-20: Time: after all Spots1435311615001
Jun 26, 2015 11:40:14 AM de.ants.vsp.receiver.Datensenke logMessageSevere
SEVERE: team 07-20: Receiver: team 07-20 Frames Send: 74 Frames not Send: 4
Jun 26, 2015 11:40:14 AM de.ants.vsp.receiver.Datensenke logMessageSevere
SEVERE: team 07-20: Time: at Beginning of new Spot1435311615008
Jun 26, 2015 11:40:15 AM de.ants.vsp.receiver.Datensenke logMessageSevere
SEVERE: team 07-20: Time: after all Spots1435311616000
Jun 26, 2015 11:40:15 AM de.ants.vsp.receiver.Datensenke logMessageSevere
SEVERE: team 07-20: Receiver: team 07-20 Frames Send: 75 Frames not Send: 4
Jun 26, 2015 11:40:15 AM de.ants.vsp.receiver.Datensenke logMessageSevere
SEVERE: team 07-20: Time: at Beginning of new Spot1435311616011
Jun 26, 2015 11:40:16 AM de.ants.vsp.receiver.Datensenke logMessageSevere
SEVERE: team 07-20: Time: after all Spots1435311617000
Jun 26, 2015 11:40:16 AM de.ants.vsp.receiver.Datensenke logMessageSevere
SEVERE: team 07-20: Receiver: team 07-20 Frames Send: 76 Frames not Send: 4
Jun 26, 2015 11:40:16 AM de.ants.vsp.receiver.Datensenke logMessageSevere
SEVERE: team 07-20: Time: at Beginning of new Spot1435311617018
Jun 26, 2015 11:40:17 AM de.ants.vsp.receiver.Datensenke logMessageSevere
SEVERE: team 07-20: Time: after all Spots1435311618001
Jun 26, 2015 11:40:17 AM de.ants.vsp.receiver.Datensenke logMessageSevere
SEVERE: team 07-20: Receiver: team 07-20 Frames Send: 77 Frames not Send: 4
Jun 26, 2015 11:40:17 AM de.ants.vsp.receiver.Datensenke logMessageSevere
SEVERE: team 07-20: Time: at Beginning of new Spot1435311618007
Jun 26, 2015 11:40:18 AM de.ants.vsp.receiver.Datensenke logMessageSevere
SEVERE: team 07-20: Time: after all Spots1435311619002
Jun 26, 2015 11:40:18 AM de.ants.vsp.receiver.Datensenke logMessageSevere
SEVERE: team 07-20: Receiver: team 07-20 Frames Send: 78 Frames not Send: 4
Jun 26, 2015 11:40:18 AM de.ants.vsp.receiver.Datensenke logMessageSevere
SEVERE: team 07-20: Time: at Beginning of new Spot1435311619015
Jun 26, 2015 11:40:19 AM de.ants.vsp.receiver.Datensenke logMessageSevere
SEVERE: team 07-20: Time: after all Spots1435311620001
Jun 26, 2015 11:40:19 AM de.ants.vsp.receiver.Datensenke logMessageSevere
SEVERE: team 07-20: Receiver: team 07-20 Frames Send: 79 Frames not Send: 4
Jun 26, 2015 11:40:19 AM de.ants.vsp.receiver.Datensenke logMessageSevere
SEVERE: team 07-20: Time: at Beginning of new Spot1435311620016
Jun 26, 2015 11:40:20 AM de.ants.vsp.receiver.Datensenke logMessageSevere
SEVERE: team 07-20: Time: after all Spots1435311621000
Jun 26, 2015 11:40:20 AM de.ants.vsp.receiver.Datensenke logMessageSevere
SEVERE: team 07-20: Receiver: team 07-20 Frames Send: 80 Frames not Send: 4
Jun 26, 2015 11:40:20 AM de.ants.vsp.receiver.Datensenke logMessageSevere
SEVERE: team 07-20: Time: at Beginning of new Spot1435311621007
Jun 26, 2015 11:40:21 AM de.ants.vsp.receiver.Datensenke logMessageSevere
SEVERE: team 07-20: Time: after all Spots1435311622000
Jun 26, 2015 11:40:21 AM de.ants.vsp.receiver.Datensenke logMessageSevere
SEVERE: team 07-20: Receiver: team 07-20 Frames Send: 81 Frames not Send: 4
Jun 26, 2015 11:40:21 AM de.ants.vsp.receiver.Datensenke logMessageSevere
SEVERE: team 07-20: Time: at Beginning of new Spot1435311622013
Jun 26, 2015 11:40:22 AM de.ants.vsp.receiver.Datensenke logMessageSevere
SEVERE: team 07-20: Time: after all Spots1435311623002
Jun 26, 2015 11:40:22 AM de.ants.vsp.receiver.Datensenke logMessageSevere
SEVERE: team 07-20: Receiver: team 07-20 Frames Send: 82 Frames not Send: 4
Jun 26, 2015 11:40:22 AM de.ants.vsp.receiver.Datensenke logMessageSevere
SEVERE: team 07-20: Time: at Beginning of new Spot1435311623008
Jun 26, 2015 11:40:23 AM de.ants.vsp.receiver.Datensenke logMessageSevere
SEVERE: team 07-20: Time: after all Spots1435311624002
Jun 26, 2015 11:40:23 AM de.ants.vsp.receiver.Datensenke logMessageSevere
SEVERE: team 07-20: Receiver: team 07-20 Frames Send: 83 Frames not Send: 4
Jun 26, 2015 11:40:23 AM de.ants.vsp.receiver.Datensenke logMessageSevere
SEVERE: team 07-20: Time: at Beginning of new Spot1435311624009
Jun 26, 2015 11:40:24 AM de.ants.vsp.receiver.Datensenke logMessageSevere
SEVERE: team 07-20: Time: after all Spots1435311625002
Jun 26, 2015 11:40:24 AM de.ants.vsp.receiver.Datensenke logMessageSevere
SEVERE: team 07-20: Receiver: team 07-20 Frames Send: 84 Frames not Send: 4
Jun 26, 2015 11:40:24 AM de.ants.vsp.receiver.Datensenke logMessageSevere
SEVERE: team 07-20: Time: at Beginning of new Spot1435311625007
Jun 26, 2015 11:40:25 AM de.ants.vsp.receiver.Datensenke logMessageSevere
SEVERE: team 07-20: Time: after all Spots1435311626000
Jun 26, 2015 11:40:25 AM de.ants.vsp.receiver.Datensenke logMessageSevere
SEVERE: team 07-20: Receiver: team 07-20 Frames Send: 85 Frames not Send: 4
Jun 26, 2015 11:40:25 AM de.ants.vsp.receiver.Datensenke logMessageSevere
SEVERE: team 07-20: Time: at Beginning of new Spot1435311626011
Jun 26, 2015 11:40:26 AM de.ants.vsp.receiver.Datensenke logMessageSevere
SEVERE: team 07-20: Time: after all Spots1435311627002
Jun 26, 2015 11:40:26 AM de.ants.vsp.receiver.Datensenke logMessageSevere
SEVERE: team 07-20: Receiver: team 07-20 Frames Send: 86 Frames not Send: 4
Jun 26, 2015 11:40:26 AM de.ants.vsp.receiver.Datensenke logMessageSevere
SEVERE: team 07-20: Time: at Beginning of new Spot1435311627011
Jun 26, 2015 11:40:27 AM de.ants.vsp.receiver.Datensenke logMessageSevere
SEVERE: team 07-20: Time: after all Spots1435311628001
Jun 26, 2015 11:40:27 AM de.ants.vsp.receiver.Datensenke logMessageSevere
SEVERE: team 07-20: Receiver: team 07-20 Frames Send: 87 Frames not Send: 4
Jun 26, 2015 11:40:27 AM de.ants.vsp.receiver.Datensenke logMessageSevere
SEVERE: team 07-20: Time: at Beginning of new Spot1435311628006
Jun 26, 2015 11:40:28 AM de.ants.vsp.receiver.Datensenke logMessageSevere
SEVERE: team 07-20: Time: after all Spots1435311629005
Jun 26, 2015 11:40:28 AM de.ants.vsp.receiver.Datensenke logMessageSevere
SEVERE: team 07-20: Receiver: team 07-20 Frames Send: 88 Frames not Send: 4
Jun 26, 2015 11:40:28 AM de.ants.vsp.receiver.Datensenke logMessageSevere
SEVERE: team 07-20: Time: at Beginning of new Spot1435311629010
Jun 26, 2015 11:40:29 AM de.ants.vsp.receiver.Datensenke logMessageSevere
SEVERE: team 07-20: Time: after all Spots1435311630004
Jun 26, 2015 11:40:29 AM de.ants.vsp.receiver.Datensenke logMessageSevere
SEVERE: team 07-20: Receiver: team 07-20 Frames Send: 89 Frames not Send: 4
Jun 26, 2015 11:40:29 AM de.ants.vsp.receiver.Datensenke logMessageSevere
SEVERE: team 07-20: Time: at Beginning of new Spot1435311630014
Jun 26, 2015 11:40:30 AM de.ants.vsp.receiver.Datensenke logMessageSevere
SEVERE: team 07-20: Time: after all Spots1435311631010
Jun 26, 2015 11:40:30 AM de.ants.vsp.receiver.Datensenke logMessageSevere
SEVERE: team 07-20: Receiver: team 07-20 Frames Send: 90 Frames not Send: 4
Jun 26, 2015 11:40:30 AM de.ants.vsp.receiver.Datensenke logMessageSevere
SEVERE: team 07-20: Time: at Beginning of new Spot1435311631016
Jun 26, 2015 11:40:31 AM de.ants.vsp.receiver.Datensenke logMessageSevere
SEVERE: team 07-20: Time: after all Spots1435311632000
Jun 26, 2015 11:40:31 AM de.ants.vsp.receiver.Datensenke logMessageSevere
SEVERE: team 07-20: Receiver: team 07-20 Frames Send: 91 Frames not Send: 4
Jun 26, 2015 11:40:31 AM de.ants.vsp.receiver.Datensenke logMessageSevere
SEVERE: team 07-20: Time: at Beginning of new Spot1435311632017
Jun 26, 2015 11:40:32 AM de.ants.vsp.receiver.Datensenke logMessageSevere
SEVERE: team 07-20: Time: after all Spots1435311633002
Jun 26, 2015 11:40:32 AM de.ants.vsp.receiver.Datensenke logMessageSevere
SEVERE: team 07-20: Receiver: team 07-20 Frames Send: 92 Frames not Send: 4
Jun 26, 2015 11:40:32 AM de.ants.vsp.receiver.Datensenke logMessageSevere
SEVERE: team 07-20: Time: at Beginning of new Spot1435311633009
Jun 26, 2015 11:40:33 AM de.ants.vsp.receiver.Datensenke logMessageSevere
SEVERE: team 07-20: Time: after all Spots1435311634003
Jun 26, 2015 11:40:33 AM de.ants.vsp.receiver.Datensenke logMessageSevere
SEVERE: team 07-20: Receiver: team 07-20 Frames Send: 93 Frames not Send: 4
Jun 26, 2015 11:40:33 AM de.ants.vsp.receiver.Datensenke logMessageSevere
SEVERE: team 07-20: Time: at Beginning of new Spot1435311634006
Jun 26, 2015 11:40:34 AM de.ants.vsp.receiver.Datensenke logMessageSevere
SEVERE: team 07-20: Time: after all Spots1435311635000
Jun 26, 2015 11:40:34 AM de.ants.vsp.receiver.Datensenke logMessageSevere
SEVERE: team 07-20: Receiver: team 07-20 Frames Send: 94 Frames not Send: 4
Jun 26, 2015 11:40:34 AM de.ants.vsp.receiver.Datensenke logMessageSevere
SEVERE: team 07-20: Time: at Beginning of new Spot1435311635006
Jun 26, 2015 11:40:35 AM de.ants.vsp.receiver.Datensenke logMessageSevere
SEVERE: team 07-20: Time: after all Spots1435311636006
Jun 26, 2015 11:40:35 AM de.ants.vsp.receiver.Datensenke logMessageSevere
SEVERE: team 07-20: Receiver: team 07-20 Frames Send: 95 Frames not Send: 4
Jun 26, 2015 11:40:35 AM de.ants.vsp.receiver.Datensenke logMessageSevere
SEVERE: team 07-20: Time: at Beginning of new Spot1435311636009
Jun 26, 2015 11:40:36 AM de.ants.vsp.receiver.Datensenke logMessageSevere
SEVERE: team 07-20: Time: after all Spots1435311637001
Jun 26, 2015 11:40:36 AM de.ants.vsp.receiver.Datensenke logMessageSevere
SEVERE: team 07-20: Receiver: team 07-20 Frames Send: 96 Frames not Send: 4
Jun 26, 2015 11:40:36 AM de.ants.vsp.receiver.Datensenke logMessageSevere
SEVERE: team 07-20: Time: at Beginning of new Spot1435311637006
Jun 26, 2015 11:40:37 AM de.ants.vsp.receiver.Datensenke logMessageSevere
SEVERE: team 07-20: Time: after all Spots1435311638000
Jun 26, 2015 11:40:37 AM de.ants.vsp.receiver.Datensenke logMessageSevere
SEVERE: team 07-20: Receiver: team 07-20 Frames Send: 97 Frames not Send: 4
Jun 26, 2015 11:40:37 AM de.ants.vsp.receiver.Datensenke logMessageSevere
SEVERE: team 07-20: Time: at Beginning of new Spot1435311638005
Jun 26, 2015 11:40:38 AM de.ants.vsp.receiver.Datensenke logMessageSevere
SEVERE: team 07-20: Time: after all Spots1435311639005
Jun 26, 2015 11:40:38 AM de.ants.vsp.receiver.Datensenke logMessageSevere
SEVERE: team 07-20: Receiver: team 07-20 Frames Send: 98 Frames not Send: 4
Jun 26, 2015 11:40:38 AM de.ants.vsp.receiver.Datensenke logMessageSevere
SEVERE: team 07-20: Time: at Beginning of new Spot1435311639009
Jun 26, 2015 11:40:39 AM de.ants.vsp.receiver.Datensenke logMessageSevere
SEVERE: team 07-20: Time: after all Spots1435311640000
Jun 26, 2015 11:40:39 AM de.ants.vsp.receiver.Datensenke logMessageSevere
SEVERE: team 07-20: Receiver: team 07-20 Frames Send: 99 Frames not Send: 4
Jun 26, 2015 11:40:39 AM de.ants.vsp.receiver.Datensenke logMessageSevere
SEVERE: team 07-20: Time: at Beginning of new Spot1435311640010
Jun 26, 2015 11:40:40 AM de.ants.vsp.receiver.Datensenke logMessageSevere
SEVERE: team 07-20: Time: after all Spots1435311641002
Jun 26, 2015 11:40:40 AM de.ants.vsp.receiver.Datensenke logMessageSevere
SEVERE: team 07-20: Receiver: team 07-20 Frames Send: 100 Frames not Send: 4
Jun 26, 2015 11:40:40 AM de.ants.vsp.receiver.Datensenke logMessageSevere
SEVERE: team 07-20: Time: at Beginning of new Spot1435311641007
Jun 26, 2015 11:40:41 AM de.ants.vsp.receiver.Datensenke logMessageSevere
SEVERE: team 07-20: Time: after all Spots1435311642001
Jun 26, 2015 11:40:41 AM de.ants.vsp.receiver.Datensenke logMessageSevere
SEVERE: team 07-20: Receiver: team 07-20 Frames Send: 101 Frames not Send: 4
Jun 26, 2015 11:40:41 AM de.ants.vsp.receiver.Datensenke logMessageSevere
SEVERE: team 07-20: Time: at Beginning of new Spot1435311642008
Jun 26, 2015 11:40:42 AM de.ants.vsp.receiver.Datensenke logMessageSevere
SEVERE: team 07-20: Time: after all Spots1435311643002
Jun 26, 2015 11:40:42 AM de.ants.vsp.receiver.Datensenke logMessageSevere
SEVERE: team 07-20: Receiver: team 07-20 Frames Send: 102 Frames not Send: 4
Jun 26, 2015 11:40:42 AM de.ants.vsp.receiver.Datensenke logMessageSevere
SEVERE: team 07-20: Time: at Beginning of new Spot1435311643007
Jun 26, 2015 11:40:43 AM de.ants.vsp.receiver.Datensenke logMessageSevere
SEVERE: team 07-20: Time: after all Spots1435311644000
Jun 26, 2015 11:40:43 AM de.ants.vsp.receiver.Datensenke logMessageSevere
SEVERE: team 07-20: Receiver: team 07-20 Frames Send: 103 Frames not Send: 4
Jun 26, 2015 11:40:43 AM de.ants.vsp.receiver.Datensenke logMessageSevere
SEVERE: team 07-20: Time: at Beginning of new Spot1435311644004
Jun 26, 2015 11:40:44 AM de.ants.vsp.receiver.Datensenke logMessageSevere
SEVERE: team 07-20: Time: after all Spots1435311645000
Jun 26, 2015 11:40:44 AM de.ants.vsp.receiver.Datensenke logMessageSevere
SEVERE: team 07-20: Receiver: team 07-20 Frames Send: 104 Frames not Send: 4
Jun 26, 2015 11:40:44 AM de.ants.vsp.receiver.Datensenke logMessageSevere
SEVERE: team 07-20: Time: at Beginning of new Spot1435311645005
Jun 26, 2015 11:40:45 AM de.ants.vsp.receiver.Datensenke logMessageSevere
SEVERE: team 07-20: Time: after all Spots1435311646000
Jun 26, 2015 11:40:45 AM de.ants.vsp.receiver.Datensenke logMessageSevere
SEVERE: team 07-20: Receiver: team 07-20 Frames Send: 105 Frames not Send: 4
Jun 26, 2015 11:40:45 AM de.ants.vsp.receiver.Datensenke logMessageSevere
SEVERE: team 07-20: Time: at Beginning of new Spot1435311646005
Jun 26, 2015 11:40:46 AM de.ants.vsp.receiver.Datensenke logMessageSevere
SEVERE: team 07-20: Time: after all Spots1435311647002
Jun 26, 2015 11:40:46 AM de.ants.vsp.receiver.Datensenke logMessageSevere
SEVERE: team 07-20: Receiver: team 07-20 Frames Send: 106 Frames not Send: 4
Jun 26, 2015 11:40:46 AM de.ants.vsp.receiver.Datensenke logMessageSevere
SEVERE: team 07-20: Time: at Beginning of new Spot1435311647006
Jun 26, 2015 11:40:47 AM de.ants.vsp.receiver.Datensenke logMessageSevere
SEVERE: team 07-20: Time: after all Spots1435311648000
Jun 26, 2015 11:40:47 AM de.ants.vsp.receiver.Datensenke logMessageSevere
SEVERE: team 07-20: Receiver: team 07-20 Frames Send: 107 Frames not Send: 4
Jun 26, 2015 11:40:47 AM de.ants.vsp.receiver.Datensenke logMessageSevere
SEVERE: team 07-20: Time: at Beginning of new Spot1435311648004
Jun 26, 2015 11:40:48 AM de.ants.vsp.receiver.Datensenke logMessageSevere
SEVERE: team 07-20: Time: after all Spots1435311649000
Jun 26, 2015 11:40:48 AM de.ants.vsp.receiver.Datensenke logMessageSevere
SEVERE: team 07-20: Receiver: team 07-20 Frames Send: 108 Frames not Send: 4
Jun 26, 2015 11:40:48 AM de.ants.vsp.receiver.Datensenke logMessageSevere
SEVERE: team 07-20: Time: at Beginning of new Spot1435311649005
Jun 26, 2015 11:40:49 AM de.ants.vsp.receiver.Datensenke logMessageSevere
SEVERE: team 07-20: Time: after all Spots1435311650000
Jun 26, 2015 11:40:49 AM de.ants.vsp.receiver.Datensenke logMessageSevere
SEVERE: team 07-20: Receiver: team 07-20 Frames Send: 109 Frames not Send: 4
Jun 26, 2015 11:40:49 AM de.ants.vsp.receiver.Datensenke logMessageSevere
SEVERE: team 07-20: Time: at Beginning of new Spot1435311650004
Jun 26, 2015 11:40:50 AM de.ants.vsp.receiver.Datensenke logMessageSevere
SEVERE: team 07-20: Time: after all Spots1435311651000
Jun 26, 2015 11:40:50 AM de.ants.vsp.receiver.Datensenke logMessageSevere
SEVERE: team 07-20: Receiver: team 07-20 Frames Send: 110 Frames not Send: 4
Jun 26, 2015 11:40:50 AM de.ants.vsp.receiver.Datensenke logMessageSevere
SEVERE: team 07-20: Time: at Beginning of new Spot1435311651004
Jun 26, 2015 11:40:51 AM de.ants.vsp.receiver.Datensenke logMessageSevere
SEVERE: team 07-20: Time: after all Spots1435311652002
Jun 26, 2015 11:40:51 AM de.ants.vsp.receiver.Datensenke logMessageSevere
SEVERE: team 07-20: Receiver: team 07-20 Frames Send: 111 Frames not Send: 4
Jun 26, 2015 11:40:51 AM de.ants.vsp.receiver.Datensenke logMessageSevere
SEVERE: team 07-20: Time: at Beginning of new Spot1435311652011
Jun 26, 2015 11:40:52 AM de.ants.vsp.receiver.Datensenke logMessageSevere
SEVERE: team 07-20: Time: after all Spots1435311653002
Jun 26, 2015 11:40:52 AM de.ants.vsp.receiver.Datensenke logMessageSevere
SEVERE: team 07-20: Receiver: team 07-20 Frames Send: 112 Frames not Send: 4
Jun 26, 2015 11:40:52 AM de.ants.vsp.receiver.Datensenke logMessageSevere
SEVERE: team 07-20: Time: at Beginning of new Spot1435311653009
Jun 26, 2015 11:40:53 AM de.ants.vsp.receiver.Datensenke logMessageSevere
SEVERE: team 07-20: Time: after all Spots1435311654001
Jun 26, 2015 11:40:53 AM de.ants.vsp.receiver.Datensenke logMessageSevere
SEVERE: team 07-20: Receiver: team 07-20 Frames Send: 113 Frames not Send: 4
Jun 26, 2015 11:40:53 AM de.ants.vsp.receiver.Datensenke logMessageSevere
SEVERE: team 07-20: Time: at Beginning of new Spot1435311654008
Jun 26, 2015 11:40:54 AM de.ants.vsp.receiver.Datensenke logMessageSevere
SEVERE: team 07-20: Time: after all Spots1435311655000
Jun 26, 2015 11:40:54 AM de.ants.vsp.receiver.Datensenke logMessageSevere
SEVERE: team 07-20: Receiver: team 07-20 Frames Send: 114 Frames not Send: 4
Jun 26, 2015 11:40:54 AM de.ants.vsp.receiver.Datensenke logMessageSevere
SEVERE: team 07-20: Time: at Beginning of new Spot1435311655013
Jun 26, 2015 11:40:55 AM de.ants.vsp.receiver.Datensenke logMessageSevere
SEVERE: team 07-20: Time: after all Spots1435311656002
Jun 26, 2015 11:40:55 AM de.ants.vsp.receiver.Datensenke logMessageSevere
SEVERE: team 07-20: Receiver: team 07-20 Frames Send: 115 Frames not Send: 4
Jun 26, 2015 11:40:55 AM de.ants.vsp.receiver.Datensenke logMessageSevere
SEVERE: team 07-20: Time: at Beginning of new Spot1435311656007
Jun 26, 2015 11:40:56 AM de.ants.vsp.receiver.Datensenke logMessageSevere
SEVERE: team 07-20: Time: after all Spots1435311657001
Jun 26, 2015 11:40:56 AM de.ants.vsp.receiver.Datensenke logMessageSevere
SEVERE: team 07-20: Receiver: team 07-20 Frames Send: 116 Frames not Send: 4
Jun 26, 2015 11:40:56 AM de.ants.vsp.receiver.Datensenke logMessageSevere
SEVERE: team 07-20: Time: at Beginning of new Spot1435311657005
Jun 26, 2015 11:40:57 AM de.ants.vsp.receiver.Datensenke logMessageSevere
SEVERE: team 07-20: Time: after all Spots1435311658000
Jun 26, 2015 11:40:57 AM de.ants.vsp.receiver.Datensenke logMessageSevere
SEVERE: team 07-20: Receiver: team 07-20 Frames Send: 117 Frames not Send: 4
Jun 26, 2015 11:40:57 AM de.ants.vsp.receiver.Datensenke logMessageSevere
SEVERE: team 07-20: Time: at Beginning of new Spot1435311658008
Jun 26, 2015 11:40:58 AM de.ants.vsp.receiver.Datensenke logMessageSevere
SEVERE: team 07-20: Time: after all Spots1435311659001
Jun 26, 2015 11:40:58 AM de.ants.vsp.receiver.Datensenke logMessageSevere
SEVERE: team 07-20: Receiver: team 07-20 Frames Send: 118 Frames not Send: 4
Jun 26, 2015 11:40:58 AM de.ants.vsp.receiver.Datensenke logMessageSevere
SEVERE: team 07-20: Time: at Beginning of new Spot1435311659009
Jun 26, 2015 11:40:59 AM de.ants.vsp.receiver.Datensenke logMessageSevere
SEVERE: team 07-20: Time: after all Spots1435311660001
Jun 26, 2015 11:40:59 AM de.ants.vsp.receiver.Datensenke logMessageSevere
SEVERE: team 07-20: Receiver: team 07-20 Frames Send: 119 Frames not Send: 4
Jun 26, 2015 11:40:59 AM de.ants.vsp.receiver.Datensenke logMessageSevere
SEVERE: team 07-20: Time: at Beginning of new Spot1435311660005
Jun 26, 2015 11:41:00 AM de.ants.vsp.receiver.Datensenke logMessageSevere
SEVERE: team 07-20: Time: after all Spots1435311661001
Jun 26, 2015 11:41:00 AM de.ants.vsp.receiver.Datensenke logMessageSevere
SEVERE: team 07-20: Receiver: team 07-20 Frames Send: 120 Frames not Send: 4
Jun 26, 2015 11:41:00 AM de.ants.vsp.receiver.Datensenke logMessageSevere
SEVERE: team 07-20: Time: at Beginning of new Spot1435311661008
Jun 26, 2015 11:41:01 AM de.ants.vsp.receiver.Datensenke logMessageSevere
SEVERE: team 07-20: Time: after all Spots1435311662000
Jun 26, 2015 11:41:02 AM de.ants.vsp.receiver.Datensenke logMessageSevere
SEVERE: team 07-20: Receiver: team 07-20 Frames Send: 121 Frames not Send: 4
Jun 26, 2015 11:41:02 AM de.ants.vsp.receiver.Datensenke logMessageSevere
SEVERE: team 07-20: Time: at Beginning of new Spot1435311662027
Jun 26, 2015 11:41:02 AM de.ants.vsp.receiver.Datensenke logMessageSevere
SEVERE: team 07-20: Time: after all Spots1435311663000
Jun 26, 2015 11:41:03 AM de.ants.vsp.receiver.Datensenke logMessageSevere
SEVERE: team 07-20: Receiver: team 07-20 Frames Send: 122 Frames not Send: 4
Jun 26, 2015 11:41:03 AM de.ants.vsp.receiver.Datensenke logMessageSevere
SEVERE: team 07-20: Time: at Beginning of new Spot1435311663030
Jun 26, 2015 11:41:03 AM de.ants.vsp.receiver.Datensenke logMessageSevere
SEVERE: team 07-20: Time: after all Spots1435311664002
Jun 26, 2015 11:41:03 AM de.ants.vsp.receiver.Datensenke logMessageSevere
SEVERE: team 07-20: Receiver: team 07-20 Frames Send: 123 Frames not Send: 4
Jun 26, 2015 11:41:03 AM de.ants.vsp.receiver.Datensenke logMessageSevere
SEVERE: team 07-20: Time: at Beginning of new Spot1435311664008
Jun 26, 2015 11:41:04 AM de.ants.vsp.receiver.Datensenke logMessageSevere
SEVERE: team 07-20: Time: after all Spots1435311665000
Jun 26, 2015 11:41:04 AM de.ants.vsp.receiver.Datensenke logMessageSevere
SEVERE: team 07-20: Receiver: team 07-20 Frames Send: 124 Frames not Send: 4
Jun 26, 2015 11:41:04 AM de.ants.vsp.receiver.Datensenke logMessageSevere
SEVERE: team 07-20: Time: at Beginning of new Spot1435311665005
Jun 26, 2015 11:41:05 AM de.ants.vsp.receiver.Datensenke logMessageSevere
SEVERE: team 07-20: Time: after all Spots1435311666003
Jun 26, 2015 11:41:05 AM de.ants.vsp.receiver.Datensenke logMessageSevere
SEVERE: team 07-20: Receiver: team 07-20 Frames Send: 125 Frames not Send: 4
Jun 26, 2015 11:41:05 AM de.ants.vsp.receiver.Datensenke logMessageSevere
SEVERE: team 07-20: Time: at Beginning of new Spot1435311666007
Jun 26, 2015 11:41:06 AM de.ants.vsp.receiver.Datensenke logMessageSevere
SEVERE: team 07-20: Time: after all Spots1435311667001
Jun 26, 2015 11:41:06 AM de.ants.vsp.receiver.Datensenke logMessageSevere
SEVERE: team 07-20: Receiver: team 07-20 Frames Send: 126 Frames not Send: 4
Jun 26, 2015 11:41:06 AM de.ants.vsp.receiver.Datensenke logMessageSevere
SEVERE: team 07-20: Time: at Beginning of new Spot1435311667005
Jun 26, 2015 11:41:07 AM de.ants.vsp.receiver.Datensenke logMessageSevere
SEVERE: team 07-20: Time: after all Spots1435311668000
Jun 26, 2015 11:41:07 AM de.ants.vsp.receiver.Datensenke logMessageSevere
SEVERE: team 07-20: Receiver: team 07-20 Frames Send: 127 Frames not Send: 4
Jun 26, 2015 11:41:07 AM de.ants.vsp.receiver.Datensenke logMessageSevere
SEVERE: team 07-20: Time: at Beginning of new Spot1435311668009
Jun 26, 2015 11:41:08 AM de.ants.vsp.receiver.Datensenke logMessageSevere
SEVERE: team 07-20: Time: after all Spots1435311669006
Jun 26, 2015 11:41:08 AM de.ants.vsp.receiver.Datensenke logMessageSevere
SEVERE: team 07-20: Receiver: team 07-20 Frames Send: 128 Frames not Send: 4
Jun 26, 2015 11:41:08 AM de.ants.vsp.receiver.Datensenke logMessageSevere
SEVERE: team 07-20: Time: at Beginning of new Spot1435311669011
Jun 26, 2015 11:41:09 AM de.ants.vsp.receiver.Datensenke logMessageSevere
SEVERE: team 07-20: Time: after all Spots1435311670002
Jun 26, 2015 11:41:09 AM de.ants.vsp.receiver.Datensenke logMessageSevere
SEVERE: team 07-20: Receiver: team 07-20 Frames Send: 129 Frames not Send: 4
Jun 26, 2015 11:41:09 AM de.ants.vsp.receiver.Datensenke logMessageSevere
SEVERE: team 07-20: Time: at Beginning of new Spot1435311670007
Jun 26, 2015 11:41:10 AM de.ants.vsp.receiver.Datensenke logMessageSevere
SEVERE: team 07-20: Time: after all Spots1435311671001
Jun 26, 2015 11:41:10 AM de.ants.vsp.receiver.Datensenke logMessageSevere
SEVERE: team 07-20: Receiver: team 07-20 Frames Send: 130 Frames not Send: 4
Jun 26, 2015 11:41:10 AM de.ants.vsp.receiver.Datensenke logMessageSevere
SEVERE: team 07-20: Time: at Beginning of new Spot1435311671013
Jun 26, 2015 11:41:11 AM de.ants.vsp.receiver.Datensenke logMessageSevere
SEVERE: team 07-20: Time: after all Spots1435311672000
Jun 26, 2015 11:41:11 AM de.ants.vsp.receiver.Datensenke logMessageSevere
SEVERE: team 07-20: Receiver: team 07-20 Frames Send: 131 Frames not Send: 4
Jun 26, 2015 11:41:11 AM de.ants.vsp.receiver.Datensenke logMessageSevere
SEVERE: team 07-20: Time: at Beginning of new Spot1435311672005
Jun 26, 2015 11:41:12 AM de.ants.vsp.receiver.Datensenke logMessageSevere
SEVERE: team 07-20: Time: after all Spots1435311673000
Jun 26, 2015 11:41:12 AM de.ants.vsp.receiver.Datensenke logMessageSevere
SEVERE: team 07-20: Receiver: team 07-20 Frames Send: 132 Frames not Send: 4
Jun 26, 2015 11:41:12 AM de.ants.vsp.receiver.Datensenke logMessageSevere
SEVERE: team 07-20: Time: at Beginning of new Spot1435311673004
Jun 26, 2015 11:41:13 AM de.ants.vsp.receiver.Datensenke logMessageSevere
SEVERE: team 07-20: Time: after all Spots1435311674000
Jun 26, 2015 11:41:13 AM de.ants.vsp.receiver.Datensenke logMessageSevere
SEVERE: team 07-20: Receiver: team 07-20 Frames Send: 133 Frames not Send: 4
Jun 26, 2015 11:41:13 AM de.ants.vsp.receiver.Datensenke logMessageSevere
SEVERE: team 07-20: Time: at Beginning of new Spot1435311674004
Jun 26, 2015 11:41:14 AM de.ants.vsp.receiver.Datensenke logMessageSevere
SEVERE: team 07-20: Time: after all Spots1435311675002
Jun 26, 2015 11:41:14 AM de.ants.vsp.receiver.Datensenke logMessageSevere
SEVERE: team 07-20: Receiver: team 07-20 Frames Send: 134 Frames not Send: 4
Jun 26, 2015 11:41:14 AM de.ants.vsp.receiver.Datensenke logMessageSevere
SEVERE: team 07-20: Time: at Beginning of new Spot1435311675005
Jun 26, 2015 11:41:15 AM de.ants.vsp.receiver.Datensenke logMessageSevere
SEVERE: team 07-20: Time: after all Spots1435311676001
Jun 26, 2015 11:41:15 AM de.ants.vsp.receiver.Datensenke logMessageSevere
SEVERE: team 07-20: Receiver: team 07-20 Frames Send: 135 Frames not Send: 4
Jun 26, 2015 11:41:15 AM de.ants.vsp.receiver.Datensenke logMessageSevere
SEVERE: team 07-20: Time: at Beginning of new Spot1435311676011
Jun 26, 2015 11:41:16 AM de.ants.vsp.receiver.Datensenke logMessageSevere
SEVERE: team 07-20: Time: after all Spots1435311677000
Jun 26, 2015 11:41:16 AM de.ants.vsp.receiver.Datensenke logMessageSevere
SEVERE: team 07-20: Receiver: team 07-20 Frames Send: 136 Frames not Send: 4
Jun 26, 2015 11:41:16 AM de.ants.vsp.receiver.Datensenke logMessageSevere
SEVERE: team 07-20: Time: at Beginning of new Spot1435311677007
Jun 26, 2015 11:41:17 AM de.ants.vsp.receiver.Datensenke logMessageSevere
SEVERE: team 07-20: Time: after all Spots1435311678002
Jun 26, 2015 11:41:17 AM de.ants.vsp.receiver.Datensenke logMessageSevere
SEVERE: team 07-20: Receiver: team 07-20 Frames Send: 137 Frames not Send: 4
Jun 26, 2015 11:41:17 AM de.ants.vsp.receiver.Datensenke logMessageSevere
SEVERE: team 07-20: Time: at Beginning of new Spot1435311678008
Jun 26, 2015 11:41:18 AM de.ants.vsp.receiver.Datensenke logMessageSevere
SEVERE: team 07-20: Time: after all Spots1435311679001
Jun 26, 2015 11:41:18 AM de.ants.vsp.receiver.Datensenke logMessageSevere
SEVERE: team 07-20: Receiver: team 07-20 Frames Send: 138 Frames not Send: 4
Jun 26, 2015 11:41:19 AM de.ants.vsp.receiver.Datensenke logMessageSevere
SEVERE: team 07-20: Time: at Beginning of new Spot1435311679023
Jun 26, 2015 11:41:19 AM de.ants.vsp.receiver.Datensenke logMessageSevere
SEVERE: team 07-20: Time: after all Spots1435311680000
Jun 26, 2015 11:41:19 AM de.ants.vsp.receiver.Datensenke logMessageSevere
SEVERE: team 07-20: Receiver: team 07-20 Frames Send: 139 Frames not Send: 4
Jun 26, 2015 11:41:19 AM de.ants.vsp.receiver.Datensenke logMessageSevere
SEVERE: team 07-20: Time: at Beginning of new Spot1435311680006
Jun 26, 2015 11:41:20 AM de.ants.vsp.receiver.Datensenke logMessageSevere
SEVERE: team 07-20: Time: after all Spots1435311681000
Jun 26, 2015 11:41:20 AM de.ants.vsp.receiver.Datensenke logMessageSevere
SEVERE: team 07-20: Receiver: team 07-20 Frames Send: 140 Frames not Send: 4
Jun 26, 2015 11:41:20 AM de.ants.vsp.receiver.Datensenke logMessageSevere
SEVERE: team 07-20: Time: at Beginning of new Spot1435311681005
Jun 26, 2015 11:41:21 AM de.ants.vsp.receiver.Datensenke logMessageSevere
SEVERE: team 07-20: Time: after all Spots1435311682001
Jun 26, 2015 11:41:21 AM de.ants.vsp.receiver.Datensenke logMessageSevere
SEVERE: team 07-20: Receiver: team 07-20 Frames Send: 141 Frames not Send: 4
Jun 26, 2015 11:41:21 AM de.ants.vsp.receiver.Datensenke logMessageSevere
SEVERE: team 07-20: Time: at Beginning of new Spot1435311682007
Jun 26, 2015 11:41:22 AM de.ants.vsp.receiver.Datensenke logMessageSevere
SEVERE: team 07-20: Time: after all Spots1435311683000
Jun 26, 2015 11:41:22 AM de.ants.vsp.receiver.Datensenke logMessageSevere
SEVERE: team 07-20: Receiver: team 07-20 Frames Send: 142 Frames not Send: 4
Jun 26, 2015 11:41:22 AM de.ants.vsp.receiver.Datensenke logMessageSevere
SEVERE: team 07-20: Time: at Beginning of new Spot1435311683006
Jun 26, 2015 11:41:23 AM de.ants.vsp.receiver.Datensenke logMessageSevere
SEVERE: team 07-20: Time: after all Spots1435311684000
Jun 26, 2015 11:41:23 AM de.ants.vsp.receiver.Datensenke logMessageSevere
SEVERE: team 07-20: Receiver: team 07-20 Frames Send: 143 Frames not Send: 4
Jun 26, 2015 11:41:23 AM de.ants.vsp.receiver.Datensenke logMessageSevere
SEVERE: team 07-20: Time: at Beginning of new Spot1435311684005
Jun 26, 2015 11:41:24 AM de.ants.vsp.receiver.Datensenke logMessageSevere
SEVERE: team 07-20: Time: after all Spots1435311685000
Jun 26, 2015 11:41:24 AM de.ants.vsp.receiver.Datensenke logMessageSevere
SEVERE: team 07-20: Receiver: team 07-20 Frames Send: 144 Frames not Send: 4
Jun 26, 2015 11:41:24 AM de.ants.vsp.receiver.Datensenke logMessageSevere
SEVERE: team 07-20: Time: at Beginning of new Spot1435311685006
Jun 26, 2015 11:41:25 AM de.ants.vsp.receiver.Datensenke logMessageSevere
SEVERE: team 07-20: Time: after all Spots1435311686000
Jun 26, 2015 11:41:25 AM de.ants.vsp.receiver.Datensenke logMessageSevere
SEVERE: team 07-20: Receiver: team 07-20 Frames Send: 145 Frames not Send: 4
Jun 26, 2015 11:41:25 AM de.ants.vsp.receiver.Datensenke logMessageSevere
SEVERE: team 07-20: Time: at Beginning of new Spot1435311686008
Jun 26, 2015 11:41:26 AM de.ants.vsp.receiver.Datensenke logMessageSevere
SEVERE: team 07-20: Time: after all Spots1435311687000
Jun 26, 2015 11:41:26 AM de.ants.vsp.receiver.Datensenke logMessageSevere
SEVERE: team 07-20: Receiver: team 07-20 Frames Send: 146 Frames not Send: 4
Jun 26, 2015 11:41:26 AM de.ants.vsp.receiver.Datensenke logMessageSevere
SEVERE: team 07-20: Time: at Beginning of new Spot1435311687017
Jun 26, 2015 11:41:27 AM de.ants.vsp.receiver.Datensenke logMessageSevere
SEVERE: team 07-20: Time: after all Spots1435311688000
Jun 26, 2015 11:41:27 AM de.ants.vsp.receiver.Datensenke logMessageSevere
SEVERE: team 07-20: Receiver: team 07-20 Frames Send: 147 Frames not Send: 4
Jun 26, 2015 11:41:27 AM de.ants.vsp.receiver.Datensenke logMessageSevere
SEVERE: team 07-20: Time: at Beginning of new Spot1435311688006
Jun 26, 2015 11:41:28 AM de.ants.vsp.receiver.Datensenke logMessageSevere
SEVERE: team 07-20: Time: after all Spots1435311689000
Jun 26, 2015 11:41:28 AM de.ants.vsp.receiver.Datensenke logMessageSevere
SEVERE: team 07-20: Receiver: team 07-20 Frames Send: 148 Frames not Send: 4
Jun 26, 2015 11:41:28 AM de.ants.vsp.receiver.Datensenke logMessageSevere
SEVERE: team 07-20: Time: at Beginning of new Spot1435311689005
Jun 26, 2015 11:41:29 AM de.ants.vsp.receiver.Datensenke logMessageSevere
SEVERE: team 07-20: Time: after all Spots1435311690000
Jun 26, 2015 11:41:29 AM de.ants.vsp.receiver.Datensenke logMessageSevere
SEVERE: team 07-20: Receiver: team 07-20 Frames Send: 149 Frames not Send: 4
Jun 26, 2015 11:41:29 AM de.ants.vsp.receiver.Datensenke logMessageSevere
SEVERE: team 07-20: Time: at Beginning of new Spot1435311690005
Jun 26, 2015 11:41:30 AM de.ants.vsp.receiver.Datensenke logMessageSevere
SEVERE: team 07-20: Time: after all Spots1435311691000
Jun 26, 2015 11:41:30 AM de.ants.vsp.receiver.Datensenke logMessageSevere
SEVERE: team 07-20: Receiver: team 07-20 Frames Send: 150 Frames not Send: 4
Jun 26, 2015 11:41:30 AM de.ants.vsp.receiver.Datensenke logMessageSevere
SEVERE: team 07-20: Time: at Beginning of new Spot1435311691006
Jun 26, 2015 11:41:31 AM de.ants.vsp.receiver.Datensenke logMessageSevere
SEVERE: team 07-20: Time: after all Spots1435311692000
Jun 26, 2015 11:41:31 AM de.ants.vsp.receiver.Datensenke logMessageSevere
SEVERE: team 07-20: Receiver: team 07-20 Frames Send: 151 Frames not Send: 4
Jun 26, 2015 11:41:31 AM de.ants.vsp.receiver.Datensenke logMessageSevere
SEVERE: team 07-20: Time: at Beginning of new Spot1435311692005
Jun 26, 2015 11:41:32 AM de.ants.vsp.receiver.Datensenke logMessageSevere
SEVERE: team 07-20: Time: after all Spots1435311693000
Jun 26, 2015 11:41:32 AM de.ants.vsp.receiver.Datensenke logMessageSevere
SEVERE: team 07-20: Receiver: team 07-20 Frames Send: 152 Frames not Send: 4
Jun 26, 2015 11:41:32 AM de.ants.vsp.receiver.Datensenke logMessageSevere
SEVERE: team 07-20: Time: at Beginning of new Spot1435311693004
Jun 26, 2015 11:41:33 AM de.ants.vsp.receiver.Datensenke logMessageSevere
SEVERE: team 07-20: Time: after all Spots1435311694001
Jun 26, 2015 11:41:33 AM de.ants.vsp.receiver.Datensenke logMessageSevere
SEVERE: team 07-20: Receiver: team 07-20 Frames Send: 153 Frames not Send: 4
Jun 26, 2015 11:41:33 AM de.ants.vsp.receiver.Datensenke logMessageSevere
SEVERE: team 07-20: Time: at Beginning of new Spot1435311694006
Jun 26, 2015 11:41:34 AM de.ants.vsp.receiver.Datensenke logMessageSevere
SEVERE: team 07-20: Time: after all Spots1435311695000
Jun 26, 2015 11:41:34 AM de.ants.vsp.receiver.Datensenke logMessageSevere
SEVERE: team 07-20: Receiver: team 07-20 Frames Send: 154 Frames not Send: 4
Jun 26, 2015 11:41:34 AM de.ants.vsp.receiver.Datensenke logMessageSevere
SEVERE: team 07-20: Time: at Beginning of new Spot1435311695007
Jun 26, 2015 11:41:35 AM de.ants.vsp.receiver.Datensenke logMessageSevere
SEVERE: team 07-20: Time: after all Spots1435311696000
Jun 26, 2015 11:41:35 AM de.ants.vsp.receiver.Datensenke logMessageSevere
SEVERE: team 07-20: Receiver: team 07-20 Frames Send: 155 Frames not Send: 4
Jun 26, 2015 11:41:35 AM de.ants.vsp.receiver.Datensenke logMessageSevere
SEVERE: team 07-20: Time: at Beginning of new Spot1435311696005
Jun 26, 2015 11:41:36 AM de.ants.vsp.receiver.Datensenke logMessageSevere
SEVERE: team 07-20: Time: after all Spots1435311697000
Jun 26, 2015 11:41:36 AM de.ants.vsp.receiver.Datensenke logMessageSevere
SEVERE: team 07-20: Receiver: team 07-20 Frames Send: 156 Frames not Send: 4
Jun 26, 2015 11:41:36 AM de.ants.vsp.receiver.Datensenke logMessageSevere
SEVERE: team 07-20: Time: at Beginning of new Spot1435311697005
Jun 26, 2015 11:41:37 AM de.ants.vsp.receiver.Datensenke logMessageSevere
SEVERE: team 07-20: Time: after all Spots1435311698000
Jun 26, 2015 11:41:37 AM de.ants.vsp.receiver.Datensenke logMessageSevere
SEVERE: team 07-20: Receiver: team 07-20 Frames Send: 157 Frames not Send: 4
Jun 26, 2015 11:41:37 AM de.ants.vsp.receiver.Datensenke logMessageSevere
SEVERE: team 07-20: Time: at Beginning of new Spot1435311698015
Jun 26, 2015 11:41:38 AM de.ants.vsp.receiver.Datensenke logMessageSevere
SEVERE: team 07-20: Time: after all Spots1435311699000
Jun 26, 2015 11:41:38 AM de.ants.vsp.receiver.Datensenke logMessageSevere
SEVERE: team 07-20: Receiver: team 07-20 Frames Send: 158 Frames not Send: 4
Jun 26, 2015 11:41:38 AM de.ants.vsp.receiver.Datensenke logMessageSevere
SEVERE: team 07-20: Time: at Beginning of new Spot1435311699004
Jun 26, 2015 11:41:39 AM de.ants.vsp.receiver.Datensenke logMessageSevere
SEVERE: team 07-20: Time: after all Spots1435311700000
Jun 26, 2015 11:41:39 AM de.ants.vsp.receiver.Datensenke logMessageSevere
SEVERE: team 07-20: Receiver: team 07-20 Frames Send: 159 Frames not Send: 4
Jun 26, 2015 11:41:39 AM de.ants.vsp.receiver.Datensenke logMessageSevere
SEVERE: team 07-20: Time: at Beginning of new Spot1435311700004
Jun 26, 2015 11:41:40 AM de.ants.vsp.receiver.Datensenke logMessageSevere
SEVERE: team 07-20: Time: after all Spots1435311701001
Jun 26, 2015 11:41:40 AM de.ants.vsp.receiver.Datensenke logMessageSevere
SEVERE: team 07-20: Receiver: team 07-20 Frames Send: 160 Frames not Send: 4
Jun 26, 2015 11:41:40 AM de.ants.vsp.receiver.Datensenke logMessageSevere
SEVERE: team 07-20: Time: at Beginning of new Spot1435311701008
Jun 26, 2015 11:41:41 AM de.ants.vsp.receiver.Datensenke logMessageSevere
SEVERE: team 07-20: Time: after all Spots1435311702000
Jun 26, 2015 11:41:41 AM de.ants.vsp.receiver.Datensenke logMessageSevere
SEVERE: team 07-20: Receiver: team 07-20 Frames Send: 161 Frames not Send: 4
Jun 26, 2015 11:41:41 AM de.ants.vsp.receiver.Datensenke logMessageSevere
SEVERE: team 07-20: Time: at Beginning of new Spot1435311702007
Jun 26, 2015 11:41:42 AM de.ants.vsp.receiver.Datensenke logMessageSevere
SEVERE: team 07-20: Time: after all Spots1435311703000
Jun 26, 2015 11:41:42 AM de.ants.vsp.receiver.Datensenke logMessageSevere
SEVERE: team 07-20: Receiver: team 07-20 Frames Send: 162 Frames not Send: 4
Jun 26, 2015 11:41:42 AM de.ants.vsp.receiver.Datensenke logMessageSevere
SEVERE: team 07-20: Time: at Beginning of new Spot1435311703006
Jun 26, 2015 11:41:43 AM de.ants.vsp.receiver.Datensenke logMessageSevere
SEVERE: team 07-20: Time: after all Spots1435311704000
Jun 26, 2015 11:41:43 AM de.ants.vsp.receiver.Datensenke logMessageSevere
SEVERE: team 07-20: Receiver: team 07-20 Frames Send: 163 Frames not Send: 4
Jun 26, 2015 11:41:43 AM de.ants.vsp.receiver.Datensenke logMessageSevere
SEVERE: team 07-20: Time: at Beginning of new Spot1435311704010
Jun 26, 2015 11:41:44 AM de.ants.vsp.receiver.Datensenke logMessageSevere
SEVERE: team 07-20: Time: after all Spots1435311705000
Jun 26, 2015 11:41:44 AM de.ants.vsp.receiver.Datensenke logMessageSevere
SEVERE: team 07-20: Receiver: team 07-20 Frames Send: 164 Frames not Send: 4
Jun 26, 2015 11:41:44 AM de.ants.vsp.receiver.Datensenke logMessageSevere
SEVERE: team 07-20: Time: at Beginning of new Spot1435311705005
Jun 26, 2015 11:41:45 AM de.ants.vsp.receiver.Datensenke logMessageSevere
SEVERE: team 07-20: Time: after all Spots1435311706000
Jun 26, 2015 11:41:45 AM de.ants.vsp.receiver.Datensenke logMessageSevere
SEVERE: team 07-20: Receiver: team 07-20 Frames Send: 165 Frames not Send: 4
Jun 26, 2015 11:41:45 AM de.ants.vsp.receiver.Datensenke logMessageSevere
SEVERE: team 07-20: Time: at Beginning of new Spot1435311706006
Jun 26, 2015 11:41:46 AM de.ants.vsp.receiver.Datensenke logMessageSevere
SEVERE: team 07-20: Time: after all Spots1435311707001
Jun 26, 2015 11:41:46 AM de.ants.vsp.receiver.Datensenke logMessageSevere
SEVERE: team 07-20: Receiver: team 07-20 Frames Send: 166 Frames not Send: 4
Jun 26, 2015 11:41:46 AM de.ants.vsp.receiver.Datensenke logMessageSevere
SEVERE: team 07-20: Time: at Beginning of new Spot1435311707005
Jun 26, 2015 11:41:47 AM de.ants.vsp.receiver.Datensenke logMessageSevere
SEVERE: team 07-20: Time: after all Spots1435311708000
Jun 26, 2015 11:41:47 AM de.ants.vsp.receiver.Datensenke logMessageSevere
SEVERE: team 07-20: Receiver: team 07-20 Frames Send: 167 Frames not Send: 4
Jun 26, 2015 11:41:47 AM de.ants.vsp.receiver.Datensenke logMessageSevere
SEVERE: team 07-20: Time: at Beginning of new Spot1435311708005
Jun 26, 2015 11:41:48 AM de.ants.vsp.receiver.Datensenke logMessageSevere
SEVERE: team 07-20: Time: after all Spots1435311709001
Jun 26, 2015 11:41:48 AM de.ants.vsp.receiver.Datensenke logMessageSevere
SEVERE: team 07-20: Receiver: team 07-20 Frames Send: 168 Frames not Send: 4
Jun 26, 2015 11:41:48 AM de.ants.vsp.receiver.Datensenke logMessageSevere
SEVERE: team 07-20: Time: at Beginning of new Spot1435311709007
Jun 26, 2015 11:41:49 AM de.ants.vsp.receiver.Datensenke logMessageSevere
SEVERE: team 07-20: Time: after all Spots1435311710000
Jun 26, 2015 11:41:49 AM de.ants.vsp.receiver.Datensenke logMessageSevere
SEVERE: team 07-20: Receiver: team 07-20 Frames Send: 169 Frames not Send: 4
Jun 26, 2015 11:41:49 AM de.ants.vsp.receiver.Datensenke logMessageSevere
SEVERE: team 07-20: Time: at Beginning of new Spot1435311710006
Jun 26, 2015 11:41:50 AM de.ants.vsp.receiver.Datensenke logMessageSevere
SEVERE: team 07-20: Time: after all Spots1435311711000
Jun 26, 2015 11:41:50 AM de.ants.vsp.receiver.Datensenke logMessageSevere
SEVERE: team 07-20: Receiver: team 07-20 Frames Send: 170 Frames not Send: 4
Jun 26, 2015 11:41:50 AM de.ants.vsp.receiver.Datensenke logMessageSevere
SEVERE: team 07-20: Time: at Beginning of new Spot1435311711005
Jun 26, 2015 11:41:51 AM de.ants.vsp.receiver.Datensenke logMessageSevere
SEVERE: team 07-20: Time: after all Spots1435311712000
Jun 26, 2015 11:41:51 AM de.ants.vsp.receiver.Datensenke logMessageSevere
SEVERE: team 07-20: Receiver: team 07-20 Frames Send: 171 Frames not Send: 4
Jun 26, 2015 11:41:51 AM de.ants.vsp.receiver.Datensenke logMessageSevere
SEVERE: team 07-20: Time: at Beginning of new Spot1435311712005
Jun 26, 2015 11:41:52 AM de.ants.vsp.receiver.Datensenke logMessageSevere
SEVERE: team 07-20: Time: after all Spots1435311713000
Jun 26, 2015 11:41:52 AM de.ants.vsp.receiver.Datensenke logMessageSevere
SEVERE: team 07-20: Receiver: team 07-20 Frames Send: 172 Frames not Send: 4
Jun 26, 2015 11:41:52 AM de.ants.vsp.receiver.Datensenke logMessageSevere
SEVERE: team 07-20: Time: at Beginning of new Spot1435311713009
Jun 26, 2015 11:41:53 AM de.ants.vsp.receiver.Datensenke logMessageSevere
SEVERE: team 07-20: Time: after all Spots1435311714001
Jun 26, 2015 11:41:53 AM de.ants.vsp.receiver.Datensenke logMessageSevere
SEVERE: team 07-20: Receiver: team 07-20 Frames Send: 173 Frames not Send: 4
Jun 26, 2015 11:41:53 AM de.ants.vsp.receiver.Datensenke logMessageSevere
SEVERE: team 07-20: Time: at Beginning of new Spot1435311714005
Jun 26, 2015 11:41:54 AM de.ants.vsp.receiver.Datensenke logMessageSevere
SEVERE: team 07-20: Time: after all Spots1435311715000
Jun 26, 2015 11:41:54 AM de.ants.vsp.receiver.Datensenke logMessageSevere
SEVERE: team 07-20: Receiver: team 07-20 Frames Send: 174 Frames not Send: 4
Jun 26, 2015 11:41:54 AM de.ants.vsp.receiver.Datensenke logMessageSevere
SEVERE: team 07-20: Time: at Beginning of new Spot1435311715005
Jun 26, 2015 11:41:55 AM de.ants.vsp.receiver.Datensenke logMessageSevere
SEVERE: team 07-20: Time: after all Spots1435311716000
Jun 26, 2015 11:41:55 AM de.ants.vsp.receiver.Datensenke logMessageSevere
SEVERE: team 07-20: Receiver: team 07-20 Frames Send: 175 Frames not Send: 4
Jun 26, 2015 11:41:55 AM de.ants.vsp.receiver.Datensenke logMessageSevere
SEVERE: team 07-20: Time: at Beginning of new Spot1435311716005
Jun 26, 2015 11:41:56 AM de.ants.vsp.receiver.Datensenke logMessageSevere
SEVERE: team 07-20: Time: after all Spots1435311717000
Jun 26, 2015 11:41:56 AM de.ants.vsp.receiver.Datensenke logMessageSevere
SEVERE: team 07-20: Receiver: team 07-20 Frames Send: 176 Frames not Send: 4
Jun 26, 2015 11:41:56 AM de.ants.vsp.receiver.Datensenke logMessageSevere
SEVERE: team 07-20: Time: at Beginning of new Spot1435311717005
Jun 26, 2015 11:41:57 AM de.ants.vsp.receiver.Datensenke logMessageSevere
SEVERE: team 07-20: Time: after all Spots1435311718000
Jun 26, 2015 11:41:57 AM de.ants.vsp.receiver.Datensenke logMessageSevere
SEVERE: team 07-20: Receiver: team 07-20 Frames Send: 177 Frames not Send: 4
Jun 26, 2015 11:41:57 AM de.ants.vsp.receiver.Datensenke logMessageSevere
SEVERE: team 07-20: Time: at Beginning of new Spot1435311718006
Jun 26, 2015 11:41:58 AM de.ants.vsp.receiver.Datensenke logMessageSevere
SEVERE: team 07-20: Time: after all Spots1435311719000
Jun 26, 2015 11:41:58 AM de.ants.vsp.receiver.Datensenke logMessageSevere
SEVERE: team 07-20: Receiver: team 07-20 Frames Send: 178 Frames not Send: 4
Jun 26, 2015 11:41:58 AM de.ants.vsp.receiver.Datensenke logMessageSevere
SEVERE: team 07-20: Time: at Beginning of new Spot1435311719005
Jun 26, 2015 11:41:59 AM de.ants.vsp.receiver.Datensenke logMessageSevere
SEVERE: team 07-20: Time: after all Spots1435311720000
Jun 26, 2015 11:41:59 AM de.ants.vsp.receiver.Datensenke logMessageSevere
SEVERE: team 07-20: Receiver: team 07-20 Frames Send: 179 Frames not Send: 4
Jun 26, 2015 11:41:59 AM de.ants.vsp.receiver.Datensenke logMessageSevere
SEVERE: team 07-20: Time: at Beginning of new Spot1435311720003
Jun 26, 2015 11:42:00 AM de.ants.vsp.receiver.Datensenke logMessageSevere
SEVERE: team 07-20: Time: after all Spots1435311721000
Jun 26, 2015 11:42:00 AM de.ants.vsp.receiver.Datensenke logMessageSevere
SEVERE: team 07-20: Receiver: team 07-20 Frames Send: 180 Frames not Send: 4
Jun 26, 2015 11:42:00 AM de.ants.vsp.receiver.Datensenke logMessageSevere
SEVERE: team 07-20: Time: at Beginning of new Spot1435311721005
Jun 26, 2015 11:42:01 AM de.ants.vsp.receiver.Datensenke logMessageSevere
SEVERE: team 07-20: Time: after all Spots1435311722000
Jun 26, 2015 11:42:01 AM de.ants.vsp.receiver.Datensenke logMessageSevere
SEVERE: team 07-20: Receiver: team 07-20 Frames Send: 181 Frames not Send: 4
Jun 26, 2015 11:42:01 AM de.ants.vsp.receiver.Datensenke logMessageSevere
SEVERE: team 07-20: Time: at Beginning of new Spot1435311722004
Jun 26, 2015 11:42:02 AM de.ants.vsp.receiver.Datensenke logMessageSevere
SEVERE: team 07-20: Time: after all Spots1435311723000
Jun 26, 2015 11:42:02 AM de.ants.vsp.receiver.Datensenke logMessageSevere
SEVERE: team 07-20: Receiver: team 07-20 Frames Send: 182 Frames not Send: 4
Jun 26, 2015 11:42:02 AM de.ants.vsp.receiver.Datensenke logMessageSevere
SEVERE: team 07-20: Time: at Beginning of new Spot1435311723003
Jun 26, 2015 11:42:03 AM de.ants.vsp.receiver.Datensenke logMessageSevere
SEVERE: team 07-20: Time: after all Spots1435311724000
Jun 26, 2015 11:42:03 AM de.ants.vsp.receiver.Datensenke logMessageSevere
SEVERE: team 07-20: Receiver: team 07-20 Frames Send: 183 Frames not Send: 4
Jun 26, 2015 11:42:03 AM de.ants.vsp.receiver.Datensenke logMessageSevere
SEVERE: team 07-20: Time: at Beginning of new Spot1435311724005
Jun 26, 2015 11:42:04 AM de.ants.vsp.receiver.Datensenke logMessageSevere
SEVERE: team 07-20: Time: after all Spots1435311725000
Jun 26, 2015 11:42:04 AM de.ants.vsp.receiver.Datensenke logMessageSevere
SEVERE: team 07-20: Receiver: team 07-20 Frames Send: 184 Frames not Send: 4
Jun 26, 2015 11:42:04 AM de.ants.vsp.receiver.Datensenke logMessageSevere
SEVERE: team 07-20: Time: at Beginning of new Spot1435311725004
Jun 26, 2015 11:42:05 AM de.ants.vsp.receiver.Datensenke logMessageSevere
SEVERE: team 07-20: Time: after all Spots1435311726000
Jun 26, 2015 11:42:05 AM de.ants.vsp.receiver.Datensenke logMessageSevere
SEVERE: team 07-20: Receiver: team 07-20 Frames Send: 185 Frames not Send: 4
Jun 26, 2015 11:42:05 AM de.ants.vsp.receiver.Datensenke logMessageSevere
SEVERE: team 07-20: Time: at Beginning of new Spot1435311726004
Jun 26, 2015 11:42:06 AM de.ants.vsp.receiver.Datensenke logMessageSevere
SEVERE: team 07-20: Time: after all Spots1435311727000
Jun 26, 2015 11:42:06 AM de.ants.vsp.receiver.Datensenke logMessageSevere
SEVERE: team 07-20: Receiver: team 07-20 Frames Send: 186 Frames not Send: 4
Jun 26, 2015 11:42:06 AM de.ants.vsp.receiver.Datensenke logMessageSevere
SEVERE: team 07-20: Time: at Beginning of new Spot1435311727004
Jun 26, 2015 11:42:07 AM de.ants.vsp.receiver.Datensenke logMessageSevere
SEVERE: team 07-20: Time: after all Spots1435311728000
Jun 26, 2015 11:42:07 AM de.ants.vsp.receiver.Datensenke logMessageSevere
SEVERE: team 07-20: Receiver: team 07-20 Frames Send: 187 Frames not Send: 4
Jun 26, 2015 11:42:07 AM de.ants.vsp.receiver.Datensenke logMessageSevere
SEVERE: team 07-20: Time: at Beginning of new Spot1435311728004
Jun 26, 2015 11:42:08 AM de.ants.vsp.receiver.Datensenke logMessageSevere
SEVERE: team 07-20: Time: after all Spots1435311729000
Jun 26, 2015 11:42:08 AM de.ants.vsp.receiver.Datensenke logMessageSevere
SEVERE: team 07-20: Receiver: team 07-20 Frames Send: 188 Frames not Send: 4
Jun 26, 2015 11:42:08 AM de.ants.vsp.receiver.Datensenke logMessageSevere
SEVERE: team 07-20: Time: at Beginning of new Spot1435311729007
Jun 26, 2015 11:42:09 AM de.ants.vsp.receiver.Datensenke logMessageSevere
SEVERE: team 07-20: Time: after all Spots1435311730000
Jun 26, 2015 11:42:09 AM de.ants.vsp.receiver.Datensenke logMessageSevere
SEVERE: team 07-20: Receiver: team 07-20 Frames Send: 189 Frames not Send: 4
Jun 26, 2015 11:42:09 AM de.ants.vsp.receiver.Datensenke logMessageSevere
SEVERE: team 07-20: Time: at Beginning of new Spot1435311730007
Jun 26, 2015 11:42:10 AM de.ants.vsp.receiver.Datensenke logMessageSevere
SEVERE: team 07-20: Time: after all Spots1435311731000
Jun 26, 2015 11:42:10 AM de.ants.vsp.receiver.Datensenke logMessageSevere
SEVERE: team 07-20: Receiver: team 07-20 Frames Send: 190 Frames not Send: 4
Jun 26, 2015 11:42:10 AM de.ants.vsp.receiver.Datensenke logMessageSevere
SEVERE: team 07-20: Time: at Beginning of new Spot1435311731006
Jun 26, 2015 11:42:11 AM de.ants.vsp.receiver.Datensenke logMessageSevere
SEVERE: team 07-20: Time: after all Spots1435311732000
Jun 26, 2015 11:42:11 AM de.ants.vsp.receiver.Datensenke logMessageSevere
SEVERE: team 07-20: Receiver: team 07-20 Frames Send: 191 Frames not Send: 4
Jun 26, 2015 11:42:11 AM de.ants.vsp.receiver.Datensenke logMessageSevere
SEVERE: team 07-20: Time: at Beginning of new Spot1435311732005
Jun 26, 2015 11:42:12 AM de.ants.vsp.receiver.Datensenke logMessageSevere
SEVERE: team 07-20: Time: after all Spots1435311733000
Jun 26, 2015 11:42:12 AM de.ants.vsp.receiver.Datensenke logMessageSevere
SEVERE: team 07-20: Receiver: team 07-20 Frames Send: 192 Frames not Send: 4
Jun 26, 2015 11:42:12 AM de.ants.vsp.receiver.Datensenke logMessageSevere
SEVERE: team 07-20: Time: at Beginning of new Spot1435311733003
Jun 26, 2015 11:42:13 AM de.ants.vsp.receiver.Datensenke logMessageSevere
SEVERE: team 07-20: Time: after all Spots1435311734000
Jun 26, 2015 11:42:13 AM de.ants.vsp.receiver.Datensenke logMessageSevere
SEVERE: team 07-20: Receiver: team 07-20 Frames Send: 193 Frames not Send: 4
Jun 26, 2015 11:42:13 AM de.ants.vsp.receiver.Datensenke logMessageSevere
SEVERE: team 07-20: Time: at Beginning of new Spot1435311734004
Jun 26, 2015 11:42:14 AM de.ants.vsp.receiver.Datensenke logMessageSevere
SEVERE: team 07-20: Time: after all Spots1435311735000
Jun 26, 2015 11:42:14 AM de.ants.vsp.receiver.Datensenke logMessageSevere
SEVERE: team 07-20: Receiver: team 07-20 Frames Send: 194 Frames not Send: 4
Jun 26, 2015 11:42:14 AM de.ants.vsp.receiver.Datensenke logMessageSevere
SEVERE: team 07-20: Time: at Beginning of new Spot1435311735004
Jun 26, 2015 11:42:15 AM de.ants.vsp.receiver.Datensenke logMessageSevere
SEVERE: team 07-20: Time: after all Spots1435311736002
Jun 26, 2015 11:42:15 AM de.ants.vsp.receiver.Datensenke logMessageSevere
SEVERE: team 07-20: Receiver: team 07-20 Frames Send: 195 Frames not Send: 4
Jun 26, 2015 11:42:15 AM de.ants.vsp.receiver.Datensenke logMessageSevere
SEVERE: team 07-20: Time: at Beginning of new Spot1435311736007
Jun 26, 2015 11:42:16 AM de.ants.vsp.receiver.Datensenke logMessageSevere
SEVERE: team 07-20: Time: after all Spots1435311737000
Jun 26, 2015 11:42:16 AM de.ants.vsp.receiver.Datensenke logMessageSevere
SEVERE: team 07-20: Receiver: team 07-20 Frames Send: 196 Frames not Send: 4
Jun 26, 2015 11:42:16 AM de.ants.vsp.receiver.Datensenke logMessageSevere
SEVERE: team 07-20: Time: at Beginning of new Spot1435311737004
Jun 26, 2015 11:42:17 AM de.ants.vsp.receiver.Datensenke logMessageSevere
SEVERE: team 07-20: Time: after all Spots1435311738000
Jun 26, 2015 11:42:17 AM de.ants.vsp.receiver.Datensenke logMessageSevere
SEVERE: team 07-20: Receiver: team 07-20 Frames Send: 197 Frames not Send: 4
Jun 26, 2015 11:42:17 AM de.ants.vsp.receiver.Datensenke logMessageSevere
SEVERE: team 07-20: Time: at Beginning of new Spot1435311738006
Jun 26, 2015 11:42:18 AM de.ants.vsp.receiver.Datensenke logMessageSevere
SEVERE: team 07-20: Time: after all Spots1435311739001
Jun 26, 2015 11:42:18 AM de.ants.vsp.receiver.Datensenke logMessageSevere
SEVERE: team 07-20: Receiver: team 07-20 Frames Send: 198 Frames not Send: 4
Jun 26, 2015 11:42:18 AM de.ants.vsp.receiver.Datensenke logMessageSevere
SEVERE: team 07-20: Time: at Beginning of new Spot1435311739008
Jun 26, 2015 11:42:19 AM de.ants.vsp.receiver.Datensenke logMessageSevere
SEVERE: team 07-20: Time: after all Spots1435311740000
Jun 26, 2015 11:42:19 AM de.ants.vsp.receiver.Datensenke logMessageSevere
SEVERE: team 07-20: Receiver: team 07-20 Frames Send: 199 Frames not Send: 4
Jun 26, 2015 11:42:19 AM de.ants.vsp.receiver.Datensenke logMessageSevere
SEVERE: team 07-20: Time: at Beginning of new Spot1435311740017
Jun 26, 2015 11:42:20 AM de.ants.vsp.receiver.Datensenke logMessageSevere
SEVERE: team 07-20: Time: after all Spots1435311741000
Jun 26, 2015 11:42:20 AM de.ants.vsp.receiver.Datensenke logMessageSevere
SEVERE: team 07-20: Receiver: team 07-20 Frames Send: 200 Frames not Send: 4
Jun 26, 2015 11:42:20 AM de.ants.vsp.receiver.Datensenke logMessageSevere
SEVERE: team 07-20: Time: at Beginning of new Spot1435311741004
Jun 26, 2015 11:42:21 AM de.ants.vsp.receiver.Datensenke logMessageSevere
SEVERE: team 07-20: Time: after all Spots1435311742000
Jun 26, 2015 11:42:21 AM de.ants.vsp.receiver.Datensenke logMessageSevere
SEVERE: team 07-20: Receiver: team 07-20 Frames Send: 201 Frames not Send: 4
Jun 26, 2015 11:42:21 AM de.ants.vsp.receiver.Datensenke logMessageSevere
SEVERE: team 07-20: Time: at Beginning of new Spot1435311742004
Jun 26, 2015 11:42:22 AM de.ants.vsp.receiver.Datensenke logMessageSevere
SEVERE: team 07-20: Time: after all Spots1435311743001
Jun 26, 2015 11:42:23 AM de.ants.vsp.receiver.Datensenke logMessageSevere
SEVERE: team 07-20: Receiver: team 07-20 Frames Send: 202 Frames not Send: 4
Jun 26, 2015 11:42:23 AM de.ants.vsp.receiver.Datensenke logMessageSevere
SEVERE: team 07-20: Time: at Beginning of new Spot1435311743039
Jun 26, 2015 11:42:23 AM de.ants.vsp.receiver.Datensenke logMessageSevere
SEVERE: team 07-20: Time: after all Spots1435311744002
Jun 26, 2015 11:42:23 AM de.ants.vsp.receiver.Datensenke logMessageSevere
SEVERE: team 07-20: Receiver: team 07-20 Frames Send: 203 Frames not Send: 4
Jun 26, 2015 11:42:23 AM de.ants.vsp.receiver.Datensenke logMessageSevere
SEVERE: team 07-20: Time: at Beginning of new Spot1435311744005
Jun 26, 2015 11:42:24 AM de.ants.vsp.receiver.Datensenke logMessageSevere
SEVERE: team 07-20: Time: after all Spots1435311745000
Jun 26, 2015 11:42:24 AM de.ants.vsp.receiver.Datensenke logMessageSevere
SEVERE: team 07-20: Receiver: team 07-20 Frames Send: 204 Frames not Send: 4
Jun 26, 2015 11:42:24 AM de.ants.vsp.receiver.Datensenke logMessageSevere
SEVERE: team 07-20: Time: at Beginning of new Spot1435311745004
Jun 26, 2015 11:42:25 AM de.ants.vsp.receiver.Datensenke logMessageSevere
SEVERE: team 07-20: Time: after all Spots1435311746000
Jun 26, 2015 11:42:25 AM de.ants.vsp.receiver.Datensenke logMessageSevere
SEVERE: team 07-20: Receiver: team 07-20 Frames Send: 205 Frames not Send: 4
Jun 26, 2015 11:42:25 AM de.ants.vsp.receiver.Datensenke logMessageSevere
SEVERE: team 07-20: Time: at Beginning of new Spot1435311746003
Jun 26, 2015 11:42:26 AM de.ants.vsp.receiver.Datensenke logMessageSevere
SEVERE: team 07-20: Time: after all Spots1435311747000
Jun 26, 2015 11:42:26 AM de.ants.vsp.receiver.Datensenke logMessageSevere
SEVERE: team 07-20: Receiver: team 07-20 Frames Send: 206 Frames not Send: 4
Jun 26, 2015 11:42:26 AM de.ants.vsp.receiver.Datensenke logMessageSevere
SEVERE: team 07-20: Time: at Beginning of new Spot1435311747014
Jun 26, 2015 11:42:27 AM de.ants.vsp.receiver.Datensenke logMessageSevere
SEVERE: team 07-20: Time: after all Spots1435311748000
Jun 26, 2015 11:42:27 AM de.ants.vsp.receiver.Datensenke logMessageSevere
SEVERE: team 07-20: Receiver: team 07-20 Frames Send: 207 Frames not Send: 4
Jun 26, 2015 11:42:27 AM de.ants.vsp.receiver.Datensenke logMessageSevere
SEVERE: team 07-20: Time: at Beginning of new Spot1435311748014
Jun 26, 2015 11:42:28 AM de.ants.vsp.receiver.Datensenke logMessageSevere
SEVERE: team 07-20: Time: after all Spots1435311749000
Jun 26, 2015 11:42:28 AM de.ants.vsp.receiver.Datensenke logMessageSevere
SEVERE: team 07-20: Receiver: team 07-20 Frames Send: 208 Frames not Send: 4
Jun 26, 2015 11:42:28 AM de.ants.vsp.receiver.Datensenke logMessageSevere
SEVERE: team 07-20: Time: at Beginning of new Spot1435311749005
Jun 26, 2015 11:42:29 AM de.ants.vsp.receiver.Datensenke logMessageSevere
SEVERE: team 07-20: Time: after all Spots1435311750000
Jun 26, 2015 11:42:29 AM de.ants.vsp.receiver.Datensenke logMessageSevere
SEVERE: team 07-20: Receiver: team 07-20 Frames Send: 209 Frames not Send: 4
Jun 26, 2015 11:42:29 AM de.ants.vsp.receiver.Datensenke logMessageSevere
SEVERE: team 07-20: Time: at Beginning of new Spot1435311750004
Jun 26, 2015 11:42:30 AM de.ants.vsp.receiver.Datensenke logMessageSevere
SEVERE: team 07-20: Time: after all Spots1435311751000
Jun 26, 2015 11:42:30 AM de.ants.vsp.receiver.Datensenke logMessageSevere
SEVERE: team 07-20: Receiver: team 07-20 Frames Send: 210 Frames not Send: 4
Jun 26, 2015 11:42:30 AM de.ants.vsp.receiver.Datensenke logMessageSevere
SEVERE: team 07-20: Time: at Beginning of new Spot1435311751003
Jun 26, 2015 11:42:31 AM de.ants.vsp.receiver.Datensenke logMessageSevere
SEVERE: team 07-20: Time: after all Spots1435311752008
Jun 26, 2015 11:42:31 AM de.ants.vsp.receiver.Datensenke logMessageSevere
SEVERE: team 07-20: Receiver: team 07-20 Frames Send: 211 Frames not Send: 4
Jun 26, 2015 11:42:32 AM de.ants.vsp.receiver.Datensenke logMessageSevere
SEVERE: team 07-20: Time: at Beginning of new Spot1435311752026
Jun 26, 2015 11:42:32 AM de.ants.vsp.receiver.Datensenke logMessageSevere
SEVERE: team 07-20: Time: after all Spots1435311753000
Jun 26, 2015 11:42:32 AM de.ants.vsp.receiver.Datensenke logMessageSevere
SEVERE: team 07-20: Receiver: team 07-20 Frames Send: 212 Frames not Send: 4
Jun 26, 2015 11:42:32 AM de.ants.vsp.receiver.Datensenke logMessageSevere
SEVERE: team 07-20: Time: at Beginning of new Spot1435311753004
Jun 26, 2015 11:42:33 AM de.ants.vsp.receiver.Datensenke logMessageSevere
SEVERE: team 07-20: Time: after all Spots1435311754000
Jun 26, 2015 11:42:33 AM de.ants.vsp.receiver.Datensenke logMessageSevere
SEVERE: team 07-20: Receiver: team 07-20 Frames Send: 213 Frames not Send: 4
Jun 26, 2015 11:42:33 AM de.ants.vsp.receiver.Datensenke logMessageSevere
SEVERE: team 07-20: Time: at Beginning of new Spot1435311754005
Jun 26, 2015 11:42:34 AM de.ants.vsp.receiver.Datensenke logMessageSevere
SEVERE: team 07-20: Time: after all Spots1435311755000
Jun 26, 2015 11:42:34 AM de.ants.vsp.receiver.Datensenke logMessageSevere
SEVERE: team 07-20: Receiver: team 07-20 Frames Send: 214 Frames not Send: 4
Jun 26, 2015 11:42:34 AM de.ants.vsp.receiver.Datensenke logMessageSevere
SEVERE: team 07-20: Time: at Beginning of new Spot1435311755004
Jun 26, 2015 11:42:35 AM de.ants.vsp.receiver.Datensenke logMessageSevere
SEVERE: team 07-20: Time: after all Spots1435311756001
Jun 26, 2015 11:42:35 AM de.ants.vsp.receiver.Datensenke logMessageSevere
SEVERE: team 07-20: Receiver: team 07-20 Frames Send: 215 Frames not Send: 4
Jun 26, 2015 11:42:35 AM de.ants.vsp.receiver.Datensenke logMessageSevere
SEVERE: team 07-20: Time: at Beginning of new Spot1435311756005
Jun 26, 2015 11:42:36 AM de.ants.vsp.receiver.Datensenke logMessageSevere
SEVERE: team 07-20: Time: after all Spots1435311757000
Jun 26, 2015 11:42:36 AM de.ants.vsp.receiver.Datensenke logMessageSevere
SEVERE: team 07-20: Receiver: team 07-20 Frames Send: 216 Frames not Send: 4
Jun 26, 2015 11:42:36 AM de.ants.vsp.receiver.Datensenke logMessageSevere
SEVERE: team 07-20: Time: at Beginning of new Spot1435311757004
