Jun 26, 2015 11:38:57 AM de.ants.vsp.receiver.Datensenke logMessageSevere
SEVERE: team 07-24: Time: at Beginning of new Spot1435311537011
Jun 26, 2015 11:38:57 AM de.ants.vsp.receiver.Datensenke logCollision
SEVERE: team 07-24: Kollision erkannt (unbeteiligt) im Spot: 2
Jun 26, 2015 11:38:58 AM de.ants.vsp.receiver.Datensenke logCollision
SEVERE: team 07-24: Kollision erkannt (unbeteiligt) im Spot: 25
Jun 26, 2015 11:38:58 AM de.ants.vsp.receiver.Datensenke logMessageSevere
SEVERE: team 07-24: Time: after all Spots1435311538038
Jun 26, 2015 11:38:58 AM de.ants.vsp.receiver.Datensenke logMessageSevere
SEVERE: team 07-24: has not send! 14 will be the next...
Jun 26, 2015 11:38:58 AM de.ants.vsp.receiver.Datensenke logMessageSevere
SEVERE: team 07-24: Receiver: team 07-24 Frames Send: 0 Frames not Send: 1
Jun 26, 2015 11:38:58 AM de.ants.vsp.receiver.Datensenke logMessageSevere
SEVERE: team 07-24: Time: at Beginning of new Spot1435311538050
Jun 26, 2015 11:38:58 AM de.ants.vsp.receiver.Datensenke logCollision
SEVERE: team 07-24: Kollision erkannt (unbeteiligt) im Spot: 22
Jun 26, 2015 11:38:59 AM de.ants.vsp.receiver.Datensenke logMessageSevere
SEVERE: team 07-24: Time: after all Spots1435311539035
Jun 26, 2015 11:38:59 AM de.ants.vsp.receiver.Datensenke logMessageSevere
SEVERE: team 07-24: Receiver: team 07-24 Frames Send: 1 Frames not Send: 1
Jun 26, 2015 11:38:59 AM de.ants.vsp.receiver.Datensenke logMessageSevere
SEVERE: team 07-24: Time: at Beginning of new Spot1435311539057
Jun 26, 2015 11:38:59 AM de.ants.vsp.receiver.Datensenke logCollision
SEVERE: team 07-24: Kollision erkannt (unbeteiligt) im Spot: 20
Jun 26, 2015 11:38:59 AM de.ants.vsp.receiver.Datensenke logCollision
SEVERE: team 07-24: Kollision erkannt (unbeteiligt) im Spot: 22
Jun 26, 2015 11:38:59 AM de.ants.vsp.receiver.Datensenke logMessageSevere
SEVERE: team 07-24: Time: after all Spots1435311540001
Jun 26, 2015 11:38:59 AM de.ants.vsp.receiver.Datensenke logMessageSevere
SEVERE: team 07-24: Receiver: team 07-24 Frames Send: 2 Frames not Send: 1
Jun 26, 2015 11:38:59 AM de.ants.vsp.receiver.Datensenke logMessageSevere
SEVERE: team 07-24: Time: at Beginning of new Spot1435311540012
Jun 26, 2015 11:39:00 AM de.ants.vsp.receiver.Datensenke logCollision
SEVERE: team 07-24: Kollision erkannt (unbeteiligt) im Spot: 21
Jun 26, 2015 11:39:00 AM de.ants.vsp.receiver.Datensenke logCollision
SEVERE: team 07-24: Kollision erkannt (unbeteiligt) im Spot: 25
Jun 26, 2015 11:39:00 AM de.ants.vsp.receiver.Datensenke logMessageSevere
SEVERE: team 07-24: Time: after all Spots1435311541003
Jun 26, 2015 11:39:00 AM de.ants.vsp.receiver.Datensenke logMessageSevere
SEVERE: team 07-24: Receiver: team 07-24 Frames Send: 3 Frames not Send: 1
Jun 26, 2015 11:39:00 AM de.ants.vsp.receiver.Datensenke logMessageSevere
SEVERE: team 07-24: Time: at Beginning of new Spot1435311541011
Jun 26, 2015 11:39:01 AM de.ants.vsp.receiver.Datensenke logMessageSevere
SEVERE: team 07-24: Time: after all Spots1435311542000
Jun 26, 2015 11:39:01 AM de.ants.vsp.receiver.Datensenke logMessageSevere
SEVERE: team 07-24: Receiver: team 07-24 Frames Send: 4 Frames not Send: 1
Jun 26, 2015 11:39:01 AM de.ants.vsp.receiver.Datensenke logMessageSevere
SEVERE: team 07-24: Time: at Beginning of new Spot1435311542009
Jun 26, 2015 11:39:02 AM de.ants.vsp.receiver.Datensenke logMessageSevere
SEVERE: team 07-24: Time: after all Spots1435311543001
Jun 26, 2015 11:39:02 AM de.ants.vsp.receiver.Datensenke logMessageSevere
SEVERE: team 07-24: Receiver: team 07-24 Frames Send: 5 Frames not Send: 1
Jun 26, 2015 11:39:02 AM de.ants.vsp.receiver.Datensenke logMessageSevere
SEVERE: team 07-24: Time: at Beginning of new Spot1435311543006
Jun 26, 2015 11:39:03 AM de.ants.vsp.receiver.Datensenke logMessageSevere
SEVERE: team 07-24: Time: after all Spots1435311544001
Jun 26, 2015 11:39:03 AM de.ants.vsp.receiver.Datensenke logMessageSevere
SEVERE: team 07-24: Receiver: team 07-24 Frames Send: 6 Frames not Send: 1
Jun 26, 2015 11:39:03 AM de.ants.vsp.receiver.Datensenke logMessageSevere
SEVERE: team 07-24: Time: at Beginning of new Spot1435311544006
Jun 26, 2015 11:39:04 AM de.ants.vsp.receiver.Datensenke logMessageSevere
SEVERE: team 07-24: Time: after all Spots1435311545002
Jun 26, 2015 11:39:04 AM de.ants.vsp.receiver.Datensenke logMessageSevere
SEVERE: team 07-24: Receiver: team 07-24 Frames Send: 7 Frames not Send: 1
Jun 26, 2015 11:39:04 AM de.ants.vsp.receiver.Datensenke logMessageSevere
SEVERE: team 07-24: Time: at Beginning of new Spot1435311545012
Jun 26, 2015 11:39:05 AM de.ants.vsp.receiver.Datensenke logMessageSevere
SEVERE: team 07-24: Time: after all Spots1435311546014
Jun 26, 2015 11:39:05 AM de.ants.vsp.receiver.Datensenke logMessageSevere
SEVERE: team 07-24: Receiver: team 07-24 Frames Send: 8 Frames not Send: 1
Jun 26, 2015 11:39:06 AM de.ants.vsp.receiver.Datensenke logMessageSevere
SEVERE: team 07-24: Time: at Beginning of new Spot1435311546027
Jun 26, 2015 11:39:06 AM de.ants.vsp.receiver.Datensenke logMessageSevere
SEVERE: team 07-24: Time: after all Spots1435311547001
Jun 26, 2015 11:39:06 AM de.ants.vsp.receiver.Datensenke logMessageSevere
SEVERE: team 07-24: Receiver: team 07-24 Frames Send: 9 Frames not Send: 1
Jun 26, 2015 11:39:06 AM de.ants.vsp.receiver.Datensenke logMessageSevere
SEVERE: team 07-24: Time: at Beginning of new Spot1435311547016
Jun 26, 2015 11:39:07 AM de.ants.vsp.receiver.Datensenke logMessageSevere
SEVERE: team 07-24: Time: after all Spots1435311548002
Jun 26, 2015 11:39:07 AM de.ants.vsp.receiver.Datensenke logMessageSevere
SEVERE: team 07-24: Receiver: team 07-24 Frames Send: 10 Frames not Send: 1
Jun 26, 2015 11:39:07 AM de.ants.vsp.receiver.Datensenke logMessageSevere
SEVERE: team 07-24: Time: at Beginning of new Spot1435311548018
Jun 26, 2015 11:39:08 AM de.ants.vsp.receiver.Datensenke logMessageSevere
SEVERE: team 07-24: Time: after all Spots1435311549015
Jun 26, 2015 11:39:08 AM de.ants.vsp.receiver.Datensenke logMessageSevere
SEVERE: team 07-24: Receiver: team 07-24 Frames Send: 11 Frames not Send: 1
Jun 26, 2015 11:39:09 AM de.ants.vsp.receiver.Datensenke logMessageSevere
SEVERE: team 07-24: Time: at Beginning of new Spot1435311549022
Jun 26, 2015 11:39:09 AM de.ants.vsp.receiver.Datensenke logMessageSevere
SEVERE: team 07-24: Time: after all Spots1435311550014
Jun 26, 2015 11:39:10 AM de.ants.vsp.receiver.Datensenke logMessageSevere
SEVERE: team 07-24: Receiver: team 07-24 Frames Send: 12 Frames not Send: 1
Jun 26, 2015 11:39:10 AM de.ants.vsp.receiver.Datensenke logMessageSevere
SEVERE: team 07-24: Time: at Beginning of new Spot1435311550031
Jun 26, 2015 11:39:10 AM de.ants.vsp.receiver.Datensenke logMessageSevere
SEVERE: team 07-24: Time: after all Spots1435311551000
Jun 26, 2015 11:39:10 AM de.ants.vsp.receiver.Datensenke logMessageSevere
SEVERE: team 07-24: Receiver: team 07-24 Frames Send: 13 Frames not Send: 1
Jun 26, 2015 11:39:10 AM de.ants.vsp.receiver.Datensenke logMessageSevere
SEVERE: team 07-24: Time: at Beginning of new Spot1435311551020
Jun 26, 2015 11:39:11 AM de.ants.vsp.receiver.Datensenke logMessageSevere
SEVERE: team 07-24: Time: after all Spots1435311552001
Jun 26, 2015 11:39:11 AM de.ants.vsp.receiver.Datensenke logMessageSevere
SEVERE: team 07-24: Receiver: team 07-24 Frames Send: 14 Frames not Send: 1
Jun 26, 2015 11:39:11 AM de.ants.vsp.receiver.Datensenke logMessageSevere
SEVERE: team 07-24: Time: at Beginning of new Spot1435311552006
Jun 26, 2015 11:39:12 AM de.ants.vsp.receiver.Datensenke logMessageSevere
SEVERE: team 07-24: Time: after all Spots1435311553014
Jun 26, 2015 11:39:12 AM de.ants.vsp.receiver.Datensenke logMessageSevere
SEVERE: team 07-24: Receiver: team 07-24 Frames Send: 15 Frames not Send: 1
Jun 26, 2015 11:39:13 AM de.ants.vsp.receiver.Datensenke logMessageSevere
SEVERE: team 07-24: Time: at Beginning of new Spot1435311553023
Jun 26, 2015 11:39:13 AM de.ants.vsp.receiver.Datensenke logMessageSevere
SEVERE: team 07-24: Time: after all Spots1435311554003
Jun 26, 2015 11:39:13 AM de.ants.vsp.receiver.Datensenke logMessageSevere
SEVERE: team 07-24: Receiver: team 07-24 Frames Send: 16 Frames not Send: 1
Jun 26, 2015 11:39:13 AM de.ants.vsp.receiver.Datensenke logMessageSevere
SEVERE: team 07-24: Time: at Beginning of new Spot1435311554015
Jun 26, 2015 11:39:14 AM de.ants.vsp.receiver.Datensenke logMessageSevere
SEVERE: team 07-24: Time: after all Spots1435311555000
Jun 26, 2015 11:39:14 AM de.ants.vsp.receiver.Datensenke logMessageSevere
SEVERE: team 07-24: Receiver: team 07-24 Frames Send: 17 Frames not Send: 1
Jun 26, 2015 11:39:14 AM de.ants.vsp.receiver.Datensenke logMessageSevere
SEVERE: team 07-24: Time: at Beginning of new Spot1435311555015
Jun 26, 2015 11:39:15 AM de.ants.vsp.receiver.Datensenke logMessageSevere
SEVERE: team 07-24: Time: after all Spots1435311556000
Jun 26, 2015 11:39:15 AM de.ants.vsp.receiver.Datensenke logMessageSevere
SEVERE: team 07-24: Receiver: team 07-24 Frames Send: 18 Frames not Send: 1
Jun 26, 2015 11:39:15 AM de.ants.vsp.receiver.Datensenke logMessageSevere
SEVERE: team 07-24: Time: at Beginning of new Spot1435311556008
Jun 26, 2015 11:39:16 AM de.ants.vsp.receiver.Datensenke logMessageSevere
SEVERE: team 07-24: Time: after all Spots1435311557001
Jun 26, 2015 11:39:16 AM de.ants.vsp.receiver.Datensenke logMessageSevere
SEVERE: team 07-24: Receiver: team 07-24 Frames Send: 19 Frames not Send: 1
Jun 26, 2015 11:39:16 AM de.ants.vsp.receiver.Datensenke logMessageSevere
SEVERE: team 07-24: Time: at Beginning of new Spot1435311557018
Jun 26, 2015 11:39:17 AM de.ants.vsp.receiver.Datensenke logMessageSevere
SEVERE: team 07-24: Time: after all Spots1435311558001
Jun 26, 2015 11:39:17 AM de.ants.vsp.receiver.Datensenke logMessageSevere
SEVERE: team 07-24: Receiver: team 07-24 Frames Send: 20 Frames not Send: 1
Jun 26, 2015 11:39:17 AM de.ants.vsp.receiver.Datensenke logMessageSevere
SEVERE: team 07-24: Time: at Beginning of new Spot1435311558016
Jun 26, 2015 11:39:18 AM de.ants.vsp.receiver.Datensenke logMessageSevere
SEVERE: team 07-24: Time: after all Spots1435311559000
Jun 26, 2015 11:39:18 AM de.ants.vsp.receiver.Datensenke logMessageSevere
SEVERE: team 07-24: Receiver: team 07-24 Frames Send: 21 Frames not Send: 1
Jun 26, 2015 11:39:18 AM de.ants.vsp.receiver.Datensenke logMessageSevere
SEVERE: team 07-24: Time: at Beginning of new Spot1435311559016
Jun 26, 2015 11:39:19 AM de.ants.vsp.receiver.Datensenke logMessageSevere
SEVERE: team 07-24: Time: after all Spots1435311560000
Jun 26, 2015 11:39:19 AM de.ants.vsp.receiver.Datensenke logMessageSevere
SEVERE: team 07-24: Receiver: team 07-24 Frames Send: 22 Frames not Send: 1
Jun 26, 2015 11:39:19 AM de.ants.vsp.receiver.Datensenke logMessageSevere
SEVERE: team 07-24: Time: at Beginning of new Spot1435311560020
Jun 26, 2015 11:39:20 AM de.ants.vsp.receiver.Datensenke logMessageSevere
SEVERE: team 07-24: Time: after all Spots1435311561000
Jun 26, 2015 11:39:20 AM de.ants.vsp.receiver.Datensenke logMessageSevere
SEVERE: team 07-24: Receiver: team 07-24 Frames Send: 23 Frames not Send: 1
Jun 26, 2015 11:39:20 AM de.ants.vsp.receiver.Datensenke logMessageSevere
SEVERE: team 07-24: Time: at Beginning of new Spot1435311561014
Jun 26, 2015 11:39:21 AM de.ants.vsp.receiver.Datensenke logMessageSevere
SEVERE: team 07-24: Time: after all Spots1435311562018
Jun 26, 2015 11:39:22 AM de.ants.vsp.receiver.Datensenke logMessageSevere
SEVERE: team 07-24: Receiver: team 07-24 Frames Send: 24 Frames not Send: 1
Jun 26, 2015 11:39:22 AM de.ants.vsp.receiver.Datensenke logMessageSevere
SEVERE: team 07-24: Time: at Beginning of new Spot1435311562026
Jun 26, 2015 11:39:22 AM de.ants.vsp.receiver.Datensenke logMessageSevere
SEVERE: team 07-24: Time: after all Spots1435311563006
Jun 26, 2015 11:39:23 AM de.ants.vsp.receiver.Datensenke logMessageSevere
SEVERE: team 07-24: Receiver: team 07-24 Frames Send: 25 Frames not Send: 1
Jun 26, 2015 11:39:23 AM de.ants.vsp.receiver.Datensenke logMessageSevere
SEVERE: team 07-24: Time: at Beginning of new Spot1435311563039
Jun 26, 2015 11:39:23 AM de.ants.vsp.receiver.Datensenke logMessageSevere
SEVERE: team 07-24: Time: after all Spots1435311564004
Jun 26, 2015 11:39:23 AM de.ants.vsp.receiver.Datensenke logMessageSevere
SEVERE: team 07-24: Receiver: team 07-24 Frames Send: 26 Frames not Send: 1
Jun 26, 2015 11:39:23 AM de.ants.vsp.receiver.Datensenke logMessageSevere
SEVERE: team 07-24: Time: at Beginning of new Spot1435311564014
Jun 26, 2015 11:39:24 AM de.ants.vsp.receiver.Datensenke logMessageSevere
SEVERE: team 07-24: Time: after all Spots1435311565013
Jun 26, 2015 11:39:24 AM de.ants.vsp.receiver.Datensenke logMessageSevere
SEVERE: team 07-24: Receiver: team 07-24 Frames Send: 27 Frames not Send: 1
Jun 26, 2015 11:39:25 AM de.ants.vsp.receiver.Datensenke logMessageSevere
SEVERE: team 07-24: Time: at Beginning of new Spot1435311565027
Jun 26, 2015 11:39:25 AM de.ants.vsp.receiver.Datensenke logMessageSevere
SEVERE: team 07-24: Time: after all Spots1435311566000
Jun 26, 2015 11:39:25 AM de.ants.vsp.receiver.Datensenke logMessageSevere
SEVERE: team 07-24: Receiver: team 07-24 Frames Send: 28 Frames not Send: 1
Jun 26, 2015 11:39:25 AM de.ants.vsp.receiver.Datensenke logMessageSevere
SEVERE: team 07-24: Time: at Beginning of new Spot1435311566004
Jun 26, 2015 11:39:26 AM de.ants.vsp.receiver.Datensenke logMessageSevere
SEVERE: team 07-24: Time: after all Spots1435311567000
Jun 26, 2015 11:39:26 AM de.ants.vsp.receiver.Datensenke logMessageSevere
SEVERE: team 07-24: Receiver: team 07-24 Frames Send: 29 Frames not Send: 1
Jun 26, 2015 11:39:26 AM de.ants.vsp.receiver.Datensenke logMessageSevere
SEVERE: team 07-24: Time: at Beginning of new Spot1435311567013
Jun 26, 2015 11:39:27 AM de.ants.vsp.receiver.Datensenke logMessageSevere
SEVERE: team 07-24: Time: after all Spots1435311568008
Jun 26, 2015 11:39:27 AM de.ants.vsp.receiver.Datensenke logMessageSevere
SEVERE: team 07-24: Receiver: team 07-24 Frames Send: 30 Frames not Send: 1
Jun 26, 2015 11:39:27 AM de.ants.vsp.receiver.Datensenke logMessageSevere
SEVERE: team 07-24: Time: at Beginning of new Spot1435311568017
Jun 26, 2015 11:39:28 AM de.ants.vsp.receiver.Datensenke logMessageSevere
SEVERE: team 07-24: Time: after all Spots1435311569000
Jun 26, 2015 11:39:28 AM de.ants.vsp.receiver.Datensenke logMessageSevere
SEVERE: team 07-24: Receiver: team 07-24 Frames Send: 31 Frames not Send: 1
Jun 26, 2015 11:39:28 AM de.ants.vsp.receiver.Datensenke logMessageSevere
SEVERE: team 07-24: Time: at Beginning of new Spot1435311569013
Jun 26, 2015 11:39:29 AM de.ants.vsp.receiver.Datensenke logMessageSevere
SEVERE: team 07-24: Time: after all Spots1435311570012
Jun 26, 2015 11:39:29 AM de.ants.vsp.receiver.Datensenke logMessageSevere
SEVERE: team 07-24: Receiver: team 07-24 Frames Send: 32 Frames not Send: 1
Jun 26, 2015 11:39:29 AM de.ants.vsp.receiver.Datensenke logMessageSevere
SEVERE: team 07-24: Time: at Beginning of new Spot1435311570015
Jun 26, 2015 11:39:30 AM de.ants.vsp.receiver.Datensenke logMessageSevere
SEVERE: team 07-24: Time: after all Spots1435311571000
Jun 26, 2015 11:39:30 AM de.ants.vsp.receiver.Datensenke logMessageSevere
SEVERE: team 07-24: Receiver: team 07-24 Frames Send: 33 Frames not Send: 1
Jun 26, 2015 11:39:30 AM de.ants.vsp.receiver.Datensenke logMessageSevere
SEVERE: team 07-24: Time: at Beginning of new Spot1435311571011
Jun 26, 2015 11:39:31 AM de.ants.vsp.receiver.Datensenke logMessageSevere
SEVERE: team 07-24: Time: after all Spots1435311572003
Jun 26, 2015 11:39:31 AM de.ants.vsp.receiver.Datensenke logMessageSevere
SEVERE: team 07-24: Receiver: team 07-24 Frames Send: 34 Frames not Send: 1
Jun 26, 2015 11:39:31 AM de.ants.vsp.receiver.Datensenke logMessageSevere
SEVERE: team 07-24: Time: at Beginning of new Spot1435311572011
Jun 26, 2015 11:39:32 AM de.ants.vsp.receiver.Datensenke logMessageSevere
SEVERE: team 07-24: Time: after all Spots1435311573009
Jun 26, 2015 11:39:32 AM de.ants.vsp.receiver.Datensenke logMessageSevere
SEVERE: team 07-24: Receiver: team 07-24 Frames Send: 35 Frames not Send: 1
Jun 26, 2015 11:39:32 AM de.ants.vsp.receiver.Datensenke logMessageSevere
SEVERE: team 07-24: Time: at Beginning of new Spot1435311573019
Jun 26, 2015 11:39:33 AM de.ants.vsp.receiver.Datensenke logMessageSevere
SEVERE: team 07-24: Time: after all Spots1435311574005
Jun 26, 2015 11:39:33 AM de.ants.vsp.receiver.Datensenke logMessageSevere
SEVERE: team 07-24: Receiver: team 07-24 Frames Send: 36 Frames not Send: 1
Jun 26, 2015 11:39:33 AM de.ants.vsp.receiver.Datensenke logMessageSevere
SEVERE: team 07-24: Time: at Beginning of new Spot1435311574012
Jun 26, 2015 11:39:34 AM de.ants.vsp.receiver.Datensenke logMessageSevere
SEVERE: team 07-24: Time: after all Spots1435311575000
Jun 26, 2015 11:39:34 AM de.ants.vsp.receiver.Datensenke logMessageSevere
SEVERE: team 07-24: Receiver: team 07-24 Frames Send: 37 Frames not Send: 1
Jun 26, 2015 11:39:34 AM de.ants.vsp.receiver.Datensenke logMessageSevere
SEVERE: team 07-24: Time: at Beginning of new Spot1435311575008
Jun 26, 2015 11:39:35 AM de.ants.vsp.receiver.Datensenke logMessageSevere
SEVERE: team 07-24: Time: after all Spots1435311576002
Jun 26, 2015 11:39:35 AM de.ants.vsp.receiver.Datensenke logMessageSevere
SEVERE: team 07-24: Receiver: team 07-24 Frames Send: 38 Frames not Send: 1
Jun 26, 2015 11:39:35 AM de.ants.vsp.receiver.Datensenke logMessageSevere
SEVERE: team 07-24: Time: at Beginning of new Spot1435311576009
Jun 26, 2015 11:39:36 AM de.ants.vsp.receiver.Datensenke logMessageSevere
SEVERE: team 07-24: Time: after all Spots1435311577003
Jun 26, 2015 11:39:36 AM de.ants.vsp.receiver.Datensenke logMessageSevere
SEVERE: team 07-24: Receiver: team 07-24 Frames Send: 39 Frames not Send: 1
Jun 26, 2015 11:39:36 AM de.ants.vsp.receiver.Datensenke logMessageSevere
SEVERE: team 07-24: Time: at Beginning of new Spot1435311577011
Jun 26, 2015 11:39:37 AM de.ants.vsp.receiver.Datensenke logMessageSevere
SEVERE: team 07-24: Time: after all Spots1435311578000
Jun 26, 2015 11:39:37 AM de.ants.vsp.receiver.Datensenke logMessageSevere
SEVERE: team 07-24: Receiver: team 07-24 Frames Send: 40 Frames not Send: 1
Jun 26, 2015 11:39:37 AM de.ants.vsp.receiver.Datensenke logMessageSevere
SEVERE: team 07-24: Time: at Beginning of new Spot1435311578008
Jun 26, 2015 11:39:38 AM de.ants.vsp.receiver.Datensenke logMessageSevere
SEVERE: team 07-24: Time: after all Spots1435311579002
Jun 26, 2015 11:39:38 AM de.ants.vsp.receiver.Datensenke logMessageSevere
SEVERE: team 07-24: Receiver: team 07-24 Frames Send: 41 Frames not Send: 1
Jun 26, 2015 11:39:38 AM de.ants.vsp.receiver.Datensenke logMessageSevere
SEVERE: team 07-24: Time: at Beginning of new Spot1435311579010
Jun 26, 2015 11:39:39 AM de.ants.vsp.receiver.Datensenke logMessageSevere
SEVERE: team 07-24: Time: after all Spots1435311580002
Jun 26, 2015 11:39:39 AM de.ants.vsp.receiver.Datensenke logMessageSevere
SEVERE: team 07-24: Receiver: team 07-24 Frames Send: 42 Frames not Send: 1
Jun 26, 2015 11:39:39 AM de.ants.vsp.receiver.Datensenke logMessageSevere
SEVERE: team 07-24: Time: at Beginning of new Spot1435311580005
Jun 26, 2015 11:39:40 AM de.ants.vsp.receiver.Datensenke logMessageSevere
SEVERE: team 07-24: Time: after all Spots1435311581000
Jun 26, 2015 11:39:40 AM de.ants.vsp.receiver.Datensenke logMessageSevere
SEVERE: team 07-24: Receiver: team 07-24 Frames Send: 43 Frames not Send: 1
Jun 26, 2015 11:39:40 AM de.ants.vsp.receiver.Datensenke logMessageSevere
SEVERE: team 07-24: Time: at Beginning of new Spot1435311581004
Jun 26, 2015 11:39:41 AM de.ants.vsp.receiver.Datensenke logMessageSevere
SEVERE: team 07-24: Time: after all Spots1435311582000
Jun 26, 2015 11:39:41 AM de.ants.vsp.receiver.Datensenke logMessageSevere
SEVERE: team 07-24: Receiver: team 07-24 Frames Send: 44 Frames not Send: 1
Jun 26, 2015 11:39:41 AM de.ants.vsp.receiver.Datensenke logMessageSevere
SEVERE: team 07-24: Time: at Beginning of new Spot1435311582010
Jun 26, 2015 11:39:42 AM de.ants.vsp.receiver.Datensenke logMessageSevere
SEVERE: team 07-24: Time: after all Spots1435311583001
Jun 26, 2015 11:39:42 AM de.ants.vsp.receiver.Datensenke logMessageSevere
SEVERE: team 07-24: Receiver: team 07-24 Frames Send: 45 Frames not Send: 1
Jun 26, 2015 11:39:42 AM de.ants.vsp.receiver.Datensenke logMessageSevere
SEVERE: team 07-24: Time: at Beginning of new Spot1435311583009
Jun 26, 2015 11:39:43 AM de.ants.vsp.receiver.Datensenke logMessageSevere
SEVERE: team 07-24: Time: after all Spots1435311584001
Jun 26, 2015 11:39:43 AM de.ants.vsp.receiver.Datensenke logMessageSevere
SEVERE: team 07-24: Receiver: team 07-24 Frames Send: 46 Frames not Send: 1
Jun 26, 2015 11:39:43 AM de.ants.vsp.receiver.Datensenke logMessageSevere
SEVERE: team 07-24: Time: at Beginning of new Spot1435311584009
Jun 26, 2015 11:39:44 AM de.ants.vsp.receiver.Datensenke logMessageSevere
SEVERE: team 07-24: Time: after all Spots1435311585000
Jun 26, 2015 11:39:44 AM de.ants.vsp.receiver.Datensenke logMessageSevere
SEVERE: team 07-24: Receiver: team 07-24 Frames Send: 47 Frames not Send: 1
Jun 26, 2015 11:39:44 AM de.ants.vsp.receiver.Datensenke logMessageSevere
SEVERE: team 07-24: Time: at Beginning of new Spot1435311585005
Jun 26, 2015 11:39:45 AM de.ants.vsp.receiver.Datensenke logMessageSevere
SEVERE: team 07-24: Time: after all Spots1435311586003
Jun 26, 2015 11:39:45 AM de.ants.vsp.receiver.Datensenke logMessageSevere
SEVERE: team 07-24: Receiver: team 07-24 Frames Send: 48 Frames not Send: 1
Jun 26, 2015 11:39:45 AM de.ants.vsp.receiver.Datensenke logMessageSevere
SEVERE: team 07-24: Time: at Beginning of new Spot1435311586011
Jun 26, 2015 11:39:46 AM de.ants.vsp.receiver.Datensenke logMessageSevere
SEVERE: team 07-24: Time: after all Spots1435311587009
Jun 26, 2015 11:39:46 AM de.ants.vsp.receiver.Datensenke logMessageSevere
SEVERE: team 07-24: Receiver: team 07-24 Frames Send: 49 Frames not Send: 1
Jun 26, 2015 11:39:46 AM de.ants.vsp.receiver.Datensenke logMessageSevere
SEVERE: team 07-24: Time: at Beginning of new Spot1435311587015
Jun 26, 2015 11:39:47 AM de.ants.vsp.receiver.Datensenke logMessageSevere
SEVERE: team 07-24: Time: after all Spots1435311588001
Jun 26, 2015 11:39:47 AM de.ants.vsp.receiver.Datensenke logMessageSevere
SEVERE: team 07-24: Receiver: team 07-24 Frames Send: 50 Frames not Send: 1
Jun 26, 2015 11:39:47 AM de.ants.vsp.receiver.Datensenke logMessageSevere
SEVERE: team 07-24: Time: at Beginning of new Spot1435311588009
Jun 26, 2015 11:39:48 AM de.ants.vsp.receiver.Datensenke logMessageSevere
SEVERE: team 07-24: Time: after all Spots1435311589002
Jun 26, 2015 11:39:48 AM de.ants.vsp.receiver.Datensenke logMessageSevere
SEVERE: team 07-24: Receiver: team 07-24 Frames Send: 51 Frames not Send: 1
Jun 26, 2015 11:39:48 AM de.ants.vsp.receiver.Datensenke logMessageSevere
SEVERE: team 07-24: Time: at Beginning of new Spot1435311589007
Jun 26, 2015 11:39:49 AM de.ants.vsp.receiver.Datensenke logMessageSevere
SEVERE: team 07-24: Time: after all Spots1435311590001
Jun 26, 2015 11:39:49 AM de.ants.vsp.receiver.Datensenke logMessageSevere
SEVERE: team 07-24: Receiver: team 07-24 Frames Send: 52 Frames not Send: 1
Jun 26, 2015 11:39:49 AM de.ants.vsp.receiver.Datensenke logMessageSevere
SEVERE: team 07-24: Time: at Beginning of new Spot1435311590006
Jun 26, 2015 11:39:50 AM de.ants.vsp.receiver.Datensenke logMessageSevere
SEVERE: team 07-24: Time: after all Spots1435311591000
Jun 26, 2015 11:39:50 AM de.ants.vsp.receiver.Datensenke logMessageSevere
SEVERE: team 07-24: Receiver: team 07-24 Frames Send: 53 Frames not Send: 1
Jun 26, 2015 11:39:50 AM de.ants.vsp.receiver.Datensenke logMessageSevere
SEVERE: team 07-24: Time: at Beginning of new Spot1435311591018
Jun 26, 2015 11:39:51 AM de.ants.vsp.receiver.Datensenke logMessageSevere
SEVERE: team 07-24: Time: after all Spots1435311592001
Jun 26, 2015 11:39:51 AM de.ants.vsp.receiver.Datensenke logMessageSevere
SEVERE: team 07-24: Receiver: team 07-24 Frames Send: 54 Frames not Send: 1
Jun 26, 2015 11:39:51 AM de.ants.vsp.receiver.Datensenke logMessageSevere
SEVERE: team 07-24: Time: at Beginning of new Spot1435311592007
Jun 26, 2015 11:39:52 AM de.ants.vsp.receiver.Datensenke logMessageSevere
SEVERE: team 07-24: Time: after all Spots1435311593000
Jun 26, 2015 11:39:52 AM de.ants.vsp.receiver.Datensenke logMessageSevere
SEVERE: team 07-24: Receiver: team 07-24 Frames Send: 55 Frames not Send: 1
Jun 26, 2015 11:39:52 AM de.ants.vsp.receiver.Datensenke logMessageSevere
SEVERE: team 07-24: Time: at Beginning of new Spot1435311593004
Jun 26, 2015 11:39:53 AM de.ants.vsp.receiver.Datensenke logMessageSevere
SEVERE: team 07-24: Time: after all Spots1435311594000
Jun 26, 2015 11:39:53 AM de.ants.vsp.receiver.Datensenke logMessageSevere
SEVERE: team 07-24: Receiver: team 07-24 Frames Send: 56 Frames not Send: 1
Jun 26, 2015 11:39:53 AM de.ants.vsp.receiver.Datensenke logMessageSevere
SEVERE: team 07-24: Time: at Beginning of new Spot1435311594007
Jun 26, 2015 11:39:54 AM de.ants.vsp.receiver.Datensenke logMessageSevere
SEVERE: team 07-24: Time: after all Spots1435311595000
Jun 26, 2015 11:39:54 AM de.ants.vsp.receiver.Datensenke logMessageSevere
SEVERE: team 07-24: Receiver: team 07-24 Frames Send: 57 Frames not Send: 1
Jun 26, 2015 11:39:54 AM de.ants.vsp.receiver.Datensenke logMessageSevere
SEVERE: team 07-24: Time: at Beginning of new Spot1435311595007
Jun 26, 2015 11:39:55 AM de.ants.vsp.receiver.Datensenke logMessageSevere
SEVERE: team 07-24: Time: after all Spots1435311596001
Jun 26, 2015 11:39:55 AM de.ants.vsp.receiver.Datensenke logMessageSevere
SEVERE: team 07-24: Receiver: team 07-24 Frames Send: 58 Frames not Send: 1
Jun 26, 2015 11:39:55 AM de.ants.vsp.receiver.Datensenke logMessageSevere
SEVERE: team 07-24: Time: at Beginning of new Spot1435311596014
Jun 26, 2015 11:39:56 AM de.ants.vsp.receiver.Datensenke logMessageSevere
SEVERE: team 07-24: Time: after all Spots1435311597002
Jun 26, 2015 11:39:56 AM de.ants.vsp.receiver.Datensenke logMessageSevere
SEVERE: team 07-24: Receiver: team 07-24 Frames Send: 59 Frames not Send: 1
Jun 26, 2015 11:39:56 AM de.ants.vsp.receiver.Datensenke logMessageSevere
SEVERE: team 07-24: Time: at Beginning of new Spot1435311597013
Jun 26, 2015 11:39:57 AM de.ants.vsp.receiver.Datensenke logMessageSevere
SEVERE: team 07-24: Time: after all Spots1435311598004
Jun 26, 2015 11:39:57 AM de.ants.vsp.receiver.Datensenke logMessageSevere
SEVERE: team 07-24: Receiver: team 07-24 Frames Send: 60 Frames not Send: 1
Jun 26, 2015 11:39:57 AM de.ants.vsp.receiver.Datensenke logMessageSevere
SEVERE: team 07-24: Time: at Beginning of new Spot1435311598020
Jun 26, 2015 11:39:58 AM de.ants.vsp.receiver.Datensenke logMessageSevere
SEVERE: team 07-24: Time: after all Spots1435311599003
Jun 26, 2015 11:39:58 AM de.ants.vsp.receiver.Datensenke logMessageSevere
SEVERE: team 07-24: Receiver: team 07-24 Frames Send: 61 Frames not Send: 1
Jun 26, 2015 11:39:58 AM de.ants.vsp.receiver.Datensenke logMessageSevere
SEVERE: team 07-24: Time: at Beginning of new Spot1435311599008
Jun 26, 2015 11:39:59 AM de.ants.vsp.receiver.Datensenke logMessageSevere
SEVERE: team 07-24: Time: after all Spots1435311600003
Jun 26, 2015 11:39:59 AM de.ants.vsp.receiver.Datensenke logMessageSevere
SEVERE: team 07-24: Receiver: team 07-24 Frames Send: 62 Frames not Send: 1
Jun 26, 2015 11:39:59 AM de.ants.vsp.receiver.Datensenke logMessageSevere
SEVERE: team 07-24: Time: at Beginning of new Spot1435311600008
Jun 26, 2015 11:40:00 AM de.ants.vsp.receiver.Datensenke logMessageSevere
SEVERE: team 07-24: Time: after all Spots1435311601001
Jun 26, 2015 11:40:00 AM de.ants.vsp.receiver.Datensenke logMessageSevere
SEVERE: team 07-24: Receiver: team 07-24 Frames Send: 63 Frames not Send: 1
Jun 26, 2015 11:40:00 AM de.ants.vsp.receiver.Datensenke logMessageSevere
SEVERE: team 07-24: Time: at Beginning of new Spot1435311601009
Jun 26, 2015 11:40:01 AM de.ants.vsp.receiver.Datensenke logMessageSevere
SEVERE: team 07-24: Time: after all Spots1435311602001
Jun 26, 2015 11:40:01 AM de.ants.vsp.receiver.Datensenke logMessageSevere
SEVERE: team 07-24: Receiver: team 07-24 Frames Send: 64 Frames not Send: 1
Jun 26, 2015 11:40:01 AM de.ants.vsp.receiver.Datensenke logMessageSevere
SEVERE: team 07-24: Time: at Beginning of new Spot1435311602007
Jun 26, 2015 11:40:02 AM de.ants.vsp.receiver.Datensenke logMessageSevere
SEVERE: team 07-24: Time: after all Spots1435311603002
Jun 26, 2015 11:40:02 AM de.ants.vsp.receiver.Datensenke logMessageSevere
SEVERE: team 07-24: Receiver: team 07-24 Frames Send: 65 Frames not Send: 1
Jun 26, 2015 11:40:02 AM de.ants.vsp.receiver.Datensenke logMessageSevere
SEVERE: team 07-24: Time: at Beginning of new Spot1435311603012
Jun 26, 2015 11:40:03 AM de.ants.vsp.receiver.Datensenke logMessageSevere
SEVERE: team 07-24: Time: after all Spots1435311604014
Jun 26, 2015 11:40:03 AM de.ants.vsp.receiver.Datensenke logMessageSevere
SEVERE: team 07-24: Receiver: team 07-24 Frames Send: 66 Frames not Send: 1
Jun 26, 2015 11:40:04 AM de.ants.vsp.receiver.Datensenke logMessageSevere
SEVERE: team 07-24: Time: at Beginning of new Spot1435311604045
Jun 26, 2015 11:40:04 AM de.ants.vsp.receiver.Datensenke logMessageSevere
SEVERE: team 07-24: Time: after all Spots1435311605004
Jun 26, 2015 11:40:04 AM de.ants.vsp.receiver.Datensenke logMessageSevere
SEVERE: team 07-24: Receiver: team 07-24 Frames Send: 67 Frames not Send: 1
Jun 26, 2015 11:40:05 AM de.ants.vsp.receiver.Datensenke logMessageSevere
SEVERE: team 07-24: Time: at Beginning of new Spot1435311605025
Jun 26, 2015 11:40:05 AM de.ants.vsp.receiver.Datensenke logMessageSevere
SEVERE: team 07-24: Time: after all Spots1435311606007
Jun 26, 2015 11:40:05 AM de.ants.vsp.receiver.Datensenke logMessageSevere
SEVERE: team 07-24: Receiver: team 07-24 Frames Send: 68 Frames not Send: 1
Jun 26, 2015 11:40:06 AM de.ants.vsp.receiver.Datensenke logMessageSevere
SEVERE: team 07-24: Time: at Beginning of new Spot1435311606053
Jun 26, 2015 11:40:06 AM de.ants.vsp.receiver.Datensenke logMessageSevere
SEVERE: team 07-24: Time: after all Spots1435311607002
Jun 26, 2015 11:40:06 AM de.ants.vsp.receiver.Datensenke logMessageSevere
SEVERE: team 07-24: Receiver: team 07-24 Frames Send: 69 Frames not Send: 1
Jun 26, 2015 11:40:06 AM de.ants.vsp.receiver.Datensenke logMessageSevere
SEVERE: team 07-24: Time: at Beginning of new Spot1435311607009
Jun 26, 2015 11:40:07 AM de.ants.vsp.receiver.Datensenke logMessageSevere
SEVERE: team 07-24: Time: after all Spots1435311608005
Jun 26, 2015 11:40:07 AM de.ants.vsp.receiver.Datensenke logMessageSevere
SEVERE: team 07-24: Receiver: team 07-24 Frames Send: 70 Frames not Send: 1
Jun 26, 2015 11:40:07 AM de.ants.vsp.receiver.Datensenke logMessageSevere
SEVERE: team 07-24: Time: at Beginning of new Spot1435311608009
Jun 26, 2015 11:40:08 AM de.ants.vsp.receiver.Datensenke logMessageSevere
SEVERE: team 07-24: Time: after all Spots1435311609007
Jun 26, 2015 11:40:08 AM de.ants.vsp.receiver.Datensenke logMessageSevere
SEVERE: team 07-24: Receiver: team 07-24 Frames Send: 71 Frames not Send: 1
Jun 26, 2015 11:40:08 AM de.ants.vsp.receiver.Datensenke logMessageSevere
SEVERE: team 07-24: Time: at Beginning of new Spot1435311609012
Jun 26, 2015 11:40:09 AM de.ants.vsp.receiver.Datensenke logMessageSevere
SEVERE: team 07-24: Time: after all Spots1435311610000
Jun 26, 2015 11:40:09 AM de.ants.vsp.receiver.Datensenke logMessageSevere
SEVERE: team 07-24: Receiver: team 07-24 Frames Send: 72 Frames not Send: 1
Jun 26, 2015 11:40:09 AM de.ants.vsp.receiver.Datensenke logMessageSevere
SEVERE: team 07-24: Time: at Beginning of new Spot1435311610020
Jun 26, 2015 11:40:10 AM de.ants.vsp.receiver.Datensenke logMessageSevere
SEVERE: team 07-24: Time: after all Spots1435311611003
Jun 26, 2015 11:40:10 AM de.ants.vsp.receiver.Datensenke logMessageSevere
SEVERE: team 07-24: Receiver: team 07-24 Frames Send: 73 Frames not Send: 1
Jun 26, 2015 11:40:10 AM de.ants.vsp.receiver.Datensenke logMessageSevere
SEVERE: team 07-24: Time: at Beginning of new Spot1435311611013
Jun 26, 2015 11:40:11 AM de.ants.vsp.receiver.Datensenke logMessageSevere
SEVERE: team 07-24: Time: after all Spots1435311612003
Jun 26, 2015 11:40:11 AM de.ants.vsp.receiver.Datensenke logMessageSevere
SEVERE: team 07-24: Receiver: team 07-24 Frames Send: 74 Frames not Send: 1
Jun 26, 2015 11:40:11 AM de.ants.vsp.receiver.Datensenke logMessageSevere
SEVERE: team 07-24: Time: at Beginning of new Spot1435311612012
Jun 26, 2015 11:40:12 AM de.ants.vsp.receiver.Datensenke logMessageSevere
SEVERE: team 07-24: Time: after all Spots1435311613000
Jun 26, 2015 11:40:12 AM de.ants.vsp.receiver.Datensenke logMessageSevere
SEVERE: team 07-24: Receiver: team 07-24 Frames Send: 75 Frames not Send: 1
Jun 26, 2015 11:40:12 AM de.ants.vsp.receiver.Datensenke logMessageSevere
SEVERE: team 07-24: Time: at Beginning of new Spot1435311613005
Jun 26, 2015 11:40:13 AM de.ants.vsp.receiver.Datensenke logMessageSevere
SEVERE: team 07-24: Time: after all Spots1435311614000
Jun 26, 2015 11:40:13 AM de.ants.vsp.receiver.Datensenke logMessageSevere
SEVERE: team 07-24: Receiver: team 07-24 Frames Send: 76 Frames not Send: 1
Jun 26, 2015 11:40:14 AM de.ants.vsp.receiver.Datensenke logMessageSevere
SEVERE: team 07-24: Time: at Beginning of new Spot1435311614023
Jun 26, 2015 11:40:14 AM de.ants.vsp.receiver.Datensenke logMessageSevere
SEVERE: team 07-24: Time: after all Spots1435311615003
Jun 26, 2015 11:40:14 AM de.ants.vsp.receiver.Datensenke logMessageSevere
SEVERE: team 07-24: Receiver: team 07-24 Frames Send: 77 Frames not Send: 1
Jun 26, 2015 11:40:14 AM de.ants.vsp.receiver.Datensenke logMessageSevere
SEVERE: team 07-24: Time: at Beginning of new Spot1435311615007
Jun 26, 2015 11:40:15 AM de.ants.vsp.receiver.Datensenke logMessageSevere
SEVERE: team 07-24: Time: after all Spots1435311616000
Jun 26, 2015 11:40:15 AM de.ants.vsp.receiver.Datensenke logMessageSevere
SEVERE: team 07-24: Receiver: team 07-24 Frames Send: 78 Frames not Send: 1
Jun 26, 2015 11:40:15 AM de.ants.vsp.receiver.Datensenke logMessageSevere
SEVERE: team 07-24: Time: at Beginning of new Spot1435311616010
Jun 26, 2015 11:40:16 AM de.ants.vsp.receiver.Datensenke logMessageSevere
SEVERE: team 07-24: Time: after all Spots1435311617000
Jun 26, 2015 11:40:16 AM de.ants.vsp.receiver.Datensenke logMessageSevere
SEVERE: team 07-24: Receiver: team 07-24 Frames Send: 79 Frames not Send: 1
Jun 26, 2015 11:40:17 AM de.ants.vsp.receiver.Datensenke logMessageSevere
SEVERE: team 07-24: Time: at Beginning of new Spot1435311617026
Jun 26, 2015 11:40:17 AM de.ants.vsp.receiver.Datensenke logMessageSevere
SEVERE: team 07-24: Time: after all Spots1435311618000
Jun 26, 2015 11:40:17 AM de.ants.vsp.receiver.Datensenke logMessageSevere
SEVERE: team 07-24: Receiver: team 07-24 Frames Send: 80 Frames not Send: 1
Jun 26, 2015 11:40:17 AM de.ants.vsp.receiver.Datensenke logMessageSevere
SEVERE: team 07-24: Time: at Beginning of new Spot1435311618011
Jun 26, 2015 11:40:19 AM de.ants.vsp.receiver.Datensenke logMessageSevere
SEVERE: team 07-24: Time: after all Spots1435311619027
Jun 26, 2015 11:40:19 AM de.ants.vsp.receiver.Datensenke logMessageSevere
SEVERE: team 07-24: Receiver: team 07-24 Frames Send: 81 Frames not Send: 1
Jun 26, 2015 11:40:19 AM de.ants.vsp.receiver.Datensenke logMessageSevere
SEVERE: team 07-24: Time: at Beginning of new Spot1435311619031
Jun 26, 2015 11:40:19 AM de.ants.vsp.receiver.Datensenke logMessageSevere
SEVERE: team 07-24: Time: after all Spots1435311620000
Jun 26, 2015 11:40:20 AM de.ants.vsp.receiver.Datensenke logMessageSevere
SEVERE: team 07-24: Receiver: team 07-24 Frames Send: 82 Frames not Send: 1
Jun 26, 2015 11:40:20 AM de.ants.vsp.receiver.Datensenke logMessageSevere
SEVERE: team 07-24: Time: at Beginning of new Spot1435311620025
Jun 26, 2015 11:40:20 AM de.ants.vsp.receiver.Datensenke logMessageSevere
SEVERE: team 07-24: Time: after all Spots1435311621006
Jun 26, 2015 11:40:20 AM de.ants.vsp.receiver.Datensenke logMessageSevere
SEVERE: team 07-24: Receiver: team 07-24 Frames Send: 83 Frames not Send: 1
Jun 26, 2015 11:40:20 AM de.ants.vsp.receiver.Datensenke logMessageSevere
SEVERE: team 07-24: Time: at Beginning of new Spot1435311621011
Jun 26, 2015 11:40:21 AM de.ants.vsp.receiver.Datensenke logMessageSevere
SEVERE: team 07-24: Time: after all Spots1435311622003
Jun 26, 2015 11:40:21 AM de.ants.vsp.receiver.Datensenke logMessageSevere
SEVERE: team 07-24: Receiver: team 07-24 Frames Send: 84 Frames not Send: 1
Jun 26, 2015 11:40:21 AM de.ants.vsp.receiver.Datensenke logMessageSevere
SEVERE: team 07-24: Time: at Beginning of new Spot1435311622012
Jun 26, 2015 11:40:22 AM de.ants.vsp.receiver.Datensenke logMessageSevere
SEVERE: team 07-24: Time: after all Spots1435311623001
Jun 26, 2015 11:40:22 AM de.ants.vsp.receiver.Datensenke logMessageSevere
SEVERE: team 07-24: Receiver: team 07-24 Frames Send: 85 Frames not Send: 1
Jun 26, 2015 11:40:22 AM de.ants.vsp.receiver.Datensenke logMessageSevere
SEVERE: team 07-24: Time: at Beginning of new Spot1435311623010
Jun 26, 2015 11:40:23 AM de.ants.vsp.receiver.Datensenke logMessageSevere
SEVERE: team 07-24: Time: after all Spots1435311624001
Jun 26, 2015 11:40:23 AM de.ants.vsp.receiver.Datensenke logMessageSevere
SEVERE: team 07-24: Receiver: team 07-24 Frames Send: 86 Frames not Send: 1
Jun 26, 2015 11:40:23 AM de.ants.vsp.receiver.Datensenke logMessageSevere
SEVERE: team 07-24: Time: at Beginning of new Spot1435311624007
Jun 26, 2015 11:40:24 AM de.ants.vsp.receiver.Datensenke logMessageSevere
SEVERE: team 07-24: Time: after all Spots1435311625001
Jun 26, 2015 11:40:24 AM de.ants.vsp.receiver.Datensenke logMessageSevere
SEVERE: team 07-24: Receiver: team 07-24 Frames Send: 87 Frames not Send: 1
Jun 26, 2015 11:40:24 AM de.ants.vsp.receiver.Datensenke logMessageSevere
SEVERE: team 07-24: Time: at Beginning of new Spot1435311625007
Jun 26, 2015 11:40:25 AM de.ants.vsp.receiver.Datensenke logMessageSevere
SEVERE: team 07-24: Time: after all Spots1435311626001
Jun 26, 2015 11:40:25 AM de.ants.vsp.receiver.Datensenke logMessageSevere
SEVERE: team 07-24: Receiver: team 07-24 Frames Send: 88 Frames not Send: 1
Jun 26, 2015 11:40:25 AM de.ants.vsp.receiver.Datensenke logMessageSevere
SEVERE: team 07-24: Time: at Beginning of new Spot1435311626008
Jun 26, 2015 11:40:26 AM de.ants.vsp.receiver.Datensenke logMessageSevere
SEVERE: team 07-24: Time: after all Spots1435311627001
Jun 26, 2015 11:40:26 AM de.ants.vsp.receiver.Datensenke logMessageSevere
SEVERE: team 07-24: Receiver: team 07-24 Frames Send: 89 Frames not Send: 1
Jun 26, 2015 11:40:26 AM de.ants.vsp.receiver.Datensenke logMessageSevere
SEVERE: team 07-24: Time: at Beginning of new Spot1435311627005
Jun 26, 2015 11:40:27 AM de.ants.vsp.receiver.Datensenke logMessageSevere
SEVERE: team 07-24: Time: after all Spots1435311628001
Jun 26, 2015 11:40:27 AM de.ants.vsp.receiver.Datensenke logMessageSevere
SEVERE: team 07-24: Receiver: team 07-24 Frames Send: 90 Frames not Send: 1
Jun 26, 2015 11:40:27 AM de.ants.vsp.receiver.Datensenke logMessageSevere
SEVERE: team 07-24: Time: at Beginning of new Spot1435311628008
Jun 26, 2015 11:40:28 AM de.ants.vsp.receiver.Datensenke logMessageSevere
SEVERE: team 07-24: Time: after all Spots1435311629000
Jun 26, 2015 11:40:28 AM de.ants.vsp.receiver.Datensenke logMessageSevere
SEVERE: team 07-24: Receiver: team 07-24 Frames Send: 91 Frames not Send: 1
Jun 26, 2015 11:40:28 AM de.ants.vsp.receiver.Datensenke logMessageSevere
SEVERE: team 07-24: Time: at Beginning of new Spot1435311629009
Jun 26, 2015 11:40:29 AM de.ants.vsp.receiver.Datensenke logMessageSevere
SEVERE: team 07-24: Time: after all Spots1435311630002
Jun 26, 2015 11:40:29 AM de.ants.vsp.receiver.Datensenke logMessageSevere
SEVERE: team 07-24: Receiver: team 07-24 Frames Send: 92 Frames not Send: 1
Jun 26, 2015 11:40:29 AM de.ants.vsp.receiver.Datensenke logMessageSevere
SEVERE: team 07-24: Time: at Beginning of new Spot1435311630016
Jun 26, 2015 11:40:30 AM de.ants.vsp.receiver.Datensenke logMessageSevere
SEVERE: team 07-24: Time: after all Spots1435311631000
Jun 26, 2015 11:40:30 AM de.ants.vsp.receiver.Datensenke logMessageSevere
SEVERE: team 07-24: Receiver: team 07-24 Frames Send: 93 Frames not Send: 1
Jun 26, 2015 11:40:30 AM de.ants.vsp.receiver.Datensenke logMessageSevere
SEVERE: team 07-24: Time: at Beginning of new Spot1435311631015
Jun 26, 2015 11:40:31 AM de.ants.vsp.receiver.Datensenke logMessageSevere
SEVERE: team 07-24: Time: after all Spots1435311632000
Jun 26, 2015 11:40:31 AM de.ants.vsp.receiver.Datensenke logMessageSevere
SEVERE: team 07-24: Receiver: team 07-24 Frames Send: 94 Frames not Send: 1
Jun 26, 2015 11:40:31 AM de.ants.vsp.receiver.Datensenke logMessageSevere
SEVERE: team 07-24: Time: at Beginning of new Spot1435311632011
Jun 26, 2015 11:40:32 AM de.ants.vsp.receiver.Datensenke logMessageSevere
SEVERE: team 07-24: Time: after all Spots1435311633009
Jun 26, 2015 11:40:32 AM de.ants.vsp.receiver.Datensenke logMessageSevere
SEVERE: team 07-24: Receiver: team 07-24 Frames Send: 95 Frames not Send: 1
Jun 26, 2015 11:40:32 AM de.ants.vsp.receiver.Datensenke logMessageSevere
SEVERE: team 07-24: Time: at Beginning of new Spot1435311633012
Jun 26, 2015 11:40:33 AM de.ants.vsp.receiver.Datensenke logMessageSevere
SEVERE: team 07-24: Time: after all Spots1435311634001
Jun 26, 2015 11:40:33 AM de.ants.vsp.receiver.Datensenke logMessageSevere
SEVERE: team 07-24: Receiver: team 07-24 Frames Send: 96 Frames not Send: 1
Jun 26, 2015 11:40:33 AM de.ants.vsp.receiver.Datensenke logMessageSevere
SEVERE: team 07-24: Time: at Beginning of new Spot1435311634007
Jun 26, 2015 11:40:34 AM de.ants.vsp.receiver.Datensenke logMessageSevere
SEVERE: team 07-24: Time: after all Spots1435311635003
Jun 26, 2015 11:40:34 AM de.ants.vsp.receiver.Datensenke logMessageSevere
SEVERE: team 07-24: Receiver: team 07-24 Frames Send: 97 Frames not Send: 1
Jun 26, 2015 11:40:34 AM de.ants.vsp.receiver.Datensenke logMessageSevere
SEVERE: team 07-24: Time: at Beginning of new Spot1435311635012
Jun 26, 2015 11:40:35 AM de.ants.vsp.receiver.Datensenke logMessageSevere
SEVERE: team 07-24: Time: after all Spots1435311636002
Jun 26, 2015 11:40:35 AM de.ants.vsp.receiver.Datensenke logMessageSevere
SEVERE: team 07-24: Receiver: team 07-24 Frames Send: 98 Frames not Send: 1
Jun 26, 2015 11:40:35 AM de.ants.vsp.receiver.Datensenke logMessageSevere
SEVERE: team 07-24: Time: at Beginning of new Spot1435311636010
Jun 26, 2015 11:40:36 AM de.ants.vsp.receiver.Datensenke logMessageSevere
SEVERE: team 07-24: Time: after all Spots1435311637000
Jun 26, 2015 11:40:36 AM de.ants.vsp.receiver.Datensenke logMessageSevere
SEVERE: team 07-24: Receiver: team 07-24 Frames Send: 99 Frames not Send: 1
Jun 26, 2015 11:40:36 AM de.ants.vsp.receiver.Datensenke logMessageSevere
SEVERE: team 07-24: Time: at Beginning of new Spot1435311637007
Jun 26, 2015 11:40:37 AM de.ants.vsp.receiver.Datensenke logMessageSevere
SEVERE: team 07-24: Time: after all Spots1435311638001
Jun 26, 2015 11:40:37 AM de.ants.vsp.receiver.Datensenke logMessageSevere
SEVERE: team 07-24: Receiver: team 07-24 Frames Send: 100 Frames not Send: 1
Jun 26, 2015 11:40:37 AM de.ants.vsp.receiver.Datensenke logMessageSevere
SEVERE: team 07-24: Time: at Beginning of new Spot1435311638008
Jun 26, 2015 11:40:38 AM de.ants.vsp.receiver.Datensenke logMessageSevere
SEVERE: team 07-24: Time: after all Spots1435311639000
Jun 26, 2015 11:40:38 AM de.ants.vsp.receiver.Datensenke logMessageSevere
SEVERE: team 07-24: Receiver: team 07-24 Frames Send: 101 Frames not Send: 1
Jun 26, 2015 11:40:38 AM de.ants.vsp.receiver.Datensenke logMessageSevere
SEVERE: team 07-24: Time: at Beginning of new Spot1435311639006
Jun 26, 2015 11:40:39 AM de.ants.vsp.receiver.Datensenke logMessageSevere
SEVERE: team 07-24: Time: after all Spots1435311640000
Jun 26, 2015 11:40:39 AM de.ants.vsp.receiver.Datensenke logMessageSevere
SEVERE: team 07-24: Receiver: team 07-24 Frames Send: 102 Frames not Send: 1
Jun 26, 2015 11:40:39 AM de.ants.vsp.receiver.Datensenke logMessageSevere
SEVERE: team 07-24: Time: at Beginning of new Spot1435311640009
Jun 26, 2015 11:40:40 AM de.ants.vsp.receiver.Datensenke logMessageSevere
SEVERE: team 07-24: Time: after all Spots1435311641001
Jun 26, 2015 11:40:40 AM de.ants.vsp.receiver.Datensenke logMessageSevere
SEVERE: team 07-24: Receiver: team 07-24 Frames Send: 103 Frames not Send: 1
Jun 26, 2015 11:40:40 AM de.ants.vsp.receiver.Datensenke logMessageSevere
SEVERE: team 07-24: Time: at Beginning of new Spot1435311641010
Jun 26, 2015 11:40:41 AM de.ants.vsp.receiver.Datensenke logMessageSevere
SEVERE: team 07-24: Time: after all Spots1435311642000
Jun 26, 2015 11:40:41 AM de.ants.vsp.receiver.Datensenke logMessageSevere
SEVERE: team 07-24: Receiver: team 07-24 Frames Send: 104 Frames not Send: 1
Jun 26, 2015 11:40:41 AM de.ants.vsp.receiver.Datensenke logMessageSevere
SEVERE: team 07-24: Time: at Beginning of new Spot1435311642004
Jun 26, 2015 11:40:42 AM de.ants.vsp.receiver.Datensenke logMessageSevere
SEVERE: team 07-24: Time: after all Spots1435311643002
Jun 26, 2015 11:40:42 AM de.ants.vsp.receiver.Datensenke logMessageSevere
SEVERE: team 07-24: Receiver: team 07-24 Frames Send: 105 Frames not Send: 1
Jun 26, 2015 11:40:42 AM de.ants.vsp.receiver.Datensenke logMessageSevere
SEVERE: team 07-24: Time: at Beginning of new Spot1435311643006
Jun 26, 2015 11:40:43 AM de.ants.vsp.receiver.Datensenke logMessageSevere
SEVERE: team 07-24: Time: after all Spots1435311644000
Jun 26, 2015 11:40:43 AM de.ants.vsp.receiver.Datensenke logMessageSevere
SEVERE: team 07-24: Receiver: team 07-24 Frames Send: 106 Frames not Send: 1
Jun 26, 2015 11:40:43 AM de.ants.vsp.receiver.Datensenke logMessageSevere
SEVERE: team 07-24: Time: at Beginning of new Spot1435311644009
Jun 26, 2015 11:40:44 AM de.ants.vsp.receiver.Datensenke logMessageSevere
SEVERE: team 07-24: Time: after all Spots1435311645001
Jun 26, 2015 11:40:44 AM de.ants.vsp.receiver.Datensenke logMessageSevere
SEVERE: team 07-24: Receiver: team 07-24 Frames Send: 107 Frames not Send: 1
Jun 26, 2015 11:40:44 AM de.ants.vsp.receiver.Datensenke logMessageSevere
SEVERE: team 07-24: Time: at Beginning of new Spot1435311645006
Jun 26, 2015 11:40:45 AM de.ants.vsp.receiver.Datensenke logMessageSevere
SEVERE: team 07-24: Time: after all Spots1435311646001
Jun 26, 2015 11:40:45 AM de.ants.vsp.receiver.Datensenke logMessageSevere
SEVERE: team 07-24: Receiver: team 07-24 Frames Send: 108 Frames not Send: 1
Jun 26, 2015 11:40:45 AM de.ants.vsp.receiver.Datensenke logMessageSevere
SEVERE: team 07-24: Time: at Beginning of new Spot1435311646007
Jun 26, 2015 11:40:46 AM de.ants.vsp.receiver.Datensenke logMessageSevere
SEVERE: team 07-24: Time: after all Spots1435311647002
Jun 26, 2015 11:40:46 AM de.ants.vsp.receiver.Datensenke logMessageSevere
SEVERE: team 07-24: Receiver: team 07-24 Frames Send: 109 Frames not Send: 1
Jun 26, 2015 11:40:46 AM de.ants.vsp.receiver.Datensenke logMessageSevere
SEVERE: team 07-24: Time: at Beginning of new Spot1435311647008
Jun 26, 2015 11:40:47 AM de.ants.vsp.receiver.Datensenke logMessageSevere
SEVERE: team 07-24: Time: after all Spots1435311648002
Jun 26, 2015 11:40:47 AM de.ants.vsp.receiver.Datensenke logMessageSevere
SEVERE: team 07-24: Receiver: team 07-24 Frames Send: 110 Frames not Send: 1
Jun 26, 2015 11:40:47 AM de.ants.vsp.receiver.Datensenke logMessageSevere
SEVERE: team 07-24: Time: at Beginning of new Spot1435311648009
Jun 26, 2015 11:40:48 AM de.ants.vsp.receiver.Datensenke logMessageSevere
SEVERE: team 07-24: Time: after all Spots1435311649001
Jun 26, 2015 11:40:48 AM de.ants.vsp.receiver.Datensenke logMessageSevere
SEVERE: team 07-24: Receiver: team 07-24 Frames Send: 111 Frames not Send: 1
Jun 26, 2015 11:40:48 AM de.ants.vsp.receiver.Datensenke logMessageSevere
SEVERE: team 07-24: Time: at Beginning of new Spot1435311649007
Jun 26, 2015 11:40:49 AM de.ants.vsp.receiver.Datensenke logMessageSevere
SEVERE: team 07-24: Time: after all Spots1435311650002
Jun 26, 2015 11:40:49 AM de.ants.vsp.receiver.Datensenke logMessageSevere
SEVERE: team 07-24: Receiver: team 07-24 Frames Send: 112 Frames not Send: 1
Jun 26, 2015 11:40:49 AM de.ants.vsp.receiver.Datensenke logMessageSevere
SEVERE: team 07-24: Time: at Beginning of new Spot1435311650009
Jun 26, 2015 11:40:50 AM de.ants.vsp.receiver.Datensenke logMessageSevere
SEVERE: team 07-24: Time: after all Spots1435311651000
Jun 26, 2015 11:40:50 AM de.ants.vsp.receiver.Datensenke logMessageSevere
SEVERE: team 07-24: Receiver: team 07-24 Frames Send: 113 Frames not Send: 1
Jun 26, 2015 11:40:50 AM de.ants.vsp.receiver.Datensenke logMessageSevere
SEVERE: team 07-24: Time: at Beginning of new Spot1435311651005
Jun 26, 2015 11:40:51 AM de.ants.vsp.receiver.Datensenke logMessageSevere
SEVERE: team 07-24: Time: after all Spots1435311652000
Jun 26, 2015 11:40:51 AM de.ants.vsp.receiver.Datensenke logMessageSevere
SEVERE: team 07-24: Receiver: team 07-24 Frames Send: 114 Frames not Send: 1
Jun 26, 2015 11:40:51 AM de.ants.vsp.receiver.Datensenke logMessageSevere
SEVERE: team 07-24: Time: at Beginning of new Spot1435311652009
Jun 26, 2015 11:40:52 AM de.ants.vsp.receiver.Datensenke logMessageSevere
SEVERE: team 07-24: Time: after all Spots1435311653000
Jun 26, 2015 11:40:52 AM de.ants.vsp.receiver.Datensenke logMessageSevere
SEVERE: team 07-24: Receiver: team 07-24 Frames Send: 115 Frames not Send: 1
Jun 26, 2015 11:40:52 AM de.ants.vsp.receiver.Datensenke logMessageSevere
SEVERE: team 07-24: Time: at Beginning of new Spot1435311653005
Jun 26, 2015 11:40:53 AM de.ants.vsp.receiver.Datensenke logMessageSevere
SEVERE: team 07-24: Time: after all Spots1435311654000
Jun 26, 2015 11:40:53 AM de.ants.vsp.receiver.Datensenke logMessageSevere
SEVERE: team 07-24: Receiver: team 07-24 Frames Send: 116 Frames not Send: 1
Jun 26, 2015 11:40:53 AM de.ants.vsp.receiver.Datensenke logMessageSevere
SEVERE: team 07-24: Time: at Beginning of new Spot1435311654008
Jun 26, 2015 11:40:54 AM de.ants.vsp.receiver.Datensenke logMessageSevere
SEVERE: team 07-24: Time: after all Spots1435311655002
Jun 26, 2015 11:40:54 AM de.ants.vsp.receiver.Datensenke logMessageSevere
SEVERE: team 07-24: Receiver: team 07-24 Frames Send: 117 Frames not Send: 1
Jun 26, 2015 11:40:54 AM de.ants.vsp.receiver.Datensenke logMessageSevere
SEVERE: team 07-24: Time: at Beginning of new Spot1435311655013
Jun 26, 2015 11:40:55 AM de.ants.vsp.receiver.Datensenke logMessageSevere
SEVERE: team 07-24: Time: after all Spots1435311656000
Jun 26, 2015 11:40:55 AM de.ants.vsp.receiver.Datensenke logMessageSevere
SEVERE: team 07-24: Receiver: team 07-24 Frames Send: 118 Frames not Send: 1
Jun 26, 2015 11:40:55 AM de.ants.vsp.receiver.Datensenke logMessageSevere
SEVERE: team 07-24: Time: at Beginning of new Spot1435311656007
Jun 26, 2015 11:40:56 AM de.ants.vsp.receiver.Datensenke logMessageSevere
SEVERE: team 07-24: Time: after all Spots1435311657000
Jun 26, 2015 11:40:56 AM de.ants.vsp.receiver.Datensenke logMessageSevere
SEVERE: team 07-24: Receiver: team 07-24 Frames Send: 119 Frames not Send: 1
Jun 26, 2015 11:40:56 AM de.ants.vsp.receiver.Datensenke logMessageSevere
SEVERE: team 07-24: Time: at Beginning of new Spot1435311657006
Jun 26, 2015 11:40:57 AM de.ants.vsp.receiver.Datensenke logMessageSevere
SEVERE: team 07-24: Time: after all Spots1435311658001
Jun 26, 2015 11:40:57 AM de.ants.vsp.receiver.Datensenke logMessageSevere
SEVERE: team 07-24: Receiver: team 07-24 Frames Send: 120 Frames not Send: 1
Jun 26, 2015 11:40:57 AM de.ants.vsp.receiver.Datensenke logMessageSevere
SEVERE: team 07-24: Time: at Beginning of new Spot1435311658007
Jun 26, 2015 11:40:58 AM de.ants.vsp.receiver.Datensenke logMessageSevere
SEVERE: team 07-24: Time: after all Spots1435311659000
Jun 26, 2015 11:40:58 AM de.ants.vsp.receiver.Datensenke logMessageSevere
SEVERE: team 07-24: Receiver: team 07-24 Frames Send: 121 Frames not Send: 1
Jun 26, 2015 11:40:58 AM de.ants.vsp.receiver.Datensenke logMessageSevere
SEVERE: team 07-24: Time: at Beginning of new Spot1435311659008
Jun 26, 2015 11:40:59 AM de.ants.vsp.receiver.Datensenke logMessageSevere
SEVERE: team 07-24: Time: after all Spots1435311660003
Jun 26, 2015 11:40:59 AM de.ants.vsp.receiver.Datensenke logMessageSevere
SEVERE: team 07-24: Receiver: team 07-24 Frames Send: 122 Frames not Send: 1
Jun 26, 2015 11:40:59 AM de.ants.vsp.receiver.Datensenke logMessageSevere
SEVERE: team 07-24: Time: at Beginning of new Spot1435311660012
Jun 26, 2015 11:41:00 AM de.ants.vsp.receiver.Datensenke logMessageSevere
SEVERE: team 07-24: Time: after all Spots1435311661002
Jun 26, 2015 11:41:00 AM de.ants.vsp.receiver.Datensenke logMessageSevere
SEVERE: team 07-24: Receiver: team 07-24 Frames Send: 123 Frames not Send: 1
Jun 26, 2015 11:41:00 AM de.ants.vsp.receiver.Datensenke logMessageSevere
SEVERE: team 07-24: Time: at Beginning of new Spot1435311661008
Jun 26, 2015 11:41:01 AM de.ants.vsp.receiver.Datensenke logMessageSevere
SEVERE: team 07-24: Time: after all Spots1435311662001
Jun 26, 2015 11:41:01 AM de.ants.vsp.receiver.Datensenke logMessageSevere
SEVERE: team 07-24: Receiver: team 07-24 Frames Send: 124 Frames not Send: 1
Jun 26, 2015 11:41:01 AM de.ants.vsp.receiver.Datensenke logMessageSevere
SEVERE: team 07-24: Time: at Beginning of new Spot1435311662012
Jun 26, 2015 11:41:02 AM de.ants.vsp.receiver.Datensenke logMessageSevere
SEVERE: team 07-24: Time: after all Spots1435311663001
Jun 26, 2015 11:41:02 AM de.ants.vsp.receiver.Datensenke logMessageSevere
SEVERE: team 07-24: Receiver: team 07-24 Frames Send: 125 Frames not Send: 1
Jun 26, 2015 11:41:02 AM de.ants.vsp.receiver.Datensenke logMessageSevere
SEVERE: team 07-24: Time: at Beginning of new Spot1435311663006
Jun 26, 2015 11:41:03 AM de.ants.vsp.receiver.Datensenke logMessageSevere
SEVERE: team 07-24: Time: after all Spots1435311664000
Jun 26, 2015 11:41:03 AM de.ants.vsp.receiver.Datensenke logMessageSevere
SEVERE: team 07-24: Receiver: team 07-24 Frames Send: 126 Frames not Send: 1
Jun 26, 2015 11:41:03 AM de.ants.vsp.receiver.Datensenke logMessageSevere
SEVERE: team 07-24: Time: at Beginning of new Spot1435311664007
Jun 26, 2015 11:41:04 AM de.ants.vsp.receiver.Datensenke logMessageSevere
SEVERE: team 07-24: Time: after all Spots1435311665001
Jun 26, 2015 11:41:04 AM de.ants.vsp.receiver.Datensenke logMessageSevere
SEVERE: team 07-24: Receiver: team 07-24 Frames Send: 127 Frames not Send: 1
Jun 26, 2015 11:41:04 AM de.ants.vsp.receiver.Datensenke logMessageSevere
SEVERE: team 07-24: Time: at Beginning of new Spot1435311665007
Jun 26, 2015 11:41:05 AM de.ants.vsp.receiver.Datensenke logMessageSevere
SEVERE: team 07-24: Time: after all Spots1435311666000
Jun 26, 2015 11:41:05 AM de.ants.vsp.receiver.Datensenke logMessageSevere
SEVERE: team 07-24: Receiver: team 07-24 Frames Send: 128 Frames not Send: 1
Jun 26, 2015 11:41:05 AM de.ants.vsp.receiver.Datensenke logMessageSevere
SEVERE: team 07-24: Time: at Beginning of new Spot1435311666017
Jun 26, 2015 11:41:06 AM de.ants.vsp.receiver.Datensenke logMessageSevere
SEVERE: team 07-24: Time: after all Spots1435311667000
Jun 26, 2015 11:41:06 AM de.ants.vsp.receiver.Datensenke logMessageSevere
SEVERE: team 07-24: Receiver: team 07-24 Frames Send: 129 Frames not Send: 1
Jun 26, 2015 11:41:06 AM de.ants.vsp.receiver.Datensenke logMessageSevere
SEVERE: team 07-24: Time: at Beginning of new Spot1435311667007
Jun 26, 2015 11:41:07 AM de.ants.vsp.receiver.Datensenke logMessageSevere
SEVERE: team 07-24: Time: after all Spots1435311668019
Jun 26, 2015 11:41:07 AM de.ants.vsp.receiver.Datensenke logMessageSevere
SEVERE: team 07-24: Receiver: team 07-24 Frames Send: 130 Frames not Send: 1
Jun 26, 2015 11:41:08 AM de.ants.vsp.receiver.Datensenke logMessageSevere
SEVERE: team 07-24: Time: at Beginning of new Spot1435311668022
Jun 26, 2015 11:41:08 AM de.ants.vsp.receiver.Datensenke logMessageSevere
SEVERE: team 07-24: Time: after all Spots1435311669000
Jun 26, 2015 11:41:08 AM de.ants.vsp.receiver.Datensenke logMessageSevere
SEVERE: team 07-24: Receiver: team 07-24 Frames Send: 131 Frames not Send: 1
Jun 26, 2015 11:41:08 AM de.ants.vsp.receiver.Datensenke logMessageSevere
SEVERE: team 07-24: Time: at Beginning of new Spot1435311669009
Jun 26, 2015 11:41:09 AM de.ants.vsp.receiver.Datensenke logMessageSevere
SEVERE: team 07-24: Time: after all Spots1435311670000
Jun 26, 2015 11:41:09 AM de.ants.vsp.receiver.Datensenke logMessageSevere
SEVERE: team 07-24: Receiver: team 07-24 Frames Send: 132 Frames not Send: 1
Jun 26, 2015 11:41:09 AM de.ants.vsp.receiver.Datensenke logMessageSevere
SEVERE: team 07-24: Time: at Beginning of new Spot1435311670004
Jun 26, 2015 11:41:11 AM de.ants.vsp.receiver.Datensenke logMessageSevere
SEVERE: team 07-24: Time: after all Spots1435311671023
Jun 26, 2015 11:41:11 AM de.ants.vsp.receiver.Datensenke logMessageSevere
SEVERE: team 07-24: Receiver: team 07-24 Frames Send: 133 Frames not Send: 1
Jun 26, 2015 11:41:11 AM de.ants.vsp.receiver.Datensenke logMessageSevere
SEVERE: team 07-24: Time: at Beginning of new Spot1435311671029
Jun 26, 2015 11:41:11 AM de.ants.vsp.receiver.Datensenke logMessageSevere
SEVERE: team 07-24: Time: after all Spots1435311672000
Jun 26, 2015 11:41:11 AM de.ants.vsp.receiver.Datensenke logMessageSevere
SEVERE: team 07-24: Receiver: team 07-24 Frames Send: 134 Frames not Send: 1
Jun 26, 2015 11:41:11 AM de.ants.vsp.receiver.Datensenke logMessageSevere
SEVERE: team 07-24: Time: at Beginning of new Spot1435311672007
Jun 26, 2015 11:41:12 AM de.ants.vsp.receiver.Datensenke logMessageSevere
SEVERE: team 07-24: Time: after all Spots1435311673000
Jun 26, 2015 11:41:12 AM de.ants.vsp.receiver.Datensenke logMessageSevere
SEVERE: team 07-24: Receiver: team 07-24 Frames Send: 135 Frames not Send: 1
Jun 26, 2015 11:41:12 AM de.ants.vsp.receiver.Datensenke logMessageSevere
SEVERE: team 07-24: Time: at Beginning of new Spot1435311673005
Jun 26, 2015 11:41:13 AM de.ants.vsp.receiver.Datensenke logMessageSevere
SEVERE: team 07-24: Time: after all Spots1435311674000
Jun 26, 2015 11:41:13 AM de.ants.vsp.receiver.Datensenke logMessageSevere
SEVERE: team 07-24: Receiver: team 07-24 Frames Send: 136 Frames not Send: 1
Jun 26, 2015 11:41:13 AM de.ants.vsp.receiver.Datensenke logMessageSevere
SEVERE: team 07-24: Time: at Beginning of new Spot1435311674007
Jun 26, 2015 11:41:14 AM de.ants.vsp.receiver.Datensenke logMessageSevere
SEVERE: team 07-24: Time: after all Spots1435311675000
Jun 26, 2015 11:41:14 AM de.ants.vsp.receiver.Datensenke logMessageSevere
SEVERE: team 07-24: Receiver: team 07-24 Frames Send: 137 Frames not Send: 1
Jun 26, 2015 11:41:14 AM de.ants.vsp.receiver.Datensenke logMessageSevere
SEVERE: team 07-24: Time: at Beginning of new Spot1435311675008
Jun 26, 2015 11:41:15 AM de.ants.vsp.receiver.Datensenke logMessageSevere
SEVERE: team 07-24: Time: after all Spots1435311676000
Jun 26, 2015 11:41:15 AM de.ants.vsp.receiver.Datensenke logMessageSevere
SEVERE: team 07-24: Receiver: team 07-24 Frames Send: 138 Frames not Send: 1
Jun 26, 2015 11:41:15 AM de.ants.vsp.receiver.Datensenke logMessageSevere
SEVERE: team 07-24: Time: at Beginning of new Spot1435311676018
Jun 26, 2015 11:41:16 AM de.ants.vsp.receiver.Datensenke logMessageSevere
SEVERE: team 07-24: Time: after all Spots1435311677001
Jun 26, 2015 11:41:16 AM de.ants.vsp.receiver.Datensenke logMessageSevere
SEVERE: team 07-24: Receiver: team 07-24 Frames Send: 139 Frames not Send: 1
Jun 26, 2015 11:41:16 AM de.ants.vsp.receiver.Datensenke logMessageSevere
SEVERE: team 07-24: Time: at Beginning of new Spot1435311677006
Jun 26, 2015 11:41:17 AM de.ants.vsp.receiver.Datensenke logMessageSevere
SEVERE: team 07-24: Time: after all Spots1435311678001
Jun 26, 2015 11:41:17 AM de.ants.vsp.receiver.Datensenke logMessageSevere
SEVERE: team 07-24: Receiver: team 07-24 Frames Send: 140 Frames not Send: 1
Jun 26, 2015 11:41:17 AM de.ants.vsp.receiver.Datensenke logMessageSevere
SEVERE: team 07-24: Time: at Beginning of new Spot1435311678006
Jun 26, 2015 11:41:18 AM de.ants.vsp.receiver.Datensenke logMessageSevere
SEVERE: team 07-24: Time: after all Spots1435311679002
Jun 26, 2015 11:41:18 AM de.ants.vsp.receiver.Datensenke logMessageSevere
SEVERE: team 07-24: Receiver: team 07-24 Frames Send: 141 Frames not Send: 1
Jun 26, 2015 11:41:18 AM de.ants.vsp.receiver.Datensenke logMessageSevere
SEVERE: team 07-24: Time: at Beginning of new Spot1435311679013
Jun 26, 2015 11:41:19 AM de.ants.vsp.receiver.Datensenke logMessageSevere
SEVERE: team 07-24: Time: after all Spots1435311680000
Jun 26, 2015 11:41:19 AM de.ants.vsp.receiver.Datensenke logMessageSevere
SEVERE: team 07-24: Receiver: team 07-24 Frames Send: 142 Frames not Send: 1
Jun 26, 2015 11:41:19 AM de.ants.vsp.receiver.Datensenke logMessageSevere
SEVERE: team 07-24: Time: at Beginning of new Spot1435311680006
Jun 26, 2015 11:41:20 AM de.ants.vsp.receiver.Datensenke logMessageSevere
SEVERE: team 07-24: Time: after all Spots1435311681000
Jun 26, 2015 11:41:20 AM de.ants.vsp.receiver.Datensenke logMessageSevere
SEVERE: team 07-24: Receiver: team 07-24 Frames Send: 143 Frames not Send: 1
Jun 26, 2015 11:41:20 AM de.ants.vsp.receiver.Datensenke logMessageSevere
SEVERE: team 07-24: Time: at Beginning of new Spot1435311681006
Jun 26, 2015 11:41:21 AM de.ants.vsp.receiver.Datensenke logMessageSevere
SEVERE: team 07-24: Time: after all Spots1435311682000
Jun 26, 2015 11:41:21 AM de.ants.vsp.receiver.Datensenke logMessageSevere
SEVERE: team 07-24: Receiver: team 07-24 Frames Send: 144 Frames not Send: 1
Jun 26, 2015 11:41:21 AM de.ants.vsp.receiver.Datensenke logMessageSevere
SEVERE: team 07-24: Time: at Beginning of new Spot1435311682006
Jun 26, 2015 11:41:22 AM de.ants.vsp.receiver.Datensenke logMessageSevere
SEVERE: team 07-24: Time: after all Spots1435311683000
Jun 26, 2015 11:41:22 AM de.ants.vsp.receiver.Datensenke logMessageSevere
SEVERE: team 07-24: Receiver: team 07-24 Frames Send: 145 Frames not Send: 1
Jun 26, 2015 11:41:22 AM de.ants.vsp.receiver.Datensenke logMessageSevere
SEVERE: team 07-24: Time: at Beginning of new Spot1435311683006
Jun 26, 2015 11:41:23 AM de.ants.vsp.receiver.Datensenke logMessageSevere
SEVERE: team 07-24: Time: after all Spots1435311684001
Jun 26, 2015 11:41:23 AM de.ants.vsp.receiver.Datensenke logMessageSevere
SEVERE: team 07-24: Receiver: team 07-24 Frames Send: 146 Frames not Send: 1
Jun 26, 2015 11:41:23 AM de.ants.vsp.receiver.Datensenke logMessageSevere
SEVERE: team 07-24: Time: at Beginning of new Spot1435311684007
Jun 26, 2015 11:41:24 AM de.ants.vsp.receiver.Datensenke logMessageSevere
SEVERE: team 07-24: Time: after all Spots1435311685000
Jun 26, 2015 11:41:24 AM de.ants.vsp.receiver.Datensenke logMessageSevere
SEVERE: team 07-24: Receiver: team 07-24 Frames Send: 147 Frames not Send: 1
Jun 26, 2015 11:41:24 AM de.ants.vsp.receiver.Datensenke logMessageSevere
SEVERE: team 07-24: Time: at Beginning of new Spot1435311685005
Jun 26, 2015 11:41:25 AM de.ants.vsp.receiver.Datensenke logMessageSevere
SEVERE: team 07-24: Time: after all Spots1435311686000
Jun 26, 2015 11:41:25 AM de.ants.vsp.receiver.Datensenke logMessageSevere
SEVERE: team 07-24: Receiver: team 07-24 Frames Send: 148 Frames not Send: 1
Jun 26, 2015 11:41:25 AM de.ants.vsp.receiver.Datensenke logMessageSevere
SEVERE: team 07-24: Time: at Beginning of new Spot1435311686007
Jun 26, 2015 11:41:26 AM de.ants.vsp.receiver.Datensenke logMessageSevere
SEVERE: team 07-24: Time: after all Spots1435311687000
Jun 26, 2015 11:41:26 AM de.ants.vsp.receiver.Datensenke logMessageSevere
SEVERE: team 07-24: Receiver: team 07-24 Frames Send: 149 Frames not Send: 1
Jun 26, 2015 11:41:26 AM de.ants.vsp.receiver.Datensenke logMessageSevere
SEVERE: team 07-24: Time: at Beginning of new Spot1435311687005
Jun 26, 2015 11:41:27 AM de.ants.vsp.receiver.Datensenke logMessageSevere
SEVERE: team 07-24: Time: after all Spots1435311688000
Jun 26, 2015 11:41:27 AM de.ants.vsp.receiver.Datensenke logMessageSevere
SEVERE: team 07-24: Receiver: team 07-24 Frames Send: 150 Frames not Send: 1
Jun 26, 2015 11:41:27 AM de.ants.vsp.receiver.Datensenke logMessageSevere
SEVERE: team 07-24: Time: at Beginning of new Spot1435311688006
Jun 26, 2015 11:41:28 AM de.ants.vsp.receiver.Datensenke logMessageSevere
SEVERE: team 07-24: Time: after all Spots1435311689000
Jun 26, 2015 11:41:28 AM de.ants.vsp.receiver.Datensenke logMessageSevere
SEVERE: team 07-24: Receiver: team 07-24 Frames Send: 151 Frames not Send: 1
Jun 26, 2015 11:41:28 AM de.ants.vsp.receiver.Datensenke logMessageSevere
SEVERE: team 07-24: Time: at Beginning of new Spot1435311689005
Jun 26, 2015 11:41:29 AM de.ants.vsp.receiver.Datensenke logMessageSevere
SEVERE: team 07-24: Time: after all Spots1435311690001
Jun 26, 2015 11:41:29 AM de.ants.vsp.receiver.Datensenke logMessageSevere
SEVERE: team 07-24: Receiver: team 07-24 Frames Send: 152 Frames not Send: 1
Jun 26, 2015 11:41:29 AM de.ants.vsp.receiver.Datensenke logMessageSevere
SEVERE: team 07-24: Time: at Beginning of new Spot1435311690006
Jun 26, 2015 11:41:30 AM de.ants.vsp.receiver.Datensenke logMessageSevere
SEVERE: team 07-24: Time: after all Spots1435311691000
Jun 26, 2015 11:41:30 AM de.ants.vsp.receiver.Datensenke logMessageSevere
SEVERE: team 07-24: Receiver: team 07-24 Frames Send: 153 Frames not Send: 1
Jun 26, 2015 11:41:30 AM de.ants.vsp.receiver.Datensenke logMessageSevere
SEVERE: team 07-24: Time: at Beginning of new Spot1435311691004
Jun 26, 2015 11:41:31 AM de.ants.vsp.receiver.Datensenke logMessageSevere
SEVERE: team 07-24: Time: after all Spots1435311692000
Jun 26, 2015 11:41:31 AM de.ants.vsp.receiver.Datensenke logMessageSevere
SEVERE: team 07-24: Receiver: team 07-24 Frames Send: 154 Frames not Send: 1
Jun 26, 2015 11:41:31 AM de.ants.vsp.receiver.Datensenke logMessageSevere
SEVERE: team 07-24: Time: at Beginning of new Spot1435311692006
Jun 26, 2015 11:41:32 AM de.ants.vsp.receiver.Datensenke logMessageSevere
SEVERE: team 07-24: Time: after all Spots1435311693001
Jun 26, 2015 11:41:32 AM de.ants.vsp.receiver.Datensenke logMessageSevere
SEVERE: team 07-24: Receiver: team 07-24 Frames Send: 155 Frames not Send: 1
Jun 26, 2015 11:41:32 AM de.ants.vsp.receiver.Datensenke logMessageSevere
SEVERE: team 07-24: Time: at Beginning of new Spot1435311693006
Jun 26, 2015 11:41:33 AM de.ants.vsp.receiver.Datensenke logMessageSevere
SEVERE: team 07-24: Time: after all Spots1435311694001
Jun 26, 2015 11:41:33 AM de.ants.vsp.receiver.Datensenke logMessageSevere
SEVERE: team 07-24: Receiver: team 07-24 Frames Send: 156 Frames not Send: 1
Jun 26, 2015 11:41:33 AM de.ants.vsp.receiver.Datensenke logMessageSevere
SEVERE: team 07-24: Time: at Beginning of new Spot1435311694007
Jun 26, 2015 11:41:34 AM de.ants.vsp.receiver.Datensenke logMessageSevere
SEVERE: team 07-24: Time: after all Spots1435311695001
Jun 26, 2015 11:41:34 AM de.ants.vsp.receiver.Datensenke logMessageSevere
SEVERE: team 07-24: Receiver: team 07-24 Frames Send: 157 Frames not Send: 1
Jun 26, 2015 11:41:34 AM de.ants.vsp.receiver.Datensenke logMessageSevere
SEVERE: team 07-24: Time: at Beginning of new Spot1435311695006
Jun 26, 2015 11:41:35 AM de.ants.vsp.receiver.Datensenke logMessageSevere
SEVERE: team 07-24: Time: after all Spots1435311696000
Jun 26, 2015 11:41:35 AM de.ants.vsp.receiver.Datensenke logMessageSevere
SEVERE: team 07-24: Receiver: team 07-24 Frames Send: 158 Frames not Send: 1
Jun 26, 2015 11:41:35 AM de.ants.vsp.receiver.Datensenke logMessageSevere
SEVERE: team 07-24: Time: at Beginning of new Spot1435311696005
Jun 26, 2015 11:41:36 AM de.ants.vsp.receiver.Datensenke logMessageSevere
SEVERE: team 07-24: Time: after all Spots1435311697000
Jun 26, 2015 11:41:36 AM de.ants.vsp.receiver.Datensenke logMessageSevere
SEVERE: team 07-24: Receiver: team 07-24 Frames Send: 159 Frames not Send: 1
Jun 26, 2015 11:41:36 AM de.ants.vsp.receiver.Datensenke logMessageSevere
SEVERE: team 07-24: Time: at Beginning of new Spot1435311697005
Jun 26, 2015 11:41:37 AM de.ants.vsp.receiver.Datensenke logMessageSevere
SEVERE: team 07-24: Time: after all Spots1435311698001
Jun 26, 2015 11:41:37 AM de.ants.vsp.receiver.Datensenke logMessageSevere
SEVERE: team 07-24: Receiver: team 07-24 Frames Send: 160 Frames not Send: 1
Jun 26, 2015 11:41:37 AM de.ants.vsp.receiver.Datensenke logMessageSevere
SEVERE: team 07-24: Time: at Beginning of new Spot1435311698013
Jun 26, 2015 11:41:38 AM de.ants.vsp.receiver.Datensenke logMessageSevere
SEVERE: team 07-24: Time: after all Spots1435311699000
Jun 26, 2015 11:41:38 AM de.ants.vsp.receiver.Datensenke logMessageSevere
SEVERE: team 07-24: Receiver: team 07-24 Frames Send: 161 Frames not Send: 1
Jun 26, 2015 11:41:38 AM de.ants.vsp.receiver.Datensenke logMessageSevere
SEVERE: team 07-24: Time: at Beginning of new Spot1435311699006
Jun 26, 2015 11:41:39 AM de.ants.vsp.receiver.Datensenke logMessageSevere
SEVERE: team 07-24: Time: after all Spots1435311700000
Jun 26, 2015 11:41:39 AM de.ants.vsp.receiver.Datensenke logMessageSevere
SEVERE: team 07-24: Receiver: team 07-24 Frames Send: 162 Frames not Send: 1
Jun 26, 2015 11:41:39 AM de.ants.vsp.receiver.Datensenke logMessageSevere
SEVERE: team 07-24: Time: at Beginning of new Spot1435311700004
Jun 26, 2015 11:41:40 AM de.ants.vsp.receiver.Datensenke logMessageSevere
SEVERE: team 07-24: Time: after all Spots1435311701000
Jun 26, 2015 11:41:40 AM de.ants.vsp.receiver.Datensenke logMessageSevere
SEVERE: team 07-24: Receiver: team 07-24 Frames Send: 163 Frames not Send: 1
Jun 26, 2015 11:41:40 AM de.ants.vsp.receiver.Datensenke logMessageSevere
SEVERE: team 07-24: Time: at Beginning of new Spot1435311701008
Jun 26, 2015 11:41:41 AM de.ants.vsp.receiver.Datensenke logMessageSevere
SEVERE: team 07-24: Time: after all Spots1435311702000
Jun 26, 2015 11:41:41 AM de.ants.vsp.receiver.Datensenke logMessageSevere
SEVERE: team 07-24: Receiver: team 07-24 Frames Send: 164 Frames not Send: 1
Jun 26, 2015 11:41:41 AM de.ants.vsp.receiver.Datensenke logMessageSevere
SEVERE: team 07-24: Time: at Beginning of new Spot1435311702005
Jun 26, 2015 11:41:42 AM de.ants.vsp.receiver.Datensenke logMessageSevere
SEVERE: team 07-24: Time: after all Spots1435311703001
Jun 26, 2015 11:41:42 AM de.ants.vsp.receiver.Datensenke logMessageSevere
SEVERE: team 07-24: Receiver: team 07-24 Frames Send: 165 Frames not Send: 1
Jun 26, 2015 11:41:42 AM de.ants.vsp.receiver.Datensenke logMessageSevere
SEVERE: team 07-24: Time: at Beginning of new Spot1435311703005
Jun 26, 2015 11:41:43 AM de.ants.vsp.receiver.Datensenke logMessageSevere
SEVERE: team 07-24: Time: after all Spots1435311704000
Jun 26, 2015 11:41:43 AM de.ants.vsp.receiver.Datensenke logMessageSevere
SEVERE: team 07-24: Receiver: team 07-24 Frames Send: 166 Frames not Send: 1
Jun 26, 2015 11:41:43 AM de.ants.vsp.receiver.Datensenke logMessageSevere
SEVERE: team 07-24: Time: at Beginning of new Spot1435311704005
Jun 26, 2015 11:41:44 AM de.ants.vsp.receiver.Datensenke logMessageSevere
SEVERE: team 07-24: Time: after all Spots1435311705002
Jun 26, 2015 11:41:44 AM de.ants.vsp.receiver.Datensenke logMessageSevere
SEVERE: team 07-24: Receiver: team 07-24 Frames Send: 167 Frames not Send: 1
Jun 26, 2015 11:41:44 AM de.ants.vsp.receiver.Datensenke logMessageSevere
SEVERE: team 07-24: Time: at Beginning of new Spot1435311705020
Jun 26, 2015 11:41:45 AM de.ants.vsp.receiver.Datensenke logMessageSevere
SEVERE: team 07-24: Time: after all Spots1435311706001
Jun 26, 2015 11:41:45 AM de.ants.vsp.receiver.Datensenke logMessageSevere
SEVERE: team 07-24: Receiver: team 07-24 Frames Send: 168 Frames not Send: 1
Jun 26, 2015 11:41:45 AM de.ants.vsp.receiver.Datensenke logMessageSevere
SEVERE: team 07-24: Time: at Beginning of new Spot1435311706007
Jun 26, 2015 11:41:46 AM de.ants.vsp.receiver.Datensenke logMessageSevere
SEVERE: team 07-24: Time: after all Spots1435311707001
Jun 26, 2015 11:41:46 AM de.ants.vsp.receiver.Datensenke logMessageSevere
SEVERE: team 07-24: Receiver: team 07-24 Frames Send: 169 Frames not Send: 1
Jun 26, 2015 11:41:46 AM de.ants.vsp.receiver.Datensenke logMessageSevere
SEVERE: team 07-24: Time: at Beginning of new Spot1435311707006
Jun 26, 2015 11:41:47 AM de.ants.vsp.receiver.Datensenke logMessageSevere
SEVERE: team 07-24: Time: after all Spots1435311708002
Jun 26, 2015 11:41:47 AM de.ants.vsp.receiver.Datensenke logMessageSevere
SEVERE: team 07-24: Receiver: team 07-24 Frames Send: 170 Frames not Send: 1
Jun 26, 2015 11:41:47 AM de.ants.vsp.receiver.Datensenke logMessageSevere
SEVERE: team 07-24: Time: at Beginning of new Spot1435311708006
Jun 26, 2015 11:41:48 AM de.ants.vsp.receiver.Datensenke logMessageSevere
SEVERE: team 07-24: Time: after all Spots1435311709000
Jun 26, 2015 11:41:48 AM de.ants.vsp.receiver.Datensenke logMessageSevere
SEVERE: team 07-24: Receiver: team 07-24 Frames Send: 171 Frames not Send: 1
Jun 26, 2015 11:41:48 AM de.ants.vsp.receiver.Datensenke logMessageSevere
SEVERE: team 07-24: Time: at Beginning of new Spot1435311709004
Jun 26, 2015 11:41:49 AM de.ants.vsp.receiver.Datensenke logMessageSevere
SEVERE: team 07-24: Time: after all Spots1435311710002
Jun 26, 2015 11:41:49 AM de.ants.vsp.receiver.Datensenke logMessageSevere
SEVERE: team 07-24: Receiver: team 07-24 Frames Send: 172 Frames not Send: 1
Jun 26, 2015 11:41:49 AM de.ants.vsp.receiver.Datensenke logMessageSevere
SEVERE: team 07-24: Time: at Beginning of new Spot1435311710007
Jun 26, 2015 11:41:50 AM de.ants.vsp.receiver.Datensenke logMessageSevere
SEVERE: team 07-24: Time: after all Spots1435311711000
Jun 26, 2015 11:41:50 AM de.ants.vsp.receiver.Datensenke logMessageSevere
SEVERE: team 07-24: Receiver: team 07-24 Frames Send: 173 Frames not Send: 1
Jun 26, 2015 11:41:50 AM de.ants.vsp.receiver.Datensenke logMessageSevere
SEVERE: team 07-24: Time: at Beginning of new Spot1435311711005
Jun 26, 2015 11:41:51 AM de.ants.vsp.receiver.Datensenke logMessageSevere
SEVERE: team 07-24: Time: after all Spots1435311712000
Jun 26, 2015 11:41:51 AM de.ants.vsp.receiver.Datensenke logMessageSevere
SEVERE: team 07-24: Receiver: team 07-24 Frames Send: 174 Frames not Send: 1
Jun 26, 2015 11:41:51 AM de.ants.vsp.receiver.Datensenke logMessageSevere
SEVERE: team 07-24: Time: at Beginning of new Spot1435311712006
Jun 26, 2015 11:41:52 AM de.ants.vsp.receiver.Datensenke logMessageSevere
SEVERE: team 07-24: Time: after all Spots1435311713000
Jun 26, 2015 11:41:52 AM de.ants.vsp.receiver.Datensenke logMessageSevere
SEVERE: team 07-24: Receiver: team 07-24 Frames Send: 175 Frames not Send: 1
Jun 26, 2015 11:41:52 AM de.ants.vsp.receiver.Datensenke logMessageSevere
SEVERE: team 07-24: Time: at Beginning of new Spot1435311713009
Jun 26, 2015 11:41:53 AM de.ants.vsp.receiver.Datensenke logMessageSevere
SEVERE: team 07-24: Time: after all Spots1435311714000
Jun 26, 2015 11:41:53 AM de.ants.vsp.receiver.Datensenke logMessageSevere
SEVERE: team 07-24: Receiver: team 07-24 Frames Send: 176 Frames not Send: 1
Jun 26, 2015 11:41:53 AM de.ants.vsp.receiver.Datensenke logMessageSevere
SEVERE: team 07-24: Time: at Beginning of new Spot1435311714005
Jun 26, 2015 11:41:54 AM de.ants.vsp.receiver.Datensenke logMessageSevere
SEVERE: team 07-24: Time: after all Spots1435311715000
Jun 26, 2015 11:41:54 AM de.ants.vsp.receiver.Datensenke logMessageSevere
SEVERE: team 07-24: Receiver: team 07-24 Frames Send: 177 Frames not Send: 1
Jun 26, 2015 11:41:54 AM de.ants.vsp.receiver.Datensenke logMessageSevere
SEVERE: team 07-24: Time: at Beginning of new Spot1435311715005
Jun 26, 2015 11:41:55 AM de.ants.vsp.receiver.Datensenke logMessageSevere
SEVERE: team 07-24: Time: after all Spots1435311716001
Jun 26, 2015 11:41:55 AM de.ants.vsp.receiver.Datensenke logMessageSevere
SEVERE: team 07-24: Receiver: team 07-24 Frames Send: 178 Frames not Send: 1
Jun 26, 2015 11:41:55 AM de.ants.vsp.receiver.Datensenke logMessageSevere
SEVERE: team 07-24: Time: at Beginning of new Spot1435311716005
Jun 26, 2015 11:41:56 AM de.ants.vsp.receiver.Datensenke logMessageSevere
SEVERE: team 07-24: Time: after all Spots1435311717001
Jun 26, 2015 11:41:56 AM de.ants.vsp.receiver.Datensenke logMessageSevere
SEVERE: team 07-24: Receiver: team 07-24 Frames Send: 179 Frames not Send: 1
Jun 26, 2015 11:41:56 AM de.ants.vsp.receiver.Datensenke logMessageSevere
SEVERE: team 07-24: Time: at Beginning of new Spot1435311717008
Jun 26, 2015 11:41:57 AM de.ants.vsp.receiver.Datensenke logMessageSevere
SEVERE: team 07-24: Time: after all Spots1435311718000
Jun 26, 2015 11:41:57 AM de.ants.vsp.receiver.Datensenke logMessageSevere
SEVERE: team 07-24: Receiver: team 07-24 Frames Send: 180 Frames not Send: 1
Jun 26, 2015 11:41:57 AM de.ants.vsp.receiver.Datensenke logMessageSevere
SEVERE: team 07-24: Time: at Beginning of new Spot1435311718004
Jun 26, 2015 11:41:58 AM de.ants.vsp.receiver.Datensenke logMessageSevere
SEVERE: team 07-24: Time: after all Spots1435311719001
Jun 26, 2015 11:41:58 AM de.ants.vsp.receiver.Datensenke logMessageSevere
SEVERE: team 07-24: Receiver: team 07-24 Frames Send: 181 Frames not Send: 1
Jun 26, 2015 11:41:58 AM de.ants.vsp.receiver.Datensenke logMessageSevere
SEVERE: team 07-24: Time: at Beginning of new Spot1435311719006
Jun 26, 2015 11:41:59 AM de.ants.vsp.receiver.Datensenke logMessageSevere
SEVERE: team 07-24: Time: after all Spots1435311720000
Jun 26, 2015 11:41:59 AM de.ants.vsp.receiver.Datensenke logMessageSevere
SEVERE: team 07-24: Receiver: team 07-24 Frames Send: 182 Frames not Send: 1
Jun 26, 2015 11:41:59 AM de.ants.vsp.receiver.Datensenke logMessageSevere
SEVERE: team 07-24: Time: at Beginning of new Spot1435311720005
Jun 26, 2015 11:42:00 AM de.ants.vsp.receiver.Datensenke logMessageSevere
SEVERE: team 07-24: Time: after all Spots1435311721002
Jun 26, 2015 11:42:00 AM de.ants.vsp.receiver.Datensenke logMessageSevere
SEVERE: team 07-24: Receiver: team 07-24 Frames Send: 183 Frames not Send: 1
Jun 26, 2015 11:42:00 AM de.ants.vsp.receiver.Datensenke logMessageSevere
SEVERE: team 07-24: Time: at Beginning of new Spot1435311721018
Jun 26, 2015 11:42:01 AM de.ants.vsp.receiver.Datensenke logMessageSevere
SEVERE: team 07-24: Time: after all Spots1435311722000
Jun 26, 2015 11:42:01 AM de.ants.vsp.receiver.Datensenke logMessageSevere
SEVERE: team 07-24: Receiver: team 07-24 Frames Send: 184 Frames not Send: 1
Jun 26, 2015 11:42:01 AM de.ants.vsp.receiver.Datensenke logMessageSevere
SEVERE: team 07-24: Time: at Beginning of new Spot1435311722004
Jun 26, 2015 11:42:02 AM de.ants.vsp.receiver.Datensenke logMessageSevere
SEVERE: team 07-24: Time: after all Spots1435311723000
Jun 26, 2015 11:42:02 AM de.ants.vsp.receiver.Datensenke logMessageSevere
SEVERE: team 07-24: Receiver: team 07-24 Frames Send: 185 Frames not Send: 1
Jun 26, 2015 11:42:02 AM de.ants.vsp.receiver.Datensenke logMessageSevere
SEVERE: team 07-24: Time: at Beginning of new Spot1435311723010
Jun 26, 2015 11:42:03 AM de.ants.vsp.receiver.Datensenke logMessageSevere
SEVERE: team 07-24: Time: after all Spots1435311724000
Jun 26, 2015 11:42:03 AM de.ants.vsp.receiver.Datensenke logMessageSevere
SEVERE: team 07-24: Receiver: team 07-24 Frames Send: 186 Frames not Send: 1
Jun 26, 2015 11:42:03 AM de.ants.vsp.receiver.Datensenke logMessageSevere
SEVERE: team 07-24: Time: at Beginning of new Spot1435311724005
Jun 26, 2015 11:42:04 AM de.ants.vsp.receiver.Datensenke logMessageSevere
SEVERE: team 07-24: Time: after all Spots1435311725001
Jun 26, 2015 11:42:04 AM de.ants.vsp.receiver.Datensenke logMessageSevere
SEVERE: team 07-24: Receiver: team 07-24 Frames Send: 187 Frames not Send: 1
Jun 26, 2015 11:42:04 AM de.ants.vsp.receiver.Datensenke logMessageSevere
SEVERE: team 07-24: Time: at Beginning of new Spot1435311725007
Jun 26, 2015 11:42:05 AM de.ants.vsp.receiver.Datensenke logMessageSevere
SEVERE: team 07-24: Time: after all Spots1435311726001
Jun 26, 2015 11:42:05 AM de.ants.vsp.receiver.Datensenke logMessageSevere
SEVERE: team 07-24: Receiver: team 07-24 Frames Send: 188 Frames not Send: 1
Jun 26, 2015 11:42:05 AM de.ants.vsp.receiver.Datensenke logMessageSevere
SEVERE: team 07-24: Time: at Beginning of new Spot1435311726006
Jun 26, 2015 11:42:06 AM de.ants.vsp.receiver.Datensenke logMessageSevere
SEVERE: team 07-24: Time: after all Spots1435311727001
Jun 26, 2015 11:42:06 AM de.ants.vsp.receiver.Datensenke logMessageSevere
SEVERE: team 07-24: Receiver: team 07-24 Frames Send: 189 Frames not Send: 1
Jun 26, 2015 11:42:06 AM de.ants.vsp.receiver.Datensenke logMessageSevere
SEVERE: team 07-24: Time: at Beginning of new Spot1435311727006
Jun 26, 2015 11:42:07 AM de.ants.vsp.receiver.Datensenke logMessageSevere
SEVERE: team 07-24: Time: after all Spots1435311728000
Jun 26, 2015 11:42:07 AM de.ants.vsp.receiver.Datensenke logMessageSevere
SEVERE: team 07-24: Receiver: team 07-24 Frames Send: 190 Frames not Send: 1
Jun 26, 2015 11:42:07 AM de.ants.vsp.receiver.Datensenke logMessageSevere
SEVERE: team 07-24: Time: at Beginning of new Spot1435311728007
Jun 26, 2015 11:42:08 AM de.ants.vsp.receiver.Datensenke logMessageSevere
SEVERE: team 07-24: Time: after all Spots1435311729001
Jun 26, 2015 11:42:08 AM de.ants.vsp.receiver.Datensenke logMessageSevere
SEVERE: team 07-24: Receiver: team 07-24 Frames Send: 191 Frames not Send: 1
Jun 26, 2015 11:42:08 AM de.ants.vsp.receiver.Datensenke logMessageSevere
SEVERE: team 07-24: Time: at Beginning of new Spot1435311729004
Jun 26, 2015 11:42:09 AM de.ants.vsp.receiver.Datensenke logMessageSevere
SEVERE: team 07-24: Time: after all Spots1435311730002
Jun 26, 2015 11:42:09 AM de.ants.vsp.receiver.Datensenke logMessageSevere
SEVERE: team 07-24: Receiver: team 07-24 Frames Send: 192 Frames not Send: 1
Jun 26, 2015 11:42:09 AM de.ants.vsp.receiver.Datensenke logMessageSevere
SEVERE: team 07-24: Time: at Beginning of new Spot1435311730006
Jun 26, 2015 11:42:10 AM de.ants.vsp.receiver.Datensenke logMessageSevere
SEVERE: team 07-24: Time: after all Spots1435311731002
Jun 26, 2015 11:42:10 AM de.ants.vsp.receiver.Datensenke logMessageSevere
SEVERE: team 07-24: Receiver: team 07-24 Frames Send: 193 Frames not Send: 1
Jun 26, 2015 11:42:10 AM de.ants.vsp.receiver.Datensenke logMessageSevere
SEVERE: team 07-24: Time: at Beginning of new Spot1435311731008
Jun 26, 2015 11:42:11 AM de.ants.vsp.receiver.Datensenke logMessageSevere
SEVERE: team 07-24: Time: after all Spots1435311732000
Jun 26, 2015 11:42:11 AM de.ants.vsp.receiver.Datensenke logMessageSevere
SEVERE: team 07-24: Receiver: team 07-24 Frames Send: 194 Frames not Send: 1
Jun 26, 2015 11:42:11 AM de.ants.vsp.receiver.Datensenke logMessageSevere
SEVERE: team 07-24: Time: at Beginning of new Spot1435311732004
Jun 26, 2015 11:42:12 AM de.ants.vsp.receiver.Datensenke logMessageSevere
SEVERE: team 07-24: Time: after all Spots1435311733000
Jun 26, 2015 11:42:12 AM de.ants.vsp.receiver.Datensenke logMessageSevere
SEVERE: team 07-24: Receiver: team 07-24 Frames Send: 195 Frames not Send: 1
Jun 26, 2015 11:42:12 AM de.ants.vsp.receiver.Datensenke logMessageSevere
SEVERE: team 07-24: Time: at Beginning of new Spot1435311733007
Jun 26, 2015 11:42:13 AM de.ants.vsp.receiver.Datensenke logMessageSevere
SEVERE: team 07-24: Time: after all Spots1435311734000
Jun 26, 2015 11:42:13 AM de.ants.vsp.receiver.Datensenke logMessageSevere
SEVERE: team 07-24: Receiver: team 07-24 Frames Send: 196 Frames not Send: 1
Jun 26, 2015 11:42:13 AM de.ants.vsp.receiver.Datensenke logMessageSevere
SEVERE: team 07-24: Time: at Beginning of new Spot1435311734007
Jun 26, 2015 11:42:14 AM de.ants.vsp.receiver.Datensenke logMessageSevere
SEVERE: team 07-24: Time: after all Spots1435311735000
Jun 26, 2015 11:42:14 AM de.ants.vsp.receiver.Datensenke logMessageSevere
SEVERE: team 07-24: Receiver: team 07-24 Frames Send: 197 Frames not Send: 1
Jun 26, 2015 11:42:14 AM de.ants.vsp.receiver.Datensenke logMessageSevere
SEVERE: team 07-24: Time: at Beginning of new Spot1435311735004
Jun 26, 2015 11:42:15 AM de.ants.vsp.receiver.Datensenke logMessageSevere
SEVERE: team 07-24: Time: after all Spots1435311736001
Jun 26, 2015 11:42:15 AM de.ants.vsp.receiver.Datensenke logMessageSevere
SEVERE: team 07-24: Receiver: team 07-24 Frames Send: 198 Frames not Send: 1
Jun 26, 2015 11:42:15 AM de.ants.vsp.receiver.Datensenke logMessageSevere
SEVERE: team 07-24: Time: at Beginning of new Spot1435311736007
Jun 26, 2015 11:42:16 AM de.ants.vsp.receiver.Datensenke logMessageSevere
SEVERE: team 07-24: Time: after all Spots1435311737000
Jun 26, 2015 11:42:16 AM de.ants.vsp.receiver.Datensenke logMessageSevere
SEVERE: team 07-24: Receiver: team 07-24 Frames Send: 199 Frames not Send: 1
Jun 26, 2015 11:42:16 AM de.ants.vsp.receiver.Datensenke logMessageSevere
SEVERE: team 07-24: Time: at Beginning of new Spot1435311737005
Jun 26, 2015 11:42:17 AM de.ants.vsp.receiver.Datensenke logMessageSevere
SEVERE: team 07-24: Time: after all Spots1435311738001
Jun 26, 2015 11:42:17 AM de.ants.vsp.receiver.Datensenke logMessageSevere
SEVERE: team 07-24: Receiver: team 07-24 Frames Send: 200 Frames not Send: 1
Jun 26, 2015 11:42:17 AM de.ants.vsp.receiver.Datensenke logMessageSevere
SEVERE: team 07-24: Time: at Beginning of new Spot1435311738008
Jun 26, 2015 11:42:18 AM de.ants.vsp.receiver.Datensenke logMessageSevere
SEVERE: team 07-24: Time: after all Spots1435311739002
Jun 26, 2015 11:42:18 AM de.ants.vsp.receiver.Datensenke logMessageSevere
SEVERE: team 07-24: Receiver: team 07-24 Frames Send: 201 Frames not Send: 1
Jun 26, 2015 11:42:18 AM de.ants.vsp.receiver.Datensenke logMessageSevere
SEVERE: team 07-24: Time: at Beginning of new Spot1435311739007
Jun 26, 2015 11:42:19 AM de.ants.vsp.receiver.Datensenke logMessageSevere
SEVERE: team 07-24: Time: after all Spots1435311740001
Jun 26, 2015 11:42:19 AM de.ants.vsp.receiver.Datensenke logMessageSevere
SEVERE: team 07-24: Receiver: team 07-24 Frames Send: 202 Frames not Send: 1
Jun 26, 2015 11:42:19 AM de.ants.vsp.receiver.Datensenke logMessageSevere
SEVERE: team 07-24: Time: at Beginning of new Spot1435311740021
Jun 26, 2015 11:42:20 AM de.ants.vsp.receiver.Datensenke logMessageSevere
SEVERE: team 07-24: Time: after all Spots1435311741000
Jun 26, 2015 11:42:20 AM de.ants.vsp.receiver.Datensenke logMessageSevere
SEVERE: team 07-24: Receiver: team 07-24 Frames Send: 203 Frames not Send: 1
Jun 26, 2015 11:42:20 AM de.ants.vsp.receiver.Datensenke logMessageSevere
SEVERE: team 07-24: Time: at Beginning of new Spot1435311741005
Jun 26, 2015 11:42:21 AM de.ants.vsp.receiver.Datensenke logMessageSevere
SEVERE: team 07-24: Time: after all Spots1435311742000
Jun 26, 2015 11:42:21 AM de.ants.vsp.receiver.Datensenke logMessageSevere
SEVERE: team 07-24: Receiver: team 07-24 Frames Send: 204 Frames not Send: 1
Jun 26, 2015 11:42:21 AM de.ants.vsp.receiver.Datensenke logMessageSevere
SEVERE: team 07-24: Time: at Beginning of new Spot1435311742005
Jun 26, 2015 11:42:22 AM de.ants.vsp.receiver.Datensenke logMessageSevere
SEVERE: team 07-24: Time: after all Spots1435311743000
Jun 26, 2015 11:42:22 AM de.ants.vsp.receiver.Datensenke logMessageSevere
SEVERE: team 07-24: Receiver: team 07-24 Frames Send: 205 Frames not Send: 1
Jun 26, 2015 11:42:22 AM de.ants.vsp.receiver.Datensenke logMessageSevere
SEVERE: team 07-24: Time: at Beginning of new Spot1435311743005
Jun 26, 2015 11:42:23 AM de.ants.vsp.receiver.Datensenke logMessageSevere
SEVERE: team 07-24: Time: after all Spots1435311744001
Jun 26, 2015 11:42:23 AM de.ants.vsp.receiver.Datensenke logMessageSevere
SEVERE: team 07-24: Receiver: team 07-24 Frames Send: 206 Frames not Send: 1
Jun 26, 2015 11:42:23 AM de.ants.vsp.receiver.Datensenke logMessageSevere
SEVERE: team 07-24: Time: at Beginning of new Spot1435311744004
Jun 26, 2015 11:42:24 AM de.ants.vsp.receiver.Datensenke logMessageSevere
SEVERE: team 07-24: Time: after all Spots1435311745000
Jun 26, 2015 11:42:24 AM de.ants.vsp.receiver.Datensenke logMessageSevere
SEVERE: team 07-24: Receiver: team 07-24 Frames Send: 207 Frames not Send: 1
Jun 26, 2015 11:42:24 AM de.ants.vsp.receiver.Datensenke logMessageSevere
SEVERE: team 07-24: Time: at Beginning of new Spot1435311745004
Jun 26, 2015 11:42:25 AM de.ants.vsp.receiver.Datensenke logMessageSevere
SEVERE: team 07-24: Time: after all Spots1435311746000
Jun 26, 2015 11:42:25 AM de.ants.vsp.receiver.Datensenke logMessageSevere
SEVERE: team 07-24: Receiver: team 07-24 Frames Send: 208 Frames not Send: 1
Jun 26, 2015 11:42:25 AM de.ants.vsp.receiver.Datensenke logMessageSevere
SEVERE: team 07-24: Time: at Beginning of new Spot1435311746006
Jun 26, 2015 11:42:26 AM de.ants.vsp.receiver.Datensenke logMessageSevere
SEVERE: team 07-24: Time: after all Spots1435311747005
Jun 26, 2015 11:42:26 AM de.ants.vsp.receiver.Datensenke logMessageSevere
SEVERE: team 07-24: Receiver: team 07-24 Frames Send: 209 Frames not Send: 1
Jun 26, 2015 11:42:26 AM de.ants.vsp.receiver.Datensenke logMessageSevere
SEVERE: team 07-24: Time: at Beginning of new Spot1435311747018
Jun 26, 2015 11:42:27 AM de.ants.vsp.receiver.Datensenke logMessageSevere
SEVERE: team 07-24: Time: after all Spots1435311748017
Jun 26, 2015 11:42:28 AM de.ants.vsp.receiver.Datensenke logMessageSevere
SEVERE: team 07-24: Receiver: team 07-24 Frames Send: 210 Frames not Send: 1
Jun 26, 2015 11:42:28 AM de.ants.vsp.receiver.Datensenke logMessageSevere
SEVERE: team 07-24: Time: at Beginning of new Spot1435311748027
Jun 26, 2015 11:42:28 AM de.ants.vsp.receiver.Datensenke logMessageSevere
SEVERE: team 07-24: Time: after all Spots1435311749000
Jun 26, 2015 11:42:28 AM de.ants.vsp.receiver.Datensenke logMessageSevere
SEVERE: team 07-24: Receiver: team 07-24 Frames Send: 211 Frames not Send: 1
Jun 26, 2015 11:42:28 AM de.ants.vsp.receiver.Datensenke logMessageSevere
SEVERE: team 07-24: Time: at Beginning of new Spot1435311749006
Jun 26, 2015 11:42:29 AM de.ants.vsp.receiver.Datensenke logMessageSevere
SEVERE: team 07-24: Time: after all Spots1435311750001
Jun 26, 2015 11:42:29 AM de.ants.vsp.receiver.Datensenke logMessageSevere
SEVERE: team 07-24: Receiver: team 07-24 Frames Send: 212 Frames not Send: 1
Jun 26, 2015 11:42:29 AM de.ants.vsp.receiver.Datensenke logMessageSevere
SEVERE: team 07-24: Time: at Beginning of new Spot1435311750006
Jun 26, 2015 11:42:30 AM de.ants.vsp.receiver.Datensenke logMessageSevere
SEVERE: team 07-24: Time: after all Spots1435311751001
Jun 26, 2015 11:42:30 AM de.ants.vsp.receiver.Datensenke logMessageSevere
SEVERE: team 07-24: Receiver: team 07-24 Frames Send: 213 Frames not Send: 1
Jun 26, 2015 11:42:30 AM de.ants.vsp.receiver.Datensenke logMessageSevere
SEVERE: team 07-24: Time: at Beginning of new Spot1435311751005
Jun 26, 2015 11:42:31 AM de.ants.vsp.receiver.Datensenke logMessageSevere
SEVERE: team 07-24: Time: after all Spots1435311752012
Jun 26, 2015 11:42:32 AM de.ants.vsp.receiver.Datensenke logMessageSevere
SEVERE: team 07-24: Receiver: team 07-24 Frames Send: 214 Frames not Send: 1
Jun 26, 2015 11:42:32 AM de.ants.vsp.receiver.Datensenke logMessageSevere
SEVERE: team 07-24: Time: at Beginning of new Spot1435311752027
Jun 26, 2015 11:42:32 AM de.ants.vsp.receiver.Datensenke logMessageSevere
SEVERE: team 07-24: Time: after all Spots1435311753001
Jun 26, 2015 11:42:32 AM de.ants.vsp.receiver.Datensenke logMessageSevere
SEVERE: team 07-24: Receiver: team 07-24 Frames Send: 215 Frames not Send: 1
Jun 26, 2015 11:42:32 AM de.ants.vsp.receiver.Datensenke logMessageSevere
SEVERE: team 07-24: Time: at Beginning of new Spot1435311753008
Jun 26, 2015 11:42:33 AM de.ants.vsp.receiver.Datensenke logMessageSevere
SEVERE: team 07-24: Time: after all Spots1435311754001
Jun 26, 2015 11:42:33 AM de.ants.vsp.receiver.Datensenke logMessageSevere
SEVERE: team 07-24: Receiver: team 07-24 Frames Send: 216 Frames not Send: 1
Jun 26, 2015 11:42:33 AM de.ants.vsp.receiver.Datensenke logMessageSevere
SEVERE: team 07-24: Time: at Beginning of new Spot1435311754006
Jun 26, 2015 11:42:34 AM de.ants.vsp.receiver.Datensenke logMessageSevere
SEVERE: team 07-24: Time: after all Spots1435311755002
Jun 26, 2015 11:42:34 AM de.ants.vsp.receiver.Datensenke logMessageSevere
SEVERE: team 07-24: Receiver: team 07-24 Frames Send: 217 Frames not Send: 1
Jun 26, 2015 11:42:34 AM de.ants.vsp.receiver.Datensenke logMessageSevere
SEVERE: team 07-24: Time: at Beginning of new Spot1435311755006
Jun 26, 2015 11:42:35 AM de.ants.vsp.receiver.Datensenke logMessageSevere
SEVERE: team 07-24: Time: after all Spots1435311756000
Jun 26, 2015 11:42:35 AM de.ants.vsp.receiver.Datensenke logMessageSevere
SEVERE: team 07-24: Receiver: team 07-24 Frames Send: 218 Frames not Send: 1
Jun 26, 2015 11:42:35 AM de.ants.vsp.receiver.Datensenke logMessageSevere
SEVERE: team 07-24: Time: at Beginning of new Spot1435311756005
Jun 26, 2015 11:42:36 AM de.ants.vsp.receiver.Datensenke logMessageSevere
SEVERE: team 07-24: Time: after all Spots1435311757001
Jun 26, 2015 11:42:36 AM de.ants.vsp.receiver.Datensenke logMessageSevere
SEVERE: team 07-24: Receiver: team 07-24 Frames Send: 219 Frames not Send: 1
Jun 26, 2015 11:42:36 AM de.ants.vsp.receiver.Datensenke logMessageSevere
SEVERE: team 07-24: Time: at Beginning of new Spot1435311757013
