Jun 26, 2015 11:47:52 AM de.ants.vsp.receiver.Datensenke logMessageSevere
SEVERE: team 07-19: Time: at Beginning of new Spot1435312072007
Jun 26, 2015 11:47:52 AM de.ants.vsp.receiver.Datensenke logCollision
SEVERE: team 07-19: Kollision erkannt (unbeteiligt) im Spot: 2
Jun 26, 2015 11:47:52 AM de.ants.vsp.receiver.Datensenke logCollision
SEVERE: team 07-19: Kollision erkannt (unbeteiligt) im Spot: 24
Jun 26, 2015 11:47:53 AM de.ants.vsp.receiver.Datensenke logMessageSevere
SEVERE: team 07-19: Time: after all Spots1435312073000
Jun 26, 2015 11:47:53 AM de.ants.vsp.receiver.Datensenke logMessageSevere
SEVERE: team 07-19: has not send! 17 will be the next...
Jun 26, 2015 11:47:53 AM de.ants.vsp.receiver.Datensenke logMessageSevere
SEVERE: team 07-19: Receiver: team 07-19 Frames Send: 0 Frames not Send: 1
Jun 26, 2015 11:47:53 AM de.ants.vsp.receiver.Datensenke logMessageSevere
SEVERE: team 07-19: Time: at Beginning of new Spot1435312073010
Jun 26, 2015 11:47:53 AM de.ants.vsp.receiver.Datensenke logCollision
SEVERE: team 07-19: Kollision erkannt (unbeteiligt) im Spot: 1
Jun 26, 2015 11:47:53 AM de.ants.vsp.receiver.Datensenke logCollision
SEVERE: team 07-19: Kollision erkannt (selbst beteiligt) im Spot: 17
Jun 26, 2015 11:47:53 AM de.ants.vsp.receiver.Datensenke logCollision
SEVERE: team 07-19: Kollision erkannt (unbeteiligt) im Spot: 24
Jun 26, 2015 11:47:54 AM de.ants.vsp.receiver.Datensenke logMessageSevere
SEVERE: team 07-19: Time: after all Spots1435312074000
Jun 26, 2015 11:47:54 AM de.ants.vsp.receiver.Datensenke logMessageSevere
SEVERE: team 07-19: has not send! 18 will be the next...
Jun 26, 2015 11:47:54 AM de.ants.vsp.receiver.Datensenke logMessageSevere
SEVERE: team 07-19: Receiver: team 07-19 Frames Send: 0 Frames not Send: 2
Jun 26, 2015 11:47:54 AM de.ants.vsp.receiver.Datensenke logMessageSevere
SEVERE: team 07-19: Time: at Beginning of new Spot1435312074021
Jun 26, 2015 11:47:54 AM de.ants.vsp.receiver.Datensenke logCollision
SEVERE: team 07-19: Kollision erkannt (unbeteiligt) im Spot: 19
Jun 26, 2015 11:47:55 AM de.ants.vsp.receiver.Datensenke logMessageSevere
SEVERE: team 07-19: Time: after all Spots1435312075000
Jun 26, 2015 11:47:55 AM de.ants.vsp.receiver.Datensenke logMessageSevere
SEVERE: team 07-19: Receiver: team 07-19 Frames Send: 1 Frames not Send: 2
Jun 26, 2015 11:47:55 AM de.ants.vsp.receiver.Datensenke logMessageSevere
SEVERE: team 07-19: Time: at Beginning of new Spot1435312075016
Jun 26, 2015 11:47:56 AM de.ants.vsp.receiver.Datensenke logMessageSevere
SEVERE: team 07-19: Time: after all Spots1435312076009
Jun 26, 2015 11:47:56 AM de.ants.vsp.receiver.Datensenke logMessageSevere
SEVERE: team 07-19: Receiver: team 07-19 Frames Send: 2 Frames not Send: 2
Jun 26, 2015 11:47:56 AM de.ants.vsp.receiver.Datensenke logMessageSevere
SEVERE: team 07-19: Time: at Beginning of new Spot1435312076019
Jun 26, 2015 11:47:56 AM de.ants.vsp.receiver.Datensenke logCollision
SEVERE: team 07-19: Kollision erkannt (unbeteiligt) im Spot: 24
Jun 26, 2015 11:47:57 AM de.ants.vsp.receiver.Datensenke logMessageSevere
SEVERE: team 07-19: Time: after all Spots1435312077001
Jun 26, 2015 11:47:57 AM de.ants.vsp.receiver.Datensenke logMessageSevere
SEVERE: team 07-19: Receiver: team 07-19 Frames Send: 3 Frames not Send: 2
Jun 26, 2015 11:47:57 AM de.ants.vsp.receiver.Datensenke logMessageSevere
SEVERE: team 07-19: Time: at Beginning of new Spot1435312077027
Jun 26, 2015 11:47:57 AM de.ants.vsp.receiver.Datensenke logCollision
SEVERE: team 07-19: Kollision erkannt (unbeteiligt) im Spot: 22
Jun 26, 2015 11:47:58 AM de.ants.vsp.receiver.Datensenke logMessageSevere
SEVERE: team 07-19: Time: after all Spots1435312078020
Jun 26, 2015 11:47:58 AM de.ants.vsp.receiver.Datensenke logMessageSevere
SEVERE: team 07-19: Receiver: team 07-19 Frames Send: 4 Frames not Send: 2
Jun 26, 2015 11:47:58 AM de.ants.vsp.receiver.Datensenke logMessageSevere
SEVERE: team 07-19: Time: at Beginning of new Spot1435312078037
Jun 26, 2015 11:47:58 AM de.ants.vsp.receiver.Datensenke logCollision
SEVERE: team 07-19: Kollision erkannt (unbeteiligt) im Spot: 11
Jun 26, 2015 11:47:58 AM de.ants.vsp.receiver.Datensenke logCollision
SEVERE: team 07-19: Kollision erkannt (unbeteiligt) im Spot: 22
Jun 26, 2015 11:47:58 AM de.ants.vsp.receiver.Datensenke logMessageSevere
SEVERE: team 07-19: Time: after all Spots1435312079000
Jun 26, 2015 11:47:58 AM de.ants.vsp.receiver.Datensenke logMessageSevere
SEVERE: team 07-19: Receiver: team 07-19 Frames Send: 5 Frames not Send: 2
Jun 26, 2015 11:47:59 AM de.ants.vsp.receiver.Datensenke logMessageSevere
SEVERE: team 07-19: Time: at Beginning of new Spot1435312079022
Jun 26, 2015 11:47:59 AM de.ants.vsp.receiver.Datensenke logMessageSevere
SEVERE: team 07-19: Time: after all Spots1435312080000
Jun 26, 2015 11:47:59 AM de.ants.vsp.receiver.Datensenke logMessageSevere
SEVERE: team 07-19: Receiver: team 07-19 Frames Send: 6 Frames not Send: 2
Jun 26, 2015 11:47:59 AM de.ants.vsp.receiver.Datensenke logMessageSevere
SEVERE: team 07-19: Time: at Beginning of new Spot1435312080018
Jun 26, 2015 11:48:00 AM de.ants.vsp.receiver.Datensenke logMessageSevere
SEVERE: team 07-19: Time: after all Spots1435312081015
Jun 26, 2015 11:48:01 AM de.ants.vsp.receiver.Datensenke logMessageSevere
SEVERE: team 07-19: Receiver: team 07-19 Frames Send: 7 Frames not Send: 2
Jun 26, 2015 11:48:01 AM de.ants.vsp.receiver.Datensenke logMessageSevere
SEVERE: team 07-19: Time: at Beginning of new Spot1435312081031
Jun 26, 2015 11:48:01 AM de.ants.vsp.receiver.Datensenke logCollision
SEVERE: team 07-19: Kollision erkannt (unbeteiligt) im Spot: 16
Jun 26, 2015 11:48:01 AM de.ants.vsp.receiver.Datensenke logCollision
SEVERE: team 07-19: Kollision erkannt (unbeteiligt) im Spot: 21
Jun 26, 2015 11:48:01 AM de.ants.vsp.receiver.Datensenke logMessageSevere
SEVERE: team 07-19: Time: after all Spots1435312082015
Jun 26, 2015 11:48:01 AM de.ants.vsp.receiver.Datensenke logMessageSevere
SEVERE: team 07-19: Receiver: team 07-19 Frames Send: 8 Frames not Send: 2
Jun 26, 2015 11:48:01 AM de.ants.vsp.receiver.Datensenke logMessageSevere
SEVERE: team 07-19: Time: at Beginning of new Spot1435312082019
Jun 26, 2015 11:48:02 AM de.ants.vsp.receiver.Datensenke logCollision
SEVERE: team 07-19: Kollision erkannt (unbeteiligt) im Spot: 13
Jun 26, 2015 11:48:02 AM de.ants.vsp.receiver.Datensenke logMessageSevere
SEVERE: team 07-19: Time: after all Spots1435312083002
Jun 26, 2015 11:48:02 AM de.ants.vsp.receiver.Datensenke logMessageSevere
SEVERE: team 07-19: Receiver: team 07-19 Frames Send: 9 Frames not Send: 2
Jun 26, 2015 11:48:02 AM de.ants.vsp.receiver.Datensenke logMessageSevere
SEVERE: team 07-19: Time: at Beginning of new Spot1435312083017
Jun 26, 2015 11:48:03 AM de.ants.vsp.receiver.Datensenke logMessageSevere
SEVERE: team 07-19: Time: after all Spots1435312084001
Jun 26, 2015 11:48:03 AM de.ants.vsp.receiver.Datensenke logMessageSevere
SEVERE: team 07-19: Receiver: team 07-19 Frames Send: 10 Frames not Send: 2
Jun 26, 2015 11:48:03 AM de.ants.vsp.receiver.Datensenke logMessageSevere
SEVERE: team 07-19: Time: at Beginning of new Spot1435312084014
Jun 26, 2015 11:48:04 AM de.ants.vsp.receiver.Datensenke logMessageSevere
SEVERE: team 07-19: Time: after all Spots1435312085000
Jun 26, 2015 11:48:04 AM de.ants.vsp.receiver.Datensenke logMessageSevere
SEVERE: team 07-19: Receiver: team 07-19 Frames Send: 11 Frames not Send: 2
Jun 26, 2015 11:48:04 AM de.ants.vsp.receiver.Datensenke logMessageSevere
SEVERE: team 07-19: Time: at Beginning of new Spot1435312085023
Jun 26, 2015 11:48:05 AM de.ants.vsp.receiver.Datensenke logMessageSevere
SEVERE: team 07-19: Time: after all Spots1435312086000
Jun 26, 2015 11:48:05 AM de.ants.vsp.receiver.Datensenke logMessageSevere
SEVERE: team 07-19: Receiver: team 07-19 Frames Send: 12 Frames not Send: 2
Jun 26, 2015 11:48:05 AM de.ants.vsp.receiver.Datensenke logMessageSevere
SEVERE: team 07-19: Time: at Beginning of new Spot1435312086016
Jun 26, 2015 11:48:06 AM de.ants.vsp.receiver.Datensenke logMessageSevere
SEVERE: team 07-19: Time: after all Spots1435312087008
Jun 26, 2015 11:48:06 AM de.ants.vsp.receiver.Datensenke logMessageSevere
SEVERE: team 07-19: Receiver: team 07-19 Frames Send: 13 Frames not Send: 2
Jun 26, 2015 11:48:06 AM de.ants.vsp.receiver.Datensenke logMessageSevere
SEVERE: team 07-19: Time: at Beginning of new Spot1435312087022
Jun 26, 2015 11:48:07 AM de.ants.vsp.receiver.Datensenke logMessageSevere
SEVERE: team 07-19: Time: after all Spots1435312088011
Jun 26, 2015 11:48:07 AM de.ants.vsp.receiver.Datensenke logMessageSevere
SEVERE: team 07-19: Receiver: team 07-19 Frames Send: 14 Frames not Send: 2
Jun 26, 2015 11:48:07 AM de.ants.vsp.receiver.Datensenke logMessageSevere
SEVERE: team 07-19: Time: at Beginning of new Spot1435312088016
Jun 26, 2015 11:48:08 AM de.ants.vsp.receiver.Datensenke logMessageSevere
SEVERE: team 07-19: Time: after all Spots1435312089016
Jun 26, 2015 11:48:08 AM de.ants.vsp.receiver.Datensenke logMessageSevere
SEVERE: team 07-19: Receiver: team 07-19 Frames Send: 15 Frames not Send: 2
Jun 26, 2015 11:48:08 AM de.ants.vsp.receiver.Datensenke logMessageSevere
SEVERE: team 07-19: Time: at Beginning of new Spot1435312089022
Jun 26, 2015 11:48:09 AM de.ants.vsp.receiver.Datensenke logMessageSevere
SEVERE: team 07-19: Time: after all Spots1435312090007
Jun 26, 2015 11:48:09 AM de.ants.vsp.receiver.Datensenke logMessageSevere
SEVERE: team 07-19: Receiver: team 07-19 Frames Send: 16 Frames not Send: 2
Jun 26, 2015 11:48:09 AM de.ants.vsp.receiver.Datensenke logMessageSevere
SEVERE: team 07-19: Time: at Beginning of new Spot1435312090020
Jun 26, 2015 11:48:10 AM de.ants.vsp.receiver.Datensenke logMessageSevere
SEVERE: team 07-19: Time: after all Spots1435312091002
Jun 26, 2015 11:48:10 AM de.ants.vsp.receiver.Datensenke logMessageSevere
SEVERE: team 07-19: Receiver: team 07-19 Frames Send: 17 Frames not Send: 2
Jun 26, 2015 11:48:10 AM de.ants.vsp.receiver.Datensenke logMessageSevere
SEVERE: team 07-19: Time: at Beginning of new Spot1435312091016
Jun 26, 2015 11:48:11 AM de.ants.vsp.receiver.Datensenke logMessageSevere
SEVERE: team 07-19: Time: after all Spots1435312092000
Jun 26, 2015 11:48:11 AM de.ants.vsp.receiver.Datensenke logMessageSevere
SEVERE: team 07-19: Receiver: team 07-19 Frames Send: 18 Frames not Send: 2
Jun 26, 2015 11:48:11 AM de.ants.vsp.receiver.Datensenke logMessageSevere
SEVERE: team 07-19: Time: at Beginning of new Spot1435312092012
Jun 26, 2015 11:48:12 AM de.ants.vsp.receiver.Datensenke logMessageSevere
SEVERE: team 07-19: Time: after all Spots1435312093004
Jun 26, 2015 11:48:12 AM de.ants.vsp.receiver.Datensenke logMessageSevere
SEVERE: team 07-19: Receiver: team 07-19 Frames Send: 19 Frames not Send: 2
Jun 26, 2015 11:48:12 AM de.ants.vsp.receiver.Datensenke logMessageSevere
SEVERE: team 07-19: Time: at Beginning of new Spot1435312093010
Jun 26, 2015 11:48:13 AM de.ants.vsp.receiver.Datensenke logMessageSevere
SEVERE: team 07-19: Time: after all Spots1435312094003
Jun 26, 2015 11:48:13 AM de.ants.vsp.receiver.Datensenke logMessageSevere
SEVERE: team 07-19: Receiver: team 07-19 Frames Send: 20 Frames not Send: 2
Jun 26, 2015 11:48:13 AM de.ants.vsp.receiver.Datensenke logMessageSevere
SEVERE: team 07-19: Time: at Beginning of new Spot1435312094035
Jun 26, 2015 11:48:14 AM de.ants.vsp.receiver.Datensenke logMessageSevere
SEVERE: team 07-19: Time: after all Spots1435312095000
Jun 26, 2015 11:48:14 AM de.ants.vsp.receiver.Datensenke logMessageSevere
SEVERE: team 07-19: Receiver: team 07-19 Frames Send: 21 Frames not Send: 2
Jun 26, 2015 11:48:14 AM de.ants.vsp.receiver.Datensenke logMessageSevere
SEVERE: team 07-19: Time: at Beginning of new Spot1435312095015
Jun 26, 2015 11:48:15 AM de.ants.vsp.receiver.Datensenke logMessageSevere
SEVERE: team 07-19: Time: after all Spots1435312096001
Jun 26, 2015 11:48:15 AM de.ants.vsp.receiver.Datensenke logMessageSevere
SEVERE: team 07-19: Receiver: team 07-19 Frames Send: 22 Frames not Send: 2
Jun 26, 2015 11:48:15 AM de.ants.vsp.receiver.Datensenke logMessageSevere
SEVERE: team 07-19: Time: at Beginning of new Spot1435312096008
Jun 26, 2015 11:48:16 AM de.ants.vsp.receiver.Datensenke logMessageSevere
SEVERE: team 07-19: Time: after all Spots1435312097001
Jun 26, 2015 11:48:16 AM de.ants.vsp.receiver.Datensenke logMessageSevere
SEVERE: team 07-19: Receiver: team 07-19 Frames Send: 23 Frames not Send: 2
Jun 26, 2015 11:48:16 AM de.ants.vsp.receiver.Datensenke logMessageSevere
SEVERE: team 07-19: Time: at Beginning of new Spot1435312097010
Jun 26, 2015 11:48:17 AM de.ants.vsp.receiver.Datensenke logMessageSevere
SEVERE: team 07-19: Time: after all Spots1435312098001
Jun 26, 2015 11:48:17 AM de.ants.vsp.receiver.Datensenke logMessageSevere
SEVERE: team 07-19: Receiver: team 07-19 Frames Send: 24 Frames not Send: 2
Jun 26, 2015 11:48:17 AM de.ants.vsp.receiver.Datensenke logMessageSevere
SEVERE: team 07-19: Time: at Beginning of new Spot1435312098009
Jun 26, 2015 11:48:18 AM de.ants.vsp.receiver.Datensenke logMessageSevere
SEVERE: team 07-19: Time: after all Spots1435312099000
Jun 26, 2015 11:48:18 AM de.ants.vsp.receiver.Datensenke logMessageSevere
SEVERE: team 07-19: Receiver: team 07-19 Frames Send: 25 Frames not Send: 2
Jun 26, 2015 11:48:18 AM de.ants.vsp.receiver.Datensenke logMessageSevere
SEVERE: team 07-19: Time: at Beginning of new Spot1435312099007
Jun 26, 2015 11:48:19 AM de.ants.vsp.receiver.Datensenke logMessageSevere
SEVERE: team 07-19: Time: after all Spots1435312100000
Jun 26, 2015 11:48:19 AM de.ants.vsp.receiver.Datensenke logMessageSevere
SEVERE: team 07-19: Receiver: team 07-19 Frames Send: 26 Frames not Send: 2
Jun 26, 2015 11:48:19 AM de.ants.vsp.receiver.Datensenke logMessageSevere
SEVERE: team 07-19: Time: at Beginning of new Spot1435312100006
Jun 26, 2015 11:48:20 AM de.ants.vsp.receiver.Datensenke logMessageSevere
SEVERE: team 07-19: Time: after all Spots1435312101000
Jun 26, 2015 11:48:20 AM de.ants.vsp.receiver.Datensenke logMessageSevere
SEVERE: team 07-19: Receiver: team 07-19 Frames Send: 27 Frames not Send: 2
Jun 26, 2015 11:48:20 AM de.ants.vsp.receiver.Datensenke logMessageSevere
SEVERE: team 07-19: Time: at Beginning of new Spot1435312101005
Jun 26, 2015 11:48:21 AM de.ants.vsp.receiver.Datensenke logMessageSevere
SEVERE: team 07-19: Time: after all Spots1435312102001
Jun 26, 2015 11:48:21 AM de.ants.vsp.receiver.Datensenke logMessageSevere
SEVERE: team 07-19: Receiver: team 07-19 Frames Send: 28 Frames not Send: 2
Jun 26, 2015 11:48:21 AM de.ants.vsp.receiver.Datensenke logMessageSevere
SEVERE: team 07-19: Time: at Beginning of new Spot1435312102012
Jun 26, 2015 11:48:22 AM de.ants.vsp.receiver.Datensenke logMessageSevere
SEVERE: team 07-19: Time: after all Spots1435312103004
Jun 26, 2015 11:48:22 AM de.ants.vsp.receiver.Datensenke logMessageSevere
SEVERE: team 07-19: Receiver: team 07-19 Frames Send: 29 Frames not Send: 2
Jun 26, 2015 11:48:22 AM de.ants.vsp.receiver.Datensenke logMessageSevere
SEVERE: team 07-19: Time: at Beginning of new Spot1435312103012
Jun 26, 2015 11:48:23 AM de.ants.vsp.receiver.Datensenke logMessageSevere
SEVERE: team 07-19: Time: after all Spots1435312104000
Jun 26, 2015 11:48:23 AM de.ants.vsp.receiver.Datensenke logMessageSevere
SEVERE: team 07-19: Receiver: team 07-19 Frames Send: 30 Frames not Send: 2
Jun 26, 2015 11:48:23 AM de.ants.vsp.receiver.Datensenke logMessageSevere
SEVERE: team 07-19: Time: at Beginning of new Spot1435312104010
Jun 26, 2015 11:48:24 AM de.ants.vsp.receiver.Datensenke logMessageSevere
SEVERE: team 07-19: Time: after all Spots1435312105001
Jun 26, 2015 11:48:24 AM de.ants.vsp.receiver.Datensenke logMessageSevere
SEVERE: team 07-19: Receiver: team 07-19 Frames Send: 31 Frames not Send: 2
Jun 26, 2015 11:48:24 AM de.ants.vsp.receiver.Datensenke logMessageSevere
SEVERE: team 07-19: Time: at Beginning of new Spot1435312105010
Jun 26, 2015 11:48:25 AM de.ants.vsp.receiver.Datensenke logMessageSevere
SEVERE: team 07-19: Time: after all Spots1435312106000
Jun 26, 2015 11:48:25 AM de.ants.vsp.receiver.Datensenke logMessageSevere
SEVERE: team 07-19: Receiver: team 07-19 Frames Send: 32 Frames not Send: 2
Jun 26, 2015 11:48:25 AM de.ants.vsp.receiver.Datensenke logMessageSevere
SEVERE: team 07-19: Time: at Beginning of new Spot1435312106006
Jun 26, 2015 11:48:26 AM de.ants.vsp.receiver.Datensenke logMessageSevere
SEVERE: team 07-19: Time: after all Spots1435312107003
Jun 26, 2015 11:48:26 AM de.ants.vsp.receiver.Datensenke logMessageSevere
SEVERE: team 07-19: Receiver: team 07-19 Frames Send: 33 Frames not Send: 2
Jun 26, 2015 11:48:26 AM de.ants.vsp.receiver.Datensenke logMessageSevere
SEVERE: team 07-19: Time: at Beginning of new Spot1435312107031
Jun 26, 2015 11:48:27 AM de.ants.vsp.receiver.Datensenke logMessageSevere
SEVERE: team 07-19: Time: after all Spots1435312108003
Jun 26, 2015 11:48:27 AM de.ants.vsp.receiver.Datensenke logMessageSevere
SEVERE: team 07-19: Receiver: team 07-19 Frames Send: 34 Frames not Send: 2
Jun 26, 2015 11:48:27 AM de.ants.vsp.receiver.Datensenke logMessageSevere
SEVERE: team 07-19: Time: at Beginning of new Spot1435312108017
Jun 26, 2015 11:48:28 AM de.ants.vsp.receiver.Datensenke logMessageSevere
SEVERE: team 07-19: Time: after all Spots1435312109000
Jun 26, 2015 11:48:28 AM de.ants.vsp.receiver.Datensenke logMessageSevere
SEVERE: team 07-19: Receiver: team 07-19 Frames Send: 35 Frames not Send: 2
Jun 26, 2015 11:48:28 AM de.ants.vsp.receiver.Datensenke logMessageSevere
SEVERE: team 07-19: Time: at Beginning of new Spot1435312109028
Jun 26, 2015 11:48:29 AM de.ants.vsp.receiver.Datensenke logMessageSevere
SEVERE: team 07-19: Time: after all Spots1435312110001
Jun 26, 2015 11:48:29 AM de.ants.vsp.receiver.Datensenke logMessageSevere
SEVERE: team 07-19: Receiver: team 07-19 Frames Send: 36 Frames not Send: 2
Jun 26, 2015 11:48:29 AM de.ants.vsp.receiver.Datensenke logMessageSevere
SEVERE: team 07-19: Time: at Beginning of new Spot1435312110012
Jun 26, 2015 11:48:30 AM de.ants.vsp.receiver.Datensenke logMessageSevere
SEVERE: team 07-19: Time: after all Spots1435312111000
Jun 26, 2015 11:48:30 AM de.ants.vsp.receiver.Datensenke logMessageSevere
SEVERE: team 07-19: Receiver: team 07-19 Frames Send: 37 Frames not Send: 2
Jun 26, 2015 11:48:30 AM de.ants.vsp.receiver.Datensenke logMessageSevere
SEVERE: team 07-19: Time: at Beginning of new Spot1435312111006
Jun 26, 2015 11:48:31 AM de.ants.vsp.receiver.Datensenke logMessageSevere
SEVERE: team 07-19: Time: after all Spots1435312112006
Jun 26, 2015 11:48:31 AM de.ants.vsp.receiver.Datensenke logMessageSevere
SEVERE: team 07-19: Receiver: team 07-19 Frames Send: 38 Frames not Send: 2
Jun 26, 2015 11:48:31 AM de.ants.vsp.receiver.Datensenke logMessageSevere
SEVERE: team 07-19: Time: at Beginning of new Spot1435312112033
Jun 26, 2015 11:48:32 AM de.ants.vsp.receiver.Datensenke logMessageSevere
SEVERE: team 07-19: Time: after all Spots1435312113011
Jun 26, 2015 11:48:32 AM de.ants.vsp.receiver.Datensenke logMessageSevere
SEVERE: team 07-19: Receiver: team 07-19 Frames Send: 39 Frames not Send: 2
Jun 26, 2015 11:48:32 AM de.ants.vsp.receiver.Datensenke logMessageSevere
SEVERE: team 07-19: Time: at Beginning of new Spot1435312113016
Jun 26, 2015 11:48:33 AM de.ants.vsp.receiver.Datensenke logMessageSevere
SEVERE: team 07-19: Time: after all Spots1435312114002
Jun 26, 2015 11:48:33 AM de.ants.vsp.receiver.Datensenke logMessageSevere
SEVERE: team 07-19: Receiver: team 07-19 Frames Send: 40 Frames not Send: 2
Jun 26, 2015 11:48:33 AM de.ants.vsp.receiver.Datensenke logMessageSevere
SEVERE: team 07-19: Time: at Beginning of new Spot1435312114010
Jun 26, 2015 11:48:34 AM de.ants.vsp.receiver.Datensenke logMessageSevere
SEVERE: team 07-19: Time: after all Spots1435312115004
Jun 26, 2015 11:48:34 AM de.ants.vsp.receiver.Datensenke logMessageSevere
SEVERE: team 07-19: Receiver: team 07-19 Frames Send: 41 Frames not Send: 2
Jun 26, 2015 11:48:34 AM de.ants.vsp.receiver.Datensenke logMessageSevere
SEVERE: team 07-19: Time: at Beginning of new Spot1435312115016
Jun 26, 2015 11:48:35 AM de.ants.vsp.receiver.Datensenke logMessageSevere
SEVERE: team 07-19: Time: after all Spots1435312116004
Jun 26, 2015 11:48:35 AM de.ants.vsp.receiver.Datensenke logMessageSevere
SEVERE: team 07-19: Receiver: team 07-19 Frames Send: 42 Frames not Send: 2
Jun 26, 2015 11:48:35 AM de.ants.vsp.receiver.Datensenke logMessageSevere
SEVERE: team 07-19: Time: at Beginning of new Spot1435312116013
Jun 26, 2015 11:48:36 AM de.ants.vsp.receiver.Datensenke logMessageSevere
SEVERE: team 07-19: Time: after all Spots1435312117004
Jun 26, 2015 11:48:36 AM de.ants.vsp.receiver.Datensenke logMessageSevere
SEVERE: team 07-19: Receiver: team 07-19 Frames Send: 43 Frames not Send: 2
Jun 26, 2015 11:48:36 AM de.ants.vsp.receiver.Datensenke logMessageSevere
SEVERE: team 07-19: Time: at Beginning of new Spot1435312117011
Jun 26, 2015 11:48:37 AM de.ants.vsp.receiver.Datensenke logMessageSevere
SEVERE: team 07-19: Time: after all Spots1435312118008
Jun 26, 2015 11:48:37 AM de.ants.vsp.receiver.Datensenke logMessageSevere
SEVERE: team 07-19: Receiver: team 07-19 Frames Send: 44 Frames not Send: 2
Jun 26, 2015 11:48:37 AM de.ants.vsp.receiver.Datensenke logMessageSevere
SEVERE: team 07-19: Time: at Beginning of new Spot1435312118015
Jun 26, 2015 11:48:38 AM de.ants.vsp.receiver.Datensenke logMessageSevere
SEVERE: team 07-19: Time: after all Spots1435312119000
Jun 26, 2015 11:48:38 AM de.ants.vsp.receiver.Datensenke logMessageSevere
SEVERE: team 07-19: Receiver: team 07-19 Frames Send: 45 Frames not Send: 2
Jun 26, 2015 11:48:38 AM de.ants.vsp.receiver.Datensenke logMessageSevere
SEVERE: team 07-19: Time: at Beginning of new Spot1435312119005
Jun 26, 2015 11:48:39 AM de.ants.vsp.receiver.Datensenke logMessageSevere
SEVERE: team 07-19: Time: after all Spots1435312120000
Jun 26, 2015 11:48:39 AM de.ants.vsp.receiver.Datensenke logMessageSevere
SEVERE: team 07-19: Receiver: team 07-19 Frames Send: 46 Frames not Send: 2
Jun 26, 2015 11:48:39 AM de.ants.vsp.receiver.Datensenke logMessageSevere
SEVERE: team 07-19: Time: at Beginning of new Spot1435312120005
Jun 26, 2015 11:48:40 AM de.ants.vsp.receiver.Datensenke logMessageSevere
SEVERE: team 07-19: Time: after all Spots1435312121000
Jun 26, 2015 11:48:40 AM de.ants.vsp.receiver.Datensenke logMessageSevere
SEVERE: team 07-19: Receiver: team 07-19 Frames Send: 47 Frames not Send: 2
Jun 26, 2015 11:48:40 AM de.ants.vsp.receiver.Datensenke logMessageSevere
SEVERE: team 07-19: Time: at Beginning of new Spot1435312121005
Jun 26, 2015 11:48:41 AM de.ants.vsp.receiver.Datensenke logMessageSevere
SEVERE: team 07-19: Time: after all Spots1435312122000
Jun 26, 2015 11:48:41 AM de.ants.vsp.receiver.Datensenke logMessageSevere
SEVERE: team 07-19: Receiver: team 07-19 Frames Send: 48 Frames not Send: 2
Jun 26, 2015 11:48:41 AM de.ants.vsp.receiver.Datensenke logMessageSevere
SEVERE: team 07-19: Time: at Beginning of new Spot1435312122004
Jun 26, 2015 11:48:42 AM de.ants.vsp.receiver.Datensenke logMessageSevere
SEVERE: team 07-19: Time: after all Spots1435312123000
Jun 26, 2015 11:48:42 AM de.ants.vsp.receiver.Datensenke logMessageSevere
SEVERE: team 07-19: Receiver: team 07-19 Frames Send: 49 Frames not Send: 2
Jun 26, 2015 11:48:42 AM de.ants.vsp.receiver.Datensenke logMessageSevere
SEVERE: team 07-19: Time: at Beginning of new Spot1435312123005
Jun 26, 2015 11:48:43 AM de.ants.vsp.receiver.Datensenke logMessageSevere
SEVERE: team 07-19: Time: after all Spots1435312124001
Jun 26, 2015 11:48:43 AM de.ants.vsp.receiver.Datensenke logMessageSevere
SEVERE: team 07-19: Receiver: team 07-19 Frames Send: 50 Frames not Send: 2
Jun 26, 2015 11:48:43 AM de.ants.vsp.receiver.Datensenke logMessageSevere
SEVERE: team 07-19: Time: at Beginning of new Spot1435312124007
Jun 26, 2015 11:48:44 AM de.ants.vsp.receiver.Datensenke logMessageSevere
SEVERE: team 07-19: Time: after all Spots1435312125000
Jun 26, 2015 11:48:44 AM de.ants.vsp.receiver.Datensenke logMessageSevere
SEVERE: team 07-19: Receiver: team 07-19 Frames Send: 51 Frames not Send: 2
Jun 26, 2015 11:48:44 AM de.ants.vsp.receiver.Datensenke logMessageSevere
SEVERE: team 07-19: Time: at Beginning of new Spot1435312125003
Jun 26, 2015 11:48:45 AM de.ants.vsp.receiver.Datensenke logMessageSevere
SEVERE: team 07-19: Time: after all Spots1435312126000
Jun 26, 2015 11:48:45 AM de.ants.vsp.receiver.Datensenke logMessageSevere
SEVERE: team 07-19: Receiver: team 07-19 Frames Send: 52 Frames not Send: 2
Jun 26, 2015 11:48:45 AM de.ants.vsp.receiver.Datensenke logMessageSevere
SEVERE: team 07-19: Time: at Beginning of new Spot1435312126005
Jun 26, 2015 11:48:46 AM de.ants.vsp.receiver.Datensenke logMessageSevere
SEVERE: team 07-19: Time: after all Spots1435312127001
Jun 26, 2015 11:48:46 AM de.ants.vsp.receiver.Datensenke logMessageSevere
SEVERE: team 07-19: Receiver: team 07-19 Frames Send: 53 Frames not Send: 2
Jun 26, 2015 11:48:46 AM de.ants.vsp.receiver.Datensenke logMessageSevere
SEVERE: team 07-19: Time: at Beginning of new Spot1435312127015
Jun 26, 2015 11:48:47 AM de.ants.vsp.receiver.Datensenke logMessageSevere
SEVERE: team 07-19: Time: after all Spots1435312128001
Jun 26, 2015 11:48:47 AM de.ants.vsp.receiver.Datensenke logMessageSevere
SEVERE: team 07-19: Receiver: team 07-19 Frames Send: 54 Frames not Send: 2
Jun 26, 2015 11:48:47 AM de.ants.vsp.receiver.Datensenke logMessageSevere
SEVERE: team 07-19: Time: at Beginning of new Spot1435312128006
Jun 26, 2015 11:48:48 AM de.ants.vsp.receiver.Datensenke logMessageSevere
SEVERE: team 07-19: Time: after all Spots1435312129000
Jun 26, 2015 11:48:48 AM de.ants.vsp.receiver.Datensenke logMessageSevere
SEVERE: team 07-19: Receiver: team 07-19 Frames Send: 55 Frames not Send: 2
Jun 26, 2015 11:48:48 AM de.ants.vsp.receiver.Datensenke logMessageSevere
SEVERE: team 07-19: Time: at Beginning of new Spot1435312129009
Jun 26, 2015 11:48:49 AM de.ants.vsp.receiver.Datensenke logMessageSevere
SEVERE: team 07-19: Time: after all Spots1435312130007
Jun 26, 2015 11:48:49 AM de.ants.vsp.receiver.Datensenke logMessageSevere
SEVERE: team 07-19: Receiver: team 07-19 Frames Send: 56 Frames not Send: 2
Jun 26, 2015 11:48:49 AM de.ants.vsp.receiver.Datensenke logMessageSevere
SEVERE: team 07-19: Time: at Beginning of new Spot1435312130015
Jun 26, 2015 11:48:50 AM de.ants.vsp.receiver.Datensenke logMessageSevere
SEVERE: team 07-19: Time: after all Spots1435312131000
Jun 26, 2015 11:48:50 AM de.ants.vsp.receiver.Datensenke logMessageSevere
SEVERE: team 07-19: Receiver: team 07-19 Frames Send: 57 Frames not Send: 2
Jun 26, 2015 11:48:50 AM de.ants.vsp.receiver.Datensenke logMessageSevere
SEVERE: team 07-19: Time: at Beginning of new Spot1435312131012
Jun 26, 2015 11:48:51 AM de.ants.vsp.receiver.Datensenke logMessageSevere
SEVERE: team 07-19: Time: after all Spots1435312132003
Jun 26, 2015 11:48:51 AM de.ants.vsp.receiver.Datensenke logMessageSevere
SEVERE: team 07-19: Receiver: team 07-19 Frames Send: 58 Frames not Send: 2
Jun 26, 2015 11:48:51 AM de.ants.vsp.receiver.Datensenke logMessageSevere
SEVERE: team 07-19: Time: at Beginning of new Spot1435312132024
Jun 26, 2015 11:48:52 AM de.ants.vsp.receiver.Datensenke logMessageSevere
SEVERE: team 07-19: Time: after all Spots1435312133000
Jun 26, 2015 11:48:52 AM de.ants.vsp.receiver.Datensenke logMessageSevere
SEVERE: team 07-19: Receiver: team 07-19 Frames Send: 59 Frames not Send: 2
Jun 26, 2015 11:48:52 AM de.ants.vsp.receiver.Datensenke logMessageSevere
SEVERE: team 07-19: Time: at Beginning of new Spot1435312133024
Jun 26, 2015 11:48:53 AM de.ants.vsp.receiver.Datensenke logMessageSevere
SEVERE: team 07-19: Time: after all Spots1435312134003
Jun 26, 2015 11:48:53 AM de.ants.vsp.receiver.Datensenke logMessageSevere
SEVERE: team 07-19: Receiver: team 07-19 Frames Send: 60 Frames not Send: 2
Jun 26, 2015 11:48:53 AM de.ants.vsp.receiver.Datensenke logMessageSevere
SEVERE: team 07-19: Time: at Beginning of new Spot1435312134007
Jun 26, 2015 11:48:54 AM de.ants.vsp.receiver.Datensenke logMessageSevere
SEVERE: team 07-19: Time: after all Spots1435312135000
Jun 26, 2015 11:48:54 AM de.ants.vsp.receiver.Datensenke logMessageSevere
SEVERE: team 07-19: Receiver: team 07-19 Frames Send: 61 Frames not Send: 2
Jun 26, 2015 11:48:54 AM de.ants.vsp.receiver.Datensenke logMessageSevere
SEVERE: team 07-19: Time: at Beginning of new Spot1435312135010
Jun 26, 2015 11:48:55 AM de.ants.vsp.receiver.Datensenke logMessageSevere
SEVERE: team 07-19: Time: after all Spots1435312136001
Jun 26, 2015 11:48:55 AM de.ants.vsp.receiver.Datensenke logMessageSevere
SEVERE: team 07-19: Receiver: team 07-19 Frames Send: 62 Frames not Send: 2
Jun 26, 2015 11:48:55 AM de.ants.vsp.receiver.Datensenke logMessageSevere
SEVERE: team 07-19: Time: at Beginning of new Spot1435312136007
Jun 26, 2015 11:48:56 AM de.ants.vsp.receiver.Datensenke logMessageSevere
SEVERE: team 07-19: Time: after all Spots1435312137000
Jun 26, 2015 11:48:56 AM de.ants.vsp.receiver.Datensenke logMessageSevere
SEVERE: team 07-19: Receiver: team 07-19 Frames Send: 63 Frames not Send: 2
Jun 26, 2015 11:48:56 AM de.ants.vsp.receiver.Datensenke logMessageSevere
SEVERE: team 07-19: Time: at Beginning of new Spot1435312137028
Jun 26, 2015 11:48:57 AM de.ants.vsp.receiver.Datensenke logMessageSevere
SEVERE: team 07-19: Time: after all Spots1435312138001
Jun 26, 2015 11:48:57 AM de.ants.vsp.receiver.Datensenke logMessageSevere
SEVERE: team 07-19: Receiver: team 07-19 Frames Send: 64 Frames not Send: 2
Jun 26, 2015 11:48:57 AM de.ants.vsp.receiver.Datensenke logMessageSevere
SEVERE: team 07-19: Time: at Beginning of new Spot1435312138025
Jun 26, 2015 11:48:58 AM de.ants.vsp.receiver.Datensenke logMessageSevere
SEVERE: team 07-19: Time: after all Spots1435312139001
Jun 26, 2015 11:48:58 AM de.ants.vsp.receiver.Datensenke logMessageSevere
SEVERE: team 07-19: Receiver: team 07-19 Frames Send: 65 Frames not Send: 2
Jun 26, 2015 11:48:58 AM de.ants.vsp.receiver.Datensenke logMessageSevere
SEVERE: team 07-19: Time: at Beginning of new Spot1435312139010
Jun 26, 2015 11:48:59 AM de.ants.vsp.receiver.Datensenke logMessageSevere
SEVERE: team 07-19: Time: after all Spots1435312140002
Jun 26, 2015 11:48:59 AM de.ants.vsp.receiver.Datensenke logMessageSevere
SEVERE: team 07-19: Receiver: team 07-19 Frames Send: 66 Frames not Send: 2
Jun 26, 2015 11:48:59 AM de.ants.vsp.receiver.Datensenke logMessageSevere
SEVERE: team 07-19: Time: at Beginning of new Spot1435312140012
Jun 26, 2015 11:49:00 AM de.ants.vsp.receiver.Datensenke logMessageSevere
SEVERE: team 07-19: Time: after all Spots1435312141000
Jun 26, 2015 11:49:00 AM de.ants.vsp.receiver.Datensenke logMessageSevere
SEVERE: team 07-19: Receiver: team 07-19 Frames Send: 67 Frames not Send: 2
Jun 26, 2015 11:49:00 AM de.ants.vsp.receiver.Datensenke logMessageSevere
SEVERE: team 07-19: Time: at Beginning of new Spot1435312141007
