Jun 26, 2015 11:47:52 AM de.ants.vsp.receiver.Datensenke logMessageSevere
SEVERE: team 07-13: Time: at Beginning of new Spot1435312072004
Jun 26, 2015 11:47:52 AM de.ants.vsp.receiver.Datensenke logCollision
SEVERE: team 07-13: Kollision erkannt (unbeteiligt) im Spot: 2
Jun 26, 2015 11:47:52 AM de.ants.vsp.receiver.Datensenke logCollision
SEVERE: team 07-13: Kollision erkannt (unbeteiligt) im Spot: 24
Jun 26, 2015 11:47:53 AM de.ants.vsp.receiver.Datensenke logMessageSevere
SEVERE: team 07-13: Time: after all Spots1435312073014
Jun 26, 2015 11:47:53 AM de.ants.vsp.receiver.Datensenke logMessageSevere
SEVERE: team 07-13: has not send! 24 will be the next...
Jun 26, 2015 11:47:53 AM de.ants.vsp.receiver.Datensenke logMessageSevere
SEVERE: team 07-13: Receiver: team 07-13 Frames Send: 0 Frames not Send: 1
Jun 26, 2015 11:47:53 AM de.ants.vsp.receiver.Datensenke logMessageSevere
SEVERE: team 07-13: Time: at Beginning of new Spot1435312073035
Jun 26, 2015 11:47:53 AM de.ants.vsp.receiver.Datensenke logCollision
SEVERE: team 07-13: Kollision erkannt (unbeteiligt) im Spot: 1
Jun 26, 2015 11:47:53 AM de.ants.vsp.receiver.Datensenke logCollision
SEVERE: team 07-13: Kollision erkannt (unbeteiligt) im Spot: 17
Jun 26, 2015 11:47:53 AM de.ants.vsp.receiver.Datensenke logCollision
SEVERE: team 07-13: Kollision erkannt (selbst beteiligt) im Spot: 24
Jun 26, 2015 11:47:54 AM de.ants.vsp.receiver.Datensenke logMessageSevere
SEVERE: team 07-13: Time: after all Spots1435312074002
Jun 26, 2015 11:47:54 AM de.ants.vsp.receiver.Datensenke logMessageSevere
SEVERE: team 07-13: has not send! 22 will be the next...
Jun 26, 2015 11:47:54 AM de.ants.vsp.receiver.Datensenke logMessageSevere
SEVERE: team 07-13: Receiver: team 07-13 Frames Send: 0 Frames not Send: 2
Jun 26, 2015 11:47:54 AM de.ants.vsp.receiver.Datensenke logMessageSevere
SEVERE: team 07-13: Time: at Beginning of new Spot1435312074031
Jun 26, 2015 11:47:54 AM de.ants.vsp.receiver.Datensenke logCollision
SEVERE: team 07-13: Kollision erkannt (unbeteiligt) im Spot: 19
Jun 26, 2015 11:47:55 AM de.ants.vsp.receiver.Datensenke logMessageSevere
SEVERE: team 07-13: Time: after all Spots1435312075000
Jun 26, 2015 11:47:55 AM de.ants.vsp.receiver.Datensenke logMessageSevere
SEVERE: team 07-13: Receiver: team 07-13 Frames Send: 1 Frames not Send: 2
Jun 26, 2015 11:47:55 AM de.ants.vsp.receiver.Datensenke logMessageSevere
SEVERE: team 07-13: Time: at Beginning of new Spot1435312075008
Jun 26, 2015 11:47:56 AM de.ants.vsp.receiver.Datensenke logMessageSevere
SEVERE: team 07-13: Time: after all Spots1435312076002
Jun 26, 2015 11:47:56 AM de.ants.vsp.receiver.Datensenke logMessageSevere
SEVERE: team 07-13: Receiver: team 07-13 Frames Send: 2 Frames not Send: 2
Jun 26, 2015 11:47:56 AM de.ants.vsp.receiver.Datensenke logMessageSevere
SEVERE: team 07-13: Time: at Beginning of new Spot1435312076011
Jun 26, 2015 11:47:56 AM de.ants.vsp.receiver.Datensenke logCollision
SEVERE: team 07-13: Kollision erkannt (unbeteiligt) im Spot: 24
Jun 26, 2015 11:47:57 AM de.ants.vsp.receiver.Datensenke logMessageSevere
SEVERE: team 07-13: Time: after all Spots1435312077004
Jun 26, 2015 11:47:57 AM de.ants.vsp.receiver.Datensenke logMessageSevere
SEVERE: team 07-13: Receiver: team 07-13 Frames Send: 3 Frames not Send: 2
Jun 26, 2015 11:47:57 AM de.ants.vsp.receiver.Datensenke logMessageSevere
SEVERE: team 07-13: Time: at Beginning of new Spot1435312077038
Jun 26, 2015 11:47:57 AM de.ants.vsp.receiver.Datensenke logCollision
SEVERE: team 07-13: Kollision erkannt (unbeteiligt) im Spot: 22
Jun 26, 2015 11:47:58 AM de.ants.vsp.receiver.Datensenke logMessageSevere
SEVERE: team 07-13: Time: after all Spots1435312078003
Jun 26, 2015 11:47:58 AM de.ants.vsp.receiver.Datensenke logMessageSevere
SEVERE: team 07-13: Receiver: team 07-13 Frames Send: 4 Frames not Send: 2
Jun 26, 2015 11:47:58 AM de.ants.vsp.receiver.Datensenke logMessageSevere
SEVERE: team 07-13: Time: at Beginning of new Spot1435312078027
Jun 26, 2015 11:47:58 AM de.ants.vsp.receiver.Datensenke logMessageSevere
SEVERE: team 07-13: Sending Message would have coused a Collusion aborded...
Jun 26, 2015 11:47:58 AM de.ants.vsp.receiver.Datensenke logCollision
SEVERE: team 07-13: Kollision erkannt (unbeteiligt) im Spot: 11
Jun 26, 2015 11:47:58 AM de.ants.vsp.receiver.Datensenke logCollision
SEVERE: team 07-13: Kollision erkannt (unbeteiligt) im Spot: 22
Jun 26, 2015 11:47:58 AM de.ants.vsp.receiver.Datensenke logMessageSevere
SEVERE: team 07-13: Time: after all Spots1435312079001
Jun 26, 2015 11:47:58 AM de.ants.vsp.receiver.Datensenke logMessageSevere
SEVERE: team 07-13: has not send! 15 will be the next...
Jun 26, 2015 11:47:59 AM de.ants.vsp.receiver.Datensenke logMessageSevere
SEVERE: team 07-13: Receiver: team 07-13 Frames Send: 4 Frames not Send: 3
Jun 26, 2015 11:47:59 AM de.ants.vsp.receiver.Datensenke logMessageSevere
SEVERE: team 07-13: Time: at Beginning of new Spot1435312079024
Jun 26, 2015 11:47:59 AM de.ants.vsp.receiver.Datensenke logMessageSevere
SEVERE: team 07-13: Time: after all Spots1435312080002
Jun 26, 2015 11:47:59 AM de.ants.vsp.receiver.Datensenke logMessageSevere
SEVERE: team 07-13: Receiver: team 07-13 Frames Send: 5 Frames not Send: 3
Jun 26, 2015 11:47:59 AM de.ants.vsp.receiver.Datensenke logMessageSevere
SEVERE: team 07-13: Time: at Beginning of new Spot1435312080006
Jun 26, 2015 11:48:00 AM de.ants.vsp.receiver.Datensenke logMessageSevere
SEVERE: team 07-13: Time: after all Spots1435312081000
Jun 26, 2015 11:48:00 AM de.ants.vsp.receiver.Datensenke logMessageSevere
SEVERE: team 07-13: Receiver: team 07-13 Frames Send: 6 Frames not Send: 3
Jun 26, 2015 11:48:00 AM de.ants.vsp.receiver.Datensenke logMessageSevere
SEVERE: team 07-13: Time: at Beginning of new Spot1435312081021
Jun 26, 2015 11:48:01 AM de.ants.vsp.receiver.Datensenke logCollision
SEVERE: team 07-13: Kollision erkannt (unbeteiligt) im Spot: 16
Jun 26, 2015 11:48:01 AM de.ants.vsp.receiver.Datensenke logCollision
SEVERE: team 07-13: Kollision erkannt (unbeteiligt) im Spot: 21
Jun 26, 2015 11:48:01 AM de.ants.vsp.receiver.Datensenke logMessageSevere
SEVERE: team 07-13: Time: after all Spots1435312082024
Jun 26, 2015 11:48:01 AM de.ants.vsp.receiver.Datensenke logMessageSevere
SEVERE: team 07-13: Receiver: team 07-13 Frames Send: 7 Frames not Send: 3
Jun 26, 2015 11:48:02 AM de.ants.vsp.receiver.Datensenke logMessageSevere
SEVERE: team 07-13: Time: at Beginning of new Spot1435312082030
Jun 26, 2015 11:48:02 AM de.ants.vsp.receiver.Datensenke logCollision
SEVERE: team 07-13: Kollision erkannt (unbeteiligt) im Spot: 13
Jun 26, 2015 11:48:02 AM de.ants.vsp.receiver.Datensenke logMessageSevere
SEVERE: team 07-13: Time: after all Spots1435312083002
Jun 26, 2015 11:48:02 AM de.ants.vsp.receiver.Datensenke logMessageSevere
SEVERE: team 07-13: Receiver: team 07-13 Frames Send: 8 Frames not Send: 3
Jun 26, 2015 11:48:02 AM de.ants.vsp.receiver.Datensenke logMessageSevere
SEVERE: team 07-13: Time: at Beginning of new Spot1435312083019
Jun 26, 2015 11:48:03 AM de.ants.vsp.receiver.Datensenke logMessageSevere
SEVERE: team 07-13: Time: after all Spots1435312084001
Jun 26, 2015 11:48:03 AM de.ants.vsp.receiver.Datensenke logMessageSevere
SEVERE: team 07-13: Receiver: team 07-13 Frames Send: 9 Frames not Send: 3
Jun 26, 2015 11:48:03 AM de.ants.vsp.receiver.Datensenke logMessageSevere
SEVERE: team 07-13: Time: at Beginning of new Spot1435312084018
Jun 26, 2015 11:48:04 AM de.ants.vsp.receiver.Datensenke logMessageSevere
SEVERE: team 07-13: Time: after all Spots1435312085002
Jun 26, 2015 11:48:04 AM de.ants.vsp.receiver.Datensenke logMessageSevere
SEVERE: team 07-13: Receiver: team 07-13 Frames Send: 10 Frames not Send: 3
Jun 26, 2015 11:48:04 AM de.ants.vsp.receiver.Datensenke logMessageSevere
SEVERE: team 07-13: Time: at Beginning of new Spot1435312085012
Jun 26, 2015 11:48:05 AM de.ants.vsp.receiver.Datensenke logMessageSevere
SEVERE: team 07-13: Time: after all Spots1435312086003
Jun 26, 2015 11:48:05 AM de.ants.vsp.receiver.Datensenke logMessageSevere
SEVERE: team 07-13: Receiver: team 07-13 Frames Send: 11 Frames not Send: 3
Jun 26, 2015 11:48:05 AM de.ants.vsp.receiver.Datensenke logMessageSevere
SEVERE: team 07-13: Time: at Beginning of new Spot1435312086017
Jun 26, 2015 11:48:06 AM de.ants.vsp.receiver.Datensenke logMessageSevere
SEVERE: team 07-13: Time: after all Spots1435312087000
Jun 26, 2015 11:48:06 AM de.ants.vsp.receiver.Datensenke logMessageSevere
SEVERE: team 07-13: Receiver: team 07-13 Frames Send: 12 Frames not Send: 3
Jun 26, 2015 11:48:06 AM de.ants.vsp.receiver.Datensenke logMessageSevere
SEVERE: team 07-13: Time: at Beginning of new Spot1435312087006
Jun 26, 2015 11:48:07 AM de.ants.vsp.receiver.Datensenke logMessageSevere
SEVERE: team 07-13: Time: after all Spots1435312088002
Jun 26, 2015 11:48:07 AM de.ants.vsp.receiver.Datensenke logMessageSevere
SEVERE: team 07-13: Receiver: team 07-13 Frames Send: 13 Frames not Send: 3
Jun 26, 2015 11:48:07 AM de.ants.vsp.receiver.Datensenke logMessageSevere
SEVERE: team 07-13: Time: at Beginning of new Spot1435312088007
Jun 26, 2015 11:48:08 AM de.ants.vsp.receiver.Datensenke logMessageSevere
SEVERE: team 07-13: Time: after all Spots1435312089000
Jun 26, 2015 11:48:08 AM de.ants.vsp.receiver.Datensenke logMessageSevere
SEVERE: team 07-13: Receiver: team 07-13 Frames Send: 14 Frames not Send: 3
Jun 26, 2015 11:48:08 AM de.ants.vsp.receiver.Datensenke logMessageSevere
SEVERE: team 07-13: Time: at Beginning of new Spot1435312089005
Jun 26, 2015 11:48:09 AM de.ants.vsp.receiver.Datensenke logMessageSevere
SEVERE: team 07-13: Time: after all Spots1435312090000
Jun 26, 2015 11:48:09 AM de.ants.vsp.receiver.Datensenke logMessageSevere
SEVERE: team 07-13: Receiver: team 07-13 Frames Send: 15 Frames not Send: 3
Jun 26, 2015 11:48:09 AM de.ants.vsp.receiver.Datensenke logMessageSevere
SEVERE: team 07-13: Time: at Beginning of new Spot1435312090025
Jun 26, 2015 11:48:10 AM de.ants.vsp.receiver.Datensenke logMessageSevere
SEVERE: team 07-13: Time: after all Spots1435312091012
Jun 26, 2015 11:48:10 AM de.ants.vsp.receiver.Datensenke logMessageSevere
SEVERE: team 07-13: Receiver: team 07-13 Frames Send: 16 Frames not Send: 3
Jun 26, 2015 11:48:10 AM de.ants.vsp.receiver.Datensenke logMessageSevere
SEVERE: team 07-13: Time: at Beginning of new Spot1435312091029
Jun 26, 2015 11:48:11 AM de.ants.vsp.receiver.Datensenke logMessageSevere
SEVERE: team 07-13: Time: after all Spots1435312092006
Jun 26, 2015 11:48:11 AM de.ants.vsp.receiver.Datensenke logMessageSevere
SEVERE: team 07-13: Receiver: team 07-13 Frames Send: 17 Frames not Send: 3
Jun 26, 2015 11:48:11 AM de.ants.vsp.receiver.Datensenke logMessageSevere
SEVERE: team 07-13: Time: at Beginning of new Spot1435312092016
Jun 26, 2015 11:48:12 AM de.ants.vsp.receiver.Datensenke logMessageSevere
SEVERE: team 07-13: Time: after all Spots1435312093000
Jun 26, 2015 11:48:12 AM de.ants.vsp.receiver.Datensenke logMessageSevere
SEVERE: team 07-13: Receiver: team 07-13 Frames Send: 18 Frames not Send: 3
Jun 26, 2015 11:48:12 AM de.ants.vsp.receiver.Datensenke logMessageSevere
SEVERE: team 07-13: Time: at Beginning of new Spot1435312093010
Jun 26, 2015 11:48:13 AM de.ants.vsp.receiver.Datensenke logMessageSevere
SEVERE: team 07-13: Time: after all Spots1435312094002
Jun 26, 2015 11:48:13 AM de.ants.vsp.receiver.Datensenke logMessageSevere
SEVERE: team 07-13: Receiver: team 07-13 Frames Send: 19 Frames not Send: 3
Jun 26, 2015 11:48:13 AM de.ants.vsp.receiver.Datensenke logMessageSevere
SEVERE: team 07-13: Time: at Beginning of new Spot1435312094026
Jun 26, 2015 11:48:14 AM de.ants.vsp.receiver.Datensenke logMessageSevere
SEVERE: team 07-13: Time: after all Spots1435312095000
Jun 26, 2015 11:48:14 AM de.ants.vsp.receiver.Datensenke logMessageSevere
SEVERE: team 07-13: Receiver: team 07-13 Frames Send: 20 Frames not Send: 3
Jun 26, 2015 11:48:14 AM de.ants.vsp.receiver.Datensenke logMessageSevere
SEVERE: team 07-13: Time: at Beginning of new Spot1435312095004
Jun 26, 2015 11:48:15 AM de.ants.vsp.receiver.Datensenke logMessageSevere
SEVERE: team 07-13: Time: after all Spots1435312096000
Jun 26, 2015 11:48:15 AM de.ants.vsp.receiver.Datensenke logMessageSevere
SEVERE: team 07-13: Receiver: team 07-13 Frames Send: 21 Frames not Send: 3
Jun 26, 2015 11:48:15 AM de.ants.vsp.receiver.Datensenke logMessageSevere
SEVERE: team 07-13: Time: at Beginning of new Spot1435312096011
Jun 26, 2015 11:48:16 AM de.ants.vsp.receiver.Datensenke logMessageSevere
SEVERE: team 07-13: Time: after all Spots1435312097000
Jun 26, 2015 11:48:16 AM de.ants.vsp.receiver.Datensenke logMessageSevere
SEVERE: team 07-13: Receiver: team 07-13 Frames Send: 22 Frames not Send: 3
Jun 26, 2015 11:48:16 AM de.ants.vsp.receiver.Datensenke logMessageSevere
SEVERE: team 07-13: Time: at Beginning of new Spot1435312097012
Jun 26, 2015 11:48:17 AM de.ants.vsp.receiver.Datensenke logMessageSevere
SEVERE: team 07-13: Time: after all Spots1435312098000
Jun 26, 2015 11:48:17 AM de.ants.vsp.receiver.Datensenke logMessageSevere
SEVERE: team 07-13: Receiver: team 07-13 Frames Send: 23 Frames not Send: 3
Jun 26, 2015 11:48:17 AM de.ants.vsp.receiver.Datensenke logMessageSevere
SEVERE: team 07-13: Time: at Beginning of new Spot1435312098012
Jun 26, 2015 11:48:18 AM de.ants.vsp.receiver.Datensenke logMessageSevere
SEVERE: team 07-13: Time: after all Spots1435312099004
Jun 26, 2015 11:48:18 AM de.ants.vsp.receiver.Datensenke logMessageSevere
SEVERE: team 07-13: Receiver: team 07-13 Frames Send: 24 Frames not Send: 3
Jun 26, 2015 11:48:18 AM de.ants.vsp.receiver.Datensenke logMessageSevere
SEVERE: team 07-13: Time: at Beginning of new Spot1435312099015
Jun 26, 2015 11:48:19 AM de.ants.vsp.receiver.Datensenke logMessageSevere
SEVERE: team 07-13: Time: after all Spots1435312100003
Jun 26, 2015 11:48:19 AM de.ants.vsp.receiver.Datensenke logMessageSevere
SEVERE: team 07-13: Receiver: team 07-13 Frames Send: 25 Frames not Send: 3
Jun 26, 2015 11:48:19 AM de.ants.vsp.receiver.Datensenke logMessageSevere
SEVERE: team 07-13: Time: at Beginning of new Spot1435312100013
Jun 26, 2015 11:48:20 AM de.ants.vsp.receiver.Datensenke logMessageSevere
SEVERE: team 07-13: Time: after all Spots1435312101003
Jun 26, 2015 11:48:20 AM de.ants.vsp.receiver.Datensenke logMessageSevere
SEVERE: team 07-13: Receiver: team 07-13 Frames Send: 26 Frames not Send: 3
Jun 26, 2015 11:48:20 AM de.ants.vsp.receiver.Datensenke logMessageSevere
SEVERE: team 07-13: Time: at Beginning of new Spot1435312101010
Jun 26, 2015 11:48:21 AM de.ants.vsp.receiver.Datensenke logMessageSevere
SEVERE: team 07-13: Time: after all Spots1435312102003
Jun 26, 2015 11:48:21 AM de.ants.vsp.receiver.Datensenke logMessageSevere
SEVERE: team 07-13: Receiver: team 07-13 Frames Send: 27 Frames not Send: 3
Jun 26, 2015 11:48:21 AM de.ants.vsp.receiver.Datensenke logMessageSevere
SEVERE: team 07-13: Time: at Beginning of new Spot1435312102011
Jun 26, 2015 11:48:22 AM de.ants.vsp.receiver.Datensenke logMessageSevere
SEVERE: team 07-13: Time: after all Spots1435312103001
Jun 26, 2015 11:48:22 AM de.ants.vsp.receiver.Datensenke logMessageSevere
SEVERE: team 07-13: Receiver: team 07-13 Frames Send: 28 Frames not Send: 3
Jun 26, 2015 11:48:22 AM de.ants.vsp.receiver.Datensenke logMessageSevere
SEVERE: team 07-13: Time: at Beginning of new Spot1435312103006
Jun 26, 2015 11:48:23 AM de.ants.vsp.receiver.Datensenke logMessageSevere
SEVERE: team 07-13: Time: after all Spots1435312104002
Jun 26, 2015 11:48:23 AM de.ants.vsp.receiver.Datensenke logMessageSevere
SEVERE: team 07-13: Receiver: team 07-13 Frames Send: 29 Frames not Send: 3
Jun 26, 2015 11:48:23 AM de.ants.vsp.receiver.Datensenke logMessageSevere
SEVERE: team 07-13: Time: at Beginning of new Spot1435312104006
Jun 26, 2015 11:48:24 AM de.ants.vsp.receiver.Datensenke logMessageSevere
SEVERE: team 07-13: Time: after all Spots1435312105000
Jun 26, 2015 11:48:24 AM de.ants.vsp.receiver.Datensenke logMessageSevere
SEVERE: team 07-13: Receiver: team 07-13 Frames Send: 30 Frames not Send: 3
Jun 26, 2015 11:48:24 AM de.ants.vsp.receiver.Datensenke logMessageSevere
SEVERE: team 07-13: Time: at Beginning of new Spot1435312105004
Jun 26, 2015 11:48:25 AM de.ants.vsp.receiver.Datensenke logMessageSevere
SEVERE: team 07-13: Time: after all Spots1435312106002
Jun 26, 2015 11:48:25 AM de.ants.vsp.receiver.Datensenke logMessageSevere
SEVERE: team 07-13: Receiver: team 07-13 Frames Send: 31 Frames not Send: 3
Jun 26, 2015 11:48:25 AM de.ants.vsp.receiver.Datensenke logMessageSevere
SEVERE: team 07-13: Time: at Beginning of new Spot1435312106010
Jun 26, 2015 11:48:26 AM de.ants.vsp.receiver.Datensenke logMessageSevere
SEVERE: team 07-13: Time: after all Spots1435312107000
Jun 26, 2015 11:48:26 AM de.ants.vsp.receiver.Datensenke logMessageSevere
SEVERE: team 07-13: Receiver: team 07-13 Frames Send: 32 Frames not Send: 3
Jun 26, 2015 11:48:26 AM de.ants.vsp.receiver.Datensenke logMessageSevere
SEVERE: team 07-13: Time: at Beginning of new Spot1435312107005
Jun 26, 2015 11:48:27 AM de.ants.vsp.receiver.Datensenke logMessageSevere
SEVERE: team 07-13: Time: after all Spots1435312108000
Jun 26, 2015 11:48:27 AM de.ants.vsp.receiver.Datensenke logMessageSevere
SEVERE: team 07-13: Receiver: team 07-13 Frames Send: 33 Frames not Send: 3
Jun 26, 2015 11:48:27 AM de.ants.vsp.receiver.Datensenke logMessageSevere
SEVERE: team 07-13: Time: at Beginning of new Spot1435312108008
Jun 26, 2015 11:48:28 AM de.ants.vsp.receiver.Datensenke logMessageSevere
SEVERE: team 07-13: Time: after all Spots1435312109000
Jun 26, 2015 11:48:28 AM de.ants.vsp.receiver.Datensenke logMessageSevere
SEVERE: team 07-13: Receiver: team 07-13 Frames Send: 34 Frames not Send: 3
Jun 26, 2015 11:48:28 AM de.ants.vsp.receiver.Datensenke logMessageSevere
SEVERE: team 07-13: Time: at Beginning of new Spot1435312109011
Jun 26, 2015 11:48:29 AM de.ants.vsp.receiver.Datensenke logMessageSevere
SEVERE: team 07-13: Time: after all Spots1435312110002
Jun 26, 2015 11:48:29 AM de.ants.vsp.receiver.Datensenke logMessageSevere
SEVERE: team 07-13: Receiver: team 07-13 Frames Send: 35 Frames not Send: 3
Jun 26, 2015 11:48:29 AM de.ants.vsp.receiver.Datensenke logMessageSevere
SEVERE: team 07-13: Time: at Beginning of new Spot1435312110011
Jun 26, 2015 11:48:30 AM de.ants.vsp.receiver.Datensenke logMessageSevere
SEVERE: team 07-13: Time: after all Spots1435312111000
Jun 26, 2015 11:48:30 AM de.ants.vsp.receiver.Datensenke logMessageSevere
SEVERE: team 07-13: Receiver: team 07-13 Frames Send: 36 Frames not Send: 3
Jun 26, 2015 11:48:30 AM de.ants.vsp.receiver.Datensenke logMessageSevere
SEVERE: team 07-13: Time: at Beginning of new Spot1435312111010
Jun 26, 2015 11:48:31 AM de.ants.vsp.receiver.Datensenke logMessageSevere
SEVERE: team 07-13: Time: after all Spots1435312112000
Jun 26, 2015 11:48:31 AM de.ants.vsp.receiver.Datensenke logMessageSevere
SEVERE: team 07-13: Receiver: team 07-13 Frames Send: 37 Frames not Send: 3
Jun 26, 2015 11:48:31 AM de.ants.vsp.receiver.Datensenke logMessageSevere
SEVERE: team 07-13: Time: at Beginning of new Spot1435312112011
Jun 26, 2015 11:48:32 AM de.ants.vsp.receiver.Datensenke logMessageSevere
SEVERE: team 07-13: Time: after all Spots1435312113004
Jun 26, 2015 11:48:32 AM de.ants.vsp.receiver.Datensenke logMessageSevere
SEVERE: team 07-13: Receiver: team 07-13 Frames Send: 38 Frames not Send: 3
Jun 26, 2015 11:48:32 AM de.ants.vsp.receiver.Datensenke logMessageSevere
SEVERE: team 07-13: Time: at Beginning of new Spot1435312113013
Jun 26, 2015 11:48:33 AM de.ants.vsp.receiver.Datensenke logMessageSevere
SEVERE: team 07-13: Time: after all Spots1435312114000
Jun 26, 2015 11:48:33 AM de.ants.vsp.receiver.Datensenke logMessageSevere
SEVERE: team 07-13: Receiver: team 07-13 Frames Send: 39 Frames not Send: 3
Jun 26, 2015 11:48:33 AM de.ants.vsp.receiver.Datensenke logMessageSevere
SEVERE: team 07-13: Time: at Beginning of new Spot1435312114008
Jun 26, 2015 11:48:34 AM de.ants.vsp.receiver.Datensenke logMessageSevere
SEVERE: team 07-13: Time: after all Spots1435312115001
Jun 26, 2015 11:48:34 AM de.ants.vsp.receiver.Datensenke logMessageSevere
SEVERE: team 07-13: Receiver: team 07-13 Frames Send: 40 Frames not Send: 3
Jun 26, 2015 11:48:34 AM de.ants.vsp.receiver.Datensenke logMessageSevere
SEVERE: team 07-13: Time: at Beginning of new Spot1435312115006
Jun 26, 2015 11:48:35 AM de.ants.vsp.receiver.Datensenke logMessageSevere
SEVERE: team 07-13: Time: after all Spots1435312116003
Jun 26, 2015 11:48:35 AM de.ants.vsp.receiver.Datensenke logMessageSevere
SEVERE: team 07-13: Receiver: team 07-13 Frames Send: 41 Frames not Send: 3
Jun 26, 2015 11:48:35 AM de.ants.vsp.receiver.Datensenke logMessageSevere
SEVERE: team 07-13: Time: at Beginning of new Spot1435312116010
Jun 26, 2015 11:48:36 AM de.ants.vsp.receiver.Datensenke logMessageSevere
SEVERE: team 07-13: Time: after all Spots1435312117004
Jun 26, 2015 11:48:36 AM de.ants.vsp.receiver.Datensenke logMessageSevere
SEVERE: team 07-13: Receiver: team 07-13 Frames Send: 42 Frames not Send: 3
Jun 26, 2015 11:48:36 AM de.ants.vsp.receiver.Datensenke logMessageSevere
SEVERE: team 07-13: Time: at Beginning of new Spot1435312117010
Jun 26, 2015 11:48:37 AM de.ants.vsp.receiver.Datensenke logMessageSevere
SEVERE: team 07-13: Time: after all Spots1435312118004
Jun 26, 2015 11:48:37 AM de.ants.vsp.receiver.Datensenke logMessageSevere
SEVERE: team 07-13: Receiver: team 07-13 Frames Send: 43 Frames not Send: 3
Jun 26, 2015 11:48:37 AM de.ants.vsp.receiver.Datensenke logMessageSevere
SEVERE: team 07-13: Time: at Beginning of new Spot1435312118012
Jun 26, 2015 11:48:38 AM de.ants.vsp.receiver.Datensenke logMessageSevere
SEVERE: team 07-13: Time: after all Spots1435312119001
Jun 26, 2015 11:48:38 AM de.ants.vsp.receiver.Datensenke logMessageSevere
SEVERE: team 07-13: Receiver: team 07-13 Frames Send: 44 Frames not Send: 3
Jun 26, 2015 11:48:38 AM de.ants.vsp.receiver.Datensenke logMessageSevere
SEVERE: team 07-13: Time: at Beginning of new Spot1435312119013
Jun 26, 2015 11:48:39 AM de.ants.vsp.receiver.Datensenke logMessageSevere
SEVERE: team 07-13: Time: after all Spots1435312120001
Jun 26, 2015 11:48:39 AM de.ants.vsp.receiver.Datensenke logMessageSevere
SEVERE: team 07-13: Receiver: team 07-13 Frames Send: 45 Frames not Send: 3
Jun 26, 2015 11:48:39 AM de.ants.vsp.receiver.Datensenke logMessageSevere
SEVERE: team 07-13: Time: at Beginning of new Spot1435312120009
Jun 26, 2015 11:48:40 AM de.ants.vsp.receiver.Datensenke logMessageSevere
SEVERE: team 07-13: Time: after all Spots1435312121000
Jun 26, 2015 11:48:40 AM de.ants.vsp.receiver.Datensenke logMessageSevere
SEVERE: team 07-13: Receiver: team 07-13 Frames Send: 46 Frames not Send: 3
Jun 26, 2015 11:48:40 AM de.ants.vsp.receiver.Datensenke logMessageSevere
SEVERE: team 07-13: Time: at Beginning of new Spot1435312121007
Jun 26, 2015 11:48:41 AM de.ants.vsp.receiver.Datensenke logMessageSevere
SEVERE: team 07-13: Time: after all Spots1435312122001
Jun 26, 2015 11:48:41 AM de.ants.vsp.receiver.Datensenke logMessageSevere
SEVERE: team 07-13: Receiver: team 07-13 Frames Send: 47 Frames not Send: 3
Jun 26, 2015 11:48:41 AM de.ants.vsp.receiver.Datensenke logMessageSevere
SEVERE: team 07-13: Time: at Beginning of new Spot1435312122007
Jun 26, 2015 11:48:42 AM de.ants.vsp.receiver.Datensenke logMessageSevere
SEVERE: team 07-13: Time: after all Spots1435312123001
Jun 26, 2015 11:48:42 AM de.ants.vsp.receiver.Datensenke logMessageSevere
SEVERE: team 07-13: Receiver: team 07-13 Frames Send: 48 Frames not Send: 3
Jun 26, 2015 11:48:42 AM de.ants.vsp.receiver.Datensenke logMessageSevere
SEVERE: team 07-13: Time: at Beginning of new Spot1435312123007
Jun 26, 2015 11:48:43 AM de.ants.vsp.receiver.Datensenke logMessageSevere
SEVERE: team 07-13: Time: after all Spots1435312124001
Jun 26, 2015 11:48:43 AM de.ants.vsp.receiver.Datensenke logMessageSevere
SEVERE: team 07-13: Receiver: team 07-13 Frames Send: 49 Frames not Send: 3
Jun 26, 2015 11:48:43 AM de.ants.vsp.receiver.Datensenke logMessageSevere
SEVERE: team 07-13: Time: at Beginning of new Spot1435312124008
Jun 26, 2015 11:48:44 AM de.ants.vsp.receiver.Datensenke logMessageSevere
SEVERE: team 07-13: Time: after all Spots1435312125004
Jun 26, 2015 11:48:44 AM de.ants.vsp.receiver.Datensenke logMessageSevere
SEVERE: team 07-13: Receiver: team 07-13 Frames Send: 50 Frames not Send: 3
Jun 26, 2015 11:48:44 AM de.ants.vsp.receiver.Datensenke logMessageSevere
SEVERE: team 07-13: Time: at Beginning of new Spot1435312125007
Jun 26, 2015 11:48:45 AM de.ants.vsp.receiver.Datensenke logMessageSevere
SEVERE: team 07-13: Time: after all Spots1435312126003
Jun 26, 2015 11:48:45 AM de.ants.vsp.receiver.Datensenke logMessageSevere
SEVERE: team 07-13: Receiver: team 07-13 Frames Send: 51 Frames not Send: 3
Jun 26, 2015 11:48:45 AM de.ants.vsp.receiver.Datensenke logMessageSevere
SEVERE: team 07-13: Time: at Beginning of new Spot1435312126009
Jun 26, 2015 11:48:46 AM de.ants.vsp.receiver.Datensenke logMessageSevere
SEVERE: team 07-13: Time: after all Spots1435312127000
Jun 26, 2015 11:48:46 AM de.ants.vsp.receiver.Datensenke logMessageSevere
SEVERE: team 07-13: Receiver: team 07-13 Frames Send: 52 Frames not Send: 3
Jun 26, 2015 11:48:46 AM de.ants.vsp.receiver.Datensenke logMessageSevere
SEVERE: team 07-13: Time: at Beginning of new Spot1435312127007
Jun 26, 2015 11:48:47 AM de.ants.vsp.receiver.Datensenke logMessageSevere
SEVERE: team 07-13: Time: after all Spots1435312128001
Jun 26, 2015 11:48:47 AM de.ants.vsp.receiver.Datensenke logMessageSevere
SEVERE: team 07-13: Receiver: team 07-13 Frames Send: 53 Frames not Send: 3
Jun 26, 2015 11:48:47 AM de.ants.vsp.receiver.Datensenke logMessageSevere
SEVERE: team 07-13: Time: at Beginning of new Spot1435312128013
Jun 26, 2015 11:48:48 AM de.ants.vsp.receiver.Datensenke logMessageSevere
SEVERE: team 07-13: Time: after all Spots1435312129000
Jun 26, 2015 11:48:48 AM de.ants.vsp.receiver.Datensenke logMessageSevere
SEVERE: team 07-13: Receiver: team 07-13 Frames Send: 54 Frames not Send: 3
Jun 26, 2015 11:48:48 AM de.ants.vsp.receiver.Datensenke logMessageSevere
SEVERE: team 07-13: Time: at Beginning of new Spot1435312129008
Jun 26, 2015 11:48:49 AM de.ants.vsp.receiver.Datensenke logMessageSevere
SEVERE: team 07-13: Time: after all Spots1435312130019
Jun 26, 2015 11:48:49 AM de.ants.vsp.receiver.Datensenke logMessageSevere
SEVERE: team 07-13: Receiver: team 07-13 Frames Send: 55 Frames not Send: 3
Jun 26, 2015 11:48:49 AM de.ants.vsp.receiver.Datensenke logMessageSevere
SEVERE: team 07-13: Time: at Beginning of new Spot1435312130023
Jun 26, 2015 11:48:50 AM de.ants.vsp.receiver.Datensenke logMessageSevere
SEVERE: team 07-13: Time: after all Spots1435312131000
Jun 26, 2015 11:48:50 AM de.ants.vsp.receiver.Datensenke logMessageSevere
SEVERE: team 07-13: Receiver: team 07-13 Frames Send: 56 Frames not Send: 3
Jun 26, 2015 11:48:50 AM de.ants.vsp.receiver.Datensenke logMessageSevere
SEVERE: team 07-13: Time: at Beginning of new Spot1435312131011
Jun 26, 2015 11:48:51 AM de.ants.vsp.receiver.Datensenke logMessageSevere
SEVERE: team 07-13: Time: after all Spots1435312132008
Jun 26, 2015 11:48:51 AM de.ants.vsp.receiver.Datensenke logMessageSevere
SEVERE: team 07-13: Receiver: team 07-13 Frames Send: 57 Frames not Send: 3
Jun 26, 2015 11:48:51 AM de.ants.vsp.receiver.Datensenke logMessageSevere
SEVERE: team 07-13: Time: at Beginning of new Spot1435312132010
Jun 26, 2015 11:48:52 AM de.ants.vsp.receiver.Datensenke logMessageSevere
SEVERE: team 07-13: Time: after all Spots1435312133000
Jun 26, 2015 11:48:52 AM de.ants.vsp.receiver.Datensenke logMessageSevere
SEVERE: team 07-13: Receiver: team 07-13 Frames Send: 58 Frames not Send: 3
Jun 26, 2015 11:48:52 AM de.ants.vsp.receiver.Datensenke logMessageSevere
SEVERE: team 07-13: Time: at Beginning of new Spot1435312133027
Jun 26, 2015 11:48:53 AM de.ants.vsp.receiver.Datensenke logMessageSevere
SEVERE: team 07-13: Time: after all Spots1435312134002
Jun 26, 2015 11:48:53 AM de.ants.vsp.receiver.Datensenke logMessageSevere
SEVERE: team 07-13: Receiver: team 07-13 Frames Send: 59 Frames not Send: 3
Jun 26, 2015 11:48:53 AM de.ants.vsp.receiver.Datensenke logMessageSevere
SEVERE: team 07-13: Time: at Beginning of new Spot1435312134007
Jun 26, 2015 11:48:54 AM de.ants.vsp.receiver.Datensenke logMessageSevere
SEVERE: team 07-13: Time: after all Spots1435312135002
Jun 26, 2015 11:48:54 AM de.ants.vsp.receiver.Datensenke logMessageSevere
SEVERE: team 07-13: Receiver: team 07-13 Frames Send: 60 Frames not Send: 3
Jun 26, 2015 11:48:54 AM de.ants.vsp.receiver.Datensenke logMessageSevere
SEVERE: team 07-13: Time: at Beginning of new Spot1435312135009
Jun 26, 2015 11:48:55 AM de.ants.vsp.receiver.Datensenke logMessageSevere
SEVERE: team 07-13: Time: after all Spots1435312136002
Jun 26, 2015 11:48:55 AM de.ants.vsp.receiver.Datensenke logMessageSevere
SEVERE: team 07-13: Receiver: team 07-13 Frames Send: 61 Frames not Send: 3
Jun 26, 2015 11:48:55 AM de.ants.vsp.receiver.Datensenke logMessageSevere
SEVERE: team 07-13: Time: at Beginning of new Spot1435312136022
Jun 26, 2015 11:48:56 AM de.ants.vsp.receiver.Datensenke logMessageSevere
SEVERE: team 07-13: Time: after all Spots1435312137000
Jun 26, 2015 11:48:56 AM de.ants.vsp.receiver.Datensenke logMessageSevere
SEVERE: team 07-13: Receiver: team 07-13 Frames Send: 62 Frames not Send: 3
Jun 26, 2015 11:48:56 AM de.ants.vsp.receiver.Datensenke logMessageSevere
SEVERE: team 07-13: Time: at Beginning of new Spot1435312137028
Jun 26, 2015 11:48:57 AM de.ants.vsp.receiver.Datensenke logMessageSevere
SEVERE: team 07-13: Time: after all Spots1435312138012
Jun 26, 2015 11:48:57 AM de.ants.vsp.receiver.Datensenke logMessageSevere
SEVERE: team 07-13: Receiver: team 07-13 Frames Send: 63 Frames not Send: 3
Jun 26, 2015 11:48:57 AM de.ants.vsp.receiver.Datensenke logMessageSevere
SEVERE: team 07-13: Time: at Beginning of new Spot1435312138015
Jun 26, 2015 11:48:58 AM de.ants.vsp.receiver.Datensenke logMessageSevere
SEVERE: team 07-13: Time: after all Spots1435312139009
Jun 26, 2015 11:48:58 AM de.ants.vsp.receiver.Datensenke logMessageSevere
SEVERE: team 07-13: Receiver: team 07-13 Frames Send: 64 Frames not Send: 3
Jun 26, 2015 11:48:58 AM de.ants.vsp.receiver.Datensenke logMessageSevere
SEVERE: team 07-13: Time: at Beginning of new Spot1435312139023
Jun 26, 2015 11:48:59 AM de.ants.vsp.receiver.Datensenke logMessageSevere
SEVERE: team 07-13: Time: after all Spots1435312140000
Jun 26, 2015 11:48:59 AM de.ants.vsp.receiver.Datensenke logMessageSevere
SEVERE: team 07-13: Receiver: team 07-13 Frames Send: 65 Frames not Send: 3
Jun 26, 2015 11:48:59 AM de.ants.vsp.receiver.Datensenke logMessageSevere
SEVERE: team 07-13: Time: at Beginning of new Spot1435312140028
Jun 26, 2015 11:49:00 AM de.ants.vsp.receiver.Datensenke logMessageSevere
SEVERE: team 07-13: Time: after all Spots1435312141002
Jun 26, 2015 11:49:00 AM de.ants.vsp.receiver.Datensenke logMessageSevere
SEVERE: team 07-13: Receiver: team 07-13 Frames Send: 66 Frames not Send: 3
Jun 26, 2015 11:49:00 AM de.ants.vsp.receiver.Datensenke logMessageSevere
SEVERE: team 07-13: Time: at Beginning of new Spot1435312141007
